[2022-06-10 22:02:01,176] {taskinstance.py:851} INFO - Dependencies all met for <TaskInstance: gbq_pipeline.final_check_join_table 2022-06-07T10:00:00+00:00 [queued]>
[2022-06-10 22:02:01,192] {taskinstance.py:851} INFO - Dependencies all met for <TaskInstance: gbq_pipeline.final_check_join_table 2022-06-07T10:00:00+00:00 [queued]>
[2022-06-10 22:02:01,192] {taskinstance.py:1042} INFO - 
--------------------------------------------------------------------------------
[2022-06-10 22:02:01,193] {taskinstance.py:1043} INFO - Starting attempt 1 of 6
[2022-06-10 22:02:01,193] {taskinstance.py:1044} INFO - 
--------------------------------------------------------------------------------
[2022-06-10 22:02:01,198] {taskinstance.py:1063} INFO - Executing <Task(BigQueryCheckOperator): final_check_join_table> on 2022-06-07T10:00:00+00:00
[2022-06-10 22:02:01,202] {standard_task_runner.py:52} INFO - Started process 95 to run task
[2022-06-10 22:02:01,205] {standard_task_runner.py:76} INFO - Running: ['airflow', 'tasks', 'run', 'gbq_pipeline', 'final_check_join_table', '2022-06-07T10:00:00+00:00', '--job-id', '883', '--pool', 'default_pool', '--raw', '--subdir', 'DAGS_FOLDER/gbq_pipeline.py', '--cfg-path', '/tmp/tmpwafh886l', '--error-file', '/tmp/tmp4_8sv8t9']
[2022-06-10 22:02:01,207] {standard_task_runner.py:77} INFO - Job 883: Subtask final_check_join_table
[2022-06-10 22:02:01,237] {logging_mixin.py:104} INFO - Running <TaskInstance: gbq_pipeline.final_check_join_table 2022-06-07T10:00:00+00:00 [running]> on host 447938a2c16e
[2022-06-10 22:02:01,267] {taskinstance.py:1257} INFO - Exporting the following env vars:
AIRFLOW_CTX_DAG_EMAIL=airflow@airflow.com
AIRFLOW_CTX_DAG_OWNER=vanmai-airflow
AIRFLOW_CTX_DAG_ID=gbq_pipeline
AIRFLOW_CTX_TASK_ID=final_check_join_table
AIRFLOW_CTX_EXECUTION_DATE=2022-06-07T10:00:00+00:00
AIRFLOW_CTX_DAG_RUN_ID=scheduled__2022-06-07T10:00:00+00:00
[2022-06-10 22:02:01,269] {sql.py:87} INFO - Executing SQL check: 
    SELECT "20220607" =
        (
        SELECT max(date)
        FROM `airflow-docker-352518.us_curated_data.github_hackernews_join`
        )
    
[2022-06-10 22:02:01,275] {logging_mixin.py:104} WARNING - /home/airflow/.local/lib/python3.6/site-packages/airflow/providers/google/cloud/hooks/bigquery.py:120 DeprecationWarning: This method will be deprecated. Please use `BigQueryHook.get_client` method
[2022-06-10 22:02:02,403] {logging_mixin.py:104} WARNING - /home/airflow/.local/lib/python3.6/site-packages/airflow/providers/google/cloud/hooks/bigquery.py:2052 DeprecationWarning: This method is deprecated. Please use `BigQueryHook.insert_job` method.
[2022-06-10 22:02:02,404] {bigquery.py:1510} INFO - Inserting job airflow_1654898522403798_2e604627f1a952c9266e1da52c2adb79
[2022-06-10 22:02:04,005] {sql.py:90} INFO - Record: [True]
[2022-06-10 22:02:04,005] {sql.py:96} INFO - Success.
[2022-06-10 22:02:04,014] {taskinstance.py:1166} INFO - Marking task as SUCCESS. dag_id=gbq_pipeline, task_id=final_check_join_table, execution_date=20220607T100000, start_date=20220610T220201, end_date=20220610T220204
[2022-06-10 22:02:04,030] {taskinstance.py:1220} INFO - 0 downstream tasks scheduled from follow-on schedule check
[2022-06-10 22:02:04,071] {local_task_job.py:146} INFO - Task exited with return code 0
