[2022-06-10 22:01:24,131] {taskinstance.py:851} INFO - Dependencies all met for <TaskInstance: gbq_pipeline.check_github 2022-06-07T10:00:00+00:00 [queued]>
[2022-06-10 22:01:24,149] {taskinstance.py:851} INFO - Dependencies all met for <TaskInstance: gbq_pipeline.check_github 2022-06-07T10:00:00+00:00 [queued]>
[2022-06-10 22:01:24,149] {taskinstance.py:1042} INFO - 
--------------------------------------------------------------------------------
[2022-06-10 22:01:24,149] {taskinstance.py:1043} INFO - Starting attempt 1 of 6
[2022-06-10 22:01:24,150] {taskinstance.py:1044} INFO - 
--------------------------------------------------------------------------------
[2022-06-10 22:01:24,155] {taskinstance.py:1063} INFO - Executing <Task(BigQueryCheckOperator): check_github> on 2022-06-07T10:00:00+00:00
[2022-06-10 22:01:24,158] {standard_task_runner.py:52} INFO - Started process 66 to run task
[2022-06-10 22:01:24,161] {standard_task_runner.py:76} INFO - Running: ['airflow', 'tasks', 'run', 'gbq_pipeline', 'check_github', '2022-06-07T10:00:00+00:00', '--job-id', '872', '--pool', 'default_pool', '--raw', '--subdir', 'DAGS_FOLDER/gbq_pipeline.py', '--cfg-path', '/tmp/tmpwfvm6l96', '--error-file', '/tmp/tmpk71xasfx']
[2022-06-10 22:01:24,162] {standard_task_runner.py:77} INFO - Job 872: Subtask check_github
[2022-06-10 22:01:24,191] {logging_mixin.py:104} INFO - Running <TaskInstance: gbq_pipeline.check_github 2022-06-07T10:00:00+00:00 [running]> on host 447938a2c16e
[2022-06-10 22:01:24,217] {taskinstance.py:1257} INFO - Exporting the following env vars:
AIRFLOW_CTX_DAG_EMAIL=airflow@airflow.com
AIRFLOW_CTX_DAG_OWNER=vanmai-airflow
AIRFLOW_CTX_DAG_ID=gbq_pipeline
AIRFLOW_CTX_TASK_ID=check_github
AIRFLOW_CTX_EXECUTION_DATE=2022-06-07T10:00:00+00:00
AIRFLOW_CTX_DAG_RUN_ID=scheduled__2022-06-07T10:00:00+00:00
[2022-06-10 22:01:24,218] {sql.py:87} INFO - Executing SQL check: 
        SELECT "20220607" IN 
          (
          SELECT table_id
          FROM `githubarchive.day.__TABLES_SUMMARY__`
          )
        
[2022-06-10 22:01:24,225] {logging_mixin.py:104} WARNING - /home/airflow/.local/lib/python3.6/site-packages/airflow/providers/google/cloud/hooks/bigquery.py:120 DeprecationWarning: This method will be deprecated. Please use `BigQueryHook.get_client` method
[2022-06-10 22:01:24,690] {logging_mixin.py:104} WARNING - /home/airflow/.local/lib/python3.6/site-packages/airflow/providers/google/cloud/hooks/bigquery.py:2052 DeprecationWarning: This method is deprecated. Please use `BigQueryHook.insert_job` method.
[2022-06-10 22:01:24,691] {bigquery.py:1510} INFO - Inserting job airflow_1654898484691519_62f85c00c04d7033a0e08e1720cb2d1c
[2022-06-10 22:01:26,424] {sql.py:90} INFO - Record: [True]
[2022-06-10 22:01:26,424] {sql.py:96} INFO - Success.
[2022-06-10 22:01:26,432] {taskinstance.py:1166} INFO - Marking task as SUCCESS. dag_id=gbq_pipeline, task_id=check_github, execution_date=20220607T100000, start_date=20220610T220124, end_date=20220610T220126
[2022-06-10 22:01:26,461] {taskinstance.py:1220} INFO - 1 downstream tasks scheduled from follow-on schedule check
[2022-06-10 22:01:26,503] {local_task_job.py:146} INFO - Task exited with return code 0
