[2022-06-10 22:01:16,241] {taskinstance.py:851} INFO - Dependencies all met for <TaskInstance: gbq_pipeline.write_truncate_hackernews_agg 2022-06-06T10:00:00+00:00 [queued]>
[2022-06-10 22:01:16,259] {taskinstance.py:851} INFO - Dependencies all met for <TaskInstance: gbq_pipeline.write_truncate_hackernews_agg 2022-06-06T10:00:00+00:00 [queued]>
[2022-06-10 22:01:16,260] {taskinstance.py:1042} INFO - 
--------------------------------------------------------------------------------
[2022-06-10 22:01:16,260] {taskinstance.py:1043} INFO - Starting attempt 1 of 6
[2022-06-10 22:01:16,260] {taskinstance.py:1044} INFO - 
--------------------------------------------------------------------------------
[2022-06-10 22:01:16,266] {taskinstance.py:1063} INFO - Executing <Task(BigQueryOperator): write_truncate_hackernews_agg> on 2022-06-06T10:00:00+00:00
[2022-06-10 22:01:16,269] {standard_task_runner.py:52} INFO - Started process 57 to run task
[2022-06-10 22:01:16,272] {standard_task_runner.py:76} INFO - Running: ['airflow', 'tasks', 'run', 'gbq_pipeline', 'write_truncate_hackernews_agg', '2022-06-06T10:00:00+00:00', '--job-id', '869', '--pool', 'default_pool', '--raw', '--subdir', 'DAGS_FOLDER/gbq_pipeline.py', '--cfg-path', '/tmp/tmp25dxse98', '--error-file', '/tmp/tmp35k3fmxe']
[2022-06-10 22:01:16,274] {standard_task_runner.py:77} INFO - Job 869: Subtask write_truncate_hackernews_agg
[2022-06-10 22:01:16,303] {logging_mixin.py:104} INFO - Running <TaskInstance: gbq_pipeline.write_truncate_hackernews_agg 2022-06-06T10:00:00+00:00 [running]> on host 447938a2c16e
[2022-06-10 22:01:16,331] {taskinstance.py:1257} INFO - Exporting the following env vars:
AIRFLOW_CTX_DAG_EMAIL=airflow@airflow.com
AIRFLOW_CTX_DAG_OWNER=vanmai-airflow
AIRFLOW_CTX_DAG_ID=gbq_pipeline
AIRFLOW_CTX_TASK_ID=write_truncate_hackernews_agg
AIRFLOW_CTX_EXECUTION_DATE=2022-06-06T10:00:00+00:00
AIRFLOW_CTX_DAG_RUN_ID=scheduled__2022-06-06T10:00:00+00:00
[2022-06-10 22:01:16,333] {bigquery.py:680} INFO - Executing: 
    SELECT
      FORMAT_TIMESTAMP("%Y%m%d", timestamp) AS date,
      `by` AS user,
      REGEXP_EXTRACT(url, "(https?://github.com/[^/]*/[^/#?]*)") as github_repo,
      SUM(score) as score
    FROM
      `bigquery-public-data.hacker_news.full`
    WHERE TRUE
      AND FORMAT_TIMESTAMP("%Y%m%d", timestamp) = '20220606'
      AND url LIKE '%https://github.com%'
      AND url NOT LIKE '%github.com/blog/%'
    GROUP BY 1,2,3
    
[2022-06-10 22:01:16,339] {logging_mixin.py:104} WARNING - /home/airflow/.local/lib/python3.6/site-packages/airflow/providers/google/cloud/hooks/bigquery.py:2052 DeprecationWarning: This method is deprecated. Please use `BigQueryHook.insert_job` method.
[2022-06-10 22:01:16,345] {bigquery.py:1510} INFO - Inserting job airflow_1654898476345259_da9a14ef29ef8dd9acb7a562e3eb979a
[2022-06-10 22:01:21,425] {taskinstance.py:1166} INFO - Marking task as SUCCESS. dag_id=gbq_pipeline, task_id=write_truncate_hackernews_agg, execution_date=20220606T100000, start_date=20220610T220116, end_date=20220610T220121
[2022-06-10 22:01:21,453] {taskinstance.py:1220} INFO - 0 downstream tasks scheduled from follow-on schedule check
[2022-06-10 22:01:21,490] {local_task_job.py:146} INFO - Task exited with return code 0
