[2022-06-06 10:52:35,386] {taskinstance.py:851} INFO - Dependencies all met for <TaskInstance: tutorial.print_date 2022-06-05T00:00:00+00:00 [queued]>
[2022-06-06 10:52:35,395] {taskinstance.py:851} INFO - Dependencies all met for <TaskInstance: tutorial.print_date 2022-06-05T00:00:00+00:00 [queued]>
[2022-06-06 10:52:35,396] {taskinstance.py:1042} INFO - 
--------------------------------------------------------------------------------
[2022-06-06 10:52:35,396] {taskinstance.py:1043} INFO - Starting attempt 1 of 2
[2022-06-06 10:52:35,396] {taskinstance.py:1044} INFO - 
--------------------------------------------------------------------------------
[2022-06-06 10:52:35,408] {taskinstance.py:1063} INFO - Executing <Task(BashOperator): print_date> on 2022-06-05T00:00:00+00:00
[2022-06-06 10:52:35,411] {standard_task_runner.py:52} INFO - Started process 49 to run task
[2022-06-06 10:52:35,415] {standard_task_runner.py:76} INFO - Running: ['airflow', 'tasks', 'run', 'tutorial', 'print_date', '2022-06-05T00:00:00+00:00', '--job-id', '284', '--pool', 'default_pool', '--raw', '--subdir', 'DAGS_FOLDER/tutorial.py', '--cfg-path', '/tmp/tmp7vb4kouf', '--error-file', '/tmp/tmpcmu8t5xo']
[2022-06-06 10:52:35,416] {standard_task_runner.py:77} INFO - Job 284: Subtask print_date
[2022-06-06 10:52:35,448] {logging_mixin.py:104} INFO - Running <TaskInstance: tutorial.print_date 2022-06-05T00:00:00+00:00 [running]> on host 92fcc90275da
[2022-06-06 10:52:35,479] {taskinstance.py:1257} INFO - Exporting the following env vars:
AIRFLOW_CTX_DAG_EMAIL=airflow@example.com
AIRFLOW_CTX_DAG_OWNER=airflow
AIRFLOW_CTX_DAG_ID=tutorial
AIRFLOW_CTX_TASK_ID=print_date
AIRFLOW_CTX_EXECUTION_DATE=2022-06-05T00:00:00+00:00
AIRFLOW_CTX_DAG_RUN_ID=scheduled__2022-06-05T00:00:00+00:00
[2022-06-06 10:52:35,480] {bash.py:135} INFO - Tmp dir root location: 
 /tmp
[2022-06-06 10:52:35,480] {bash.py:158} INFO - Running command: date
[2022-06-06 10:52:35,486] {bash.py:169} INFO - Output:
[2022-06-06 10:52:35,487] {bash.py:173} INFO - Mon Jun  6 10:52:35 UTC 2022
[2022-06-06 10:52:35,487] {bash.py:177} INFO - Command exited with return code 0
[2022-06-06 10:52:35,507] {taskinstance.py:1166} INFO - Marking task as SUCCESS. dag_id=tutorial, task_id=print_date, execution_date=20220605T000000, start_date=20220606T105235, end_date=20220606T105235
[2022-06-06 10:52:35,529] {taskinstance.py:1220} INFO - 2 downstream tasks scheduled from follow-on schedule check
[2022-06-06 10:52:35,548] {local_task_job.py:146} INFO - Task exited with return code 0
