[2022-06-10 22:01:28,043] {taskinstance.py:851} INFO - Dependencies all met for <TaskInstance: gbq_pipeline.write_truncate_github_agg 2022-06-07T10:00:00+00:00 [queued]>
[2022-06-10 22:01:28,061] {taskinstance.py:851} INFO - Dependencies all met for <TaskInstance: gbq_pipeline.write_truncate_github_agg 2022-06-07T10:00:00+00:00 [queued]>
[2022-06-10 22:01:28,062] {taskinstance.py:1042} INFO - 
--------------------------------------------------------------------------------
[2022-06-10 22:01:28,062] {taskinstance.py:1043} INFO - Starting attempt 1 of 6
[2022-06-10 22:01:28,062] {taskinstance.py:1044} INFO - 
--------------------------------------------------------------------------------
[2022-06-10 22:01:28,068] {taskinstance.py:1063} INFO - Executing <Task(BigQueryOperator): write_truncate_github_agg> on 2022-06-07T10:00:00+00:00
[2022-06-10 22:01:28,072] {standard_task_runner.py:52} INFO - Started process 72 to run task
[2022-06-10 22:01:28,074] {standard_task_runner.py:76} INFO - Running: ['airflow', 'tasks', 'run', 'gbq_pipeline', 'write_truncate_github_agg', '2022-06-07T10:00:00+00:00', '--job-id', '875', '--pool', 'default_pool', '--raw', '--subdir', 'DAGS_FOLDER/gbq_pipeline.py', '--cfg-path', '/tmp/tmp0zsjni1g', '--error-file', '/tmp/tmp84xzwz55']
[2022-06-10 22:01:28,076] {standard_task_runner.py:77} INFO - Job 875: Subtask write_truncate_github_agg
[2022-06-10 22:01:28,105] {logging_mixin.py:104} INFO - Running <TaskInstance: gbq_pipeline.write_truncate_github_agg 2022-06-07T10:00:00+00:00 [running]> on host 447938a2c16e
[2022-06-10 22:01:28,133] {taskinstance.py:1257} INFO - Exporting the following env vars:
AIRFLOW_CTX_DAG_EMAIL=airflow@airflow.com
AIRFLOW_CTX_DAG_OWNER=vanmai-airflow
AIRFLOW_CTX_DAG_ID=gbq_pipeline
AIRFLOW_CTX_TASK_ID=write_truncate_github_agg
AIRFLOW_CTX_EXECUTION_DATE=2022-06-07T10:00:00+00:00
AIRFLOW_CTX_DAG_RUN_ID=scheduled__2022-06-07T10:00:00+00:00
[2022-06-10 22:01:28,135] {bigquery.py:680} INFO - Executing: 
        with cte as
        (
          SELECT
            FORMAT_TIMESTAMP("%Y%m%d", created_at) AS date,
            actor.id as actor_id,
            CONCAT('https://github.com/', repo.name) as github_repo,
            type
          FROM
            `githubarchive.day.20220607`
        )

        SELECT
          date,
          github_repo,
          count(IF(type='WatchEvent', type, NULL)) AS subs,
          count(IF(type='PushEvent',  type, NULL)) AS pushes,
          count(IF(type='PullRequestEvent',  type, NULL)) AS pullrequests,
          count(IF(type='ForkEvent',  type, NULL)) AS copies,
          count(IF(type in ('IssueCommentEvent','CommitCommentEvent','PullRequestReviewCommentEvent'),  type, NULL)) AS comments,
          count(*) AS all_event
        FROM cte
        GROUP BY 1,2
        ORDER BY all_event desc
        
[2022-06-10 22:01:28,142] {logging_mixin.py:104} WARNING - /home/airflow/.local/lib/python3.6/site-packages/airflow/providers/google/cloud/hooks/bigquery.py:2052 DeprecationWarning: This method is deprecated. Please use `BigQueryHook.insert_job` method.
[2022-06-10 22:01:28,149] {bigquery.py:1510} INFO - Inserting job airflow_1654898488148562_8c8d64999f7825a5a83fa2c6fbe31d44
[2022-06-10 22:01:35,248] {taskinstance.py:1166} INFO - Marking task as SUCCESS. dag_id=gbq_pipeline, task_id=write_truncate_github_agg, execution_date=20220607T100000, start_date=20220610T220128, end_date=20220610T220135
[2022-06-10 22:01:35,278] {taskinstance.py:1220} INFO - 0 downstream tasks scheduled from follow-on schedule check
[2022-06-10 22:01:35,312] {local_task_job.py:146} INFO - Task exited with return code 0
