[2022-06-06 15:23:16,452] {taskinstance.py:851} INFO - Dependencies all met for <TaskInstance: gbq_pipeline.check_github 2022-03-01T10:00:00+00:00 [queued]>
[2022-06-06 15:23:16,464] {taskinstance.py:851} INFO - Dependencies all met for <TaskInstance: gbq_pipeline.check_github 2022-03-01T10:00:00+00:00 [queued]>
[2022-06-06 15:23:16,465] {taskinstance.py:1042} INFO - 
--------------------------------------------------------------------------------
[2022-06-06 15:23:16,465] {taskinstance.py:1043} INFO - Starting attempt 1 of 3
[2022-06-06 15:23:16,465] {taskinstance.py:1044} INFO - 
--------------------------------------------------------------------------------
[2022-06-06 15:23:16,476] {taskinstance.py:1063} INFO - Executing <Task(BigQueryCheckOperator): check_github> on 2022-03-01T10:00:00+00:00
[2022-06-06 15:23:16,481] {standard_task_runner.py:52} INFO - Started process 212 to run task
[2022-06-06 15:23:16,485] {standard_task_runner.py:76} INFO - Running: ['airflow', 'tasks', 'run', 'gbq_pipeline', 'check_github', '2022-03-01T10:00:00+00:00', '--job-id', '369', '--pool', 'default_pool', '--raw', '--subdir', 'DAGS_FOLDER/gbq_pipeline.py', '--cfg-path', '/tmp/tmpodrlcogm', '--error-file', '/tmp/tmpqb_ps52v']
[2022-06-06 15:23:16,488] {standard_task_runner.py:77} INFO - Job 369: Subtask check_github
[2022-06-06 15:23:16,531] {logging_mixin.py:104} INFO - Running <TaskInstance: gbq_pipeline.check_github 2022-03-01T10:00:00+00:00 [running]> on host c40819a450e3
[2022-06-06 15:23:16,567] {taskinstance.py:1257} INFO - Exporting the following env vars:
AIRFLOW_CTX_DAG_EMAIL=airflow@airflow.com
AIRFLOW_CTX_DAG_OWNER=vanmai-airflow
AIRFLOW_CTX_DAG_ID=gbq_pipeline
AIRFLOW_CTX_TASK_ID=check_github
AIRFLOW_CTX_EXECUTION_DATE=2022-03-01T10:00:00+00:00
AIRFLOW_CTX_DAG_RUN_ID=scheduled__2022-03-01T10:00:00+00:00
[2022-06-06 15:23:16,570] {sql.py:87} INFO - Executing SQL check: 
        SELECT "20220301" IN 
          (
          SELECT table_id
          FROM `githubarchive.day.__TABLES_SUMMARY__`
          )
        
[2022-06-06 15:23:16,580] {logging_mixin.py:104} WARNING - /home/airflow/.local/lib/python3.6/site-packages/airflow/providers/google/cloud/hooks/bigquery.py:120 DeprecationWarning: This method will be deprecated. Please use `BigQueryHook.get_client` method
[2022-06-06 15:23:16,990] {logging_mixin.py:104} WARNING - /home/airflow/.local/lib/python3.6/site-packages/airflow/providers/google/cloud/hooks/bigquery.py:2052 DeprecationWarning: This method is deprecated. Please use `BigQueryHook.insert_job` method.
[2022-06-06 15:23:16,991] {bigquery.py:1510} INFO - Inserting job airflow_1654528996990706_5c8183b735f9e88d4d3766dadfc2a508
[2022-06-06 15:23:18,887] {sql.py:90} INFO - Record: [True]
[2022-06-06 15:23:18,887] {sql.py:96} INFO - Success.
[2022-06-06 15:23:18,894] {taskinstance.py:1166} INFO - Marking task as SUCCESS. dag_id=gbq_pipeline, task_id=check_github, execution_date=20220301T100000, start_date=20220606T152316, end_date=20220606T152318
[2022-06-06 15:23:19,090] {taskinstance.py:1220} INFO - 0 downstream tasks scheduled from follow-on schedule check
[2022-06-06 15:23:19,111] {local_task_job.py:146} INFO - Task exited with return code 0
[2022-06-06 16:25:10,548] {taskinstance.py:851} INFO - Dependencies all met for <TaskInstance: gbq_pipeline.check_github 2022-03-01T10:00:00+00:00 [queued]>
[2022-06-06 16:25:10,557] {taskinstance.py:851} INFO - Dependencies all met for <TaskInstance: gbq_pipeline.check_github 2022-03-01T10:00:00+00:00 [queued]>
[2022-06-06 16:25:10,557] {taskinstance.py:1042} INFO - 
--------------------------------------------------------------------------------
[2022-06-06 16:25:10,558] {taskinstance.py:1043} INFO - Starting attempt 1 of 3
[2022-06-06 16:25:10,558] {taskinstance.py:1044} INFO - 
--------------------------------------------------------------------------------
[2022-06-06 16:25:10,568] {taskinstance.py:1063} INFO - Executing <Task(BigQueryCheckOperator): check_github> on 2022-03-01T10:00:00+00:00
[2022-06-06 16:25:10,572] {standard_task_runner.py:52} INFO - Started process 360 to run task
[2022-06-06 16:25:10,574] {standard_task_runner.py:76} INFO - Running: ['airflow', 'tasks', 'run', 'gbq_pipeline', 'check_github', '2022-03-01T10:00:00+00:00', '--job-id', '419', '--pool', 'default_pool', '--raw', '--subdir', 'DAGS_FOLDER/gbq_pipeline.py', '--cfg-path', '/tmp/tmp56529gxz', '--error-file', '/tmp/tmphj98ysw6']
[2022-06-06 16:25:10,576] {standard_task_runner.py:77} INFO - Job 419: Subtask check_github
[2022-06-06 16:25:10,608] {logging_mixin.py:104} INFO - Running <TaskInstance: gbq_pipeline.check_github 2022-03-01T10:00:00+00:00 [running]> on host c40819a450e3
[2022-06-06 16:25:10,637] {taskinstance.py:1257} INFO - Exporting the following env vars:
AIRFLOW_CTX_DAG_EMAIL=airflow@airflow.com
AIRFLOW_CTX_DAG_OWNER=vanmai-airflow
AIRFLOW_CTX_DAG_ID=gbq_pipeline
AIRFLOW_CTX_TASK_ID=check_github
AIRFLOW_CTX_EXECUTION_DATE=2022-03-01T10:00:00+00:00
AIRFLOW_CTX_DAG_RUN_ID=scheduled__2022-03-01T10:00:00+00:00
[2022-06-06 16:25:10,638] {sql.py:87} INFO - Executing SQL check: 
        SELECT "20220301" IN 
          (
          SELECT table_id
          FROM `githubarchive.day.__TABLES_SUMMARY__`
          )
        
[2022-06-06 16:25:10,646] {logging_mixin.py:104} WARNING - /home/airflow/.local/lib/python3.6/site-packages/airflow/providers/google/cloud/hooks/bigquery.py:120 DeprecationWarning: This method will be deprecated. Please use `BigQueryHook.get_client` method
[2022-06-06 16:25:11,151] {logging_mixin.py:104} WARNING - /home/airflow/.local/lib/python3.6/site-packages/airflow/providers/google/cloud/hooks/bigquery.py:2052 DeprecationWarning: This method is deprecated. Please use `BigQueryHook.insert_job` method.
[2022-06-06 16:25:11,152] {bigquery.py:1510} INFO - Inserting job airflow_1654532711152178_5c8183b735f9e88d4d3766dadfc2a508
[2022-06-06 16:25:13,567] {sql.py:90} INFO - Record: [True]
[2022-06-06 16:25:13,568] {sql.py:96} INFO - Success.
[2022-06-06 16:25:13,579] {taskinstance.py:1166} INFO - Marking task as SUCCESS. dag_id=gbq_pipeline, task_id=check_github, execution_date=20220301T100000, start_date=20220606T162510, end_date=20220606T162513
[2022-06-06 16:25:13,604] {taskinstance.py:1220} INFO - 1 downstream tasks scheduled from follow-on schedule check
[2022-06-06 16:25:13,642] {local_task_job.py:146} INFO - Task exited with return code 0
[2022-06-06 16:55:49,411] {taskinstance.py:851} INFO - Dependencies all met for <TaskInstance: gbq_pipeline.check_github 2022-03-01T10:00:00+00:00 [queued]>
[2022-06-06 16:55:49,420] {taskinstance.py:851} INFO - Dependencies all met for <TaskInstance: gbq_pipeline.check_github 2022-03-01T10:00:00+00:00 [queued]>
[2022-06-06 16:55:49,420] {taskinstance.py:1042} INFO - 
--------------------------------------------------------------------------------
[2022-06-06 16:55:49,421] {taskinstance.py:1043} INFO - Starting attempt 1 of 3
[2022-06-06 16:55:49,421] {taskinstance.py:1044} INFO - 
--------------------------------------------------------------------------------
[2022-06-06 16:55:49,430] {taskinstance.py:1063} INFO - Executing <Task(BigQueryCheckOperator): check_github> on 2022-03-01T10:00:00+00:00
[2022-06-06 16:55:49,434] {standard_task_runner.py:52} INFO - Started process 467 to run task
[2022-06-06 16:55:49,437] {standard_task_runner.py:76} INFO - Running: ['airflow', 'tasks', 'run', 'gbq_pipeline', 'check_github', '2022-03-01T10:00:00+00:00', '--job-id', '454', '--pool', 'default_pool', '--raw', '--subdir', 'DAGS_FOLDER/gbq_pipeline.py', '--cfg-path', '/tmp/tmp7fc3ri28', '--error-file', '/tmp/tmp4u8v6f2d']
[2022-06-06 16:55:49,438] {standard_task_runner.py:77} INFO - Job 454: Subtask check_github
[2022-06-06 16:55:49,471] {logging_mixin.py:104} INFO - Running <TaskInstance: gbq_pipeline.check_github 2022-03-01T10:00:00+00:00 [running]> on host c40819a450e3
[2022-06-06 16:55:49,500] {taskinstance.py:1257} INFO - Exporting the following env vars:
AIRFLOW_CTX_DAG_EMAIL=airflow@airflow.com
AIRFLOW_CTX_DAG_OWNER=vanmai-airflow
AIRFLOW_CTX_DAG_ID=gbq_pipeline
AIRFLOW_CTX_TASK_ID=check_github
AIRFLOW_CTX_EXECUTION_DATE=2022-03-01T10:00:00+00:00
AIRFLOW_CTX_DAG_RUN_ID=scheduled__2022-03-01T10:00:00+00:00
[2022-06-06 16:55:49,501] {sql.py:87} INFO - Executing SQL check: 
        SELECT "20220301" IN 
          (
          SELECT table_id
          FROM `githubarchive.day.__TABLES_SUMMARY__`
          )
        
[2022-06-06 16:55:49,509] {logging_mixin.py:104} WARNING - /home/airflow/.local/lib/python3.6/site-packages/airflow/providers/google/cloud/hooks/bigquery.py:120 DeprecationWarning: This method will be deprecated. Please use `BigQueryHook.get_client` method
[2022-06-06 16:55:49,953] {logging_mixin.py:104} WARNING - /home/airflow/.local/lib/python3.6/site-packages/airflow/providers/google/cloud/hooks/bigquery.py:2052 DeprecationWarning: This method is deprecated. Please use `BigQueryHook.insert_job` method.
[2022-06-06 16:55:49,954] {bigquery.py:1510} INFO - Inserting job airflow_1654534549953647_5c8183b735f9e88d4d3766dadfc2a508
[2022-06-06 16:55:51,655] {sql.py:90} INFO - Record: [True]
[2022-06-06 16:55:51,655] {sql.py:96} INFO - Success.
[2022-06-06 16:55:51,663] {taskinstance.py:1166} INFO - Marking task as SUCCESS. dag_id=gbq_pipeline, task_id=check_github, execution_date=20220301T100000, start_date=20220606T165549, end_date=20220606T165551
[2022-06-06 16:55:51,685] {taskinstance.py:1220} INFO - 1 downstream tasks scheduled from follow-on schedule check
[2022-06-06 16:55:51,700] {local_task_job.py:146} INFO - Task exited with return code 0
[2022-06-06 16:57:23,903] {taskinstance.py:851} INFO - Dependencies all met for <TaskInstance: gbq_pipeline.check_github 2022-03-01T10:00:00+00:00 [queued]>
[2022-06-06 16:57:23,914] {taskinstance.py:851} INFO - Dependencies all met for <TaskInstance: gbq_pipeline.check_github 2022-03-01T10:00:00+00:00 [queued]>
[2022-06-06 16:57:23,915] {taskinstance.py:1042} INFO - 
--------------------------------------------------------------------------------
[2022-06-06 16:57:23,915] {taskinstance.py:1043} INFO - Starting attempt 1 of 3
[2022-06-06 16:57:23,915] {taskinstance.py:1044} INFO - 
--------------------------------------------------------------------------------
[2022-06-06 16:57:23,925] {taskinstance.py:1063} INFO - Executing <Task(BigQueryCheckOperator): check_github> on 2022-03-01T10:00:00+00:00
[2022-06-06 16:57:23,930] {standard_task_runner.py:52} INFO - Started process 566 to run task
[2022-06-06 16:57:23,933] {standard_task_runner.py:76} INFO - Running: ['airflow', 'tasks', 'run', 'gbq_pipeline', 'check_github', '2022-03-01T10:00:00+00:00', '--job-id', '487', '--pool', 'default_pool', '--raw', '--subdir', 'DAGS_FOLDER/gbq_pipeline.py', '--cfg-path', '/tmp/tmplqqxswgt', '--error-file', '/tmp/tmp6l6dcnra']
[2022-06-06 16:57:23,935] {standard_task_runner.py:77} INFO - Job 487: Subtask check_github
[2022-06-06 16:57:23,971] {logging_mixin.py:104} INFO - Running <TaskInstance: gbq_pipeline.check_github 2022-03-01T10:00:00+00:00 [running]> on host c40819a450e3
[2022-06-06 16:57:24,003] {taskinstance.py:1257} INFO - Exporting the following env vars:
AIRFLOW_CTX_DAG_EMAIL=airflow@airflow.com
AIRFLOW_CTX_DAG_OWNER=vanmai-airflow
AIRFLOW_CTX_DAG_ID=gbq_pipeline
AIRFLOW_CTX_TASK_ID=check_github
AIRFLOW_CTX_EXECUTION_DATE=2022-03-01T10:00:00+00:00
AIRFLOW_CTX_DAG_RUN_ID=scheduled__2022-03-01T10:00:00+00:00
[2022-06-06 16:57:24,005] {sql.py:87} INFO - Executing SQL check: 
        SELECT "20220301" IN 
          (
          SELECT table_id
          FROM `githubarchive.day.__TABLES_SUMMARY__`
          )
        
[2022-06-06 16:57:24,013] {logging_mixin.py:104} WARNING - /home/airflow/.local/lib/python3.6/site-packages/airflow/providers/google/cloud/hooks/bigquery.py:120 DeprecationWarning: This method will be deprecated. Please use `BigQueryHook.get_client` method
[2022-06-06 16:57:24,492] {logging_mixin.py:104} WARNING - /home/airflow/.local/lib/python3.6/site-packages/airflow/providers/google/cloud/hooks/bigquery.py:2052 DeprecationWarning: This method is deprecated. Please use `BigQueryHook.insert_job` method.
[2022-06-06 16:57:24,493] {bigquery.py:1510} INFO - Inserting job airflow_1654534644493154_5c8183b735f9e88d4d3766dadfc2a508
[2022-06-06 16:57:26,494] {sql.py:90} INFO - Record: [True]
[2022-06-06 16:57:26,495] {sql.py:96} INFO - Success.
[2022-06-06 16:57:26,504] {taskinstance.py:1166} INFO - Marking task as SUCCESS. dag_id=gbq_pipeline, task_id=check_github, execution_date=20220301T100000, start_date=20220606T165723, end_date=20220606T165726
[2022-06-06 16:57:26,756] {taskinstance.py:1220} INFO - 0 downstream tasks scheduled from follow-on schedule check
[2022-06-06 16:57:26,799] {local_task_job.py:146} INFO - Task exited with return code 0
[2022-06-06 16:59:31,100] {taskinstance.py:851} INFO - Dependencies all met for <TaskInstance: gbq_pipeline.check_github 2022-03-01T10:00:00+00:00 [queued]>
[2022-06-06 16:59:31,109] {taskinstance.py:851} INFO - Dependencies all met for <TaskInstance: gbq_pipeline.check_github 2022-03-01T10:00:00+00:00 [queued]>
[2022-06-06 16:59:31,109] {taskinstance.py:1042} INFO - 
--------------------------------------------------------------------------------
[2022-06-06 16:59:31,109] {taskinstance.py:1043} INFO - Starting attempt 1 of 3
[2022-06-06 16:59:31,110] {taskinstance.py:1044} INFO - 
--------------------------------------------------------------------------------
[2022-06-06 16:59:31,119] {taskinstance.py:1063} INFO - Executing <Task(BigQueryCheckOperator): check_github> on 2022-03-01T10:00:00+00:00
[2022-06-06 16:59:31,122] {standard_task_runner.py:52} INFO - Started process 665 to run task
[2022-06-06 16:59:31,125] {standard_task_runner.py:76} INFO - Running: ['airflow', 'tasks', 'run', 'gbq_pipeline', 'check_github', '2022-03-01T10:00:00+00:00', '--job-id', '520', '--pool', 'default_pool', '--raw', '--subdir', 'DAGS_FOLDER/gbq_pipeline.py', '--cfg-path', '/tmp/tmpoix0kf7x', '--error-file', '/tmp/tmp_jodd_o1']
[2022-06-06 16:59:31,127] {standard_task_runner.py:77} INFO - Job 520: Subtask check_github
[2022-06-06 16:59:31,163] {logging_mixin.py:104} INFO - Running <TaskInstance: gbq_pipeline.check_github 2022-03-01T10:00:00+00:00 [running]> on host c40819a450e3
[2022-06-06 16:59:31,193] {taskinstance.py:1257} INFO - Exporting the following env vars:
AIRFLOW_CTX_DAG_EMAIL=airflow@airflow.com
AIRFLOW_CTX_DAG_OWNER=vanmai-airflow
AIRFLOW_CTX_DAG_ID=gbq_pipeline
AIRFLOW_CTX_TASK_ID=check_github
AIRFLOW_CTX_EXECUTION_DATE=2022-03-01T10:00:00+00:00
AIRFLOW_CTX_DAG_RUN_ID=scheduled__2022-03-01T10:00:00+00:00
[2022-06-06 16:59:31,194] {sql.py:87} INFO - Executing SQL check: 
        SELECT "20220301" IN 
          (
          SELECT table_id
          FROM `githubarchive.day.__TABLES_SUMMARY__`
          )
        
[2022-06-06 16:59:31,202] {logging_mixin.py:104} WARNING - /home/airflow/.local/lib/python3.6/site-packages/airflow/providers/google/cloud/hooks/bigquery.py:120 DeprecationWarning: This method will be deprecated. Please use `BigQueryHook.get_client` method
[2022-06-06 16:59:31,656] {logging_mixin.py:104} WARNING - /home/airflow/.local/lib/python3.6/site-packages/airflow/providers/google/cloud/hooks/bigquery.py:2052 DeprecationWarning: This method is deprecated. Please use `BigQueryHook.insert_job` method.
[2022-06-06 16:59:31,657] {bigquery.py:1510} INFO - Inserting job airflow_1654534771656981_5c8183b735f9e88d4d3766dadfc2a508
[2022-06-06 16:59:33,608] {sql.py:90} INFO - Record: [True]
[2022-06-06 16:59:33,609] {sql.py:96} INFO - Success.
[2022-06-06 16:59:33,619] {taskinstance.py:1166} INFO - Marking task as SUCCESS. dag_id=gbq_pipeline, task_id=check_github, execution_date=20220301T100000, start_date=20220606T165931, end_date=20220606T165933
[2022-06-06 16:59:33,642] {taskinstance.py:1220} INFO - 1 downstream tasks scheduled from follow-on schedule check
[2022-06-06 16:59:33,669] {local_task_job.py:146} INFO - Task exited with return code 0
