[2022-06-06 17:21:27,186] {taskinstance.py:851} INFO - Dependencies all met for <TaskInstance: gbq_pipeline.check_github 2022-05-07T10:00:00+00:00 [queued]>
[2022-06-06 17:21:27,206] {taskinstance.py:851} INFO - Dependencies all met for <TaskInstance: gbq_pipeline.check_github 2022-05-07T10:00:00+00:00 [queued]>
[2022-06-06 17:21:27,206] {taskinstance.py:1042} INFO - 
--------------------------------------------------------------------------------
[2022-06-06 17:21:27,206] {taskinstance.py:1043} INFO - Starting attempt 1 of 3
[2022-06-06 17:21:27,207] {taskinstance.py:1044} INFO - 
--------------------------------------------------------------------------------
[2022-06-06 17:21:27,214] {taskinstance.py:1063} INFO - Executing <Task(BigQueryCheckOperator): check_github> on 2022-05-07T10:00:00+00:00
[2022-06-06 17:21:27,218] {standard_task_runner.py:52} INFO - Started process 110 to run task
[2022-06-06 17:21:27,221] {standard_task_runner.py:76} INFO - Running: ['airflow', 'tasks', 'run', 'gbq_pipeline', 'check_github', '2022-05-07T10:00:00+00:00', '--job-id', '669', '--pool', 'default_pool', '--raw', '--subdir', 'DAGS_FOLDER/gbq_pipeline.py', '--cfg-path', '/tmp/tmpol7uu6fp', '--error-file', '/tmp/tmpv8xot569']
[2022-06-06 17:21:27,223] {standard_task_runner.py:77} INFO - Job 669: Subtask check_github
[2022-06-06 17:21:27,257] {logging_mixin.py:104} INFO - Running <TaskInstance: gbq_pipeline.check_github 2022-05-07T10:00:00+00:00 [running]> on host f3f1e04b5b71
[2022-06-06 17:21:27,287] {taskinstance.py:1257} INFO - Exporting the following env vars:
AIRFLOW_CTX_DAG_EMAIL=airflow@airflow.com
AIRFLOW_CTX_DAG_OWNER=vanmai-airflow
AIRFLOW_CTX_DAG_ID=gbq_pipeline
AIRFLOW_CTX_TASK_ID=check_github
AIRFLOW_CTX_EXECUTION_DATE=2022-05-07T10:00:00+00:00
AIRFLOW_CTX_DAG_RUN_ID=scheduled__2022-05-07T10:00:00+00:00
[2022-06-06 17:21:27,289] {sql.py:87} INFO - Executing SQL check: 
        SELECT "20220507" IN 
          (
          SELECT table_id
          FROM `githubarchive.day.__TABLES_SUMMARY__`
          )
        
[2022-06-06 17:21:27,297] {logging_mixin.py:104} WARNING - /home/airflow/.local/lib/python3.6/site-packages/airflow/providers/google/cloud/hooks/bigquery.py:120 DeprecationWarning: This method will be deprecated. Please use `BigQueryHook.get_client` method
[2022-06-06 17:21:27,703] {logging_mixin.py:104} WARNING - /home/airflow/.local/lib/python3.6/site-packages/airflow/providers/google/cloud/hooks/bigquery.py:2052 DeprecationWarning: This method is deprecated. Please use `BigQueryHook.insert_job` method.
[2022-06-06 17:21:27,704] {bigquery.py:1510} INFO - Inserting job airflow_1654536087704067_91e6be4c1144648b4ecd3a9a989b92b1
[2022-06-06 17:21:29,610] {sql.py:90} INFO - Record: [True]
[2022-06-06 17:21:29,610] {sql.py:96} INFO - Success.
[2022-06-06 17:21:29,617] {taskinstance.py:1166} INFO - Marking task as SUCCESS. dag_id=gbq_pipeline, task_id=check_github, execution_date=20220507T100000, start_date=20220606T172127, end_date=20220606T172129
[2022-06-06 17:21:29,642] {taskinstance.py:1220} INFO - 0 downstream tasks scheduled from follow-on schedule check
[2022-06-06 17:21:29,686] {local_task_job.py:146} INFO - Task exited with return code 0
[2022-06-06 17:23:16,516] {taskinstance.py:851} INFO - Dependencies all met for <TaskInstance: gbq_pipeline.check_github 2022-05-07T10:00:00+00:00 [queued]>
[2022-06-06 17:23:16,536] {taskinstance.py:851} INFO - Dependencies all met for <TaskInstance: gbq_pipeline.check_github 2022-05-07T10:00:00+00:00 [queued]>
[2022-06-06 17:23:16,537] {taskinstance.py:1042} INFO - 
--------------------------------------------------------------------------------
[2022-06-06 17:23:16,537] {taskinstance.py:1043} INFO - Starting attempt 1 of 3
[2022-06-06 17:23:16,537] {taskinstance.py:1044} INFO - 
--------------------------------------------------------------------------------
[2022-06-06 17:23:16,544] {taskinstance.py:1063} INFO - Executing <Task(BigQueryCheckOperator): check_github> on 2022-05-07T10:00:00+00:00
[2022-06-06 17:23:16,548] {standard_task_runner.py:52} INFO - Started process 174 to run task
[2022-06-06 17:23:16,552] {standard_task_runner.py:76} INFO - Running: ['airflow', 'tasks', 'run', 'gbq_pipeline', 'check_github', '2022-05-07T10:00:00+00:00', '--job-id', '691', '--pool', 'default_pool', '--raw', '--subdir', 'DAGS_FOLDER/gbq_pipeline.py', '--cfg-path', '/tmp/tmptp35yi7z', '--error-file', '/tmp/tmpgnnssit5']
[2022-06-06 17:23:16,554] {standard_task_runner.py:77} INFO - Job 691: Subtask check_github
[2022-06-06 17:23:16,587] {logging_mixin.py:104} INFO - Running <TaskInstance: gbq_pipeline.check_github 2022-05-07T10:00:00+00:00 [running]> on host f3f1e04b5b71
[2022-06-06 17:23:16,619] {taskinstance.py:1257} INFO - Exporting the following env vars:
AIRFLOW_CTX_DAG_EMAIL=airflow@airflow.com
AIRFLOW_CTX_DAG_OWNER=vanmai-airflow
AIRFLOW_CTX_DAG_ID=gbq_pipeline
AIRFLOW_CTX_TASK_ID=check_github
AIRFLOW_CTX_EXECUTION_DATE=2022-05-07T10:00:00+00:00
AIRFLOW_CTX_DAG_RUN_ID=scheduled__2022-05-07T10:00:00+00:00
[2022-06-06 17:23:16,620] {sql.py:87} INFO - Executing SQL check: 
        SELECT "20220507" IN 
          (
          SELECT table_id
          FROM `githubarchive.day.__TABLES_SUMMARY__`
          )
        
[2022-06-06 17:23:16,628] {logging_mixin.py:104} WARNING - /home/airflow/.local/lib/python3.6/site-packages/airflow/providers/google/cloud/hooks/bigquery.py:120 DeprecationWarning: This method will be deprecated. Please use `BigQueryHook.get_client` method
[2022-06-06 17:23:17,139] {logging_mixin.py:104} WARNING - /home/airflow/.local/lib/python3.6/site-packages/airflow/providers/google/cloud/hooks/bigquery.py:2052 DeprecationWarning: This method is deprecated. Please use `BigQueryHook.insert_job` method.
[2022-06-06 17:23:17,140] {bigquery.py:1510} INFO - Inserting job airflow_1654536197139914_91e6be4c1144648b4ecd3a9a989b92b1
[2022-06-06 17:23:18,872] {sql.py:90} INFO - Record: [True]
[2022-06-06 17:23:18,872] {sql.py:96} INFO - Success.
[2022-06-06 17:23:18,879] {taskinstance.py:1166} INFO - Marking task as SUCCESS. dag_id=gbq_pipeline, task_id=check_github, execution_date=20220507T100000, start_date=20220606T172316, end_date=20220606T172318
[2022-06-06 17:23:19,156] {taskinstance.py:1220} INFO - 0 downstream tasks scheduled from follow-on schedule check
[2022-06-06 17:23:19,177] {local_task_job.py:146} INFO - Task exited with return code 0
[2022-06-06 17:28:04,462] {taskinstance.py:851} INFO - Dependencies all met for <TaskInstance: gbq_pipeline.check_github 2022-05-07T10:00:00+00:00 [queued]>
[2022-06-06 17:28:04,479] {taskinstance.py:851} INFO - Dependencies all met for <TaskInstance: gbq_pipeline.check_github 2022-05-07T10:00:00+00:00 [queued]>
[2022-06-06 17:28:04,480] {taskinstance.py:1042} INFO - 
--------------------------------------------------------------------------------
[2022-06-06 17:28:04,480] {taskinstance.py:1043} INFO - Starting attempt 1 of 3
[2022-06-06 17:28:04,480] {taskinstance.py:1044} INFO - 
--------------------------------------------------------------------------------
[2022-06-06 17:28:04,486] {taskinstance.py:1063} INFO - Executing <Task(BigQueryCheckOperator): check_github> on 2022-05-07T10:00:00+00:00
[2022-06-06 17:28:04,493] {standard_task_runner.py:76} INFO - Running: ['airflow', 'tasks', 'run', 'gbq_pipeline', 'check_github', '2022-05-07T10:00:00+00:00', '--job-id', '716', '--pool', 'default_pool', '--raw', '--subdir', 'DAGS_FOLDER/gbq_pipeline.py', '--cfg-path', '/tmp/tmp1fdhj69c', '--error-file', '/tmp/tmpvbpcj19w']
[2022-06-06 17:28:04,490] {standard_task_runner.py:52} INFO - Started process 249 to run task
[2022-06-06 17:28:04,495] {standard_task_runner.py:77} INFO - Job 716: Subtask check_github
[2022-06-06 17:28:04,527] {logging_mixin.py:104} INFO - Running <TaskInstance: gbq_pipeline.check_github 2022-05-07T10:00:00+00:00 [running]> on host f3f1e04b5b71
[2022-06-06 17:28:04,556] {taskinstance.py:1257} INFO - Exporting the following env vars:
AIRFLOW_CTX_DAG_EMAIL=airflow@airflow.com
AIRFLOW_CTX_DAG_OWNER=vanmai-airflow
AIRFLOW_CTX_DAG_ID=gbq_pipeline
AIRFLOW_CTX_TASK_ID=check_github
AIRFLOW_CTX_EXECUTION_DATE=2022-05-07T10:00:00+00:00
AIRFLOW_CTX_DAG_RUN_ID=scheduled__2022-05-07T10:00:00+00:00
[2022-06-06 17:28:04,558] {sql.py:87} INFO - Executing SQL check: 
        SELECT "20220507" IN 
          (
          SELECT table_id
          FROM `githubarchive.day.__TABLES_SUMMARY__`
          )
        
[2022-06-06 17:28:04,567] {logging_mixin.py:104} WARNING - /home/airflow/.local/lib/python3.6/site-packages/airflow/providers/google/cloud/hooks/bigquery.py:120 DeprecationWarning: This method will be deprecated. Please use `BigQueryHook.get_client` method
[2022-06-06 17:28:05,017] {logging_mixin.py:104} WARNING - /home/airflow/.local/lib/python3.6/site-packages/airflow/providers/google/cloud/hooks/bigquery.py:2052 DeprecationWarning: This method is deprecated. Please use `BigQueryHook.insert_job` method.
[2022-06-06 17:28:05,018] {bigquery.py:1510} INFO - Inserting job airflow_1654536485018315_91e6be4c1144648b4ecd3a9a989b92b1
[2022-06-06 17:28:06,762] {sql.py:90} INFO - Record: [True]
[2022-06-06 17:28:06,762] {sql.py:96} INFO - Success.
[2022-06-06 17:28:06,773] {taskinstance.py:1166} INFO - Marking task as SUCCESS. dag_id=gbq_pipeline, task_id=check_github, execution_date=20220507T100000, start_date=20220606T172804, end_date=20220606T172806
[2022-06-06 17:28:06,957] {taskinstance.py:1220} INFO - 1 downstream tasks scheduled from follow-on schedule check
[2022-06-06 17:28:06,999] {local_task_job.py:146} INFO - Task exited with return code 0
