[2022-06-06 17:25:29,068] {taskinstance.py:851} INFO - Dependencies all met for <TaskInstance: gbq_pipeline.write_truncate_github_agg 2022-05-08T10:00:00+00:00 [queued]>
[2022-06-06 17:25:29,086] {taskinstance.py:851} INFO - Dependencies all met for <TaskInstance: gbq_pipeline.write_truncate_github_agg 2022-05-08T10:00:00+00:00 [queued]>
[2022-06-06 17:25:29,086] {taskinstance.py:1042} INFO - 
--------------------------------------------------------------------------------
[2022-06-06 17:25:29,087] {taskinstance.py:1043} INFO - Starting attempt 1 of 3
[2022-06-06 17:25:29,087] {taskinstance.py:1044} INFO - 
--------------------------------------------------------------------------------
[2022-06-06 17:25:29,094] {taskinstance.py:1063} INFO - Executing <Task(BigQueryOperator): write_truncate_github_agg> on 2022-05-08T10:00:00+00:00
[2022-06-06 17:25:29,101] {standard_task_runner.py:76} INFO - Running: ['airflow', 'tasks', 'run', 'gbq_pipeline', 'write_truncate_github_agg', '2022-05-08T10:00:00+00:00', '--job-id', '701', '--pool', 'default_pool', '--raw', '--subdir', 'DAGS_FOLDER/gbq_pipeline.py', '--cfg-path', '/tmp/tmp8kyxpaa7', '--error-file', '/tmp/tmp234146r5']
[2022-06-06 17:25:29,098] {standard_task_runner.py:52} INFO - Started process 204 to run task
[2022-06-06 17:25:29,103] {standard_task_runner.py:77} INFO - Job 701: Subtask write_truncate_github_agg
[2022-06-06 17:25:29,134] {logging_mixin.py:104} INFO - Running <TaskInstance: gbq_pipeline.write_truncate_github_agg 2022-05-08T10:00:00+00:00 [running]> on host f3f1e04b5b71
[2022-06-06 17:25:29,163] {taskinstance.py:1257} INFO - Exporting the following env vars:
AIRFLOW_CTX_DAG_EMAIL=airflow@airflow.com
AIRFLOW_CTX_DAG_OWNER=vanmai-airflow
AIRFLOW_CTX_DAG_ID=gbq_pipeline
AIRFLOW_CTX_TASK_ID=write_truncate_github_agg
AIRFLOW_CTX_EXECUTION_DATE=2022-05-08T10:00:00+00:00
AIRFLOW_CTX_DAG_RUN_ID=scheduled__2022-05-08T10:00:00+00:00
[2022-06-06 17:25:29,165] {bigquery.py:680} INFO - Executing: 
        with cte as
        (
          SELECT
            FORMAT_TIMESTAMP("%Y%m%d", created_at) AS date,
            actor.id as actor_id,
            CONCAT('https://github.com/', repo.name) as github_repo,
            type
          FROM
            `githubarchive.day.20220508`
        )

        SELECT
          date,
          github_repo,
          count(IF(type='WatchEvent', type, NULL)) AS subs,
          count(IF(type='PushEvent',  type, NULL)) AS pushes,
          count(IF(type='PullRequestEvent',  type, NULL)) AS pullrequests,
          count(IF(type='ForkEvent',  type, NULL)) AS copies,
          count(IF(type in ('IssueCommentEvent','CommitCommentEvent','PullRequestReviewCommentEvent'),  type, NULL)) AS comments,
          count(*) AS all_event
        FROM cte
        GROUP BY 1,2
        ORDER BY all_event desc
        
[2022-06-06 17:25:29,172] {logging_mixin.py:104} WARNING - /home/airflow/.local/lib/python3.6/site-packages/airflow/providers/google/cloud/hooks/bigquery.py:2052 DeprecationWarning: This method is deprecated. Please use `BigQueryHook.insert_job` method.
[2022-06-06 17:25:29,179] {bigquery.py:1510} INFO - Inserting job airflow_1654536329178744_6ab4aabe93fa952ce4ba6efa215f0e7e
[2022-06-06 17:25:35,291] {taskinstance.py:1166} INFO - Marking task as SUCCESS. dag_id=gbq_pipeline, task_id=write_truncate_github_agg, execution_date=20220508T100000, start_date=20220606T172529, end_date=20220606T172535
[2022-06-06 17:25:35,324] {taskinstance.py:1220} INFO - 0 downstream tasks scheduled from follow-on schedule check
[2022-06-06 17:25:35,336] {local_task_job.py:146} INFO - Task exited with return code 0
[2022-06-06 17:28:20,587] {taskinstance.py:851} INFO - Dependencies all met for <TaskInstance: gbq_pipeline.write_truncate_github_agg 2022-05-08T10:00:00+00:00 [queued]>
[2022-06-06 17:28:20,603] {taskinstance.py:851} INFO - Dependencies all met for <TaskInstance: gbq_pipeline.write_truncate_github_agg 2022-05-08T10:00:00+00:00 [queued]>
[2022-06-06 17:28:20,604] {taskinstance.py:1042} INFO - 
--------------------------------------------------------------------------------
[2022-06-06 17:28:20,604] {taskinstance.py:1043} INFO - Starting attempt 1 of 3
[2022-06-06 17:28:20,605] {taskinstance.py:1044} INFO - 
--------------------------------------------------------------------------------
[2022-06-06 17:28:20,610] {taskinstance.py:1063} INFO - Executing <Task(BigQueryOperator): write_truncate_github_agg> on 2022-05-08T10:00:00+00:00
[2022-06-06 17:28:20,614] {standard_task_runner.py:52} INFO - Started process 258 to run task
[2022-06-06 17:28:20,616] {standard_task_runner.py:76} INFO - Running: ['airflow', 'tasks', 'run', 'gbq_pipeline', 'write_truncate_github_agg', '2022-05-08T10:00:00+00:00', '--job-id', '719', '--pool', 'default_pool', '--raw', '--subdir', 'DAGS_FOLDER/gbq_pipeline.py', '--cfg-path', '/tmp/tmpaldj7lrb', '--error-file', '/tmp/tmpvo0fl5ht']
[2022-06-06 17:28:20,618] {standard_task_runner.py:77} INFO - Job 719: Subtask write_truncate_github_agg
[2022-06-06 17:28:20,648] {logging_mixin.py:104} INFO - Running <TaskInstance: gbq_pipeline.write_truncate_github_agg 2022-05-08T10:00:00+00:00 [running]> on host f3f1e04b5b71
[2022-06-06 17:28:20,676] {taskinstance.py:1257} INFO - Exporting the following env vars:
AIRFLOW_CTX_DAG_EMAIL=airflow@airflow.com
AIRFLOW_CTX_DAG_OWNER=vanmai-airflow
AIRFLOW_CTX_DAG_ID=gbq_pipeline
AIRFLOW_CTX_TASK_ID=write_truncate_github_agg
AIRFLOW_CTX_EXECUTION_DATE=2022-05-08T10:00:00+00:00
AIRFLOW_CTX_DAG_RUN_ID=scheduled__2022-05-08T10:00:00+00:00
[2022-06-06 17:28:20,677] {bigquery.py:680} INFO - Executing: 
        with cte as
        (
          SELECT
            FORMAT_TIMESTAMP("%Y%m%d", created_at) AS date,
            actor.id as actor_id,
            CONCAT('https://github.com/', repo.name) as github_repo,
            type
          FROM
            `githubarchive.day.20220508`
        )

        SELECT
          date,
          github_repo,
          count(IF(type='WatchEvent', type, NULL)) AS subs,
          count(IF(type='PushEvent',  type, NULL)) AS pushes,
          count(IF(type='PullRequestEvent',  type, NULL)) AS pullrequests,
          count(IF(type='ForkEvent',  type, NULL)) AS copies,
          count(IF(type in ('IssueCommentEvent','CommitCommentEvent','PullRequestReviewCommentEvent'),  type, NULL)) AS comments,
          count(*) AS all_event
        FROM cte
        GROUP BY 1,2
        ORDER BY all_event desc
        
[2022-06-06 17:28:20,684] {logging_mixin.py:104} WARNING - /home/airflow/.local/lib/python3.6/site-packages/airflow/providers/google/cloud/hooks/bigquery.py:2052 DeprecationWarning: This method is deprecated. Please use `BigQueryHook.insert_job` method.
[2022-06-06 17:28:20,691] {bigquery.py:1510} INFO - Inserting job airflow_1654536500691286_6ab4aabe93fa952ce4ba6efa215f0e7e
[2022-06-06 17:28:26,417] {taskinstance.py:1166} INFO - Marking task as SUCCESS. dag_id=gbq_pipeline, task_id=write_truncate_github_agg, execution_date=20220508T100000, start_date=20220606T172820, end_date=20220606T172826
[2022-06-06 17:28:26,620] {taskinstance.py:1220} INFO - 0 downstream tasks scheduled from follow-on schedule check
[2022-06-06 17:28:26,649] {local_task_job.py:146} INFO - Task exited with return code 0
