[2022-06-06 15:23:27,743] {taskinstance.py:851} INFO - Dependencies all met for <TaskInstance: gbq_pipeline.check_github 2022-03-04T10:00:00+00:00 [queued]>
[2022-06-06 15:23:27,762] {taskinstance.py:851} INFO - Dependencies all met for <TaskInstance: gbq_pipeline.check_github 2022-03-04T10:00:00+00:00 [queued]>
[2022-06-06 15:23:27,762] {taskinstance.py:1042} INFO - 
--------------------------------------------------------------------------------
[2022-06-06 15:23:27,763] {taskinstance.py:1043} INFO - Starting attempt 1 of 3
[2022-06-06 15:23:27,763] {taskinstance.py:1044} INFO - 
--------------------------------------------------------------------------------
[2022-06-06 15:23:27,770] {taskinstance.py:1063} INFO - Executing <Task(BigQueryCheckOperator): check_github> on 2022-03-04T10:00:00+00:00
[2022-06-06 15:23:27,774] {standard_task_runner.py:52} INFO - Started process 244 to run task
[2022-06-06 15:23:27,781] {standard_task_runner.py:76} INFO - Running: ['airflow', 'tasks', 'run', 'gbq_pipeline', 'check_github', '2022-03-04T10:00:00+00:00', '--job-id', '378', '--pool', 'default_pool', '--raw', '--subdir', 'DAGS_FOLDER/gbq_pipeline.py', '--cfg-path', '/tmp/tmpcpwdowyl', '--error-file', '/tmp/tmpzaflozh2']
[2022-06-06 15:23:27,783] {standard_task_runner.py:77} INFO - Job 378: Subtask check_github
[2022-06-06 15:23:27,817] {logging_mixin.py:104} INFO - Running <TaskInstance: gbq_pipeline.check_github 2022-03-04T10:00:00+00:00 [running]> on host c40819a450e3
[2022-06-06 15:23:27,847] {taskinstance.py:1257} INFO - Exporting the following env vars:
AIRFLOW_CTX_DAG_EMAIL=airflow@airflow.com
AIRFLOW_CTX_DAG_OWNER=vanmai-airflow
AIRFLOW_CTX_DAG_ID=gbq_pipeline
AIRFLOW_CTX_TASK_ID=check_github
AIRFLOW_CTX_EXECUTION_DATE=2022-03-04T10:00:00+00:00
AIRFLOW_CTX_DAG_RUN_ID=scheduled__2022-03-04T10:00:00+00:00
[2022-06-06 15:23:27,849] {sql.py:87} INFO - Executing SQL check: 
        SELECT "20220304" IN 
          (
          SELECT table_id
          FROM `githubarchive.day.__TABLES_SUMMARY__`
          )
        
[2022-06-06 15:23:27,858] {logging_mixin.py:104} WARNING - /home/airflow/.local/lib/python3.6/site-packages/airflow/providers/google/cloud/hooks/bigquery.py:120 DeprecationWarning: This method will be deprecated. Please use `BigQueryHook.get_client` method
[2022-06-06 15:23:28,347] {logging_mixin.py:104} WARNING - /home/airflow/.local/lib/python3.6/site-packages/airflow/providers/google/cloud/hooks/bigquery.py:2052 DeprecationWarning: This method is deprecated. Please use `BigQueryHook.insert_job` method.
[2022-06-06 15:23:28,348] {bigquery.py:1510} INFO - Inserting job airflow_1654529008348098_628e8695c565e630bc64f335ef04379b
[2022-06-06 15:23:30,045] {sql.py:90} INFO - Record: [True]
[2022-06-06 15:23:30,046] {sql.py:96} INFO - Success.
[2022-06-06 15:23:30,054] {taskinstance.py:1166} INFO - Marking task as SUCCESS. dag_id=gbq_pipeline, task_id=check_github, execution_date=20220304T100000, start_date=20220606T152327, end_date=20220606T152330
[2022-06-06 15:23:30,325] {taskinstance.py:1220} INFO - 0 downstream tasks scheduled from follow-on schedule check
[2022-06-06 15:23:30,362] {local_task_job.py:146} INFO - Task exited with return code 0
[2022-06-06 16:25:22,759] {taskinstance.py:851} INFO - Dependencies all met for <TaskInstance: gbq_pipeline.check_github 2022-03-04T10:00:00+00:00 [queued]>
[2022-06-06 16:25:22,777] {taskinstance.py:851} INFO - Dependencies all met for <TaskInstance: gbq_pipeline.check_github 2022-03-04T10:00:00+00:00 [queued]>
[2022-06-06 16:25:22,777] {taskinstance.py:1042} INFO - 
--------------------------------------------------------------------------------
[2022-06-06 16:25:22,778] {taskinstance.py:1043} INFO - Starting attempt 1 of 3
[2022-06-06 16:25:22,778] {taskinstance.py:1044} INFO - 
--------------------------------------------------------------------------------
[2022-06-06 16:25:22,786] {taskinstance.py:1063} INFO - Executing <Task(BigQueryCheckOperator): check_github> on 2022-03-04T10:00:00+00:00
[2022-06-06 16:25:22,789] {standard_task_runner.py:52} INFO - Started process 387 to run task
[2022-06-06 16:25:22,792] {standard_task_runner.py:76} INFO - Running: ['airflow', 'tasks', 'run', 'gbq_pipeline', 'check_github', '2022-03-04T10:00:00+00:00', '--job-id', '428', '--pool', 'default_pool', '--raw', '--subdir', 'DAGS_FOLDER/gbq_pipeline.py', '--cfg-path', '/tmp/tmpcv7v3at5', '--error-file', '/tmp/tmpxmohalyx']
[2022-06-06 16:25:22,793] {standard_task_runner.py:77} INFO - Job 428: Subtask check_github
[2022-06-06 16:25:22,826] {logging_mixin.py:104} INFO - Running <TaskInstance: gbq_pipeline.check_github 2022-03-04T10:00:00+00:00 [running]> on host c40819a450e3
[2022-06-06 16:25:22,856] {taskinstance.py:1257} INFO - Exporting the following env vars:
AIRFLOW_CTX_DAG_EMAIL=airflow@airflow.com
AIRFLOW_CTX_DAG_OWNER=vanmai-airflow
AIRFLOW_CTX_DAG_ID=gbq_pipeline
AIRFLOW_CTX_TASK_ID=check_github
AIRFLOW_CTX_EXECUTION_DATE=2022-03-04T10:00:00+00:00
AIRFLOW_CTX_DAG_RUN_ID=scheduled__2022-03-04T10:00:00+00:00
[2022-06-06 16:25:22,857] {sql.py:87} INFO - Executing SQL check: 
        SELECT "20220304" IN 
          (
          SELECT table_id
          FROM `githubarchive.day.__TABLES_SUMMARY__`
          )
        
[2022-06-06 16:25:22,865] {logging_mixin.py:104} WARNING - /home/airflow/.local/lib/python3.6/site-packages/airflow/providers/google/cloud/hooks/bigquery.py:120 DeprecationWarning: This method will be deprecated. Please use `BigQueryHook.get_client` method
[2022-06-06 16:25:23,331] {logging_mixin.py:104} WARNING - /home/airflow/.local/lib/python3.6/site-packages/airflow/providers/google/cloud/hooks/bigquery.py:2052 DeprecationWarning: This method is deprecated. Please use `BigQueryHook.insert_job` method.
[2022-06-06 16:25:23,332] {bigquery.py:1510} INFO - Inserting job airflow_1654532723331582_628e8695c565e630bc64f335ef04379b
[2022-06-06 16:25:25,446] {sql.py:90} INFO - Record: [True]
[2022-06-06 16:25:25,446] {sql.py:96} INFO - Success.
[2022-06-06 16:25:25,458] {taskinstance.py:1166} INFO - Marking task as SUCCESS. dag_id=gbq_pipeline, task_id=check_github, execution_date=20220304T100000, start_date=20220606T162522, end_date=20220606T162525
[2022-06-06 16:25:25,488] {taskinstance.py:1220} INFO - 0 downstream tasks scheduled from follow-on schedule check
[2022-06-06 16:25:25,496] {local_task_job.py:146} INFO - Task exited with return code 0
[2022-06-06 16:56:25,512] {taskinstance.py:851} INFO - Dependencies all met for <TaskInstance: gbq_pipeline.check_github 2022-03-04T10:00:00+00:00 [queued]>
[2022-06-06 16:56:25,532] {taskinstance.py:851} INFO - Dependencies all met for <TaskInstance: gbq_pipeline.check_github 2022-03-04T10:00:00+00:00 [queued]>
[2022-06-06 16:56:25,533] {taskinstance.py:1042} INFO - 
--------------------------------------------------------------------------------
[2022-06-06 16:56:25,533] {taskinstance.py:1043} INFO - Starting attempt 1 of 3
[2022-06-06 16:56:25,533] {taskinstance.py:1044} INFO - 
--------------------------------------------------------------------------------
[2022-06-06 16:56:25,539] {taskinstance.py:1063} INFO - Executing <Task(BigQueryCheckOperator): check_github> on 2022-03-04T10:00:00+00:00
[2022-06-06 16:56:25,543] {standard_task_runner.py:52} INFO - Started process 543 to run task
[2022-06-06 16:56:25,546] {standard_task_runner.py:76} INFO - Running: ['airflow', 'tasks', 'run', 'gbq_pipeline', 'check_github', '2022-03-04T10:00:00+00:00', '--job-id', '480', '--pool', 'default_pool', '--raw', '--subdir', 'DAGS_FOLDER/gbq_pipeline.py', '--cfg-path', '/tmp/tmp9w_4j2yg', '--error-file', '/tmp/tmpa944aby4']
[2022-06-06 16:56:25,548] {standard_task_runner.py:77} INFO - Job 480: Subtask check_github
[2022-06-06 16:56:25,580] {logging_mixin.py:104} INFO - Running <TaskInstance: gbq_pipeline.check_github 2022-03-04T10:00:00+00:00 [running]> on host c40819a450e3
[2022-06-06 16:56:25,611] {taskinstance.py:1257} INFO - Exporting the following env vars:
AIRFLOW_CTX_DAG_EMAIL=airflow@airflow.com
AIRFLOW_CTX_DAG_OWNER=vanmai-airflow
AIRFLOW_CTX_DAG_ID=gbq_pipeline
AIRFLOW_CTX_TASK_ID=check_github
AIRFLOW_CTX_EXECUTION_DATE=2022-03-04T10:00:00+00:00
AIRFLOW_CTX_DAG_RUN_ID=scheduled__2022-03-04T10:00:00+00:00
[2022-06-06 16:56:25,613] {sql.py:87} INFO - Executing SQL check: 
        SELECT "20220304" IN 
          (
          SELECT table_id
          FROM `githubarchive.day.__TABLES_SUMMARY__`
          )
        
[2022-06-06 16:56:25,620] {logging_mixin.py:104} WARNING - /home/airflow/.local/lib/python3.6/site-packages/airflow/providers/google/cloud/hooks/bigquery.py:120 DeprecationWarning: This method will be deprecated. Please use `BigQueryHook.get_client` method
[2022-06-06 16:56:26,016] {logging_mixin.py:104} WARNING - /home/airflow/.local/lib/python3.6/site-packages/airflow/providers/google/cloud/hooks/bigquery.py:2052 DeprecationWarning: This method is deprecated. Please use `BigQueryHook.insert_job` method.
[2022-06-06 16:56:26,017] {bigquery.py:1510} INFO - Inserting job airflow_1654534586017100_628e8695c565e630bc64f335ef04379b
[2022-06-06 16:56:27,637] {sql.py:90} INFO - Record: [True]
[2022-06-06 16:56:27,637] {sql.py:96} INFO - Success.
[2022-06-06 16:56:27,645] {taskinstance.py:1166} INFO - Marking task as SUCCESS. dag_id=gbq_pipeline, task_id=check_github, execution_date=20220304T100000, start_date=20220606T165625, end_date=20220606T165627
[2022-06-06 16:56:27,671] {taskinstance.py:1220} INFO - 1 downstream tasks scheduled from follow-on schedule check
[2022-06-06 16:56:27,688] {local_task_job.py:146} INFO - Task exited with return code 0
[2022-06-06 16:57:58,521] {taskinstance.py:851} INFO - Dependencies all met for <TaskInstance: gbq_pipeline.check_github 2022-03-04T10:00:00+00:00 [queued]>
[2022-06-06 16:57:58,547] {taskinstance.py:851} INFO - Dependencies all met for <TaskInstance: gbq_pipeline.check_github 2022-03-04T10:00:00+00:00 [queued]>
[2022-06-06 16:57:58,547] {taskinstance.py:1042} INFO - 
--------------------------------------------------------------------------------
[2022-06-06 16:57:58,548] {taskinstance.py:1043} INFO - Starting attempt 1 of 3
[2022-06-06 16:57:58,548] {taskinstance.py:1044} INFO - 
--------------------------------------------------------------------------------
[2022-06-06 16:57:58,556] {taskinstance.py:1063} INFO - Executing <Task(BigQueryCheckOperator): check_github> on 2022-03-04T10:00:00+00:00
[2022-06-06 16:57:58,611] {standard_task_runner.py:52} INFO - Started process 627 to run task
[2022-06-06 16:57:58,615] {standard_task_runner.py:76} INFO - Running: ['airflow', 'tasks', 'run', 'gbq_pipeline', 'check_github', '2022-03-04T10:00:00+00:00', '--job-id', '508', '--pool', 'default_pool', '--raw', '--subdir', 'DAGS_FOLDER/gbq_pipeline.py', '--cfg-path', '/tmp/tmp4g4kjat_', '--error-file', '/tmp/tmpvca_d7hu']
[2022-06-06 16:57:58,617] {standard_task_runner.py:77} INFO - Job 508: Subtask check_github
[2022-06-06 16:57:58,661] {logging_mixin.py:104} INFO - Running <TaskInstance: gbq_pipeline.check_github 2022-03-04T10:00:00+00:00 [running]> on host c40819a450e3
[2022-06-06 16:57:58,702] {taskinstance.py:1257} INFO - Exporting the following env vars:
AIRFLOW_CTX_DAG_EMAIL=airflow@airflow.com
AIRFLOW_CTX_DAG_OWNER=vanmai-airflow
AIRFLOW_CTX_DAG_ID=gbq_pipeline
AIRFLOW_CTX_TASK_ID=check_github
AIRFLOW_CTX_EXECUTION_DATE=2022-03-04T10:00:00+00:00
AIRFLOW_CTX_DAG_RUN_ID=scheduled__2022-03-04T10:00:00+00:00
[2022-06-06 16:57:58,704] {sql.py:87} INFO - Executing SQL check: 
        SELECT "20220304" IN 
          (
          SELECT table_id
          FROM `githubarchive.day.__TABLES_SUMMARY__`
          )
        
[2022-06-06 16:57:58,713] {logging_mixin.py:104} WARNING - /home/airflow/.local/lib/python3.6/site-packages/airflow/providers/google/cloud/hooks/bigquery.py:120 DeprecationWarning: This method will be deprecated. Please use `BigQueryHook.get_client` method
[2022-06-06 16:57:59,093] {logging_mixin.py:104} WARNING - /home/airflow/.local/lib/python3.6/site-packages/airflow/providers/google/cloud/hooks/bigquery.py:2052 DeprecationWarning: This method is deprecated. Please use `BigQueryHook.insert_job` method.
[2022-06-06 16:57:59,094] {bigquery.py:1510} INFO - Inserting job airflow_1654534679093845_628e8695c565e630bc64f335ef04379b
[2022-06-06 16:58:00,994] {sql.py:90} INFO - Record: [True]
[2022-06-06 16:58:00,995] {sql.py:96} INFO - Success.
[2022-06-06 16:58:01,007] {taskinstance.py:1166} INFO - Marking task as SUCCESS. dag_id=gbq_pipeline, task_id=check_github, execution_date=20220304T100000, start_date=20220606T165758, end_date=20220606T165801
[2022-06-06 16:58:01,034] {taskinstance.py:1220} INFO - 1 downstream tasks scheduled from follow-on schedule check
[2022-06-06 16:58:01,081] {local_task_job.py:146} INFO - Task exited with return code 0
[2022-06-06 16:59:54,198] {taskinstance.py:851} INFO - Dependencies all met for <TaskInstance: gbq_pipeline.check_github 2022-03-04T10:00:00+00:00 [queued]>
[2022-06-06 16:59:54,228] {taskinstance.py:851} INFO - Dependencies all met for <TaskInstance: gbq_pipeline.check_github 2022-03-04T10:00:00+00:00 [queued]>
[2022-06-06 16:59:54,229] {taskinstance.py:1042} INFO - 
--------------------------------------------------------------------------------
[2022-06-06 16:59:54,236] {taskinstance.py:1043} INFO - Starting attempt 1 of 3
[2022-06-06 16:59:54,237] {taskinstance.py:1044} INFO - 
--------------------------------------------------------------------------------
[2022-06-06 16:59:54,253] {taskinstance.py:1063} INFO - Executing <Task(BigQueryCheckOperator): check_github> on 2022-03-04T10:00:00+00:00
[2022-06-06 16:59:54,259] {standard_task_runner.py:52} INFO - Started process 726 to run task
[2022-06-06 16:59:54,265] {standard_task_runner.py:76} INFO - Running: ['airflow', 'tasks', 'run', 'gbq_pipeline', 'check_github', '2022-03-04T10:00:00+00:00', '--job-id', '535', '--pool', 'default_pool', '--raw', '--subdir', 'DAGS_FOLDER/gbq_pipeline.py', '--cfg-path', '/tmp/tmp7ce0ze6f', '--error-file', '/tmp/tmp2k_tw7c9']
[2022-06-06 16:59:54,270] {standard_task_runner.py:77} INFO - Job 535: Subtask check_github
[2022-06-06 16:59:54,408] {logging_mixin.py:104} INFO - Running <TaskInstance: gbq_pipeline.check_github 2022-03-04T10:00:00+00:00 [running]> on host c40819a450e3
[2022-06-06 16:59:54,465] {taskinstance.py:1257} INFO - Exporting the following env vars:
AIRFLOW_CTX_DAG_EMAIL=airflow@airflow.com
AIRFLOW_CTX_DAG_OWNER=vanmai-airflow
AIRFLOW_CTX_DAG_ID=gbq_pipeline
AIRFLOW_CTX_TASK_ID=check_github
AIRFLOW_CTX_EXECUTION_DATE=2022-03-04T10:00:00+00:00
AIRFLOW_CTX_DAG_RUN_ID=scheduled__2022-03-04T10:00:00+00:00
[2022-06-06 16:59:54,468] {sql.py:87} INFO - Executing SQL check: 
        SELECT "20220304" IN 
          (
          SELECT table_id
          FROM `githubarchive.day.__TABLES_SUMMARY__`
          )
        
[2022-06-06 16:59:54,478] {logging_mixin.py:104} WARNING - /home/airflow/.local/lib/python3.6/site-packages/airflow/providers/google/cloud/hooks/bigquery.py:120 DeprecationWarning: This method will be deprecated. Please use `BigQueryHook.get_client` method
[2022-06-06 16:59:54,910] {logging_mixin.py:104} WARNING - /home/airflow/.local/lib/python3.6/site-packages/airflow/providers/google/cloud/hooks/bigquery.py:2052 DeprecationWarning: This method is deprecated. Please use `BigQueryHook.insert_job` method.
[2022-06-06 16:59:54,911] {bigquery.py:1510} INFO - Inserting job airflow_1654534794911297_628e8695c565e630bc64f335ef04379b
[2022-06-06 16:59:56,800] {sql.py:90} INFO - Record: [True]
[2022-06-06 16:59:56,801] {sql.py:96} INFO - Success.
[2022-06-06 16:59:56,809] {taskinstance.py:1166} INFO - Marking task as SUCCESS. dag_id=gbq_pipeline, task_id=check_github, execution_date=20220304T100000, start_date=20220606T165954, end_date=20220606T165956
[2022-06-06 16:59:56,840] {taskinstance.py:1220} INFO - 1 downstream tasks scheduled from follow-on schedule check
[2022-06-06 16:59:56,856] {local_task_job.py:146} INFO - Task exited with return code 0
