[2022-06-05 22:02:36,140] {taskinstance.py:851} INFO - Dependencies all met for <TaskInstance: vanmai-demo.t4_done 2022-05-30T00:00:00+00:00 [queued]>
[2022-06-05 22:02:36,154] {taskinstance.py:851} INFO - Dependencies all met for <TaskInstance: vanmai-demo.t4_done 2022-05-30T00:00:00+00:00 [queued]>
[2022-06-05 22:02:36,155] {taskinstance.py:1042} INFO - 
--------------------------------------------------------------------------------
[2022-06-05 22:02:36,155] {taskinstance.py:1043} INFO - Starting attempt 1 of 2
[2022-06-05 22:02:36,156] {taskinstance.py:1044} INFO - 
--------------------------------------------------------------------------------
[2022-06-05 22:02:36,163] {taskinstance.py:1063} INFO - Executing <Task(BashOperator): t4_done> on 2022-05-30T00:00:00+00:00
[2022-06-05 22:02:36,168] {standard_task_runner.py:52} INFO - Started process 212 to run task
[2022-06-05 22:02:36,171] {standard_task_runner.py:76} INFO - Running: ['airflow', 'tasks', 'run', 'vanmai-demo', 't4_done', '2022-05-30T00:00:00+00:00', '--job-id', '276', '--pool', 'default_pool', '--raw', '--subdir', 'DAGS_FOLDER/vanmai-demo.py', '--cfg-path', '/tmp/tmpxjjhncnq', '--error-file', '/tmp/tmpse5odlmh']
[2022-06-05 22:02:36,172] {standard_task_runner.py:77} INFO - Job 276: Subtask t4_done
[2022-06-05 22:02:36,210] {logging_mixin.py:104} INFO - Running <TaskInstance: vanmai-demo.t4_done 2022-05-30T00:00:00+00:00 [running]> on host 173d5ef1e4be
[2022-06-05 22:02:36,243] {taskinstance.py:1257} INFO - Exporting the following env vars:
AIRFLOW_CTX_DAG_EMAIL=airflow@example.com
AIRFLOW_CTX_DAG_OWNER=vanmai
AIRFLOW_CTX_DAG_ID=vanmai-demo
AIRFLOW_CTX_TASK_ID=t4_done
AIRFLOW_CTX_EXECUTION_DATE=2022-05-30T00:00:00+00:00
AIRFLOW_CTX_DAG_RUN_ID=scheduled__2022-05-30T00:00:00+00:00
[2022-06-05 22:02:36,244] {bash.py:135} INFO - Tmp dir root location: 
 /tmp
[2022-06-05 22:02:36,245] {bash.py:158} INFO - Running command: echo Done
[2022-06-05 22:02:36,253] {bash.py:169} INFO - Output:
[2022-06-05 22:02:36,253] {bash.py:173} INFO - Done
[2022-06-05 22:02:36,254] {bash.py:177} INFO - Command exited with return code 0
[2022-06-05 22:02:36,277] {taskinstance.py:1166} INFO - Marking task as SUCCESS. dag_id=vanmai-demo, task_id=t4_done, execution_date=20220530T000000, start_date=20220605T220236, end_date=20220605T220236
[2022-06-05 22:02:36,297] {taskinstance.py:1220} INFO - 0 downstream tasks scheduled from follow-on schedule check
[2022-06-05 22:02:36,305] {local_task_job.py:146} INFO - Task exited with return code 0
