[2022-06-05 13:51:32,446] {taskinstance.py:851} INFO - Dependencies all met for <TaskInstance: tutorial.print_date 2022-06-03T00:00:00+00:00 [queued]>
[2022-06-05 13:51:32,457] {taskinstance.py:851} INFO - Dependencies all met for <TaskInstance: tutorial.print_date 2022-06-03T00:00:00+00:00 [queued]>
[2022-06-05 13:51:32,458] {taskinstance.py:1042} INFO - 
--------------------------------------------------------------------------------
[2022-06-05 13:51:32,458] {taskinstance.py:1043} INFO - Starting attempt 1 of 2
[2022-06-05 13:51:32,458] {taskinstance.py:1044} INFO - 
--------------------------------------------------------------------------------
[2022-06-05 13:51:32,465] {taskinstance.py:1063} INFO - Executing <Task(BashOperator): print_date> on 2022-06-03T00:00:00+00:00
[2022-06-05 13:51:32,468] {standard_task_runner.py:52} INFO - Started process 48 to run task
[2022-06-05 13:51:32,471] {standard_task_runner.py:76} INFO - Running: ['airflow', 'tasks', 'run', 'tutorial', 'print_date', '2022-06-03T00:00:00+00:00', '--job-id', '2', '--pool', 'default_pool', '--raw', '--subdir', '/home/airflow/.local/lib/python3.6/site-packages/airflow/example_dags/tutorial.py', '--cfg-path', '/tmp/tmp0rtsy2g7', '--error-file', '/tmp/tmpz4_g04ce']
[2022-06-05 13:51:32,472] {standard_task_runner.py:77} INFO - Job 2: Subtask print_date
[2022-06-05 13:51:32,508] {logging_mixin.py:104} INFO - Running <TaskInstance: tutorial.print_date 2022-06-03T00:00:00+00:00 [running]> on host 5cf8fffa1cb6
[2022-06-05 13:51:32,538] {taskinstance.py:1257} INFO - Exporting the following env vars:
AIRFLOW_CTX_DAG_EMAIL=airflow@example.com
AIRFLOW_CTX_DAG_OWNER=airflow
AIRFLOW_CTX_DAG_ID=tutorial
AIRFLOW_CTX_TASK_ID=print_date
AIRFLOW_CTX_EXECUTION_DATE=2022-06-03T00:00:00+00:00
AIRFLOW_CTX_DAG_RUN_ID=scheduled__2022-06-03T00:00:00+00:00
[2022-06-05 13:51:32,539] {bash.py:135} INFO - Tmp dir root location: 
 /tmp
[2022-06-05 13:51:32,540] {bash.py:158} INFO - Running command: date
[2022-06-05 13:51:32,545] {bash.py:169} INFO - Output:
[2022-06-05 13:51:32,547] {bash.py:173} INFO - Sun Jun  5 13:51:32 UTC 2022
[2022-06-05 13:51:32,547] {bash.py:177} INFO - Command exited with return code 0
[2022-06-05 13:51:32,565] {taskinstance.py:1166} INFO - Marking task as SUCCESS. dag_id=tutorial, task_id=print_date, execution_date=20220603T000000, start_date=20220605T135132, end_date=20220605T135132
[2022-06-05 13:51:32,586] {taskinstance.py:1220} INFO - 2 downstream tasks scheduled from follow-on schedule check
[2022-06-05 13:51:32,606] {local_task_job.py:146} INFO - Task exited with return code 0
[2022-06-05 15:56:01,817] {taskinstance.py:851} INFO - Dependencies all met for <TaskInstance: tutorial.print_date 2022-06-03T00:00:00+00:00 [queued]>
[2022-06-05 15:56:01,829] {taskinstance.py:851} INFO - Dependencies all met for <TaskInstance: tutorial.print_date 2022-06-03T00:00:00+00:00 [queued]>
[2022-06-05 15:56:01,830] {taskinstance.py:1042} INFO - 
--------------------------------------------------------------------------------
[2022-06-05 15:56:01,830] {taskinstance.py:1043} INFO - Starting attempt 1 of 2
[2022-06-05 15:56:01,830] {taskinstance.py:1044} INFO - 
--------------------------------------------------------------------------------
[2022-06-05 15:56:01,837] {taskinstance.py:1063} INFO - Executing <Task(BashOperator): print_date> on 2022-06-03T00:00:00+00:00
[2022-06-05 15:56:01,840] {standard_task_runner.py:52} INFO - Started process 48 to run task
[2022-06-05 15:56:01,844] {standard_task_runner.py:76} INFO - Running: ['airflow', 'tasks', 'run', 'tutorial', 'print_date', '2022-06-03T00:00:00+00:00', '--job-id', '151', '--pool', 'default_pool', '--raw', '--subdir', '/home/airflow/.local/lib/python3.6/site-packages/airflow/example_dags/tutorial.py', '--cfg-path', '/tmp/tmp7a30vf3a', '--error-file', '/tmp/tmp517ydcws']
[2022-06-05 15:56:01,845] {standard_task_runner.py:77} INFO - Job 151: Subtask print_date
[2022-06-05 15:56:01,880] {logging_mixin.py:104} INFO - Running <TaskInstance: tutorial.print_date 2022-06-03T00:00:00+00:00 [running]> on host ac670bc0c637
[2022-06-05 15:56:01,910] {taskinstance.py:1257} INFO - Exporting the following env vars:
AIRFLOW_CTX_DAG_EMAIL=airflow@example.com
AIRFLOW_CTX_DAG_OWNER=airflow
AIRFLOW_CTX_DAG_ID=tutorial
AIRFLOW_CTX_TASK_ID=print_date
AIRFLOW_CTX_EXECUTION_DATE=2022-06-03T00:00:00+00:00
AIRFLOW_CTX_DAG_RUN_ID=scheduled__2022-06-03T00:00:00+00:00
[2022-06-05 15:56:01,911] {bash.py:135} INFO - Tmp dir root location: 
 /tmp
[2022-06-05 15:56:01,912] {bash.py:158} INFO - Running command: date
[2022-06-05 15:56:01,918] {bash.py:169} INFO - Output:
[2022-06-05 15:56:01,919] {bash.py:173} INFO - Sun Jun  5 15:56:01 UTC 2022
[2022-06-05 15:56:01,920] {bash.py:177} INFO - Command exited with return code 0
[2022-06-05 15:56:01,940] {taskinstance.py:1166} INFO - Marking task as SUCCESS. dag_id=tutorial, task_id=print_date, execution_date=20220603T000000, start_date=20220605T155601, end_date=20220605T155601
[2022-06-05 15:56:01,968] {taskinstance.py:1220} INFO - 2 downstream tasks scheduled from follow-on schedule check
[2022-06-05 15:56:01,978] {local_task_job.py:146} INFO - Task exited with return code 0
