[2022-06-06 15:23:30,896] {taskinstance.py:851} INFO - Dependencies all met for <TaskInstance: gbq_pipeline.check_github 2022-03-05T10:00:00+00:00 [queued]>
[2022-06-06 15:23:30,919] {taskinstance.py:851} INFO - Dependencies all met for <TaskInstance: gbq_pipeline.check_github 2022-03-05T10:00:00+00:00 [queued]>
[2022-06-06 15:23:30,919] {taskinstance.py:1042} INFO - 
--------------------------------------------------------------------------------
[2022-06-06 15:23:30,919] {taskinstance.py:1043} INFO - Starting attempt 1 of 3
[2022-06-06 15:23:30,920] {taskinstance.py:1044} INFO - 
--------------------------------------------------------------------------------
[2022-06-06 15:23:30,927] {taskinstance.py:1063} INFO - Executing <Task(BigQueryCheckOperator): check_github> on 2022-03-05T10:00:00+00:00
[2022-06-06 15:23:30,932] {standard_task_runner.py:52} INFO - Started process 252 to run task
[2022-06-06 15:23:30,935] {standard_task_runner.py:76} INFO - Running: ['airflow', 'tasks', 'run', 'gbq_pipeline', 'check_github', '2022-03-05T10:00:00+00:00', '--job-id', '383', '--pool', 'default_pool', '--raw', '--subdir', 'DAGS_FOLDER/gbq_pipeline.py', '--cfg-path', '/tmp/tmpn3rh0qkh', '--error-file', '/tmp/tmp57t4n1_9']
[2022-06-06 15:23:30,937] {standard_task_runner.py:77} INFO - Job 383: Subtask check_github
[2022-06-06 15:23:30,974] {logging_mixin.py:104} INFO - Running <TaskInstance: gbq_pipeline.check_github 2022-03-05T10:00:00+00:00 [running]> on host c40819a450e3
[2022-06-06 15:23:31,011] {taskinstance.py:1257} INFO - Exporting the following env vars:
AIRFLOW_CTX_DAG_EMAIL=airflow@airflow.com
AIRFLOW_CTX_DAG_OWNER=vanmai-airflow
AIRFLOW_CTX_DAG_ID=gbq_pipeline
AIRFLOW_CTX_TASK_ID=check_github
AIRFLOW_CTX_EXECUTION_DATE=2022-03-05T10:00:00+00:00
AIRFLOW_CTX_DAG_RUN_ID=scheduled__2022-03-05T10:00:00+00:00
[2022-06-06 15:23:31,014] {sql.py:87} INFO - Executing SQL check: 
        SELECT "20220305" IN 
          (
          SELECT table_id
          FROM `githubarchive.day.__TABLES_SUMMARY__`
          )
        
[2022-06-06 15:23:31,023] {logging_mixin.py:104} WARNING - /home/airflow/.local/lib/python3.6/site-packages/airflow/providers/google/cloud/hooks/bigquery.py:120 DeprecationWarning: This method will be deprecated. Please use `BigQueryHook.get_client` method
[2022-06-06 15:23:31,415] {logging_mixin.py:104} WARNING - /home/airflow/.local/lib/python3.6/site-packages/airflow/providers/google/cloud/hooks/bigquery.py:2052 DeprecationWarning: This method is deprecated. Please use `BigQueryHook.insert_job` method.
[2022-06-06 15:23:31,417] {bigquery.py:1510} INFO - Inserting job airflow_1654529011416545_671274d0ffbb9979e106f32f59b8745a
[2022-06-06 15:23:33,117] {sql.py:90} INFO - Record: [True]
[2022-06-06 15:23:33,118] {sql.py:96} INFO - Success.
[2022-06-06 15:23:33,124] {taskinstance.py:1166} INFO - Marking task as SUCCESS. dag_id=gbq_pipeline, task_id=check_github, execution_date=20220305T100000, start_date=20220606T152330, end_date=20220606T152333
[2022-06-06 15:23:33,150] {taskinstance.py:1220} INFO - 0 downstream tasks scheduled from follow-on schedule check
[2022-06-06 15:23:33,197] {local_task_job.py:146} INFO - Task exited with return code 0
[2022-06-06 16:25:26,453] {taskinstance.py:851} INFO - Dependencies all met for <TaskInstance: gbq_pipeline.check_github 2022-03-05T10:00:00+00:00 [queued]>
[2022-06-06 16:25:26,473] {taskinstance.py:851} INFO - Dependencies all met for <TaskInstance: gbq_pipeline.check_github 2022-03-05T10:00:00+00:00 [queued]>
[2022-06-06 16:25:26,473] {taskinstance.py:1042} INFO - 
--------------------------------------------------------------------------------
[2022-06-06 16:25:26,473] {taskinstance.py:1043} INFO - Starting attempt 1 of 3
[2022-06-06 16:25:26,474] {taskinstance.py:1044} INFO - 
--------------------------------------------------------------------------------
[2022-06-06 16:25:26,480] {taskinstance.py:1063} INFO - Executing <Task(BigQueryCheckOperator): check_github> on 2022-03-05T10:00:00+00:00
[2022-06-06 16:25:26,485] {standard_task_runner.py:52} INFO - Started process 400 to run task
[2022-06-06 16:25:26,488] {standard_task_runner.py:76} INFO - Running: ['airflow', 'tasks', 'run', 'gbq_pipeline', 'check_github', '2022-03-05T10:00:00+00:00', '--job-id', '431', '--pool', 'default_pool', '--raw', '--subdir', 'DAGS_FOLDER/gbq_pipeline.py', '--cfg-path', '/tmp/tmp15_kzzcc', '--error-file', '/tmp/tmp3b1fzflq']
[2022-06-06 16:25:26,490] {standard_task_runner.py:77} INFO - Job 431: Subtask check_github
[2022-06-06 16:25:26,542] {logging_mixin.py:104} INFO - Running <TaskInstance: gbq_pipeline.check_github 2022-03-05T10:00:00+00:00 [running]> on host c40819a450e3
[2022-06-06 16:25:26,574] {taskinstance.py:1257} INFO - Exporting the following env vars:
AIRFLOW_CTX_DAG_EMAIL=airflow@airflow.com
AIRFLOW_CTX_DAG_OWNER=vanmai-airflow
AIRFLOW_CTX_DAG_ID=gbq_pipeline
AIRFLOW_CTX_TASK_ID=check_github
AIRFLOW_CTX_EXECUTION_DATE=2022-03-05T10:00:00+00:00
AIRFLOW_CTX_DAG_RUN_ID=scheduled__2022-03-05T10:00:00+00:00
[2022-06-06 16:25:26,575] {sql.py:87} INFO - Executing SQL check: 
        SELECT "20220305" IN 
          (
          SELECT table_id
          FROM `githubarchive.day.__TABLES_SUMMARY__`
          )
        
[2022-06-06 16:25:26,584] {logging_mixin.py:104} WARNING - /home/airflow/.local/lib/python3.6/site-packages/airflow/providers/google/cloud/hooks/bigquery.py:120 DeprecationWarning: This method will be deprecated. Please use `BigQueryHook.get_client` method
[2022-06-06 16:25:27,038] {logging_mixin.py:104} WARNING - /home/airflow/.local/lib/python3.6/site-packages/airflow/providers/google/cloud/hooks/bigquery.py:2052 DeprecationWarning: This method is deprecated. Please use `BigQueryHook.insert_job` method.
[2022-06-06 16:25:27,039] {bigquery.py:1510} INFO - Inserting job airflow_1654532727038603_671274d0ffbb9979e106f32f59b8745a
[2022-06-06 16:25:29,386] {sql.py:90} INFO - Record: [True]
[2022-06-06 16:25:29,386] {sql.py:96} INFO - Success.
[2022-06-06 16:25:29,399] {taskinstance.py:1166} INFO - Marking task as SUCCESS. dag_id=gbq_pipeline, task_id=check_github, execution_date=20220305T100000, start_date=20220606T162526, end_date=20220606T162529
[2022-06-06 16:25:29,590] {taskinstance.py:1220} INFO - 0 downstream tasks scheduled from follow-on schedule check
[2022-06-06 16:25:29,634] {local_task_job.py:146} INFO - Task exited with return code 0
[2022-06-06 16:56:38,070] {taskinstance.py:851} INFO - Dependencies all met for <TaskInstance: gbq_pipeline.check_github 2022-03-05T10:00:00+00:00 [queued]>
[2022-06-06 16:56:38,096] {taskinstance.py:851} INFO - Dependencies all met for <TaskInstance: gbq_pipeline.check_github 2022-03-05T10:00:00+00:00 [queued]>
[2022-06-06 16:56:38,097] {taskinstance.py:1042} INFO - 
--------------------------------------------------------------------------------
[2022-06-06 16:56:38,097] {taskinstance.py:1043} INFO - Starting attempt 1 of 3
[2022-06-06 16:56:38,097] {taskinstance.py:1044} INFO - 
--------------------------------------------------------------------------------
[2022-06-06 16:56:38,103] {taskinstance.py:1063} INFO - Executing <Task(BigQueryCheckOperator): check_github> on 2022-03-05T10:00:00+00:00
[2022-06-06 16:56:38,113] {standard_task_runner.py:76} INFO - Running: ['airflow', 'tasks', 'run', 'gbq_pipeline', 'check_github', '2022-03-05T10:00:00+00:00', '--job-id', '484', '--pool', 'default_pool', '--raw', '--subdir', 'DAGS_FOLDER/gbq_pipeline.py', '--cfg-path', '/tmp/tmp_msanjfm', '--error-file', '/tmp/tmpia5fo9fu']
[2022-06-06 16:56:38,108] {standard_task_runner.py:52} INFO - Started process 557 to run task
[2022-06-06 16:56:38,116] {standard_task_runner.py:77} INFO - Job 484: Subtask check_github
[2022-06-06 16:56:38,155] {logging_mixin.py:104} INFO - Running <TaskInstance: gbq_pipeline.check_github 2022-03-05T10:00:00+00:00 [running]> on host c40819a450e3
[2022-06-06 16:56:38,192] {taskinstance.py:1257} INFO - Exporting the following env vars:
AIRFLOW_CTX_DAG_EMAIL=airflow@airflow.com
AIRFLOW_CTX_DAG_OWNER=vanmai-airflow
AIRFLOW_CTX_DAG_ID=gbq_pipeline
AIRFLOW_CTX_TASK_ID=check_github
AIRFLOW_CTX_EXECUTION_DATE=2022-03-05T10:00:00+00:00
AIRFLOW_CTX_DAG_RUN_ID=scheduled__2022-03-05T10:00:00+00:00
[2022-06-06 16:56:38,196] {sql.py:87} INFO - Executing SQL check: 
        SELECT "20220305" IN 
          (
          SELECT table_id
          FROM `githubarchive.day.__TABLES_SUMMARY__`
          )
        
[2022-06-06 16:56:38,208] {logging_mixin.py:104} WARNING - /home/airflow/.local/lib/python3.6/site-packages/airflow/providers/google/cloud/hooks/bigquery.py:120 DeprecationWarning: This method will be deprecated. Please use `BigQueryHook.get_client` method
[2022-06-06 16:56:38,765] {logging_mixin.py:104} WARNING - /home/airflow/.local/lib/python3.6/site-packages/airflow/providers/google/cloud/hooks/bigquery.py:2052 DeprecationWarning: This method is deprecated. Please use `BigQueryHook.insert_job` method.
[2022-06-06 16:56:38,766] {bigquery.py:1510} INFO - Inserting job airflow_1654534598766069_671274d0ffbb9979e106f32f59b8745a
[2022-06-06 16:56:40,401] {sql.py:90} INFO - Record: [True]
[2022-06-06 16:56:40,401] {sql.py:96} INFO - Success.
[2022-06-06 16:56:40,408] {taskinstance.py:1166} INFO - Marking task as SUCCESS. dag_id=gbq_pipeline, task_id=check_github, execution_date=20220305T100000, start_date=20220606T165638, end_date=20220606T165640
[2022-06-06 16:56:40,436] {taskinstance.py:1220} INFO - 1 downstream tasks scheduled from follow-on schedule check
[2022-06-06 16:56:40,457] {local_task_job.py:146} INFO - Task exited with return code 0
[2022-06-06 16:58:10,024] {taskinstance.py:851} INFO - Dependencies all met for <TaskInstance: gbq_pipeline.check_github 2022-03-05T10:00:00+00:00 [queued]>
[2022-06-06 16:58:10,052] {taskinstance.py:851} INFO - Dependencies all met for <TaskInstance: gbq_pipeline.check_github 2022-03-05T10:00:00+00:00 [queued]>
[2022-06-06 16:58:10,053] {taskinstance.py:1042} INFO - 
--------------------------------------------------------------------------------
[2022-06-06 16:58:10,053] {taskinstance.py:1043} INFO - Starting attempt 1 of 3
[2022-06-06 16:58:10,053] {taskinstance.py:1044} INFO - 
--------------------------------------------------------------------------------
[2022-06-06 16:58:10,061] {taskinstance.py:1063} INFO - Executing <Task(BigQueryCheckOperator): check_github> on 2022-03-05T10:00:00+00:00
[2022-06-06 16:58:10,068] {standard_task_runner.py:52} INFO - Started process 644 to run task
[2022-06-06 16:58:10,071] {standard_task_runner.py:76} INFO - Running: ['airflow', 'tasks', 'run', 'gbq_pipeline', 'check_github', '2022-03-05T10:00:00+00:00', '--job-id', '512', '--pool', 'default_pool', '--raw', '--subdir', 'DAGS_FOLDER/gbq_pipeline.py', '--cfg-path', '/tmp/tmp7fq78vyv', '--error-file', '/tmp/tmpbpmm10rv']
[2022-06-06 16:58:10,073] {standard_task_runner.py:77} INFO - Job 512: Subtask check_github
[2022-06-06 16:58:10,112] {logging_mixin.py:104} INFO - Running <TaskInstance: gbq_pipeline.check_github 2022-03-05T10:00:00+00:00 [running]> on host c40819a450e3
[2022-06-06 16:58:10,147] {taskinstance.py:1257} INFO - Exporting the following env vars:
AIRFLOW_CTX_DAG_EMAIL=airflow@airflow.com
AIRFLOW_CTX_DAG_OWNER=vanmai-airflow
AIRFLOW_CTX_DAG_ID=gbq_pipeline
AIRFLOW_CTX_TASK_ID=check_github
AIRFLOW_CTX_EXECUTION_DATE=2022-03-05T10:00:00+00:00
AIRFLOW_CTX_DAG_RUN_ID=scheduled__2022-03-05T10:00:00+00:00
[2022-06-06 16:58:10,148] {sql.py:87} INFO - Executing SQL check: 
        SELECT "20220305" IN 
          (
          SELECT table_id
          FROM `githubarchive.day.__TABLES_SUMMARY__`
          )
        
[2022-06-06 16:58:10,157] {logging_mixin.py:104} WARNING - /home/airflow/.local/lib/python3.6/site-packages/airflow/providers/google/cloud/hooks/bigquery.py:120 DeprecationWarning: This method will be deprecated. Please use `BigQueryHook.get_client` method
[2022-06-06 16:58:10,558] {logging_mixin.py:104} WARNING - /home/airflow/.local/lib/python3.6/site-packages/airflow/providers/google/cloud/hooks/bigquery.py:2052 DeprecationWarning: This method is deprecated. Please use `BigQueryHook.insert_job` method.
[2022-06-06 16:58:10,560] {bigquery.py:1510} INFO - Inserting job airflow_1654534690559460_671274d0ffbb9979e106f32f59b8745a
[2022-06-06 16:58:12,355] {sql.py:90} INFO - Record: [True]
[2022-06-06 16:58:12,355] {sql.py:96} INFO - Success.
[2022-06-06 16:58:12,368] {taskinstance.py:1166} INFO - Marking task as SUCCESS. dag_id=gbq_pipeline, task_id=check_github, execution_date=20220305T100000, start_date=20220606T165810, end_date=20220606T165812
[2022-06-06 16:58:12,395] {taskinstance.py:1220} INFO - 0 downstream tasks scheduled from follow-on schedule check
[2022-06-06 16:58:12,413] {local_task_job.py:146} INFO - Task exited with return code 0
[2022-06-06 16:59:54,477] {taskinstance.py:851} INFO - Dependencies all met for <TaskInstance: gbq_pipeline.check_github 2022-03-05T10:00:00+00:00 [queued]>
[2022-06-06 16:59:54,494] {taskinstance.py:851} INFO - Dependencies all met for <TaskInstance: gbq_pipeline.check_github 2022-03-05T10:00:00+00:00 [queued]>
[2022-06-06 16:59:54,494] {taskinstance.py:1042} INFO - 
--------------------------------------------------------------------------------
[2022-06-06 16:59:54,494] {taskinstance.py:1043} INFO - Starting attempt 1 of 3
[2022-06-06 16:59:54,495] {taskinstance.py:1044} INFO - 
--------------------------------------------------------------------------------
[2022-06-06 16:59:54,513] {taskinstance.py:1063} INFO - Executing <Task(BigQueryCheckOperator): check_github> on 2022-03-05T10:00:00+00:00
[2022-06-06 16:59:54,519] {standard_task_runner.py:52} INFO - Started process 728 to run task
[2022-06-06 16:59:54,526] {standard_task_runner.py:76} INFO - Running: ['airflow', 'tasks', 'run', 'gbq_pipeline', 'check_github', '2022-03-05T10:00:00+00:00', '--job-id', '537', '--pool', 'default_pool', '--raw', '--subdir', 'DAGS_FOLDER/gbq_pipeline.py', '--cfg-path', '/tmp/tmp_or_hckx', '--error-file', '/tmp/tmp5qh2eg19']
[2022-06-06 16:59:54,528] {standard_task_runner.py:77} INFO - Job 537: Subtask check_github
[2022-06-06 16:59:54,612] {logging_mixin.py:104} INFO - Running <TaskInstance: gbq_pipeline.check_github 2022-03-05T10:00:00+00:00 [running]> on host c40819a450e3
[2022-06-06 16:59:54,665] {taskinstance.py:1257} INFO - Exporting the following env vars:
AIRFLOW_CTX_DAG_EMAIL=airflow@airflow.com
AIRFLOW_CTX_DAG_OWNER=vanmai-airflow
AIRFLOW_CTX_DAG_ID=gbq_pipeline
AIRFLOW_CTX_TASK_ID=check_github
AIRFLOW_CTX_EXECUTION_DATE=2022-03-05T10:00:00+00:00
AIRFLOW_CTX_DAG_RUN_ID=scheduled__2022-03-05T10:00:00+00:00
[2022-06-06 16:59:54,669] {sql.py:87} INFO - Executing SQL check: 
        SELECT "20220305" IN 
          (
          SELECT table_id
          FROM `githubarchive.day.__TABLES_SUMMARY__`
          )
        
[2022-06-06 16:59:54,681] {logging_mixin.py:104} WARNING - /home/airflow/.local/lib/python3.6/site-packages/airflow/providers/google/cloud/hooks/bigquery.py:120 DeprecationWarning: This method will be deprecated. Please use `BigQueryHook.get_client` method
[2022-06-06 16:59:55,302] {logging_mixin.py:104} WARNING - /home/airflow/.local/lib/python3.6/site-packages/airflow/providers/google/cloud/hooks/bigquery.py:2052 DeprecationWarning: This method is deprecated. Please use `BigQueryHook.insert_job` method.
[2022-06-06 16:59:55,303] {bigquery.py:1510} INFO - Inserting job airflow_1654534795302689_671274d0ffbb9979e106f32f59b8745a
[2022-06-06 16:59:57,006] {sql.py:90} INFO - Record: [True]
[2022-06-06 16:59:57,006] {sql.py:96} INFO - Success.
[2022-06-06 16:59:57,017] {taskinstance.py:1166} INFO - Marking task as SUCCESS. dag_id=gbq_pipeline, task_id=check_github, execution_date=20220305T100000, start_date=20220606T165954, end_date=20220606T165957
[2022-06-06 16:59:57,053] {taskinstance.py:1220} INFO - 1 downstream tasks scheduled from follow-on schedule check
[2022-06-06 16:59:57,072] {local_task_job.py:146} INFO - Task exited with return code 0
