[2022-06-06 15:23:47,803] {taskinstance.py:851} INFO - Dependencies all met for <TaskInstance: gbq_pipeline.write_truncate_github_agg 2022-03-04T10:00:00+00:00 [queued]>
[2022-06-06 15:23:47,823] {taskinstance.py:851} INFO - Dependencies all met for <TaskInstance: gbq_pipeline.write_truncate_github_agg 2022-03-04T10:00:00+00:00 [queued]>
[2022-06-06 15:23:47,824] {taskinstance.py:1042} INFO - 
--------------------------------------------------------------------------------
[2022-06-06 15:23:47,824] {taskinstance.py:1043} INFO - Starting attempt 1 of 3
[2022-06-06 15:23:47,824] {taskinstance.py:1044} INFO - 
--------------------------------------------------------------------------------
[2022-06-06 15:23:47,831] {taskinstance.py:1063} INFO - Executing <Task(BigQueryOperator): write_truncate_github_agg> on 2022-03-04T10:00:00+00:00
[2022-06-06 15:23:47,838] {standard_task_runner.py:76} INFO - Running: ['airflow', 'tasks', 'run', 'gbq_pipeline', 'write_truncate_github_agg', '2022-03-04T10:00:00+00:00', '--job-id', '399', '--pool', 'default_pool', '--raw', '--subdir', 'DAGS_FOLDER/gbq_pipeline.py', '--cfg-path', '/tmp/tmpcwky47kv', '--error-file', '/tmp/tmp4qswbdff']
[2022-06-06 15:23:47,835] {standard_task_runner.py:52} INFO - Started process 302 to run task
[2022-06-06 15:23:47,840] {standard_task_runner.py:77} INFO - Job 399: Subtask write_truncate_github_agg
[2022-06-06 15:23:47,873] {logging_mixin.py:104} INFO - Running <TaskInstance: gbq_pipeline.write_truncate_github_agg 2022-03-04T10:00:00+00:00 [running]> on host c40819a450e3
[2022-06-06 15:23:47,903] {taskinstance.py:1257} INFO - Exporting the following env vars:
AIRFLOW_CTX_DAG_EMAIL=airflow@airflow.com
AIRFLOW_CTX_DAG_OWNER=vanmai-airflow
AIRFLOW_CTX_DAG_ID=gbq_pipeline
AIRFLOW_CTX_TASK_ID=write_truncate_github_agg
AIRFLOW_CTX_EXECUTION_DATE=2022-03-04T10:00:00+00:00
AIRFLOW_CTX_DAG_RUN_ID=scheduled__2022-03-04T10:00:00+00:00
[2022-06-06 15:23:47,905] {bigquery.py:680} INFO - Executing: 
        with cte as
        (
          SELECT
            FORMAT_TIMESTAMP("%Y%m%d", created_at) AS date,
            actor.id as actor_id,
            CONCAT('https://github.com/', repo.name) as github_repo,
            type
          FROM
            `githubarchive.day.20220304`
        )

        SELECT
          date,
          github_repo,
          count(IF(type='WatchEvent', type, NULL)) AS subs,
          count(IF(type='PushEvent',  type, NULL)) AS pushes,
          count(IF(type='PullRequestEvent',  type, NULL)) AS pullrequests,
          count(IF(type='ForkEvent',  type, NULL)) AS copies,
          count(IF(type in ('IssueCommentEvent','CommitCommentEvent','PullRequestReviewCommentEvent'),  type, NULL)) AS comments,
          count(*) AS all_event
        FROM cte
        GROUP BY 1,2
        ORDER BY all_event desc
        
[2022-06-06 15:23:47,912] {logging_mixin.py:104} WARNING - /home/airflow/.local/lib/python3.6/site-packages/airflow/providers/google/cloud/hooks/bigquery.py:2052 DeprecationWarning: This method is deprecated. Please use `BigQueryHook.insert_job` method.
[2022-06-06 15:23:47,919] {bigquery.py:1510} INFO - Inserting job airflow_1654529027918567_7559acf795ab025b21f3afbbb79d0957
[2022-06-06 15:23:54,972] {taskinstance.py:1166} INFO - Marking task as SUCCESS. dag_id=gbq_pipeline, task_id=write_truncate_github_agg, execution_date=20220304T100000, start_date=20220606T152347, end_date=20220606T152354
[2022-06-06 15:23:54,996] {taskinstance.py:1220} INFO - 1 downstream tasks scheduled from follow-on schedule check
[2022-06-06 15:23:55,038] {local_task_job.py:146} INFO - Task exited with return code 0
[2022-06-06 16:25:45,173] {taskinstance.py:851} INFO - Dependencies all met for <TaskInstance: gbq_pipeline.write_truncate_github_agg 2022-03-04T10:00:00+00:00 [queued]>
[2022-06-06 16:25:45,191] {taskinstance.py:851} INFO - Dependencies all met for <TaskInstance: gbq_pipeline.write_truncate_github_agg 2022-03-04T10:00:00+00:00 [queued]>
[2022-06-06 16:25:45,192] {taskinstance.py:1042} INFO - 
--------------------------------------------------------------------------------
[2022-06-06 16:25:45,192] {taskinstance.py:1043} INFO - Starting attempt 1 of 3
[2022-06-06 16:25:45,192] {taskinstance.py:1044} INFO - 
--------------------------------------------------------------------------------
[2022-06-06 16:25:45,199] {taskinstance.py:1063} INFO - Executing <Task(BigQueryOperator): write_truncate_github_agg> on 2022-03-04T10:00:00+00:00
[2022-06-06 16:25:45,203] {standard_task_runner.py:52} INFO - Started process 449 to run task
[2022-06-06 16:25:45,206] {standard_task_runner.py:76} INFO - Running: ['airflow', 'tasks', 'run', 'gbq_pipeline', 'write_truncate_github_agg', '2022-03-04T10:00:00+00:00', '--job-id', '448', '--pool', 'default_pool', '--raw', '--subdir', 'DAGS_FOLDER/gbq_pipeline.py', '--cfg-path', '/tmp/tmp7yu27uid', '--error-file', '/tmp/tmpy2ud0iiw']
[2022-06-06 16:25:45,208] {standard_task_runner.py:77} INFO - Job 448: Subtask write_truncate_github_agg
[2022-06-06 16:25:45,240] {logging_mixin.py:104} INFO - Running <TaskInstance: gbq_pipeline.write_truncate_github_agg 2022-03-04T10:00:00+00:00 [running]> on host c40819a450e3
[2022-06-06 16:25:45,269] {taskinstance.py:1257} INFO - Exporting the following env vars:
AIRFLOW_CTX_DAG_EMAIL=airflow@airflow.com
AIRFLOW_CTX_DAG_OWNER=vanmai-airflow
AIRFLOW_CTX_DAG_ID=gbq_pipeline
AIRFLOW_CTX_TASK_ID=write_truncate_github_agg
AIRFLOW_CTX_EXECUTION_DATE=2022-03-04T10:00:00+00:00
AIRFLOW_CTX_DAG_RUN_ID=scheduled__2022-03-04T10:00:00+00:00
[2022-06-06 16:25:45,270] {bigquery.py:680} INFO - Executing: 
        with cte as
        (
          SELECT
            FORMAT_TIMESTAMP("%Y%m%d", created_at) AS date,
            actor.id as actor_id,
            CONCAT('https://github.com/', repo.name) as github_repo,
            type
          FROM
            `githubarchive.day.20220304`
        )

        SELECT
          date,
          github_repo,
          count(IF(type='WatchEvent', type, NULL)) AS subs,
          count(IF(type='PushEvent',  type, NULL)) AS pushes,
          count(IF(type='PullRequestEvent',  type, NULL)) AS pullrequests,
          count(IF(type='ForkEvent',  type, NULL)) AS copies,
          count(IF(type in ('IssueCommentEvent','CommitCommentEvent','PullRequestReviewCommentEvent'),  type, NULL)) AS comments,
          count(*) AS all_event
        FROM cte
        GROUP BY 1,2
        ORDER BY all_event desc
        
[2022-06-06 16:25:45,278] {logging_mixin.py:104} WARNING - /home/airflow/.local/lib/python3.6/site-packages/airflow/providers/google/cloud/hooks/bigquery.py:2052 DeprecationWarning: This method is deprecated. Please use `BigQueryHook.insert_job` method.
[2022-06-06 16:25:45,285] {bigquery.py:1510} INFO - Inserting job airflow_1654532745285217_7559acf795ab025b21f3afbbb79d0957
[2022-06-06 16:25:52,018] {taskinstance.py:1166} INFO - Marking task as SUCCESS. dag_id=gbq_pipeline, task_id=write_truncate_github_agg, execution_date=20220304T100000, start_date=20220606T162545, end_date=20220606T162552
[2022-06-06 16:25:52,175] {taskinstance.py:1220} INFO - 0 downstream tasks scheduled from follow-on schedule check
[2022-06-06 16:25:52,216] {local_task_job.py:146} INFO - Task exited with return code 0
[2022-06-06 16:56:28,563] {taskinstance.py:851} INFO - Dependencies all met for <TaskInstance: gbq_pipeline.write_truncate_github_agg 2022-03-04T10:00:00+00:00 [queued]>
[2022-06-06 16:56:28,580] {taskinstance.py:851} INFO - Dependencies all met for <TaskInstance: gbq_pipeline.write_truncate_github_agg 2022-03-04T10:00:00+00:00 [queued]>
[2022-06-06 16:56:28,580] {taskinstance.py:1042} INFO - 
--------------------------------------------------------------------------------
[2022-06-06 16:56:28,581] {taskinstance.py:1043} INFO - Starting attempt 1 of 3
[2022-06-06 16:56:28,581] {taskinstance.py:1044} INFO - 
--------------------------------------------------------------------------------
[2022-06-06 16:56:28,586] {taskinstance.py:1063} INFO - Executing <Task(BigQueryOperator): write_truncate_github_agg> on 2022-03-04T10:00:00+00:00
[2022-06-06 16:56:28,590] {standard_task_runner.py:52} INFO - Started process 549 to run task
[2022-06-06 16:56:28,593] {standard_task_runner.py:76} INFO - Running: ['airflow', 'tasks', 'run', 'gbq_pipeline', 'write_truncate_github_agg', '2022-03-04T10:00:00+00:00', '--job-id', '482', '--pool', 'default_pool', '--raw', '--subdir', 'DAGS_FOLDER/gbq_pipeline.py', '--cfg-path', '/tmp/tmpd95k5y7f', '--error-file', '/tmp/tmpkdjabqkm']
[2022-06-06 16:56:28,595] {standard_task_runner.py:77} INFO - Job 482: Subtask write_truncate_github_agg
[2022-06-06 16:56:28,629] {logging_mixin.py:104} INFO - Running <TaskInstance: gbq_pipeline.write_truncate_github_agg 2022-03-04T10:00:00+00:00 [running]> on host c40819a450e3
[2022-06-06 16:56:28,659] {taskinstance.py:1257} INFO - Exporting the following env vars:
AIRFLOW_CTX_DAG_EMAIL=airflow@airflow.com
AIRFLOW_CTX_DAG_OWNER=vanmai-airflow
AIRFLOW_CTX_DAG_ID=gbq_pipeline
AIRFLOW_CTX_TASK_ID=write_truncate_github_agg
AIRFLOW_CTX_EXECUTION_DATE=2022-03-04T10:00:00+00:00
AIRFLOW_CTX_DAG_RUN_ID=scheduled__2022-03-04T10:00:00+00:00
[2022-06-06 16:56:28,660] {bigquery.py:680} INFO - Executing: 
        with cte as
        (
          SELECT
            FORMAT_TIMESTAMP("%Y%m%d", created_at) AS date,
            actor.id as actor_id,
            CONCAT('https://github.com/', repo.name) as github_repo,
            type
          FROM
            `githubarchive.day.20220304`
        )

        SELECT
          date,
          github_repo,
          count(IF(type='WatchEvent', type, NULL)) AS subs,
          count(IF(type='PushEvent',  type, NULL)) AS pushes,
          count(IF(type='PullRequestEvent',  type, NULL)) AS pullrequests,
          count(IF(type='ForkEvent',  type, NULL)) AS copies,
          count(IF(type in ('IssueCommentEvent','CommitCommentEvent','PullRequestReviewCommentEvent'),  type, NULL)) AS comments,
          count(*) AS all_event
        FROM cte
        GROUP BY 1,2
        ORDER BY all_event desc
        
[2022-06-06 16:56:28,668] {logging_mixin.py:104} WARNING - /home/airflow/.local/lib/python3.6/site-packages/airflow/providers/google/cloud/hooks/bigquery.py:2052 DeprecationWarning: This method is deprecated. Please use `BigQueryHook.insert_job` method.
[2022-06-06 16:56:28,674] {bigquery.py:1510} INFO - Inserting job airflow_1654534588674282_7559acf795ab025b21f3afbbb79d0957
[2022-06-06 16:56:36,439] {taskinstance.py:1166} INFO - Marking task as SUCCESS. dag_id=gbq_pipeline, task_id=write_truncate_github_agg, execution_date=20220304T100000, start_date=20220606T165628, end_date=20220606T165636
[2022-06-06 16:56:36,466] {taskinstance.py:1220} INFO - 1 downstream tasks scheduled from follow-on schedule check
[2022-06-06 16:56:36,476] {local_task_job.py:146} INFO - Task exited with return code 0
[2022-06-06 16:58:02,780] {taskinstance.py:851} INFO - Dependencies all met for <TaskInstance: gbq_pipeline.write_truncate_github_agg 2022-03-04T10:00:00+00:00 [queued]>
[2022-06-06 16:58:02,799] {taskinstance.py:851} INFO - Dependencies all met for <TaskInstance: gbq_pipeline.write_truncate_github_agg 2022-03-04T10:00:00+00:00 [queued]>
[2022-06-06 16:58:02,800] {taskinstance.py:1042} INFO - 
--------------------------------------------------------------------------------
[2022-06-06 16:58:02,800] {taskinstance.py:1043} INFO - Starting attempt 1 of 3
[2022-06-06 16:58:02,800] {taskinstance.py:1044} INFO - 
--------------------------------------------------------------------------------
[2022-06-06 16:58:02,807] {taskinstance.py:1063} INFO - Executing <Task(BigQueryOperator): write_truncate_github_agg> on 2022-03-04T10:00:00+00:00
[2022-06-06 16:58:02,811] {standard_task_runner.py:52} INFO - Started process 632 to run task
[2022-06-06 16:58:02,814] {standard_task_runner.py:76} INFO - Running: ['airflow', 'tasks', 'run', 'gbq_pipeline', 'write_truncate_github_agg', '2022-03-04T10:00:00+00:00', '--job-id', '510', '--pool', 'default_pool', '--raw', '--subdir', 'DAGS_FOLDER/gbq_pipeline.py', '--cfg-path', '/tmp/tmp_itawgg1', '--error-file', '/tmp/tmp7qk2et7v']
[2022-06-06 16:58:02,816] {standard_task_runner.py:77} INFO - Job 510: Subtask write_truncate_github_agg
[2022-06-06 16:58:02,852] {logging_mixin.py:104} INFO - Running <TaskInstance: gbq_pipeline.write_truncate_github_agg 2022-03-04T10:00:00+00:00 [running]> on host c40819a450e3
[2022-06-06 16:58:02,883] {taskinstance.py:1257} INFO - Exporting the following env vars:
AIRFLOW_CTX_DAG_EMAIL=airflow@airflow.com
AIRFLOW_CTX_DAG_OWNER=vanmai-airflow
AIRFLOW_CTX_DAG_ID=gbq_pipeline
AIRFLOW_CTX_TASK_ID=write_truncate_github_agg
AIRFLOW_CTX_EXECUTION_DATE=2022-03-04T10:00:00+00:00
AIRFLOW_CTX_DAG_RUN_ID=scheduled__2022-03-04T10:00:00+00:00
[2022-06-06 16:58:02,885] {bigquery.py:680} INFO - Executing: 
        with cte as
        (
          SELECT
            FORMAT_TIMESTAMP("%Y%m%d", created_at) AS date,
            actor.id as actor_id,
            CONCAT('https://github.com/', repo.name) as github_repo,
            type
          FROM
            `githubarchive.day.20220304`
        )

        SELECT
          date,
          github_repo,
          count(IF(type='WatchEvent', type, NULL)) AS subs,
          count(IF(type='PushEvent',  type, NULL)) AS pushes,
          count(IF(type='PullRequestEvent',  type, NULL)) AS pullrequests,
          count(IF(type='ForkEvent',  type, NULL)) AS copies,
          count(IF(type in ('IssueCommentEvent','CommitCommentEvent','PullRequestReviewCommentEvent'),  type, NULL)) AS comments,
          count(*) AS all_event
        FROM cte
        GROUP BY 1,2
        ORDER BY all_event desc
        
[2022-06-06 16:58:02,893] {logging_mixin.py:104} WARNING - /home/airflow/.local/lib/python3.6/site-packages/airflow/providers/google/cloud/hooks/bigquery.py:2052 DeprecationWarning: This method is deprecated. Please use `BigQueryHook.insert_job` method.
[2022-06-06 16:58:02,900] {bigquery.py:1510} INFO - Inserting job airflow_1654534682900046_7559acf795ab025b21f3afbbb79d0957
[2022-06-06 16:58:09,298] {taskinstance.py:1166} INFO - Marking task as SUCCESS. dag_id=gbq_pipeline, task_id=write_truncate_github_agg, execution_date=20220304T100000, start_date=20220606T165802, end_date=20220606T165809
[2022-06-06 16:58:09,440] {taskinstance.py:1220} INFO - 0 downstream tasks scheduled from follow-on schedule check
[2022-06-06 16:58:09,465] {local_task_job.py:146} INFO - Task exited with return code 0
[2022-06-06 16:59:58,275] {taskinstance.py:851} INFO - Dependencies all met for <TaskInstance: gbq_pipeline.write_truncate_github_agg 2022-03-04T10:00:00+00:00 [queued]>
[2022-06-06 16:59:58,287] {taskinstance.py:851} INFO - Dependencies all met for <TaskInstance: gbq_pipeline.write_truncate_github_agg 2022-03-04T10:00:00+00:00 [queued]>
[2022-06-06 16:59:58,287] {taskinstance.py:1042} INFO - 
--------------------------------------------------------------------------------
[2022-06-06 16:59:58,287] {taskinstance.py:1043} INFO - Starting attempt 1 of 3
[2022-06-06 16:59:58,288] {taskinstance.py:1044} INFO - 
--------------------------------------------------------------------------------
[2022-06-06 16:59:58,300] {taskinstance.py:1063} INFO - Executing <Task(BigQueryOperator): write_truncate_github_agg> on 2022-03-04T10:00:00+00:00
[2022-06-06 16:59:58,306] {standard_task_runner.py:52} INFO - Started process 770 to run task
[2022-06-06 16:59:58,309] {standard_task_runner.py:76} INFO - Running: ['airflow', 'tasks', 'run', 'gbq_pipeline', 'write_truncate_github_agg', '2022-03-04T10:00:00+00:00', '--job-id', '551', '--pool', 'default_pool', '--raw', '--subdir', 'DAGS_FOLDER/gbq_pipeline.py', '--cfg-path', '/tmp/tmpygczm1nf', '--error-file', '/tmp/tmpfa5leigg']
[2022-06-06 16:59:58,311] {standard_task_runner.py:77} INFO - Job 551: Subtask write_truncate_github_agg
[2022-06-06 16:59:58,356] {logging_mixin.py:104} INFO - Running <TaskInstance: gbq_pipeline.write_truncate_github_agg 2022-03-04T10:00:00+00:00 [running]> on host c40819a450e3
[2022-06-06 16:59:58,398] {taskinstance.py:1257} INFO - Exporting the following env vars:
AIRFLOW_CTX_DAG_EMAIL=airflow@airflow.com
AIRFLOW_CTX_DAG_OWNER=vanmai-airflow
AIRFLOW_CTX_DAG_ID=gbq_pipeline
AIRFLOW_CTX_TASK_ID=write_truncate_github_agg
AIRFLOW_CTX_EXECUTION_DATE=2022-03-04T10:00:00+00:00
AIRFLOW_CTX_DAG_RUN_ID=scheduled__2022-03-04T10:00:00+00:00
[2022-06-06 16:59:58,400] {bigquery.py:680} INFO - Executing: 
        with cte as
        (
          SELECT
            FORMAT_TIMESTAMP("%Y%m%d", created_at) AS date,
            actor.id as actor_id,
            CONCAT('https://github.com/', repo.name) as github_repo,
            type
          FROM
            `githubarchive.day.20220304`
        )

        SELECT
          date,
          github_repo,
          count(IF(type='WatchEvent', type, NULL)) AS subs,
          count(IF(type='PushEvent',  type, NULL)) AS pushes,
          count(IF(type='PullRequestEvent',  type, NULL)) AS pullrequests,
          count(IF(type='ForkEvent',  type, NULL)) AS copies,
          count(IF(type in ('IssueCommentEvent','CommitCommentEvent','PullRequestReviewCommentEvent'),  type, NULL)) AS comments,
          count(*) AS all_event
        FROM cte
        GROUP BY 1,2
        ORDER BY all_event desc
        
[2022-06-06 16:59:58,411] {logging_mixin.py:104} WARNING - /home/airflow/.local/lib/python3.6/site-packages/airflow/providers/google/cloud/hooks/bigquery.py:2052 DeprecationWarning: This method is deprecated. Please use `BigQueryHook.insert_job` method.
[2022-06-06 16:59:58,420] {bigquery.py:1510} INFO - Inserting job airflow_1654534798419355_7559acf795ab025b21f3afbbb79d0957
[2022-06-06 17:00:05,531] {taskinstance.py:1166} INFO - Marking task as SUCCESS. dag_id=gbq_pipeline, task_id=write_truncate_github_agg, execution_date=20220304T100000, start_date=20220606T165958, end_date=20220606T170005
[2022-06-06 17:00:05,553] {taskinstance.py:1220} INFO - 1 downstream tasks scheduled from follow-on schedule check
[2022-06-06 17:00:05,591] {local_task_job.py:146} INFO - Task exited with return code 0
