[2022-06-06 15:03:43,096] {taskinstance.py:851} INFO - Dependencies all met for <TaskInstance: gbq_pipeline.check_github 2022-06-02T10:00:00+00:00 [queued]>
[2022-06-06 15:03:43,114] {taskinstance.py:851} INFO - Dependencies all met for <TaskInstance: gbq_pipeline.check_github 2022-06-02T10:00:00+00:00 [queued]>
[2022-06-06 15:03:43,114] {taskinstance.py:1042} INFO - 
--------------------------------------------------------------------------------
[2022-06-06 15:03:43,114] {taskinstance.py:1043} INFO - Starting attempt 2 of 4
[2022-06-06 15:03:43,114] {taskinstance.py:1044} INFO - 
--------------------------------------------------------------------------------
[2022-06-06 15:03:43,120] {taskinstance.py:1063} INFO - Executing <Task(BigQueryCheckOperator): check_github> on 2022-06-02T10:00:00+00:00
[2022-06-06 15:03:43,124] {standard_task_runner.py:52} INFO - Started process 126 to run task
[2022-06-06 15:03:43,127] {standard_task_runner.py:76} INFO - Running: ['airflow', 'tasks', 'run', 'gbq_pipeline', 'check_github', '2022-06-02T10:00:00+00:00', '--job-id', '340', '--pool', 'default_pool', '--raw', '--subdir', 'DAGS_FOLDER/gbq_pipeline.py', '--cfg-path', '/tmp/tmp48me9koi', '--error-file', '/tmp/tmp06cyrz47']
[2022-06-06 15:03:43,128] {standard_task_runner.py:77} INFO - Job 340: Subtask check_github
[2022-06-06 15:03:43,160] {logging_mixin.py:104} INFO - Running <TaskInstance: gbq_pipeline.check_github 2022-06-02T10:00:00+00:00 [running]> on host c40819a450e3
[2022-06-06 15:03:43,187] {taskinstance.py:1257} INFO - Exporting the following env vars:
AIRFLOW_CTX_DAG_EMAIL=airflow@airflow.com
AIRFLOW_CTX_DAG_OWNER=vanmai-airflow
AIRFLOW_CTX_DAG_ID=gbq_pipeline
AIRFLOW_CTX_TASK_ID=check_github
AIRFLOW_CTX_EXECUTION_DATE=2022-06-02T10:00:00+00:00
AIRFLOW_CTX_DAG_RUN_ID=scheduled__2022-06-02T10:00:00+00:00
[2022-06-06 15:03:43,188] {sql.py:87} INFO - Executing SQL check: 
        SELECT "20220602" IN 
          (
          SELECT table_id
          FROM `githubarchive.day.__TABLES_SUMMARY__`
          )
        
[2022-06-06 15:03:43,197] {logging_mixin.py:104} WARNING - /home/airflow/.local/lib/python3.6/site-packages/airflow/providers/google/cloud/hooks/bigquery.py:120 DeprecationWarning: This method will be deprecated. Please use `BigQueryHook.get_client` method
[2022-06-06 15:03:43,639] {logging_mixin.py:104} WARNING - /home/airflow/.local/lib/python3.6/site-packages/airflow/providers/google/cloud/hooks/bigquery.py:2052 DeprecationWarning: This method is deprecated. Please use `BigQueryHook.insert_job` method.
[2022-06-06 15:03:43,641] {bigquery.py:1510} INFO - Inserting job airflow_1654527823640746_5d912948734ba2286438dabb37afb660
[2022-06-06 15:03:45,582] {sql.py:90} INFO - Record: [True]
[2022-06-06 15:03:45,583] {sql.py:96} INFO - Success.
[2022-06-06 15:03:45,589] {taskinstance.py:1166} INFO - Marking task as SUCCESS. dag_id=gbq_pipeline, task_id=check_github, execution_date=20220602T100000, start_date=20220606T150343, end_date=20220606T150345
[2022-06-06 15:03:45,617] {taskinstance.py:1220} INFO - 0 downstream tasks scheduled from follow-on schedule check
[2022-06-06 15:03:45,629] {local_task_job.py:146} INFO - Task exited with return code 0
