[2022-06-06 15:14:50,414] {taskinstance.py:851} INFO - Dependencies all met for <TaskInstance: gbq_pipeline.check_github 2022-06-02T10:00:00+00:00 [queued]>
[2022-06-06 15:14:50,435] {taskinstance.py:851} INFO - Dependencies all met for <TaskInstance: gbq_pipeline.check_github 2022-06-02T10:00:00+00:00 [queued]>
[2022-06-06 15:14:50,436] {taskinstance.py:1042} INFO - 
--------------------------------------------------------------------------------
[2022-06-06 15:14:50,436] {taskinstance.py:1043} INFO - Starting attempt 3 of 5
[2022-06-06 15:14:50,436] {taskinstance.py:1044} INFO - 
--------------------------------------------------------------------------------
[2022-06-06 15:14:50,443] {taskinstance.py:1063} INFO - Executing <Task(BigQueryCheckOperator): check_github> on 2022-06-02T10:00:00+00:00
[2022-06-06 15:14:50,447] {standard_task_runner.py:52} INFO - Started process 143 to run task
[2022-06-06 15:14:50,452] {standard_task_runner.py:76} INFO - Running: ['airflow', 'tasks', 'run', 'gbq_pipeline', 'check_github', '2022-06-02T10:00:00+00:00', '--job-id', '345', '--pool', 'default_pool', '--raw', '--subdir', 'DAGS_FOLDER/gbq_pipeline.py', '--cfg-path', '/tmp/tmpff03egiq', '--error-file', '/tmp/tmp_dmccqgt']
[2022-06-06 15:14:50,454] {standard_task_runner.py:77} INFO - Job 345: Subtask check_github
[2022-06-06 15:14:50,500] {logging_mixin.py:104} INFO - Running <TaskInstance: gbq_pipeline.check_github 2022-06-02T10:00:00+00:00 [running]> on host c40819a450e3
[2022-06-06 15:14:50,538] {taskinstance.py:1257} INFO - Exporting the following env vars:
AIRFLOW_CTX_DAG_EMAIL=airflow@airflow.com
AIRFLOW_CTX_DAG_OWNER=vanmai-airflow
AIRFLOW_CTX_DAG_ID=gbq_pipeline
AIRFLOW_CTX_TASK_ID=check_github
AIRFLOW_CTX_EXECUTION_DATE=2022-06-02T10:00:00+00:00
AIRFLOW_CTX_DAG_RUN_ID=scheduled__2022-06-02T10:00:00+00:00
[2022-06-06 15:14:50,540] {sql.py:87} INFO - Executing SQL check: 
        SELECT "20220602" IN 
          (
          SELECT table_id
          FROM `githubarchive.day.__TABLES_SUMMARY__`
          )
        
[2022-06-06 15:14:50,550] {logging_mixin.py:104} WARNING - /home/airflow/.local/lib/python3.6/site-packages/airflow/providers/google/cloud/hooks/bigquery.py:120 DeprecationWarning: This method will be deprecated. Please use `BigQueryHook.get_client` method
[2022-06-06 15:14:51,031] {logging_mixin.py:104} WARNING - /home/airflow/.local/lib/python3.6/site-packages/airflow/providers/google/cloud/hooks/bigquery.py:2052 DeprecationWarning: This method is deprecated. Please use `BigQueryHook.insert_job` method.
[2022-06-06 15:14:51,033] {bigquery.py:1510} INFO - Inserting job airflow_1654528491033033_5d912948734ba2286438dabb37afb660
[2022-06-06 15:14:53,028] {sql.py:90} INFO - Record: [True]
[2022-06-06 15:14:53,029] {sql.py:96} INFO - Success.
[2022-06-06 15:14:53,040] {taskinstance.py:1166} INFO - Marking task as SUCCESS. dag_id=gbq_pipeline, task_id=check_github, execution_date=20220602T100000, start_date=20220606T151450, end_date=20220606T151453
[2022-06-06 15:14:53,066] {taskinstance.py:1220} INFO - 0 downstream tasks scheduled from follow-on schedule check
[2022-06-06 15:14:53,080] {local_task_job.py:146} INFO - Task exited with return code 0
