[2022-06-06 15:23:40,263] {taskinstance.py:851} INFO - Dependencies all met for <TaskInstance: gbq_pipeline.write_truncate_hackernews_agg 2022-03-05T10:00:00+00:00 [queued]>
[2022-06-06 15:23:40,283] {taskinstance.py:851} INFO - Dependencies all met for <TaskInstance: gbq_pipeline.write_truncate_hackernews_agg 2022-03-05T10:00:00+00:00 [queued]>
[2022-06-06 15:23:40,283] {taskinstance.py:1042} INFO - 
--------------------------------------------------------------------------------
[2022-06-06 15:23:40,284] {taskinstance.py:1043} INFO - Starting attempt 1 of 3
[2022-06-06 15:23:40,284] {taskinstance.py:1044} INFO - 
--------------------------------------------------------------------------------
[2022-06-06 15:23:40,291] {taskinstance.py:1063} INFO - Executing <Task(BigQueryOperator): write_truncate_hackernews_agg> on 2022-03-05T10:00:00+00:00
[2022-06-06 15:23:40,295] {standard_task_runner.py:52} INFO - Started process 282 to run task
[2022-06-06 15:23:40,298] {standard_task_runner.py:76} INFO - Running: ['airflow', 'tasks', 'run', 'gbq_pipeline', 'write_truncate_hackernews_agg', '2022-03-05T10:00:00+00:00', '--job-id', '393', '--pool', 'default_pool', '--raw', '--subdir', 'DAGS_FOLDER/gbq_pipeline.py', '--cfg-path', '/tmp/tmp1btkba73', '--error-file', '/tmp/tmpjj5s3lad']
[2022-06-06 15:23:40,300] {standard_task_runner.py:77} INFO - Job 393: Subtask write_truncate_hackernews_agg
[2022-06-06 15:23:40,333] {logging_mixin.py:104} INFO - Running <TaskInstance: gbq_pipeline.write_truncate_hackernews_agg 2022-03-05T10:00:00+00:00 [running]> on host c40819a450e3
[2022-06-06 15:23:40,362] {taskinstance.py:1257} INFO - Exporting the following env vars:
AIRFLOW_CTX_DAG_EMAIL=airflow@airflow.com
AIRFLOW_CTX_DAG_OWNER=vanmai-airflow
AIRFLOW_CTX_DAG_ID=gbq_pipeline
AIRFLOW_CTX_TASK_ID=write_truncate_hackernews_agg
AIRFLOW_CTX_EXECUTION_DATE=2022-03-05T10:00:00+00:00
AIRFLOW_CTX_DAG_RUN_ID=scheduled__2022-03-05T10:00:00+00:00
[2022-06-06 15:23:40,364] {bigquery.py:680} INFO - Executing: 
    SELECT
      FORMAT_TIMESTAMP("%Y%m%d", timestamp) AS date,
      `by` AS user,
      id as story_id,
      REGEXP_EXTRACT(url, "(https?://github.com/[^/]*/[^/#?]*)") as github_repo,
      type,
      length(text) length,
      SUM(score) as score
    FROM
      `bigquery-public-data.hacker_news.full`
    WHERE TRUE
      AND FORMAT_TIMESTAMP("%Y%m%d", timestamp) = '20220305'
      AND url LIKE '%https://github.com%'
      AND url NOT LIKE '%github.com/blog/%'
    GROUP BY 1,2,3,4,5,6
    
[2022-06-06 15:23:40,372] {logging_mixin.py:104} WARNING - /home/airflow/.local/lib/python3.6/site-packages/airflow/providers/google/cloud/hooks/bigquery.py:2052 DeprecationWarning: This method is deprecated. Please use `BigQueryHook.insert_job` method.
[2022-06-06 15:23:40,379] {bigquery.py:1510} INFO - Inserting job airflow_1654529020378885_1e5ad731c15f9b78e56a21cfd94a778a
[2022-06-06 15:23:44,810] {taskinstance.py:1166} INFO - Marking task as SUCCESS. dag_id=gbq_pipeline, task_id=write_truncate_hackernews_agg, execution_date=20220305T100000, start_date=20220606T152340, end_date=20220606T152344
[2022-06-06 15:23:44,843] {taskinstance.py:1220} INFO - 0 downstream tasks scheduled from follow-on schedule check
[2022-06-06 15:23:44,851] {local_task_job.py:146} INFO - Task exited with return code 0
[2022-06-06 16:25:36,806] {taskinstance.py:851} INFO - Dependencies all met for <TaskInstance: gbq_pipeline.write_truncate_hackernews_agg 2022-03-05T10:00:00+00:00 [queued]>
[2022-06-06 16:25:36,826] {taskinstance.py:851} INFO - Dependencies all met for <TaskInstance: gbq_pipeline.write_truncate_hackernews_agg 2022-03-05T10:00:00+00:00 [queued]>
[2022-06-06 16:25:36,826] {taskinstance.py:1042} INFO - 
--------------------------------------------------------------------------------
[2022-06-06 16:25:36,827] {taskinstance.py:1043} INFO - Starting attempt 1 of 3
[2022-06-06 16:25:36,827] {taskinstance.py:1044} INFO - 
--------------------------------------------------------------------------------
[2022-06-06 16:25:36,833] {taskinstance.py:1063} INFO - Executing <Task(BigQueryOperator): write_truncate_hackernews_agg> on 2022-03-05T10:00:00+00:00
[2022-06-06 16:25:36,838] {standard_task_runner.py:52} INFO - Started process 432 to run task
[2022-06-06 16:25:36,843] {standard_task_runner.py:76} INFO - Running: ['airflow', 'tasks', 'run', 'gbq_pipeline', 'write_truncate_hackernews_agg', '2022-03-05T10:00:00+00:00', '--job-id', '443', '--pool', 'default_pool', '--raw', '--subdir', 'DAGS_FOLDER/gbq_pipeline.py', '--cfg-path', '/tmp/tmp_tgrl9q7', '--error-file', '/tmp/tmp9zk2vjlm']
[2022-06-06 16:25:36,845] {standard_task_runner.py:77} INFO - Job 443: Subtask write_truncate_hackernews_agg
[2022-06-06 16:25:36,875] {logging_mixin.py:104} INFO - Running <TaskInstance: gbq_pipeline.write_truncate_hackernews_agg 2022-03-05T10:00:00+00:00 [running]> on host c40819a450e3
[2022-06-06 16:25:36,904] {taskinstance.py:1257} INFO - Exporting the following env vars:
AIRFLOW_CTX_DAG_EMAIL=airflow@airflow.com
AIRFLOW_CTX_DAG_OWNER=vanmai-airflow
AIRFLOW_CTX_DAG_ID=gbq_pipeline
AIRFLOW_CTX_TASK_ID=write_truncate_hackernews_agg
AIRFLOW_CTX_EXECUTION_DATE=2022-03-05T10:00:00+00:00
AIRFLOW_CTX_DAG_RUN_ID=scheduled__2022-03-05T10:00:00+00:00
[2022-06-06 16:25:36,906] {bigquery.py:680} INFO - Executing: 
    SELECT
      FORMAT_TIMESTAMP("%Y%m%d", timestamp) AS date,
      `by` AS user,
      id as story_id,
      REGEXP_EXTRACT(url, "(https?://github.com/[^/]*/[^/#?]*)") as github_repo,
      type,
      length(text) length,
      SUM(score) as score
    FROM
      `bigquery-public-data.hacker_news.full`
    WHERE TRUE
      AND FORMAT_TIMESTAMP("%Y%m%d", timestamp) = '20220305'
      AND url LIKE '%https://github.com%'
      AND url NOT LIKE '%github.com/blog/%'
    GROUP BY 1,2,3,4,5,6
    
[2022-06-06 16:25:36,914] {logging_mixin.py:104} WARNING - /home/airflow/.local/lib/python3.6/site-packages/airflow/providers/google/cloud/hooks/bigquery.py:2052 DeprecationWarning: This method is deprecated. Please use `BigQueryHook.insert_job` method.
[2022-06-06 16:25:36,923] {bigquery.py:1510} INFO - Inserting job airflow_1654532736923048_1e5ad731c15f9b78e56a21cfd94a778a
[2022-06-06 16:25:41,573] {taskinstance.py:1166} INFO - Marking task as SUCCESS. dag_id=gbq_pipeline, task_id=write_truncate_hackernews_agg, execution_date=20220305T100000, start_date=20220606T162536, end_date=20220606T162541
[2022-06-06 16:25:41,608] {taskinstance.py:1220} INFO - 0 downstream tasks scheduled from follow-on schedule check
[2022-06-06 16:25:41,633] {local_task_job.py:146} INFO - Task exited with return code 0
[2022-06-06 16:56:11,260] {taskinstance.py:851} INFO - Dependencies all met for <TaskInstance: gbq_pipeline.write_truncate_hackernews_agg 2022-03-05T10:00:00+00:00 [queued]>
[2022-06-06 16:56:11,276] {taskinstance.py:851} INFO - Dependencies all met for <TaskInstance: gbq_pipeline.write_truncate_hackernews_agg 2022-03-05T10:00:00+00:00 [queued]>
[2022-06-06 16:56:11,277] {taskinstance.py:1042} INFO - 
--------------------------------------------------------------------------------
[2022-06-06 16:56:11,277] {taskinstance.py:1043} INFO - Starting attempt 1 of 3
[2022-06-06 16:56:11,277] {taskinstance.py:1044} INFO - 
--------------------------------------------------------------------------------
[2022-06-06 16:56:11,283] {taskinstance.py:1063} INFO - Executing <Task(BigQueryOperator): write_truncate_hackernews_agg> on 2022-03-05T10:00:00+00:00
[2022-06-06 16:56:11,286] {standard_task_runner.py:52} INFO - Started process 519 to run task
[2022-06-06 16:56:11,289] {standard_task_runner.py:76} INFO - Running: ['airflow', 'tasks', 'run', 'gbq_pipeline', 'write_truncate_hackernews_agg', '2022-03-05T10:00:00+00:00', '--job-id', '472', '--pool', 'default_pool', '--raw', '--subdir', 'DAGS_FOLDER/gbq_pipeline.py', '--cfg-path', '/tmp/tmpzlbr0f9z', '--error-file', '/tmp/tmpoc6h4niz']
[2022-06-06 16:56:11,290] {standard_task_runner.py:77} INFO - Job 472: Subtask write_truncate_hackernews_agg
[2022-06-06 16:56:11,320] {logging_mixin.py:104} INFO - Running <TaskInstance: gbq_pipeline.write_truncate_hackernews_agg 2022-03-05T10:00:00+00:00 [running]> on host c40819a450e3
[2022-06-06 16:56:11,349] {taskinstance.py:1257} INFO - Exporting the following env vars:
AIRFLOW_CTX_DAG_EMAIL=airflow@airflow.com
AIRFLOW_CTX_DAG_OWNER=vanmai-airflow
AIRFLOW_CTX_DAG_ID=gbq_pipeline
AIRFLOW_CTX_TASK_ID=write_truncate_hackernews_agg
AIRFLOW_CTX_EXECUTION_DATE=2022-03-05T10:00:00+00:00
AIRFLOW_CTX_DAG_RUN_ID=scheduled__2022-03-05T10:00:00+00:00
[2022-06-06 16:56:11,350] {bigquery.py:680} INFO - Executing: 
    SELECT
      FORMAT_TIMESTAMP("%Y%m%d", timestamp) AS date,
      `by` AS user,
      id as story_id,
      REGEXP_EXTRACT(url, "(https?://github.com/[^/]*/[^/#?]*)") as github_repo,
      type,
      length(text) length,
      SUM(score) as score
    FROM
      `bigquery-public-data.hacker_news.full`
    WHERE TRUE
      AND FORMAT_TIMESTAMP("%Y%m%d", timestamp) = '20220305'
      AND url LIKE '%https://github.com%'
      AND url NOT LIKE '%github.com/blog/%'
    GROUP BY 1,2,3,4,5,6
    
[2022-06-06 16:56:11,359] {logging_mixin.py:104} WARNING - /home/airflow/.local/lib/python3.6/site-packages/airflow/providers/google/cloud/hooks/bigquery.py:2052 DeprecationWarning: This method is deprecated. Please use `BigQueryHook.insert_job` method.
[2022-06-06 16:56:11,366] {bigquery.py:1510} INFO - Inserting job airflow_1654534571366354_1e5ad731c15f9b78e56a21cfd94a778a
[2022-06-06 16:56:15,130] {taskinstance.py:1166} INFO - Marking task as SUCCESS. dag_id=gbq_pipeline, task_id=write_truncate_hackernews_agg, execution_date=20220305T100000, start_date=20220606T165611, end_date=20220606T165615
[2022-06-06 16:56:15,160] {taskinstance.py:1220} INFO - 0 downstream tasks scheduled from follow-on schedule check
[2022-06-06 16:56:15,197] {local_task_job.py:146} INFO - Task exited with return code 0
[2022-06-06 16:57:58,174] {taskinstance.py:851} INFO - Dependencies all met for <TaskInstance: gbq_pipeline.write_truncate_hackernews_agg 2022-03-05T10:00:00+00:00 [queued]>
[2022-06-06 16:57:58,194] {taskinstance.py:851} INFO - Dependencies all met for <TaskInstance: gbq_pipeline.write_truncate_hackernews_agg 2022-03-05T10:00:00+00:00 [queued]>
[2022-06-06 16:57:58,194] {taskinstance.py:1042} INFO - 
--------------------------------------------------------------------------------
[2022-06-06 16:57:58,195] {taskinstance.py:1043} INFO - Starting attempt 1 of 3
[2022-06-06 16:57:58,195] {taskinstance.py:1044} INFO - 
--------------------------------------------------------------------------------
[2022-06-06 16:57:58,202] {taskinstance.py:1063} INFO - Executing <Task(BigQueryOperator): write_truncate_hackernews_agg> on 2022-03-05T10:00:00+00:00
[2022-06-06 16:57:58,207] {standard_task_runner.py:52} INFO - Started process 625 to run task
[2022-06-06 16:57:58,210] {standard_task_runner.py:76} INFO - Running: ['airflow', 'tasks', 'run', 'gbq_pipeline', 'write_truncate_hackernews_agg', '2022-03-05T10:00:00+00:00', '--job-id', '506', '--pool', 'default_pool', '--raw', '--subdir', 'DAGS_FOLDER/gbq_pipeline.py', '--cfg-path', '/tmp/tmpgmowbl9v', '--error-file', '/tmp/tmphnmasuzd']
[2022-06-06 16:57:58,211] {standard_task_runner.py:77} INFO - Job 506: Subtask write_truncate_hackernews_agg
[2022-06-06 16:57:58,245] {logging_mixin.py:104} INFO - Running <TaskInstance: gbq_pipeline.write_truncate_hackernews_agg 2022-03-05T10:00:00+00:00 [running]> on host c40819a450e3
[2022-06-06 16:57:58,277] {taskinstance.py:1257} INFO - Exporting the following env vars:
AIRFLOW_CTX_DAG_EMAIL=airflow@airflow.com
AIRFLOW_CTX_DAG_OWNER=vanmai-airflow
AIRFLOW_CTX_DAG_ID=gbq_pipeline
AIRFLOW_CTX_TASK_ID=write_truncate_hackernews_agg
AIRFLOW_CTX_EXECUTION_DATE=2022-03-05T10:00:00+00:00
AIRFLOW_CTX_DAG_RUN_ID=scheduled__2022-03-05T10:00:00+00:00
[2022-06-06 16:57:58,279] {bigquery.py:680} INFO - Executing: 
    SELECT
      FORMAT_TIMESTAMP("%Y%m%d", timestamp) AS date,
      `by` AS user,
      id as story_id,
      REGEXP_EXTRACT(url, "(https?://github.com/[^/]*/[^/#?]*)") as github_repo,
      type,
      length(text) length,
      SUM(score) as score
    FROM
      `bigquery-public-data.hacker_news.full`
    WHERE TRUE
      AND FORMAT_TIMESTAMP("%Y%m%d", timestamp) = '20220305'
      AND url LIKE '%https://github.com%'
      AND url NOT LIKE '%github.com/blog/%'
    GROUP BY 1,2,3,4,5,6
    
[2022-06-06 16:57:58,287] {logging_mixin.py:104} WARNING - /home/airflow/.local/lib/python3.6/site-packages/airflow/providers/google/cloud/hooks/bigquery.py:2052 DeprecationWarning: This method is deprecated. Please use `BigQueryHook.insert_job` method.
[2022-06-06 16:57:58,295] {bigquery.py:1510} INFO - Inserting job airflow_1654534678294457_1e5ad731c15f9b78e56a21cfd94a778a
[2022-06-06 16:58:02,059] {taskinstance.py:1166} INFO - Marking task as SUCCESS. dag_id=gbq_pipeline, task_id=write_truncate_hackernews_agg, execution_date=20220305T100000, start_date=20220606T165758, end_date=20220606T165802
[2022-06-06 16:58:02,202] {taskinstance.py:1220} INFO - 0 downstream tasks scheduled from follow-on schedule check
[2022-06-06 16:58:02,241] {local_task_job.py:146} INFO - Task exited with return code 0
[2022-06-06 16:59:58,342] {taskinstance.py:851} INFO - Dependencies all met for <TaskInstance: gbq_pipeline.write_truncate_hackernews_agg 2022-03-05T10:00:00+00:00 [queued]>
[2022-06-06 16:59:58,358] {taskinstance.py:851} INFO - Dependencies all met for <TaskInstance: gbq_pipeline.write_truncate_hackernews_agg 2022-03-05T10:00:00+00:00 [queued]>
[2022-06-06 16:59:58,358] {taskinstance.py:1042} INFO - 
--------------------------------------------------------------------------------
[2022-06-06 16:59:58,359] {taskinstance.py:1043} INFO - Starting attempt 1 of 3
[2022-06-06 16:59:58,359] {taskinstance.py:1044} INFO - 
--------------------------------------------------------------------------------
[2022-06-06 16:59:58,374] {taskinstance.py:1063} INFO - Executing <Task(BigQueryOperator): write_truncate_hackernews_agg> on 2022-03-05T10:00:00+00:00
[2022-06-06 16:59:58,379] {standard_task_runner.py:52} INFO - Started process 775 to run task
[2022-06-06 16:59:58,383] {standard_task_runner.py:76} INFO - Running: ['airflow', 'tasks', 'run', 'gbq_pipeline', 'write_truncate_hackernews_agg', '2022-03-05T10:00:00+00:00', '--job-id', '556', '--pool', 'default_pool', '--raw', '--subdir', 'DAGS_FOLDER/gbq_pipeline.py', '--cfg-path', '/tmp/tmp5mjkzsyr', '--error-file', '/tmp/tmpa6zj7h0o']
[2022-06-06 16:59:58,386] {standard_task_runner.py:77} INFO - Job 556: Subtask write_truncate_hackernews_agg
[2022-06-06 16:59:58,432] {logging_mixin.py:104} INFO - Running <TaskInstance: gbq_pipeline.write_truncate_hackernews_agg 2022-03-05T10:00:00+00:00 [running]> on host c40819a450e3
[2022-06-06 16:59:58,479] {taskinstance.py:1257} INFO - Exporting the following env vars:
AIRFLOW_CTX_DAG_EMAIL=airflow@airflow.com
AIRFLOW_CTX_DAG_OWNER=vanmai-airflow
AIRFLOW_CTX_DAG_ID=gbq_pipeline
AIRFLOW_CTX_TASK_ID=write_truncate_hackernews_agg
AIRFLOW_CTX_EXECUTION_DATE=2022-03-05T10:00:00+00:00
AIRFLOW_CTX_DAG_RUN_ID=scheduled__2022-03-05T10:00:00+00:00
[2022-06-06 16:59:58,481] {bigquery.py:680} INFO - Executing: 
    SELECT
      FORMAT_TIMESTAMP("%Y%m%d", timestamp) AS date,
      `by` AS user,
      id as story_id,
      REGEXP_EXTRACT(url, "(https?://github.com/[^/]*/[^/#?]*)") as github_repo,
      type,
      length(text) length,
      SUM(score) as score
    FROM
      `bigquery-public-data.hacker_news.full`
    WHERE TRUE
      AND FORMAT_TIMESTAMP("%Y%m%d", timestamp) = '20220305'
      AND url LIKE '%https://github.com%'
      AND url NOT LIKE '%github.com/blog/%'
    GROUP BY 1,2,3,4,5,6
    
[2022-06-06 16:59:58,492] {logging_mixin.py:104} WARNING - /home/airflow/.local/lib/python3.6/site-packages/airflow/providers/google/cloud/hooks/bigquery.py:2052 DeprecationWarning: This method is deprecated. Please use `BigQueryHook.insert_job` method.
[2022-06-06 16:59:58,500] {bigquery.py:1510} INFO - Inserting job airflow_1654534798499282_1e5ad731c15f9b78e56a21cfd94a778a
[2022-06-06 17:00:02,767] {taskinstance.py:1166} INFO - Marking task as SUCCESS. dag_id=gbq_pipeline, task_id=write_truncate_hackernews_agg, execution_date=20220305T100000, start_date=20220606T165958, end_date=20220606T170002
[2022-06-06 17:00:02,792] {taskinstance.py:1220} INFO - 0 downstream tasks scheduled from follow-on schedule check
[2022-06-06 17:00:02,818] {local_task_job.py:146} INFO - Task exited with return code 0
