[2022-06-06 15:24:03,848] {taskinstance.py:851} INFO - Dependencies all met for <TaskInstance: gbq_pipeline.write_append_join_table 2022-03-05T10:00:00+00:00 [queued]>
[2022-06-06 15:24:03,870] {taskinstance.py:851} INFO - Dependencies all met for <TaskInstance: gbq_pipeline.write_append_join_table 2022-03-05T10:00:00+00:00 [queued]>
[2022-06-06 15:24:03,870] {taskinstance.py:1042} INFO - 
--------------------------------------------------------------------------------
[2022-06-06 15:24:03,871] {taskinstance.py:1043} INFO - Starting attempt 1 of 3
[2022-06-06 15:24:03,871] {taskinstance.py:1044} INFO - 
--------------------------------------------------------------------------------
[2022-06-06 15:24:03,877] {taskinstance.py:1063} INFO - Executing <Task(BigQueryOperator): write_append_join_table> on 2022-03-05T10:00:00+00:00
[2022-06-06 15:24:03,882] {standard_task_runner.py:52} INFO - Started process 323 to run task
[2022-06-06 15:24:03,885] {standard_task_runner.py:76} INFO - Running: ['airflow', 'tasks', 'run', 'gbq_pipeline', 'write_append_join_table', '2022-03-05T10:00:00+00:00', '--job-id', '406', '--pool', 'default_pool', '--raw', '--subdir', 'DAGS_FOLDER/gbq_pipeline.py', '--cfg-path', '/tmp/tmpfkhyr4qg', '--error-file', '/tmp/tmpa7nk6lx1']
[2022-06-06 15:24:03,887] {standard_task_runner.py:77} INFO - Job 406: Subtask write_append_join_table
[2022-06-06 15:24:03,924] {logging_mixin.py:104} INFO - Running <TaskInstance: gbq_pipeline.write_append_join_table 2022-03-05T10:00:00+00:00 [running]> on host c40819a450e3
[2022-06-06 15:24:03,959] {taskinstance.py:1257} INFO - Exporting the following env vars:
AIRFLOW_CTX_DAG_EMAIL=airflow@airflow.com
AIRFLOW_CTX_DAG_OWNER=vanmai-airflow
AIRFLOW_CTX_DAG_ID=gbq_pipeline
AIRFLOW_CTX_TASK_ID=write_append_join_table
AIRFLOW_CTX_EXECUTION_DATE=2022-03-05T10:00:00+00:00
AIRFLOW_CTX_DAG_RUN_ID=scheduled__2022-03-05T10:00:00+00:00
[2022-06-06 15:24:03,961] {bigquery.py:680} INFO - Executing: 
    SELECT 
      gh.*,
      hn.* except (date, github_repo)
    FROM
      `airflow-project-352316.github_curated.github_agg` gh
    LEFT JOIN 
      `airflow-project-352316.github_curated.hackernews_agg` hn
    ON hn.github_repo = gh.github_repo and hn.date = gh.date
    WHERE hn.score is not null
    
[2022-06-06 15:24:03,970] {logging_mixin.py:104} WARNING - /home/airflow/.local/lib/python3.6/site-packages/airflow/providers/google/cloud/hooks/bigquery.py:2052 DeprecationWarning: This method is deprecated. Please use `BigQueryHook.insert_job` method.
[2022-06-06 15:24:03,977] {bigquery.py:1510} INFO - Inserting job airflow_1654529043976952_cfad98687eff6246d49f73f415b9556f
[2022-06-06 15:24:08,667] {taskinstance.py:1166} INFO - Marking task as SUCCESS. dag_id=gbq_pipeline, task_id=write_append_join_table, execution_date=20220305T100000, start_date=20220606T152403, end_date=20220606T152408
[2022-06-06 15:24:08,770] {taskinstance.py:1220} INFO - 0 downstream tasks scheduled from follow-on schedule check
[2022-06-06 15:24:08,798] {local_task_job.py:146} INFO - Task exited with return code 0
[2022-06-06 17:00:05,116] {taskinstance.py:851} INFO - Dependencies all met for <TaskInstance: gbq_pipeline.write_append_join_table 2022-03-05T10:00:00+00:00 [queued]>
[2022-06-06 17:00:05,124] {taskinstance.py:851} INFO - Dependencies all met for <TaskInstance: gbq_pipeline.write_append_join_table 2022-03-05T10:00:00+00:00 [queued]>
[2022-06-06 17:00:05,125] {taskinstance.py:1042} INFO - 
--------------------------------------------------------------------------------
[2022-06-06 17:00:05,125] {taskinstance.py:1043} INFO - Starting attempt 1 of 3
[2022-06-06 17:00:05,125] {taskinstance.py:1044} INFO - 
--------------------------------------------------------------------------------
[2022-06-06 17:00:05,135] {taskinstance.py:1063} INFO - Executing <Task(BigQueryOperator): write_append_join_table> on 2022-03-05T10:00:00+00:00
[2022-06-06 17:00:05,140] {standard_task_runner.py:52} INFO - Started process 786 to run task
[2022-06-06 17:00:05,142] {standard_task_runner.py:76} INFO - Running: ['airflow', 'tasks', 'run', 'gbq_pipeline', 'write_append_join_table', '2022-03-05T10:00:00+00:00', '--job-id', '561', '--pool', 'default_pool', '--raw', '--subdir', 'DAGS_FOLDER/gbq_pipeline.py', '--cfg-path', '/tmp/tmplpi57jgc', '--error-file', '/tmp/tmptemkx7ug']
[2022-06-06 17:00:05,144] {standard_task_runner.py:77} INFO - Job 561: Subtask write_append_join_table
[2022-06-06 17:00:05,175] {logging_mixin.py:104} INFO - Running <TaskInstance: gbq_pipeline.write_append_join_table 2022-03-05T10:00:00+00:00 [running]> on host c40819a450e3
[2022-06-06 17:00:05,204] {taskinstance.py:1257} INFO - Exporting the following env vars:
AIRFLOW_CTX_DAG_EMAIL=airflow@airflow.com
AIRFLOW_CTX_DAG_OWNER=vanmai-airflow
AIRFLOW_CTX_DAG_ID=gbq_pipeline
AIRFLOW_CTX_TASK_ID=write_append_join_table
AIRFLOW_CTX_EXECUTION_DATE=2022-03-05T10:00:00+00:00
AIRFLOW_CTX_DAG_RUN_ID=scheduled__2022-03-05T10:00:00+00:00
[2022-06-06 17:00:05,205] {bigquery.py:680} INFO - Executing: 
    SELECT 
      gh.*,
      hn.* except (date, github_repo)
    FROM
      `airflow-project-352316.github_curated.github_agg` gh
    LEFT JOIN 
      `airflow-project-352316.github_curated.hackernews_agg` hn
    ON hn.github_repo = gh.github_repo and hn.date = gh.date
    WHERE hn.score is not null
    
[2022-06-06 17:00:05,212] {logging_mixin.py:104} WARNING - /home/airflow/.local/lib/python3.6/site-packages/airflow/providers/google/cloud/hooks/bigquery.py:2052 DeprecationWarning: This method is deprecated. Please use `BigQueryHook.insert_job` method.
[2022-06-06 17:00:05,219] {bigquery.py:1510} INFO - Inserting job airflow_1654534805218561_cfad98687eff6246d49f73f415b9556f
[2022-06-06 17:00:10,068] {taskinstance.py:1166} INFO - Marking task as SUCCESS. dag_id=gbq_pipeline, task_id=write_append_join_table, execution_date=20220305T100000, start_date=20220606T170005, end_date=20220606T170010
[2022-06-06 17:00:10,092] {taskinstance.py:1220} INFO - 1 downstream tasks scheduled from follow-on schedule check
[2022-06-06 17:00:10,099] {local_task_job.py:146} INFO - Task exited with return code 0
