[2022-06-05 13:51:33,653] {taskinstance.py:851} INFO - Dependencies all met for <TaskInstance: tutorial.sleep 2022-06-03T00:00:00+00:00 [queued]>
[2022-06-05 13:51:33,666] {taskinstance.py:851} INFO - Dependencies all met for <TaskInstance: tutorial.sleep 2022-06-03T00:00:00+00:00 [queued]>
[2022-06-05 13:51:33,666] {taskinstance.py:1042} INFO - 
--------------------------------------------------------------------------------
[2022-06-05 13:51:33,666] {taskinstance.py:1043} INFO - Starting attempt 1 of 4
[2022-06-05 13:51:33,667] {taskinstance.py:1044} INFO - 
--------------------------------------------------------------------------------
[2022-06-05 13:51:33,675] {taskinstance.py:1063} INFO - Executing <Task(BashOperator): sleep> on 2022-06-03T00:00:00+00:00
[2022-06-05 13:51:33,678] {standard_task_runner.py:52} INFO - Started process 57 to run task
[2022-06-05 13:51:33,681] {standard_task_runner.py:76} INFO - Running: ['airflow', 'tasks', 'run', 'tutorial', 'sleep', '2022-06-03T00:00:00+00:00', '--job-id', '5', '--pool', 'default_pool', '--raw', '--subdir', '/home/airflow/.local/lib/python3.6/site-packages/airflow/example_dags/tutorial.py', '--cfg-path', '/tmp/tmpxqd_v__7', '--error-file', '/tmp/tmp8gj6tuda']
[2022-06-05 13:51:33,681] {standard_task_runner.py:77} INFO - Job 5: Subtask sleep
[2022-06-05 13:51:33,712] {logging_mixin.py:104} INFO - Running <TaskInstance: tutorial.sleep 2022-06-03T00:00:00+00:00 [running]> on host 5cf8fffa1cb6
[2022-06-05 13:51:33,743] {taskinstance.py:1257} INFO - Exporting the following env vars:
AIRFLOW_CTX_DAG_EMAIL=airflow@example.com
AIRFLOW_CTX_DAG_OWNER=airflow
AIRFLOW_CTX_DAG_ID=tutorial
AIRFLOW_CTX_TASK_ID=sleep
AIRFLOW_CTX_EXECUTION_DATE=2022-06-03T00:00:00+00:00
AIRFLOW_CTX_DAG_RUN_ID=scheduled__2022-06-03T00:00:00+00:00
[2022-06-05 13:51:33,744] {bash.py:135} INFO - Tmp dir root location: 
 /tmp
[2022-06-05 13:51:33,745] {bash.py:158} INFO - Running command: sleep 5
[2022-06-05 13:51:33,752] {bash.py:169} INFO - Output:
[2022-06-05 13:51:38,754] {bash.py:177} INFO - Command exited with return code 0
[2022-06-05 13:51:38,775] {taskinstance.py:1166} INFO - Marking task as SUCCESS. dag_id=tutorial, task_id=sleep, execution_date=20220603T000000, start_date=20220605T135133, end_date=20220605T135138
[2022-06-05 13:51:38,794] {taskinstance.py:1220} INFO - 0 downstream tasks scheduled from follow-on schedule check
[2022-06-05 13:51:38,831] {local_task_job.py:146} INFO - Task exited with return code 0
[2022-06-05 15:56:03,015] {taskinstance.py:851} INFO - Dependencies all met for <TaskInstance: tutorial.sleep 2022-06-03T00:00:00+00:00 [queued]>
[2022-06-05 15:56:03,028] {taskinstance.py:851} INFO - Dependencies all met for <TaskInstance: tutorial.sleep 2022-06-03T00:00:00+00:00 [queued]>
[2022-06-05 15:56:03,028] {taskinstance.py:1042} INFO - 
--------------------------------------------------------------------------------
[2022-06-05 15:56:03,029] {taskinstance.py:1043} INFO - Starting attempt 1 of 4
[2022-06-05 15:56:03,029] {taskinstance.py:1044} INFO - 
--------------------------------------------------------------------------------
[2022-06-05 15:56:03,036] {taskinstance.py:1063} INFO - Executing <Task(BashOperator): sleep> on 2022-06-03T00:00:00+00:00
[2022-06-05 15:56:03,040] {standard_task_runner.py:52} INFO - Started process 59 to run task
[2022-06-05 15:56:03,044] {standard_task_runner.py:76} INFO - Running: ['airflow', 'tasks', 'run', 'tutorial', 'sleep', '2022-06-03T00:00:00+00:00', '--job-id', '156', '--pool', 'default_pool', '--raw', '--subdir', '/home/airflow/.local/lib/python3.6/site-packages/airflow/example_dags/tutorial.py', '--cfg-path', '/tmp/tmpa_jjgdxt', '--error-file', '/tmp/tmpto5ayv_z']
[2022-06-05 15:56:03,044] {standard_task_runner.py:77} INFO - Job 156: Subtask sleep
[2022-06-05 15:56:03,076] {logging_mixin.py:104} INFO - Running <TaskInstance: tutorial.sleep 2022-06-03T00:00:00+00:00 [running]> on host ac670bc0c637
[2022-06-05 15:56:03,106] {taskinstance.py:1257} INFO - Exporting the following env vars:
AIRFLOW_CTX_DAG_EMAIL=airflow@example.com
AIRFLOW_CTX_DAG_OWNER=airflow
AIRFLOW_CTX_DAG_ID=tutorial
AIRFLOW_CTX_TASK_ID=sleep
AIRFLOW_CTX_EXECUTION_DATE=2022-06-03T00:00:00+00:00
AIRFLOW_CTX_DAG_RUN_ID=scheduled__2022-06-03T00:00:00+00:00
[2022-06-05 15:56:03,106] {bash.py:135} INFO - Tmp dir root location: 
 /tmp
[2022-06-05 15:56:03,107] {bash.py:158} INFO - Running command: sleep 5
[2022-06-05 15:56:03,113] {bash.py:169} INFO - Output:
[2022-06-05 15:56:08,114] {bash.py:177} INFO - Command exited with return code 0
[2022-06-05 15:56:08,136] {taskinstance.py:1166} INFO - Marking task as SUCCESS. dag_id=tutorial, task_id=sleep, execution_date=20220603T000000, start_date=20220605T155603, end_date=20220605T155608
[2022-06-05 15:56:08,156] {taskinstance.py:1220} INFO - 0 downstream tasks scheduled from follow-on schedule check
[2022-06-05 15:56:08,191] {local_task_job.py:146} INFO - Task exited with return code 0
