[2022-06-05 22:02:31,903] {taskinstance.py:851} INFO - Dependencies all met for <TaskInstance: vanmai-demo.t3_templated 2022-06-04T00:00:00+00:00 [queued]>
[2022-06-05 22:02:31,915] {taskinstance.py:851} INFO - Dependencies all met for <TaskInstance: vanmai-demo.t3_templated 2022-06-04T00:00:00+00:00 [queued]>
[2022-06-05 22:02:31,915] {taskinstance.py:1042} INFO - 
--------------------------------------------------------------------------------
[2022-06-05 22:02:31,915] {taskinstance.py:1043} INFO - Starting attempt 1 of 2
[2022-06-05 22:02:31,916] {taskinstance.py:1044} INFO - 
--------------------------------------------------------------------------------
[2022-06-05 22:02:31,923] {taskinstance.py:1063} INFO - Executing <Task(BashOperator): t3_templated> on 2022-06-04T00:00:00+00:00
[2022-06-05 22:02:31,930] {standard_task_runner.py:76} INFO - Running: ['airflow', 'tasks', 'run', 'vanmai-demo', 't3_templated', '2022-06-04T00:00:00+00:00', '--job-id', '264', '--pool', 'default_pool', '--raw', '--subdir', 'DAGS_FOLDER/vanmai-demo.py', '--cfg-path', '/tmp/tmp554fx6j2', '--error-file', '/tmp/tmppqr8zlpj']
[2022-06-05 22:02:31,928] {standard_task_runner.py:52} INFO - Started process 175 to run task
[2022-06-05 22:02:31,931] {standard_task_runner.py:77} INFO - Job 264: Subtask t3_templated
[2022-06-05 22:02:31,964] {logging_mixin.py:104} INFO - Running <TaskInstance: vanmai-demo.t3_templated 2022-06-04T00:00:00+00:00 [running]> on host 173d5ef1e4be
[2022-06-05 22:02:32,003] {taskinstance.py:1257} INFO - Exporting the following env vars:
AIRFLOW_CTX_DAG_EMAIL=airflow@example.com
AIRFLOW_CTX_DAG_OWNER=vanmai
AIRFLOW_CTX_DAG_ID=vanmai-demo
AIRFLOW_CTX_TASK_ID=t3_templated
AIRFLOW_CTX_EXECUTION_DATE=2022-06-04T00:00:00+00:00
AIRFLOW_CTX_DAG_RUN_ID=scheduled__2022-06-04T00:00:00+00:00
[2022-06-05 22:02:32,004] {bash.py:135} INFO - Tmp dir root location: 
 /tmp
[2022-06-05 22:02:32,005] {bash.py:158} INFO - Running command: 

    echo "2022-06-04"
    echo "2022-06-11"
    echo "Parameter I passed in"

    echo "2022-06-04"
    echo "2022-06-11"
    echo "Parameter I passed in"

    echo "2022-06-04"
    echo "2022-06-11"
    echo "Parameter I passed in"

    echo "2022-06-04"
    echo "2022-06-11"
    echo "Parameter I passed in"

    echo "2022-06-04"
    echo "2022-06-11"
    echo "Parameter I passed in"

[2022-06-05 22:02:32,012] {bash.py:169} INFO - Output:
[2022-06-05 22:02:32,012] {bash.py:173} INFO - 2022-06-04
[2022-06-05 22:02:32,013] {bash.py:173} INFO - 2022-06-11
[2022-06-05 22:02:32,013] {bash.py:173} INFO - Parameter I passed in
[2022-06-05 22:02:32,013] {bash.py:173} INFO - 2022-06-04
[2022-06-05 22:02:32,013] {bash.py:173} INFO - 2022-06-11
[2022-06-05 22:02:32,014] {bash.py:173} INFO - Parameter I passed in
[2022-06-05 22:02:32,014] {bash.py:173} INFO - 2022-06-04
[2022-06-05 22:02:32,014] {bash.py:173} INFO - 2022-06-11
[2022-06-05 22:02:32,014] {bash.py:173} INFO - Parameter I passed in
[2022-06-05 22:02:32,014] {bash.py:173} INFO - 2022-06-04
[2022-06-05 22:02:32,015] {bash.py:173} INFO - 2022-06-11
[2022-06-05 22:02:32,015] {bash.py:173} INFO - Parameter I passed in
[2022-06-05 22:02:32,015] {bash.py:173} INFO - 2022-06-04
[2022-06-05 22:02:32,015] {bash.py:173} INFO - 2022-06-11
[2022-06-05 22:02:32,016] {bash.py:173} INFO - Parameter I passed in
[2022-06-05 22:02:32,016] {bash.py:177} INFO - Command exited with return code 0
[2022-06-05 22:02:32,037] {taskinstance.py:1166} INFO - Marking task as SUCCESS. dag_id=vanmai-demo, task_id=t3_templated, execution_date=20220604T000000, start_date=20220605T220231, end_date=20220605T220232
[2022-06-05 22:02:32,169] {taskinstance.py:1220} INFO - 0 downstream tasks scheduled from follow-on schedule check
[2022-06-05 22:02:32,185] {local_task_job.py:146} INFO - Task exited with return code 0
