[2022-06-06 15:23:35,158] {taskinstance.py:851} INFO - Dependencies all met for <TaskInstance: gbq_pipeline.write_truncate_hackernews_agg 2022-03-04T10:00:00+00:00 [queued]>
[2022-06-06 15:23:35,178] {taskinstance.py:851} INFO - Dependencies all met for <TaskInstance: gbq_pipeline.write_truncate_hackernews_agg 2022-03-04T10:00:00+00:00 [queued]>
[2022-06-06 15:23:35,179] {taskinstance.py:1042} INFO - 
--------------------------------------------------------------------------------
[2022-06-06 15:23:35,179] {taskinstance.py:1043} INFO - Starting attempt 1 of 3
[2022-06-06 15:23:35,179] {taskinstance.py:1044} INFO - 
--------------------------------------------------------------------------------
[2022-06-06 15:23:35,188] {taskinstance.py:1063} INFO - Executing <Task(BigQueryOperator): write_truncate_hackernews_agg> on 2022-03-04T10:00:00+00:00
[2022-06-06 15:23:35,194] {standard_task_runner.py:52} INFO - Started process 267 to run task
[2022-06-06 15:23:35,197] {standard_task_runner.py:76} INFO - Running: ['airflow', 'tasks', 'run', 'gbq_pipeline', 'write_truncate_hackernews_agg', '2022-03-04T10:00:00+00:00', '--job-id', '388', '--pool', 'default_pool', '--raw', '--subdir', 'DAGS_FOLDER/gbq_pipeline.py', '--cfg-path', '/tmp/tmp236mkf27', '--error-file', '/tmp/tmpf9botxvb']
[2022-06-06 15:23:35,199] {standard_task_runner.py:77} INFO - Job 388: Subtask write_truncate_hackernews_agg
[2022-06-06 15:23:35,239] {logging_mixin.py:104} INFO - Running <TaskInstance: gbq_pipeline.write_truncate_hackernews_agg 2022-03-04T10:00:00+00:00 [running]> on host c40819a450e3
[2022-06-06 15:23:35,282] {taskinstance.py:1257} INFO - Exporting the following env vars:
AIRFLOW_CTX_DAG_EMAIL=airflow@airflow.com
AIRFLOW_CTX_DAG_OWNER=vanmai-airflow
AIRFLOW_CTX_DAG_ID=gbq_pipeline
AIRFLOW_CTX_TASK_ID=write_truncate_hackernews_agg
AIRFLOW_CTX_EXECUTION_DATE=2022-03-04T10:00:00+00:00
AIRFLOW_CTX_DAG_RUN_ID=scheduled__2022-03-04T10:00:00+00:00
[2022-06-06 15:23:35,284] {bigquery.py:680} INFO - Executing: 
    SELECT
      FORMAT_TIMESTAMP("%Y%m%d", timestamp) AS date,
      `by` AS user,
      id as story_id,
      REGEXP_EXTRACT(url, "(https?://github.com/[^/]*/[^/#?]*)") as github_repo,
      type,
      length(text) length,
      SUM(score) as score
    FROM
      `bigquery-public-data.hacker_news.full`
    WHERE TRUE
      AND FORMAT_TIMESTAMP("%Y%m%d", timestamp) = '20220304'
      AND url LIKE '%https://github.com%'
      AND url NOT LIKE '%github.com/blog/%'
    GROUP BY 1,2,3,4,5,6
    
[2022-06-06 15:23:35,295] {logging_mixin.py:104} WARNING - /home/airflow/.local/lib/python3.6/site-packages/airflow/providers/google/cloud/hooks/bigquery.py:2052 DeprecationWarning: This method is deprecated. Please use `BigQueryHook.insert_job` method.
[2022-06-06 15:23:35,303] {bigquery.py:1510} INFO - Inserting job airflow_1654529015302986_31c5300eebb927016ad49640c1034587
[2022-06-06 15:23:39,383] {taskinstance.py:1166} INFO - Marking task as SUCCESS. dag_id=gbq_pipeline, task_id=write_truncate_hackernews_agg, execution_date=20220304T100000, start_date=20220606T152335, end_date=20220606T152339
[2022-06-06 15:23:39,412] {taskinstance.py:1220} INFO - 0 downstream tasks scheduled from follow-on schedule check
[2022-06-06 15:23:39,426] {local_task_job.py:146} INFO - Task exited with return code 0
[2022-06-06 16:25:29,805] {taskinstance.py:851} INFO - Dependencies all met for <TaskInstance: gbq_pipeline.write_truncate_hackernews_agg 2022-03-04T10:00:00+00:00 [queued]>
[2022-06-06 16:25:29,823] {taskinstance.py:851} INFO - Dependencies all met for <TaskInstance: gbq_pipeline.write_truncate_hackernews_agg 2022-03-04T10:00:00+00:00 [queued]>
[2022-06-06 16:25:29,824] {taskinstance.py:1042} INFO - 
--------------------------------------------------------------------------------
[2022-06-06 16:25:29,824] {taskinstance.py:1043} INFO - Starting attempt 1 of 3
[2022-06-06 16:25:29,824] {taskinstance.py:1044} INFO - 
--------------------------------------------------------------------------------
[2022-06-06 16:25:29,831] {taskinstance.py:1063} INFO - Executing <Task(BigQueryOperator): write_truncate_hackernews_agg> on 2022-03-04T10:00:00+00:00
[2022-06-06 16:25:29,835] {standard_task_runner.py:52} INFO - Started process 410 to run task
[2022-06-06 16:25:29,838] {standard_task_runner.py:76} INFO - Running: ['airflow', 'tasks', 'run', 'gbq_pipeline', 'write_truncate_hackernews_agg', '2022-03-04T10:00:00+00:00', '--job-id', '435', '--pool', 'default_pool', '--raw', '--subdir', 'DAGS_FOLDER/gbq_pipeline.py', '--cfg-path', '/tmp/tmpcd7ed1ox', '--error-file', '/tmp/tmp1y8m7gc3']
[2022-06-06 16:25:29,840] {standard_task_runner.py:77} INFO - Job 435: Subtask write_truncate_hackernews_agg
[2022-06-06 16:25:29,873] {logging_mixin.py:104} INFO - Running <TaskInstance: gbq_pipeline.write_truncate_hackernews_agg 2022-03-04T10:00:00+00:00 [running]> on host c40819a450e3
[2022-06-06 16:25:29,905] {taskinstance.py:1257} INFO - Exporting the following env vars:
AIRFLOW_CTX_DAG_EMAIL=airflow@airflow.com
AIRFLOW_CTX_DAG_OWNER=vanmai-airflow
AIRFLOW_CTX_DAG_ID=gbq_pipeline
AIRFLOW_CTX_TASK_ID=write_truncate_hackernews_agg
AIRFLOW_CTX_EXECUTION_DATE=2022-03-04T10:00:00+00:00
AIRFLOW_CTX_DAG_RUN_ID=scheduled__2022-03-04T10:00:00+00:00
[2022-06-06 16:25:29,906] {bigquery.py:680} INFO - Executing: 
    SELECT
      FORMAT_TIMESTAMP("%Y%m%d", timestamp) AS date,
      `by` AS user,
      id as story_id,
      REGEXP_EXTRACT(url, "(https?://github.com/[^/]*/[^/#?]*)") as github_repo,
      type,
      length(text) length,
      SUM(score) as score
    FROM
      `bigquery-public-data.hacker_news.full`
    WHERE TRUE
      AND FORMAT_TIMESTAMP("%Y%m%d", timestamp) = '20220304'
      AND url LIKE '%https://github.com%'
      AND url NOT LIKE '%github.com/blog/%'
    GROUP BY 1,2,3,4,5,6
    
[2022-06-06 16:25:29,914] {logging_mixin.py:104} WARNING - /home/airflow/.local/lib/python3.6/site-packages/airflow/providers/google/cloud/hooks/bigquery.py:2052 DeprecationWarning: This method is deprecated. Please use `BigQueryHook.insert_job` method.
[2022-06-06 16:25:29,920] {bigquery.py:1510} INFO - Inserting job airflow_1654532729919690_31c5300eebb927016ad49640c1034587
[2022-06-06 16:25:35,089] {taskinstance.py:1166} INFO - Marking task as SUCCESS. dag_id=gbq_pipeline, task_id=write_truncate_hackernews_agg, execution_date=20220304T100000, start_date=20220606T162529, end_date=20220606T162535
[2022-06-06 16:25:35,128] {taskinstance.py:1220} INFO - 0 downstream tasks scheduled from follow-on schedule check
[2022-06-06 16:25:35,142] {local_task_job.py:146} INFO - Task exited with return code 0
[2022-06-06 16:56:06,131] {taskinstance.py:851} INFO - Dependencies all met for <TaskInstance: gbq_pipeline.write_truncate_hackernews_agg 2022-03-04T10:00:00+00:00 [queued]>
[2022-06-06 16:56:06,150] {taskinstance.py:851} INFO - Dependencies all met for <TaskInstance: gbq_pipeline.write_truncate_hackernews_agg 2022-03-04T10:00:00+00:00 [queued]>
[2022-06-06 16:56:06,151] {taskinstance.py:1042} INFO - 
--------------------------------------------------------------------------------
[2022-06-06 16:56:06,151] {taskinstance.py:1043} INFO - Starting attempt 1 of 3
[2022-06-06 16:56:06,151] {taskinstance.py:1044} INFO - 
--------------------------------------------------------------------------------
[2022-06-06 16:56:06,158] {taskinstance.py:1063} INFO - Executing <Task(BigQueryOperator): write_truncate_hackernews_agg> on 2022-03-04T10:00:00+00:00
[2022-06-06 16:56:06,162] {standard_task_runner.py:52} INFO - Started process 510 to run task
[2022-06-06 16:56:06,165] {standard_task_runner.py:76} INFO - Running: ['airflow', 'tasks', 'run', 'gbq_pipeline', 'write_truncate_hackernews_agg', '2022-03-04T10:00:00+00:00', '--job-id', '469', '--pool', 'default_pool', '--raw', '--subdir', 'DAGS_FOLDER/gbq_pipeline.py', '--cfg-path', '/tmp/tmp0jwgi1j5', '--error-file', '/tmp/tmpflf371sb']
[2022-06-06 16:56:06,167] {standard_task_runner.py:77} INFO - Job 469: Subtask write_truncate_hackernews_agg
[2022-06-06 16:56:06,197] {logging_mixin.py:104} INFO - Running <TaskInstance: gbq_pipeline.write_truncate_hackernews_agg 2022-03-04T10:00:00+00:00 [running]> on host c40819a450e3
[2022-06-06 16:56:06,227] {taskinstance.py:1257} INFO - Exporting the following env vars:
AIRFLOW_CTX_DAG_EMAIL=airflow@airflow.com
AIRFLOW_CTX_DAG_OWNER=vanmai-airflow
AIRFLOW_CTX_DAG_ID=gbq_pipeline
AIRFLOW_CTX_TASK_ID=write_truncate_hackernews_agg
AIRFLOW_CTX_EXECUTION_DATE=2022-03-04T10:00:00+00:00
AIRFLOW_CTX_DAG_RUN_ID=scheduled__2022-03-04T10:00:00+00:00
[2022-06-06 16:56:06,228] {bigquery.py:680} INFO - Executing: 
    SELECT
      FORMAT_TIMESTAMP("%Y%m%d", timestamp) AS date,
      `by` AS user,
      id as story_id,
      REGEXP_EXTRACT(url, "(https?://github.com/[^/]*/[^/#?]*)") as github_repo,
      type,
      length(text) length,
      SUM(score) as score
    FROM
      `bigquery-public-data.hacker_news.full`
    WHERE TRUE
      AND FORMAT_TIMESTAMP("%Y%m%d", timestamp) = '20220304'
      AND url LIKE '%https://github.com%'
      AND url NOT LIKE '%github.com/blog/%'
    GROUP BY 1,2,3,4,5,6
    
[2022-06-06 16:56:06,235] {logging_mixin.py:104} WARNING - /home/airflow/.local/lib/python3.6/site-packages/airflow/providers/google/cloud/hooks/bigquery.py:2052 DeprecationWarning: This method is deprecated. Please use `BigQueryHook.insert_job` method.
[2022-06-06 16:56:06,242] {bigquery.py:1510} INFO - Inserting job airflow_1654534566241652_31c5300eebb927016ad49640c1034587
[2022-06-06 16:56:10,516] {taskinstance.py:1166} INFO - Marking task as SUCCESS. dag_id=gbq_pipeline, task_id=write_truncate_hackernews_agg, execution_date=20220304T100000, start_date=20220606T165606, end_date=20220606T165610
[2022-06-06 16:56:10,724] {taskinstance.py:1220} INFO - 0 downstream tasks scheduled from follow-on schedule check
[2022-06-06 16:56:10,753] {local_task_job.py:146} INFO - Task exited with return code 0
[2022-06-06 16:57:50,513] {taskinstance.py:851} INFO - Dependencies all met for <TaskInstance: gbq_pipeline.write_truncate_hackernews_agg 2022-03-04T10:00:00+00:00 [queued]>
[2022-06-06 16:57:50,531] {taskinstance.py:851} INFO - Dependencies all met for <TaskInstance: gbq_pipeline.write_truncate_hackernews_agg 2022-03-04T10:00:00+00:00 [queued]>
[2022-06-06 16:57:50,531] {taskinstance.py:1042} INFO - 
--------------------------------------------------------------------------------
[2022-06-06 16:57:50,532] {taskinstance.py:1043} INFO - Starting attempt 1 of 3
[2022-06-06 16:57:50,532] {taskinstance.py:1044} INFO - 
--------------------------------------------------------------------------------
[2022-06-06 16:57:50,540] {taskinstance.py:1063} INFO - Executing <Task(BigQueryOperator): write_truncate_hackernews_agg> on 2022-03-04T10:00:00+00:00
[2022-06-06 16:57:50,544] {standard_task_runner.py:52} INFO - Started process 611 to run task
[2022-06-06 16:57:50,547] {standard_task_runner.py:76} INFO - Running: ['airflow', 'tasks', 'run', 'gbq_pipeline', 'write_truncate_hackernews_agg', '2022-03-04T10:00:00+00:00', '--job-id', '502', '--pool', 'default_pool', '--raw', '--subdir', 'DAGS_FOLDER/gbq_pipeline.py', '--cfg-path', '/tmp/tmpakgoym7m', '--error-file', '/tmp/tmpvyg6gpgg']
[2022-06-06 16:57:50,549] {standard_task_runner.py:77} INFO - Job 502: Subtask write_truncate_hackernews_agg
[2022-06-06 16:57:50,581] {logging_mixin.py:104} INFO - Running <TaskInstance: gbq_pipeline.write_truncate_hackernews_agg 2022-03-04T10:00:00+00:00 [running]> on host c40819a450e3
[2022-06-06 16:57:50,612] {taskinstance.py:1257} INFO - Exporting the following env vars:
AIRFLOW_CTX_DAG_EMAIL=airflow@airflow.com
AIRFLOW_CTX_DAG_OWNER=vanmai-airflow
AIRFLOW_CTX_DAG_ID=gbq_pipeline
AIRFLOW_CTX_TASK_ID=write_truncate_hackernews_agg
AIRFLOW_CTX_EXECUTION_DATE=2022-03-04T10:00:00+00:00
AIRFLOW_CTX_DAG_RUN_ID=scheduled__2022-03-04T10:00:00+00:00
[2022-06-06 16:57:50,613] {bigquery.py:680} INFO - Executing: 
    SELECT
      FORMAT_TIMESTAMP("%Y%m%d", timestamp) AS date,
      `by` AS user,
      id as story_id,
      REGEXP_EXTRACT(url, "(https?://github.com/[^/]*/[^/#?]*)") as github_repo,
      type,
      length(text) length,
      SUM(score) as score
    FROM
      `bigquery-public-data.hacker_news.full`
    WHERE TRUE
      AND FORMAT_TIMESTAMP("%Y%m%d", timestamp) = '20220304'
      AND url LIKE '%https://github.com%'
      AND url NOT LIKE '%github.com/blog/%'
    GROUP BY 1,2,3,4,5,6
    
[2022-06-06 16:57:50,621] {logging_mixin.py:104} WARNING - /home/airflow/.local/lib/python3.6/site-packages/airflow/providers/google/cloud/hooks/bigquery.py:2052 DeprecationWarning: This method is deprecated. Please use `BigQueryHook.insert_job` method.
[2022-06-06 16:57:50,628] {bigquery.py:1510} INFO - Inserting job airflow_1654534670628265_31c5300eebb927016ad49640c1034587
[2022-06-06 16:57:54,697] {taskinstance.py:1166} INFO - Marking task as SUCCESS. dag_id=gbq_pipeline, task_id=write_truncate_hackernews_agg, execution_date=20220304T100000, start_date=20220606T165750, end_date=20220606T165754
[2022-06-06 16:57:54,921] {taskinstance.py:1220} INFO - 0 downstream tasks scheduled from follow-on schedule check
[2022-06-06 16:57:54,943] {local_task_job.py:146} INFO - Task exited with return code 0
[2022-06-06 16:59:58,307] {taskinstance.py:851} INFO - Dependencies all met for <TaskInstance: gbq_pipeline.write_truncate_hackernews_agg 2022-03-04T10:00:00+00:00 [queued]>
[2022-06-06 16:59:58,322] {taskinstance.py:851} INFO - Dependencies all met for <TaskInstance: gbq_pipeline.write_truncate_hackernews_agg 2022-03-04T10:00:00+00:00 [queued]>
[2022-06-06 16:59:58,322] {taskinstance.py:1042} INFO - 
--------------------------------------------------------------------------------
[2022-06-06 16:59:58,322] {taskinstance.py:1043} INFO - Starting attempt 1 of 3
[2022-06-06 16:59:58,323] {taskinstance.py:1044} INFO - 
--------------------------------------------------------------------------------
[2022-06-06 16:59:58,336] {taskinstance.py:1063} INFO - Executing <Task(BigQueryOperator): write_truncate_hackernews_agg> on 2022-03-04T10:00:00+00:00
[2022-06-06 16:59:58,344] {standard_task_runner.py:52} INFO - Started process 773 to run task
[2022-06-06 16:59:58,347] {standard_task_runner.py:76} INFO - Running: ['airflow', 'tasks', 'run', 'gbq_pipeline', 'write_truncate_hackernews_agg', '2022-03-04T10:00:00+00:00', '--job-id', '554', '--pool', 'default_pool', '--raw', '--subdir', 'DAGS_FOLDER/gbq_pipeline.py', '--cfg-path', '/tmp/tmpt6vaumyt', '--error-file', '/tmp/tmpyxwo2zaw']
[2022-06-06 16:59:58,350] {standard_task_runner.py:77} INFO - Job 554: Subtask write_truncate_hackernews_agg
[2022-06-06 16:59:58,406] {logging_mixin.py:104} INFO - Running <TaskInstance: gbq_pipeline.write_truncate_hackernews_agg 2022-03-04T10:00:00+00:00 [running]> on host c40819a450e3
[2022-06-06 16:59:58,454] {taskinstance.py:1257} INFO - Exporting the following env vars:
AIRFLOW_CTX_DAG_EMAIL=airflow@airflow.com
AIRFLOW_CTX_DAG_OWNER=vanmai-airflow
AIRFLOW_CTX_DAG_ID=gbq_pipeline
AIRFLOW_CTX_TASK_ID=write_truncate_hackernews_agg
AIRFLOW_CTX_EXECUTION_DATE=2022-03-04T10:00:00+00:00
AIRFLOW_CTX_DAG_RUN_ID=scheduled__2022-03-04T10:00:00+00:00
[2022-06-06 16:59:58,456] {bigquery.py:680} INFO - Executing: 
    SELECT
      FORMAT_TIMESTAMP("%Y%m%d", timestamp) AS date,
      `by` AS user,
      id as story_id,
      REGEXP_EXTRACT(url, "(https?://github.com/[^/]*/[^/#?]*)") as github_repo,
      type,
      length(text) length,
      SUM(score) as score
    FROM
      `bigquery-public-data.hacker_news.full`
    WHERE TRUE
      AND FORMAT_TIMESTAMP("%Y%m%d", timestamp) = '20220304'
      AND url LIKE '%https://github.com%'
      AND url NOT LIKE '%github.com/blog/%'
    GROUP BY 1,2,3,4,5,6
    
[2022-06-06 16:59:58,466] {logging_mixin.py:104} WARNING - /home/airflow/.local/lib/python3.6/site-packages/airflow/providers/google/cloud/hooks/bigquery.py:2052 DeprecationWarning: This method is deprecated. Please use `BigQueryHook.insert_job` method.
[2022-06-06 16:59:58,474] {bigquery.py:1510} INFO - Inserting job airflow_1654534798474212_31c5300eebb927016ad49640c1034587
[2022-06-06 17:00:02,147] {taskinstance.py:1166} INFO - Marking task as SUCCESS. dag_id=gbq_pipeline, task_id=write_truncate_hackernews_agg, execution_date=20220304T100000, start_date=20220606T165958, end_date=20220606T170002
[2022-06-06 17:00:02,195] {taskinstance.py:1220} INFO - 0 downstream tasks scheduled from follow-on schedule check
[2022-06-06 17:00:02,219] {local_task_job.py:146} INFO - Task exited with return code 0
