[2022-06-06 15:15:01,502] {taskinstance.py:851} INFO - Dependencies all met for <TaskInstance: gbq_pipeline.write_truncate_github_agg 2022-06-02T10:00:00+00:00 [queued]>
[2022-06-06 15:15:01,526] {taskinstance.py:851} INFO - Dependencies all met for <TaskInstance: gbq_pipeline.write_truncate_github_agg 2022-06-02T10:00:00+00:00 [queued]>
[2022-06-06 15:15:01,527] {taskinstance.py:1042} INFO - 
--------------------------------------------------------------------------------
[2022-06-06 15:15:01,527] {taskinstance.py:1043} INFO - Starting attempt 2 of 4
[2022-06-06 15:15:01,528] {taskinstance.py:1044} INFO - 
--------------------------------------------------------------------------------
[2022-06-06 15:15:01,536] {taskinstance.py:1063} INFO - Executing <Task(BigQueryOperator): write_truncate_github_agg> on 2022-06-02T10:00:00+00:00
[2022-06-06 15:15:01,543] {standard_task_runner.py:52} INFO - Started process 173 to run task
[2022-06-06 15:15:01,547] {standard_task_runner.py:76} INFO - Running: ['airflow', 'tasks', 'run', 'gbq_pipeline', 'write_truncate_github_agg', '2022-06-02T10:00:00+00:00', '--job-id', '356', '--pool', 'default_pool', '--raw', '--subdir', 'DAGS_FOLDER/gbq_pipeline.py', '--cfg-path', '/tmp/tmpynh5urc3', '--error-file', '/tmp/tmp22i4taok']
[2022-06-06 15:15:01,549] {standard_task_runner.py:77} INFO - Job 356: Subtask write_truncate_github_agg
[2022-06-06 15:15:01,591] {logging_mixin.py:104} INFO - Running <TaskInstance: gbq_pipeline.write_truncate_github_agg 2022-06-02T10:00:00+00:00 [running]> on host c40819a450e3
[2022-06-06 15:15:01,627] {taskinstance.py:1257} INFO - Exporting the following env vars:
AIRFLOW_CTX_DAG_EMAIL=airflow@airflow.com
AIRFLOW_CTX_DAG_OWNER=vanmai-airflow
AIRFLOW_CTX_DAG_ID=gbq_pipeline
AIRFLOW_CTX_TASK_ID=write_truncate_github_agg
AIRFLOW_CTX_EXECUTION_DATE=2022-06-02T10:00:00+00:00
AIRFLOW_CTX_DAG_RUN_ID=scheduled__2022-06-02T10:00:00+00:00
[2022-06-06 15:15:01,629] {bigquery.py:680} INFO - Executing: 
        with cte as
        (
          SELECT
            FORMAT_TIMESTAMP("%Y%m%d", created_at) AS date,
            actor.id as actor_id,
            CONCAT('https://github.com/', repo.name) as github_repo,
            type
          FROM
            `githubarchive.day.20220602`
        )

        SELECT
          date,
          github_repo,
          count(IF(type='WatchEvent', type, NULL)) AS subs,
          count(IF(type='PushEvent',  type, NULL)) AS pushes,
          count(IF(type='PullRequestEvent',  type, NULL)) AS pullrequests,
          count(IF(type='ForkEvent',  type, NULL)) AS copies,
          count(IF(type in ('IssueCommentEvent','CommitCommentEvent','PullRequestReviewCommentEvent'),  type, NULL)) AS comments,
          count(*) AS all_event
        FROM cte
        GROUP BY 1,2
        ORDER BY all_event desc
        
[2022-06-06 15:15:01,638] {logging_mixin.py:104} WARNING - /home/airflow/.local/lib/python3.6/site-packages/airflow/providers/google/cloud/hooks/bigquery.py:2052 DeprecationWarning: This method is deprecated. Please use `BigQueryHook.insert_job` method.
[2022-06-06 15:15:01,645] {bigquery.py:1510} INFO - Inserting job airflow_1654528501644494_645b2837f6e9e8a61c4f8239b1814d02
[2022-06-06 15:15:09,552] {taskinstance.py:1166} INFO - Marking task as SUCCESS. dag_id=gbq_pipeline, task_id=write_truncate_github_agg, execution_date=20220602T100000, start_date=20220606T151501, end_date=20220606T151509
[2022-06-06 15:15:09,578] {taskinstance.py:1220} INFO - 1 downstream tasks scheduled from follow-on schedule check
[2022-06-06 15:15:09,586] {local_task_job.py:146} INFO - Task exited with return code 0
[2022-06-06 20:01:32,680] {taskinstance.py:851} INFO - Dependencies all met for <TaskInstance: gbq_pipeline.write_truncate_github_agg 2022-06-02T10:00:00+00:00 [queued]>
[2022-06-06 20:01:32,694] {taskinstance.py:851} INFO - Dependencies all met for <TaskInstance: gbq_pipeline.write_truncate_github_agg 2022-06-02T10:00:00+00:00 [queued]>
[2022-06-06 20:01:32,695] {taskinstance.py:1042} INFO - 
--------------------------------------------------------------------------------
[2022-06-06 20:01:32,695] {taskinstance.py:1043} INFO - Starting attempt 2 of 3
[2022-06-06 20:01:32,695] {taskinstance.py:1044} INFO - 
--------------------------------------------------------------------------------
[2022-06-06 20:01:32,705] {taskinstance.py:1063} INFO - Executing <Task(BigQueryOperator): write_truncate_github_agg> on 2022-06-02T10:00:00+00:00
[2022-06-06 20:01:32,710] {standard_task_runner.py:52} INFO - Started process 247 to run task
[2022-06-06 20:01:32,712] {standard_task_runner.py:76} INFO - Running: ['airflow', 'tasks', 'run', 'gbq_pipeline', 'write_truncate_github_agg', '2022-06-02T10:00:00+00:00', '--job-id', '838', '--pool', 'default_pool', '--raw', '--subdir', 'DAGS_FOLDER/gbq_pipeline.py', '--cfg-path', '/tmp/tmpidze7r6t', '--error-file', '/tmp/tmpss9iq6uy']
[2022-06-06 20:01:32,714] {standard_task_runner.py:77} INFO - Job 838: Subtask write_truncate_github_agg
[2022-06-06 20:01:32,748] {logging_mixin.py:104} INFO - Running <TaskInstance: gbq_pipeline.write_truncate_github_agg 2022-06-02T10:00:00+00:00 [running]> on host e8b9b26156db
[2022-06-06 20:01:32,776] {taskinstance.py:1257} INFO - Exporting the following env vars:
AIRFLOW_CTX_DAG_EMAIL=airflow@airflow.com
AIRFLOW_CTX_DAG_OWNER=vanmai-airflow
AIRFLOW_CTX_DAG_ID=gbq_pipeline
AIRFLOW_CTX_TASK_ID=write_truncate_github_agg
AIRFLOW_CTX_EXECUTION_DATE=2022-06-02T10:00:00+00:00
AIRFLOW_CTX_DAG_RUN_ID=scheduled__2022-06-02T10:00:00+00:00
[2022-06-06 20:01:32,777] {bigquery.py:680} INFO - Executing: 
        with cte as
        (
          SELECT
            FORMAT_TIMESTAMP("%Y%m%d", created_at) AS date,
            actor.id as actor_id,
            CONCAT('https://github.com/', repo.name) as github_repo,
            type
          FROM
            `githubarchive.day.20220602`
        )

        SELECT
          date,
          github_repo,
          count(IF(type='WatchEvent', type, NULL)) AS subs,
          count(IF(type='PushEvent',  type, NULL)) AS pushes,
          count(IF(type='PullRequestEvent',  type, NULL)) AS pullrequests,
          count(IF(type='ForkEvent',  type, NULL)) AS copies,
          count(IF(type in ('IssueCommentEvent','CommitCommentEvent','PullRequestReviewCommentEvent'),  type, NULL)) AS comments,
          count(*) AS all_event
        FROM cte
        GROUP BY 1,2
        ORDER BY all_event desc
        
[2022-06-06 20:01:32,785] {logging_mixin.py:104} WARNING - /home/airflow/.local/lib/python3.6/site-packages/airflow/providers/google/cloud/hooks/bigquery.py:2052 DeprecationWarning: This method is deprecated. Please use `BigQueryHook.insert_job` method.
[2022-06-06 20:01:32,793] {bigquery.py:1510} INFO - Inserting job airflow_1654545692792823_e652ad75ff91e856477eebd242f6a174
[2022-06-06 20:01:40,240] {taskinstance.py:1166} INFO - Marking task as SUCCESS. dag_id=gbq_pipeline, task_id=write_truncate_github_agg, execution_date=20220602T100000, start_date=20220606T200132, end_date=20220606T200140
[2022-06-06 20:01:40,263] {taskinstance.py:1220} INFO - 1 downstream tasks scheduled from follow-on schedule check
[2022-06-06 20:01:40,271] {local_task_job.py:146} INFO - Task exited with return code 0
