[2022-06-06 17:00:13,331] {taskinstance.py:851} INFO - Dependencies all met for <TaskInstance: gbq_pipeline.final_check_join_table 2022-03-07T10:00:00+00:00 [queued]>
[2022-06-06 17:00:13,353] {taskinstance.py:851} INFO - Dependencies all met for <TaskInstance: gbq_pipeline.final_check_join_table 2022-03-07T10:00:00+00:00 [queued]>
[2022-06-06 17:00:13,353] {taskinstance.py:1042} INFO - 
--------------------------------------------------------------------------------
[2022-06-06 17:00:13,354] {taskinstance.py:1043} INFO - Starting attempt 1 of 3
[2022-06-06 17:00:13,354] {taskinstance.py:1044} INFO - 
--------------------------------------------------------------------------------
[2022-06-06 17:00:13,372] {taskinstance.py:1063} INFO - Executing <Task(BigQueryCheckOperator): final_check_join_table> on 2022-03-07T10:00:00+00:00
[2022-06-06 17:00:13,379] {standard_task_runner.py:52} INFO - Started process 820 to run task
[2022-06-06 17:00:13,383] {standard_task_runner.py:76} INFO - Running: ['airflow', 'tasks', 'run', 'gbq_pipeline', 'final_check_join_table', '2022-03-07T10:00:00+00:00', '--job-id', '571', '--pool', 'default_pool', '--raw', '--subdir', 'DAGS_FOLDER/gbq_pipeline.py', '--cfg-path', '/tmp/tmpoz7b86eg', '--error-file', '/tmp/tmpg908xjre']
[2022-06-06 17:00:13,386] {standard_task_runner.py:77} INFO - Job 571: Subtask final_check_join_table
[2022-06-06 17:00:13,426] {logging_mixin.py:104} INFO - Running <TaskInstance: gbq_pipeline.final_check_join_table 2022-03-07T10:00:00+00:00 [running]> on host c40819a450e3
[2022-06-06 17:00:13,476] {taskinstance.py:1257} INFO - Exporting the following env vars:
AIRFLOW_CTX_DAG_EMAIL=airflow@airflow.com
AIRFLOW_CTX_DAG_OWNER=vanmai-airflow
AIRFLOW_CTX_DAG_ID=gbq_pipeline
AIRFLOW_CTX_TASK_ID=final_check_join_table
AIRFLOW_CTX_EXECUTION_DATE=2022-03-07T10:00:00+00:00
AIRFLOW_CTX_DAG_RUN_ID=scheduled__2022-03-07T10:00:00+00:00
[2022-06-06 17:00:13,478] {sql.py:87} INFO - Executing SQL check: 
    SELECT "20220307" =
        (
        SELECT max(date)
        FROM `airflow-project-352316.github_curated.github_hackernews_join`
        )
    
[2022-06-06 17:00:13,492] {logging_mixin.py:104} WARNING - /home/airflow/.local/lib/python3.6/site-packages/airflow/providers/google/cloud/hooks/bigquery.py:120 DeprecationWarning: This method will be deprecated. Please use `BigQueryHook.get_client` method
[2022-06-06 17:00:14,154] {logging_mixin.py:104} WARNING - /home/airflow/.local/lib/python3.6/site-packages/airflow/providers/google/cloud/hooks/bigquery.py:2052 DeprecationWarning: This method is deprecated. Please use `BigQueryHook.insert_job` method.
[2022-06-06 17:00:14,156] {bigquery.py:1510} INFO - Inserting job airflow_1654534814155533_784ff58c9a75ddac5d0cf09e61cfc4e4
[2022-06-06 17:00:15,688] {sql.py:90} INFO - Record: [True]
[2022-06-06 17:00:15,688] {sql.py:96} INFO - Success.
[2022-06-06 17:00:15,695] {taskinstance.py:1166} INFO - Marking task as SUCCESS. dag_id=gbq_pipeline, task_id=final_check_join_table, execution_date=20220307T100000, start_date=20220606T170013, end_date=20220606T170015
[2022-06-06 17:00:15,712] {taskinstance.py:1220} INFO - 0 downstream tasks scheduled from follow-on schedule check
[2022-06-06 17:00:15,726] {local_task_job.py:146} INFO - Task exited with return code 0
