[2022-06-05 22:02:27,697] {taskinstance.py:851} INFO - Dependencies all met for <TaskInstance: vanmai-demo.t1_print_date 2022-05-23T00:00:00+00:00 [queued]>
[2022-06-05 22:02:27,715] {taskinstance.py:851} INFO - Dependencies all met for <TaskInstance: vanmai-demo.t1_print_date 2022-05-23T00:00:00+00:00 [queued]>
[2022-06-05 22:02:27,716] {taskinstance.py:1042} INFO - 
--------------------------------------------------------------------------------
[2022-06-05 22:02:27,716] {taskinstance.py:1043} INFO - Starting attempt 1 of 2
[2022-06-05 22:02:27,716] {taskinstance.py:1044} INFO - 
--------------------------------------------------------------------------------
[2022-06-05 22:02:27,725] {taskinstance.py:1063} INFO - Executing <Task(BashOperator): t1_print_date> on 2022-05-23T00:00:00+00:00
[2022-06-05 22:02:27,731] {standard_task_runner.py:52} INFO - Started process 54 to run task
[2022-06-05 22:02:27,735] {standard_task_runner.py:76} INFO - Running: ['airflow', 'tasks', 'run', 'vanmai-demo', 't1_print_date', '2022-05-23T00:00:00+00:00', '--job-id', '224', '--pool', 'default_pool', '--raw', '--subdir', 'DAGS_FOLDER/vanmai-demo.py', '--cfg-path', '/tmp/tmpvr19yxue', '--error-file', '/tmp/tmp5vx1d89x']
[2022-06-05 22:02:27,736] {standard_task_runner.py:77} INFO - Job 224: Subtask t1_print_date
[2022-06-05 22:02:27,777] {logging_mixin.py:104} INFO - Running <TaskInstance: vanmai-demo.t1_print_date 2022-05-23T00:00:00+00:00 [running]> on host 173d5ef1e4be
[2022-06-05 22:02:27,821] {taskinstance.py:1257} INFO - Exporting the following env vars:
AIRFLOW_CTX_DAG_EMAIL=airflow@example.com
AIRFLOW_CTX_DAG_OWNER=vanmai
AIRFLOW_CTX_DAG_ID=vanmai-demo
AIRFLOW_CTX_TASK_ID=t1_print_date
AIRFLOW_CTX_EXECUTION_DATE=2022-05-23T00:00:00+00:00
AIRFLOW_CTX_DAG_RUN_ID=scheduled__2022-05-23T00:00:00+00:00
[2022-06-05 22:02:27,823] {bash.py:135} INFO - Tmp dir root location: 
 /tmp
[2022-06-05 22:02:27,824] {bash.py:158} INFO - Running command: date
[2022-06-05 22:02:27,834] {bash.py:169} INFO - Output:
[2022-06-05 22:02:27,836] {bash.py:173} INFO - Sun Jun  5 22:02:27 UTC 2022
[2022-06-05 22:02:27,837] {bash.py:177} INFO - Command exited with return code 0
[2022-06-05 22:02:27,866] {taskinstance.py:1166} INFO - Marking task as SUCCESS. dag_id=vanmai-demo, task_id=t1_print_date, execution_date=20220523T000000, start_date=20220605T220227, end_date=20220605T220227
[2022-06-05 22:02:27,898] {taskinstance.py:1220} INFO - 2 downstream tasks scheduled from follow-on schedule check
[2022-06-05 22:02:27,910] {local_task_job.py:146} INFO - Task exited with return code 0
