[2022-06-06 15:03:42,713] {taskinstance.py:851} INFO - Dependencies all met for <TaskInstance: gbq_pipeline.write_truncate_hackernews_agg 2022-06-01T10:00:00+00:00 [queued]>
[2022-06-06 15:03:42,725] {taskinstance.py:851} INFO - Dependencies all met for <TaskInstance: gbq_pipeline.write_truncate_hackernews_agg 2022-06-01T10:00:00+00:00 [queued]>
[2022-06-06 15:03:42,725] {taskinstance.py:1042} INFO - 
--------------------------------------------------------------------------------
[2022-06-06 15:03:42,726] {taskinstance.py:1043} INFO - Starting attempt 2 of 4
[2022-06-06 15:03:42,726] {taskinstance.py:1044} INFO - 
--------------------------------------------------------------------------------
[2022-06-06 15:03:42,737] {taskinstance.py:1063} INFO - Executing <Task(BigQueryOperator): write_truncate_hackernews_agg> on 2022-06-01T10:00:00+00:00
[2022-06-06 15:03:42,742] {standard_task_runner.py:52} INFO - Started process 123 to run task
[2022-06-06 15:03:42,745] {standard_task_runner.py:76} INFO - Running: ['airflow', 'tasks', 'run', 'gbq_pipeline', 'write_truncate_hackernews_agg', '2022-06-01T10:00:00+00:00', '--job-id', '338', '--pool', 'default_pool', '--raw', '--subdir', 'DAGS_FOLDER/gbq_pipeline.py', '--cfg-path', '/tmp/tmpw1ooueb_', '--error-file', '/tmp/tmp99q6pf5s']
[2022-06-06 15:03:42,747] {standard_task_runner.py:77} INFO - Job 338: Subtask write_truncate_hackernews_agg
[2022-06-06 15:03:42,785] {logging_mixin.py:104} INFO - Running <TaskInstance: gbq_pipeline.write_truncate_hackernews_agg 2022-06-01T10:00:00+00:00 [running]> on host c40819a450e3
[2022-06-06 15:03:42,819] {taskinstance.py:1257} INFO - Exporting the following env vars:
AIRFLOW_CTX_DAG_EMAIL=airflow@airflow.com
AIRFLOW_CTX_DAG_OWNER=vanmai-airflow
AIRFLOW_CTX_DAG_ID=gbq_pipeline
AIRFLOW_CTX_TASK_ID=write_truncate_hackernews_agg
AIRFLOW_CTX_EXECUTION_DATE=2022-06-01T10:00:00+00:00
AIRFLOW_CTX_DAG_RUN_ID=scheduled__2022-06-01T10:00:00+00:00
[2022-06-06 15:03:42,821] {bigquery.py:680} INFO - Executing: 
    SELECT
      FORMAT_TIMESTAMP("%Y%m%d", timestamp) AS date,
      `by` AS user,
      id as story_id,
      REGEXP_EXTRACT(url, "(https?://github.com/[^/]*/[^/#?]*)") as github_repo,
      type,
      length(text) length,
      SUM(score) as score
    FROM
      `bigquery-public-data.hacker_news.full`
    WHERE TRUE
      AND FORMAT_TIMESTAMP("%Y%m%d", timestamp) = '20220601'
      AND url LIKE '%https://github.com%'
      AND url NOT LIKE '%github.com/blog/%'
    GROUP BY 1,2,3,4,5,6
    
[2022-06-06 15:03:42,831] {logging_mixin.py:104} WARNING - /home/airflow/.local/lib/python3.6/site-packages/airflow/providers/google/cloud/hooks/bigquery.py:2052 DeprecationWarning: This method is deprecated. Please use `BigQueryHook.insert_job` method.
[2022-06-06 15:03:42,840] {bigquery.py:1510} INFO - Inserting job airflow_1654527822839529_082332f00019816012af174d49c39f02
[2022-06-06 15:03:48,156] {taskinstance.py:1166} INFO - Marking task as SUCCESS. dag_id=gbq_pipeline, task_id=write_truncate_hackernews_agg, execution_date=20220601T100000, start_date=20220606T150342, end_date=20220606T150348
[2022-06-06 15:03:48,181] {taskinstance.py:1220} INFO - 0 downstream tasks scheduled from follow-on schedule check
[2022-06-06 15:03:48,215] {local_task_job.py:146} INFO - Task exited with return code 0
[2022-06-06 17:56:04,477] {taskinstance.py:851} INFO - Dependencies all met for <TaskInstance: gbq_pipeline.write_truncate_hackernews_agg 2022-06-01T10:00:00+00:00 [queued]>
[2022-06-06 17:56:04,487] {taskinstance.py:851} INFO - Dependencies all met for <TaskInstance: gbq_pipeline.write_truncate_hackernews_agg 2022-06-01T10:00:00+00:00 [queued]>
[2022-06-06 17:56:04,487] {taskinstance.py:1042} INFO - 
--------------------------------------------------------------------------------
[2022-06-06 17:56:04,488] {taskinstance.py:1043} INFO - Starting attempt 2 of 3
[2022-06-06 17:56:04,488] {taskinstance.py:1044} INFO - 
--------------------------------------------------------------------------------
[2022-06-06 17:56:04,498] {taskinstance.py:1063} INFO - Executing <Task(BigQueryOperator): write_truncate_hackernews_agg> on 2022-06-01T10:00:00+00:00
[2022-06-06 17:56:04,506] {standard_task_runner.py:76} INFO - Running: ['airflow', 'tasks', 'run', 'gbq_pipeline', 'write_truncate_hackernews_agg', '2022-06-01T10:00:00+00:00', '--job-id', '767', '--pool', 'default_pool', '--raw', '--subdir', 'DAGS_FOLDER/gbq_pipeline.py', '--cfg-path', '/tmp/tmpf0aflkj9', '--error-file', '/tmp/tmp2s7s4oqn']
[2022-06-06 17:56:04,503] {standard_task_runner.py:52} INFO - Started process 399 to run task
[2022-06-06 17:56:04,508] {standard_task_runner.py:77} INFO - Job 767: Subtask write_truncate_hackernews_agg
[2022-06-06 17:56:04,542] {logging_mixin.py:104} INFO - Running <TaskInstance: gbq_pipeline.write_truncate_hackernews_agg 2022-06-01T10:00:00+00:00 [running]> on host f3f1e04b5b71
[2022-06-06 17:56:04,571] {taskinstance.py:1257} INFO - Exporting the following env vars:
AIRFLOW_CTX_DAG_EMAIL=airflow@airflow.com
AIRFLOW_CTX_DAG_OWNER=vanmai-airflow
AIRFLOW_CTX_DAG_ID=gbq_pipeline
AIRFLOW_CTX_TASK_ID=write_truncate_hackernews_agg
AIRFLOW_CTX_EXECUTION_DATE=2022-06-01T10:00:00+00:00
AIRFLOW_CTX_DAG_RUN_ID=scheduled__2022-06-01T10:00:00+00:00
[2022-06-06 17:56:04,573] {bigquery.py:680} INFO - Executing: 
    SELECT
      FORMAT_TIMESTAMP("%Y%m%d", timestamp) AS date,
      `by` AS user,
      id as story_id,
      REGEXP_EXTRACT(url, "(https?://github.com/[^/]*/[^/#?]*)") as github_repo,
      type,
      length(text) length,
      SUM(score) as score
    FROM
      `bigquery-public-data.hacker_news.full`
    WHERE TRUE
      AND FORMAT_TIMESTAMP("%Y%m%d", timestamp) = '20220601'
      AND url LIKE '%https://github.com%'
      AND url NOT LIKE '%github.com/blog/%'
    GROUP BY 1,2,3,4,5,6
    
[2022-06-06 17:56:04,581] {logging_mixin.py:104} WARNING - /home/airflow/.local/lib/python3.6/site-packages/airflow/providers/google/cloud/hooks/bigquery.py:2052 DeprecationWarning: This method is deprecated. Please use `BigQueryHook.insert_job` method.
[2022-06-06 17:56:04,588] {bigquery.py:1510} INFO - Inserting job airflow_1654538164587540_082332f00019816012af174d49c39f02
[2022-06-06 17:56:05,608] {taskinstance.py:1455} ERROR - 403 GET https://bigquery.googleapis.com/bigquery/v2/projects/airflow-project-352316/queries/airflow_1654538164587540_082332f00019816012af174d49c39f02?maxResults=0&location=US&prettyPrint=false: Quota exceeded: Your project exceeded quota for free query bytes scanned. For more information, see https://cloud.google.com/bigquery/docs/troubleshoot-quotas

(job ID: airflow_1654538164587540_082332f00019816012af174d49c39f02)

                           -----Query Job SQL Follows-----                           

    |    .    |    .    |    .    |    .    |    .    |    .    |    .    |    .    |
   1:
   2:    SELECT
   3:      FORMAT_TIMESTAMP("%Y%m%d", timestamp) AS date,
   4:      `by` AS user,
   5:      id as story_id,
   6:      REGEXP_EXTRACT(url, "(https?://github.com/[^/]*/[^/#?]*)") as github_repo,
   7:      type,
   8:      length(text) length,
   9:      SUM(score) as score
  10:    FROM
  11:      `bigquery-public-data.hacker_news.full`
  12:    WHERE TRUE
  13:      AND FORMAT_TIMESTAMP("%Y%m%d", timestamp) = '20220601'
  14:      AND url LIKE '%https://github.com%'
  15:      AND url NOT LIKE '%github.com/blog/%'
  16:    GROUP BY 1,2,3,4,5,6
  17:    
    |    .    |    .    |    .    |    .    |    .    |    .    |    .    |    .    |
Traceback (most recent call last):
  File "/home/airflow/.local/lib/python3.6/site-packages/airflow/models/taskinstance.py", line 1112, in _run_raw_task
    self._prepare_and_execute_task_with_callbacks(context, task)
  File "/home/airflow/.local/lib/python3.6/site-packages/airflow/models/taskinstance.py", line 1285, in _prepare_and_execute_task_with_callbacks
    result = self._execute_task(context, task_copy)
  File "/home/airflow/.local/lib/python3.6/site-packages/airflow/models/taskinstance.py", line 1315, in _execute_task
    result = task_copy.execute(context=context)
  File "/home/airflow/.local/lib/python3.6/site-packages/airflow/providers/google/cloud/operators/bigquery.py", line 706, in execute
    encryption_configuration=self.encryption_configuration,
  File "/home/airflow/.local/lib/python3.6/site-packages/airflow/providers/google/cloud/hooks/bigquery.py", line 2186, in run_query
    job = self.insert_job(configuration=configuration, project_id=self.project_id)
  File "/home/airflow/.local/lib/python3.6/site-packages/airflow/providers/google/common/hooks/base_google.py", line 425, in inner_wrapper
    return func(self, *args, **kwargs)
  File "/home/airflow/.local/lib/python3.6/site-packages/airflow/providers/google/cloud/hooks/bigquery.py", line 1512, in insert_job
    job.result()
  File "/home/airflow/.local/lib/python3.6/site-packages/google/cloud/bigquery/job/query.py", line 1159, in result
    super(QueryJob, self).result(retry=retry, timeout=timeout)
  File "/home/airflow/.local/lib/python3.6/site-packages/google/cloud/bigquery/job/base.py", line 631, in result
    return super(_AsyncJob, self).result(timeout=timeout, **kwargs)
  File "/home/airflow/.local/lib/python3.6/site-packages/google/api_core/future/polling.py", line 129, in result
    self._blocking_poll(timeout=timeout, **kwargs)
  File "/home/airflow/.local/lib/python3.6/site-packages/google/cloud/bigquery/job/query.py", line 1016, in _blocking_poll
    super(QueryJob, self)._blocking_poll(timeout=timeout, **kwargs)
  File "/home/airflow/.local/lib/python3.6/site-packages/google/api_core/future/polling.py", line 107, in _blocking_poll
    retry_(self._done_or_raise)(**kwargs)
  File "/home/airflow/.local/lib/python3.6/site-packages/google/api_core/retry.py", line 286, in retry_wrapped_func
    on_error=on_error,
  File "/home/airflow/.local/lib/python3.6/site-packages/google/api_core/retry.py", line 184, in retry_target
    return target()
  File "/home/airflow/.local/lib/python3.6/site-packages/google/api_core/future/polling.py", line 85, in _done_or_raise
    if not self.done(**kwargs):
  File "/home/airflow/.local/lib/python3.6/site-packages/google/cloud/bigquery/job/query.py", line 999, in done
    self._reload_query_results(retry=retry, timeout=timeout)
  File "/home/airflow/.local/lib/python3.6/site-packages/google/cloud/bigquery/job/query.py", line 1111, in _reload_query_results
    timeout=transport_timeout,
  File "/home/airflow/.local/lib/python3.6/site-packages/google/cloud/bigquery/client.py", line 1617, in _get_query_results
    timeout=timeout,
  File "/home/airflow/.local/lib/python3.6/site-packages/google/cloud/bigquery/client.py", line 640, in _call_api
    return call()
  File "/home/airflow/.local/lib/python3.6/site-packages/google/api_core/retry.py", line 286, in retry_wrapped_func
    on_error=on_error,
  File "/home/airflow/.local/lib/python3.6/site-packages/google/api_core/retry.py", line 184, in retry_target
    return target()
  File "/home/airflow/.local/lib/python3.6/site-packages/google/cloud/_http.py", line 483, in api_request
    raise exceptions.from_http_response(response)
google.api_core.exceptions.Forbidden: 403 GET https://bigquery.googleapis.com/bigquery/v2/projects/airflow-project-352316/queries/airflow_1654538164587540_082332f00019816012af174d49c39f02?maxResults=0&location=US&prettyPrint=false: Quota exceeded: Your project exceeded quota for free query bytes scanned. For more information, see https://cloud.google.com/bigquery/docs/troubleshoot-quotas

(job ID: airflow_1654538164587540_082332f00019816012af174d49c39f02)

                           -----Query Job SQL Follows-----                           

    |    .    |    .    |    .    |    .    |    .    |    .    |    .    |    .    |
   1:
   2:    SELECT
   3:      FORMAT_TIMESTAMP("%Y%m%d", timestamp) AS date,
   4:      `by` AS user,
   5:      id as story_id,
   6:      REGEXP_EXTRACT(url, "(https?://github.com/[^/]*/[^/#?]*)") as github_repo,
   7:      type,
   8:      length(text) length,
   9:      SUM(score) as score
  10:    FROM
  11:      `bigquery-public-data.hacker_news.full`
  12:    WHERE TRUE
  13:      AND FORMAT_TIMESTAMP("%Y%m%d", timestamp) = '20220601'
  14:      AND url LIKE '%https://github.com%'
  15:      AND url NOT LIKE '%github.com/blog/%'
  16:    GROUP BY 1,2,3,4,5,6
  17:    
    |    .    |    .    |    .    |    .    |    .    |    .    |    .    |    .    |
[2022-06-06 17:56:05,611] {taskinstance.py:1503} INFO - Marking task as UP_FOR_RETRY. dag_id=gbq_pipeline, task_id=write_truncate_hackernews_agg, execution_date=20220601T100000, start_date=20220606T175604, end_date=20220606T175605
[2022-06-06 17:56:05,646] {local_task_job.py:146} INFO - Task exited with return code 1
