[2022-06-06 15:14:50,420] {taskinstance.py:851} INFO - Dependencies all met for <TaskInstance: gbq_pipeline.write_truncate_hackernews_agg 2022-06-01T10:00:00+00:00 [queued]>
[2022-06-06 15:14:50,430] {taskinstance.py:851} INFO - Dependencies all met for <TaskInstance: gbq_pipeline.write_truncate_hackernews_agg 2022-06-01T10:00:00+00:00 [queued]>
[2022-06-06 15:14:50,431] {taskinstance.py:1042} INFO - 
--------------------------------------------------------------------------------
[2022-06-06 15:14:50,431] {taskinstance.py:1043} INFO - Starting attempt 3 of 5
[2022-06-06 15:14:50,431] {taskinstance.py:1044} INFO - 
--------------------------------------------------------------------------------
[2022-06-06 15:14:50,443] {taskinstance.py:1063} INFO - Executing <Task(BigQueryOperator): write_truncate_hackernews_agg> on 2022-06-01T10:00:00+00:00
[2022-06-06 15:14:50,448] {standard_task_runner.py:52} INFO - Started process 144 to run task
[2022-06-06 15:14:50,452] {standard_task_runner.py:76} INFO - Running: ['airflow', 'tasks', 'run', 'gbq_pipeline', 'write_truncate_hackernews_agg', '2022-06-01T10:00:00+00:00', '--job-id', '347', '--pool', 'default_pool', '--raw', '--subdir', 'DAGS_FOLDER/gbq_pipeline.py', '--cfg-path', '/tmp/tmppvq5t7cv', '--error-file', '/tmp/tmph2q4mqpo']
[2022-06-06 15:14:50,456] {standard_task_runner.py:77} INFO - Job 347: Subtask write_truncate_hackernews_agg
[2022-06-06 15:14:50,498] {logging_mixin.py:104} INFO - Running <TaskInstance: gbq_pipeline.write_truncate_hackernews_agg 2022-06-01T10:00:00+00:00 [running]> on host c40819a450e3
[2022-06-06 15:14:50,535] {taskinstance.py:1257} INFO - Exporting the following env vars:
AIRFLOW_CTX_DAG_EMAIL=airflow@airflow.com
AIRFLOW_CTX_DAG_OWNER=vanmai-airflow
AIRFLOW_CTX_DAG_ID=gbq_pipeline
AIRFLOW_CTX_TASK_ID=write_truncate_hackernews_agg
AIRFLOW_CTX_EXECUTION_DATE=2022-06-01T10:00:00+00:00
AIRFLOW_CTX_DAG_RUN_ID=scheduled__2022-06-01T10:00:00+00:00
[2022-06-06 15:14:50,537] {bigquery.py:680} INFO - Executing: 
    SELECT
      FORMAT_TIMESTAMP("%Y%m%d", timestamp) AS date,
      `by` AS user,
      id as story_id,
      REGEXP_EXTRACT(url, "(https?://github.com/[^/]*/[^/#?]*)") as github_repo,
      type,
      length(text) length,
      SUM(score) as score
    FROM
      `bigquery-public-data.hacker_news.full`
    WHERE TRUE
      AND FORMAT_TIMESTAMP("%Y%m%d", timestamp) = '20220601'
      AND url LIKE '%https://github.com%'
      AND url NOT LIKE '%github.com/blog/%'
    GROUP BY 1,2,3,4,5,6
    
[2022-06-06 15:14:50,548] {logging_mixin.py:104} WARNING - /home/airflow/.local/lib/python3.6/site-packages/airflow/providers/google/cloud/hooks/bigquery.py:2052 DeprecationWarning: This method is deprecated. Please use `BigQueryHook.insert_job` method.
[2022-06-06 15:14:50,558] {bigquery.py:1510} INFO - Inserting job airflow_1654528490556875_082332f00019816012af174d49c39f02
[2022-06-06 15:14:54,924] {taskinstance.py:1166} INFO - Marking task as SUCCESS. dag_id=gbq_pipeline, task_id=write_truncate_hackernews_agg, execution_date=20220601T100000, start_date=20220606T151450, end_date=20220606T151454
[2022-06-06 15:14:54,942] {taskinstance.py:1220} INFO - 0 downstream tasks scheduled from follow-on schedule check
[2022-06-06 15:14:54,972] {local_task_job.py:146} INFO - Task exited with return code 0
