[2022-06-06 17:21:30,850] {taskinstance.py:851} INFO - Dependencies all met for <TaskInstance: gbq_pipeline.check_hackernews 2022-05-08T10:00:00+00:00 [queued]>
[2022-06-06 17:21:30,867] {taskinstance.py:851} INFO - Dependencies all met for <TaskInstance: gbq_pipeline.check_hackernews 2022-05-08T10:00:00+00:00 [queued]>
[2022-06-06 17:21:30,867] {taskinstance.py:1042} INFO - 
--------------------------------------------------------------------------------
[2022-06-06 17:21:30,868] {taskinstance.py:1043} INFO - Starting attempt 1 of 3
[2022-06-06 17:21:30,868] {taskinstance.py:1044} INFO - 
--------------------------------------------------------------------------------
[2022-06-06 17:21:30,874] {taskinstance.py:1063} INFO - Executing <Task(BigQueryCheckOperator): check_hackernews> on 2022-05-08T10:00:00+00:00
[2022-06-06 17:21:30,877] {standard_task_runner.py:52} INFO - Started process 117 to run task
[2022-06-06 17:21:30,880] {standard_task_runner.py:76} INFO - Running: ['airflow', 'tasks', 'run', 'gbq_pipeline', 'check_hackernews', '2022-05-08T10:00:00+00:00', '--job-id', '672', '--pool', 'default_pool', '--raw', '--subdir', 'DAGS_FOLDER/gbq_pipeline.py', '--cfg-path', '/tmp/tmpb0vsms8t', '--error-file', '/tmp/tmpdftxbzbn']
[2022-06-06 17:21:30,881] {standard_task_runner.py:77} INFO - Job 672: Subtask check_hackernews
[2022-06-06 17:21:30,913] {logging_mixin.py:104} INFO - Running <TaskInstance: gbq_pipeline.check_hackernews 2022-05-08T10:00:00+00:00 [running]> on host f3f1e04b5b71
[2022-06-06 17:21:30,941] {taskinstance.py:1257} INFO - Exporting the following env vars:
AIRFLOW_CTX_DAG_EMAIL=airflow@airflow.com
AIRFLOW_CTX_DAG_OWNER=vanmai-airflow
AIRFLOW_CTX_DAG_ID=gbq_pipeline
AIRFLOW_CTX_TASK_ID=check_hackernews
AIRFLOW_CTX_EXECUTION_DATE=2022-05-08T10:00:00+00:00
AIRFLOW_CTX_DAG_RUN_ID=scheduled__2022-05-08T10:00:00+00:00
[2022-06-06 17:21:30,942] {sql.py:87} INFO - Executing SQL check: 
        SELECT "20220508" IN
            (
            SELECT FORMAT_TIMESTAMP("%Y%m%d", timestamp ) AS date
            FROM `bigquery-public-data.hacker_news.full`
            WHERE type = 'story'
            )
        
[2022-06-06 17:21:30,950] {logging_mixin.py:104} WARNING - /home/airflow/.local/lib/python3.6/site-packages/airflow/providers/google/cloud/hooks/bigquery.py:120 DeprecationWarning: This method will be deprecated. Please use `BigQueryHook.get_client` method
[2022-06-06 17:21:31,298] {logging_mixin.py:104} WARNING - /home/airflow/.local/lib/python3.6/site-packages/airflow/providers/google/cloud/hooks/bigquery.py:2052 DeprecationWarning: This method is deprecated. Please use `BigQueryHook.insert_job` method.
[2022-06-06 17:21:31,299] {bigquery.py:1510} INFO - Inserting job airflow_1654536091299402_0dbde98f24d1b2a941f43606d2258601
[2022-06-06 17:21:33,026] {sql.py:90} INFO - Record: [True]
[2022-06-06 17:21:33,027] {sql.py:96} INFO - Success.
[2022-06-06 17:21:33,039] {taskinstance.py:1166} INFO - Marking task as SUCCESS. dag_id=gbq_pipeline, task_id=check_hackernews, execution_date=20220508T100000, start_date=20220606T172130, end_date=20220606T172133
[2022-06-06 17:21:33,073] {taskinstance.py:1220} INFO - 0 downstream tasks scheduled from follow-on schedule check
[2022-06-06 17:21:33,101] {local_task_job.py:146} INFO - Task exited with return code 0
[2022-06-06 17:23:16,516] {taskinstance.py:851} INFO - Dependencies all met for <TaskInstance: gbq_pipeline.check_hackernews 2022-05-08T10:00:00+00:00 [queued]>
[2022-06-06 17:23:16,536] {taskinstance.py:851} INFO - Dependencies all met for <TaskInstance: gbq_pipeline.check_hackernews 2022-05-08T10:00:00+00:00 [queued]>
[2022-06-06 17:23:16,537] {taskinstance.py:1042} INFO - 
--------------------------------------------------------------------------------
[2022-06-06 17:23:16,537] {taskinstance.py:1043} INFO - Starting attempt 1 of 3
[2022-06-06 17:23:16,537] {taskinstance.py:1044} INFO - 
--------------------------------------------------------------------------------
[2022-06-06 17:23:16,544] {taskinstance.py:1063} INFO - Executing <Task(BigQueryCheckOperator): check_hackernews> on 2022-05-08T10:00:00+00:00
[2022-06-06 17:23:16,548] {standard_task_runner.py:52} INFO - Started process 173 to run task
[2022-06-06 17:23:16,551] {standard_task_runner.py:76} INFO - Running: ['airflow', 'tasks', 'run', 'gbq_pipeline', 'check_hackernews', '2022-05-08T10:00:00+00:00', '--job-id', '690', '--pool', 'default_pool', '--raw', '--subdir', 'DAGS_FOLDER/gbq_pipeline.py', '--cfg-path', '/tmp/tmp8iyntwyp', '--error-file', '/tmp/tmpah8o80pu']
[2022-06-06 17:23:16,553] {standard_task_runner.py:77} INFO - Job 690: Subtask check_hackernews
[2022-06-06 17:23:16,587] {logging_mixin.py:104} INFO - Running <TaskInstance: gbq_pipeline.check_hackernews 2022-05-08T10:00:00+00:00 [running]> on host f3f1e04b5b71
[2022-06-06 17:23:16,618] {taskinstance.py:1257} INFO - Exporting the following env vars:
AIRFLOW_CTX_DAG_EMAIL=airflow@airflow.com
AIRFLOW_CTX_DAG_OWNER=vanmai-airflow
AIRFLOW_CTX_DAG_ID=gbq_pipeline
AIRFLOW_CTX_TASK_ID=check_hackernews
AIRFLOW_CTX_EXECUTION_DATE=2022-05-08T10:00:00+00:00
AIRFLOW_CTX_DAG_RUN_ID=scheduled__2022-05-08T10:00:00+00:00
[2022-06-06 17:23:16,620] {sql.py:87} INFO - Executing SQL check: 
        SELECT "20220508" IN
            (
            SELECT FORMAT_TIMESTAMP("%Y%m%d", timestamp ) AS date
            FROM `bigquery-public-data.hacker_news.full`
            WHERE type = 'story'
            )
        
[2022-06-06 17:23:16,627] {logging_mixin.py:104} WARNING - /home/airflow/.local/lib/python3.6/site-packages/airflow/providers/google/cloud/hooks/bigquery.py:120 DeprecationWarning: This method will be deprecated. Please use `BigQueryHook.get_client` method
[2022-06-06 17:23:17,065] {logging_mixin.py:104} WARNING - /home/airflow/.local/lib/python3.6/site-packages/airflow/providers/google/cloud/hooks/bigquery.py:2052 DeprecationWarning: This method is deprecated. Please use `BigQueryHook.insert_job` method.
[2022-06-06 17:23:17,066] {bigquery.py:1510} INFO - Inserting job airflow_1654536197065782_0dbde98f24d1b2a941f43606d2258601
[2022-06-06 17:23:18,389] {sql.py:90} INFO - Record: [True]
[2022-06-06 17:23:18,389] {sql.py:96} INFO - Success.
[2022-06-06 17:23:18,396] {taskinstance.py:1166} INFO - Marking task as SUCCESS. dag_id=gbq_pipeline, task_id=check_hackernews, execution_date=20220508T100000, start_date=20220606T172316, end_date=20220606T172318
[2022-06-06 17:23:18,424] {taskinstance.py:1220} INFO - 0 downstream tasks scheduled from follow-on schedule check
[2022-06-06 17:23:18,454] {local_task_job.py:146} INFO - Task exited with return code 0
