[2022-06-05 22:02:28,078] {taskinstance.py:851} INFO - Dependencies all met for <TaskInstance: vanmai-demo.t1_print_date 2022-05-27T00:00:00+00:00 [queued]>
[2022-06-05 22:02:28,092] {taskinstance.py:851} INFO - Dependencies all met for <TaskInstance: vanmai-demo.t1_print_date 2022-05-27T00:00:00+00:00 [queued]>
[2022-06-05 22:02:28,093] {taskinstance.py:1042} INFO - 
--------------------------------------------------------------------------------
[2022-06-05 22:02:28,093] {taskinstance.py:1043} INFO - Starting attempt 1 of 2
[2022-06-05 22:02:28,093] {taskinstance.py:1044} INFO - 
--------------------------------------------------------------------------------
[2022-06-05 22:02:28,102] {taskinstance.py:1063} INFO - Executing <Task(BashOperator): t1_print_date> on 2022-05-27T00:00:00+00:00
[2022-06-05 22:02:28,111] {standard_task_runner.py:76} INFO - Running: ['airflow', 'tasks', 'run', 'vanmai-demo', 't1_print_date', '2022-05-27T00:00:00+00:00', '--job-id', '228', '--pool', 'default_pool', '--raw', '--subdir', 'DAGS_FOLDER/vanmai-demo.py', '--cfg-path', '/tmp/tmpgjs2_tbr', '--error-file', '/tmp/tmp42cc70le']
[2022-06-05 22:02:28,107] {standard_task_runner.py:52} INFO - Started process 67 to run task
[2022-06-05 22:02:28,112] {standard_task_runner.py:77} INFO - Job 228: Subtask t1_print_date
[2022-06-05 22:02:28,151] {logging_mixin.py:104} INFO - Running <TaskInstance: vanmai-demo.t1_print_date 2022-05-27T00:00:00+00:00 [running]> on host 173d5ef1e4be
[2022-06-05 22:02:28,194] {taskinstance.py:1257} INFO - Exporting the following env vars:
AIRFLOW_CTX_DAG_EMAIL=airflow@example.com
AIRFLOW_CTX_DAG_OWNER=vanmai
AIRFLOW_CTX_DAG_ID=vanmai-demo
AIRFLOW_CTX_TASK_ID=t1_print_date
AIRFLOW_CTX_EXECUTION_DATE=2022-05-27T00:00:00+00:00
AIRFLOW_CTX_DAG_RUN_ID=scheduled__2022-05-27T00:00:00+00:00
[2022-06-05 22:02:28,201] {bash.py:135} INFO - Tmp dir root location: 
 /tmp
[2022-06-05 22:02:28,205] {bash.py:158} INFO - Running command: date
[2022-06-05 22:02:28,229] {bash.py:169} INFO - Output:
[2022-06-05 22:02:28,231] {bash.py:173} INFO - Sun Jun  5 22:02:28 UTC 2022
[2022-06-05 22:02:28,233] {bash.py:177} INFO - Command exited with return code 0
[2022-06-05 22:02:28,314] {taskinstance.py:1166} INFO - Marking task as SUCCESS. dag_id=vanmai-demo, task_id=t1_print_date, execution_date=20220527T000000, start_date=20220605T220228, end_date=20220605T220228
[2022-06-05 22:02:28,411] {taskinstance.py:1220} INFO - 2 downstream tasks scheduled from follow-on schedule check
[2022-06-05 22:02:28,447] {local_task_job.py:146} INFO - Task exited with return code 0
