[2022-06-06 17:21:13,400] {taskinstance.py:851} INFO - Dependencies all met for <TaskInstance: gbq_pipeline.check_hackernews 2022-05-03T10:00:00+00:00 [queued]>
[2022-06-06 17:21:13,419] {taskinstance.py:851} INFO - Dependencies all met for <TaskInstance: gbq_pipeline.check_hackernews 2022-05-03T10:00:00+00:00 [queued]>
[2022-06-06 17:21:13,419] {taskinstance.py:1042} INFO - 
--------------------------------------------------------------------------------
[2022-06-06 17:21:13,419] {taskinstance.py:1043} INFO - Starting attempt 1 of 3
[2022-06-06 17:21:13,420] {taskinstance.py:1044} INFO - 
--------------------------------------------------------------------------------
[2022-06-06 17:21:13,426] {taskinstance.py:1063} INFO - Executing <Task(BigQueryCheckOperator): check_hackernews> on 2022-05-03T10:00:00+00:00
[2022-06-06 17:21:13,430] {standard_task_runner.py:52} INFO - Started process 86 to run task
[2022-06-06 17:21:13,433] {standard_task_runner.py:76} INFO - Running: ['airflow', 'tasks', 'run', 'gbq_pipeline', 'check_hackernews', '2022-05-03T10:00:00+00:00', '--job-id', '661', '--pool', 'default_pool', '--raw', '--subdir', 'DAGS_FOLDER/gbq_pipeline.py', '--cfg-path', '/tmp/tmp3dgllaaa', '--error-file', '/tmp/tmpqg_397h_']
[2022-06-06 17:21:13,435] {standard_task_runner.py:77} INFO - Job 661: Subtask check_hackernews
[2022-06-06 17:21:13,467] {logging_mixin.py:104} INFO - Running <TaskInstance: gbq_pipeline.check_hackernews 2022-05-03T10:00:00+00:00 [running]> on host f3f1e04b5b71
[2022-06-06 17:21:13,498] {taskinstance.py:1257} INFO - Exporting the following env vars:
AIRFLOW_CTX_DAG_EMAIL=airflow@airflow.com
AIRFLOW_CTX_DAG_OWNER=vanmai-airflow
AIRFLOW_CTX_DAG_ID=gbq_pipeline
AIRFLOW_CTX_TASK_ID=check_hackernews
AIRFLOW_CTX_EXECUTION_DATE=2022-05-03T10:00:00+00:00
AIRFLOW_CTX_DAG_RUN_ID=scheduled__2022-05-03T10:00:00+00:00
[2022-06-06 17:21:13,500] {sql.py:87} INFO - Executing SQL check: 
        SELECT "20220503" IN
            (
            SELECT FORMAT_TIMESTAMP("%Y%m%d", timestamp ) AS date
            FROM `bigquery-public-data.hacker_news.full`
            WHERE type = 'story'
            )
        
[2022-06-06 17:21:13,508] {logging_mixin.py:104} WARNING - /home/airflow/.local/lib/python3.6/site-packages/airflow/providers/google/cloud/hooks/bigquery.py:120 DeprecationWarning: This method will be deprecated. Please use `BigQueryHook.get_client` method
[2022-06-06 17:21:13,880] {logging_mixin.py:104} WARNING - /home/airflow/.local/lib/python3.6/site-packages/airflow/providers/google/cloud/hooks/bigquery.py:2052 DeprecationWarning: This method is deprecated. Please use `BigQueryHook.insert_job` method.
[2022-06-06 17:21:13,881] {bigquery.py:1510} INFO - Inserting job airflow_1654536073880690_a953d834f87bb4517f234e8f58316145
[2022-06-06 17:21:15,903] {sql.py:90} INFO - Record: [True]
[2022-06-06 17:21:15,904] {sql.py:96} INFO - Success.
[2022-06-06 17:21:15,911] {taskinstance.py:1166} INFO - Marking task as SUCCESS. dag_id=gbq_pipeline, task_id=check_hackernews, execution_date=20220503T100000, start_date=20220606T172113, end_date=20220606T172115
[2022-06-06 17:21:16,193] {taskinstance.py:1220} INFO - 0 downstream tasks scheduled from follow-on schedule check
[2022-06-06 17:21:16,218] {local_task_job.py:146} INFO - Task exited with return code 0
[2022-06-06 17:22:59,861] {taskinstance.py:851} INFO - Dependencies all met for <TaskInstance: gbq_pipeline.check_hackernews 2022-05-03T10:00:00+00:00 [queued]>
[2022-06-06 17:22:59,877] {taskinstance.py:851} INFO - Dependencies all met for <TaskInstance: gbq_pipeline.check_hackernews 2022-05-03T10:00:00+00:00 [queued]>
[2022-06-06 17:22:59,878] {taskinstance.py:1042} INFO - 
--------------------------------------------------------------------------------
[2022-06-06 17:22:59,878] {taskinstance.py:1043} INFO - Starting attempt 1 of 3
[2022-06-06 17:22:59,879] {taskinstance.py:1044} INFO - 
--------------------------------------------------------------------------------
[2022-06-06 17:22:59,884] {taskinstance.py:1063} INFO - Executing <Task(BigQueryCheckOperator): check_hackernews> on 2022-05-03T10:00:00+00:00
[2022-06-06 17:22:59,888] {standard_task_runner.py:52} INFO - Started process 144 to run task
[2022-06-06 17:22:59,890] {standard_task_runner.py:76} INFO - Running: ['airflow', 'tasks', 'run', 'gbq_pipeline', 'check_hackernews', '2022-05-03T10:00:00+00:00', '--job-id', '681', '--pool', 'default_pool', '--raw', '--subdir', 'DAGS_FOLDER/gbq_pipeline.py', '--cfg-path', '/tmp/tmprhlnodqz', '--error-file', '/tmp/tmpqqch43bk']
[2022-06-06 17:22:59,892] {standard_task_runner.py:77} INFO - Job 681: Subtask check_hackernews
[2022-06-06 17:22:59,924] {logging_mixin.py:104} INFO - Running <TaskInstance: gbq_pipeline.check_hackernews 2022-05-03T10:00:00+00:00 [running]> on host f3f1e04b5b71
[2022-06-06 17:22:59,952] {taskinstance.py:1257} INFO - Exporting the following env vars:
AIRFLOW_CTX_DAG_EMAIL=airflow@airflow.com
AIRFLOW_CTX_DAG_OWNER=vanmai-airflow
AIRFLOW_CTX_DAG_ID=gbq_pipeline
AIRFLOW_CTX_TASK_ID=check_hackernews
AIRFLOW_CTX_EXECUTION_DATE=2022-05-03T10:00:00+00:00
AIRFLOW_CTX_DAG_RUN_ID=scheduled__2022-05-03T10:00:00+00:00
[2022-06-06 17:22:59,954] {sql.py:87} INFO - Executing SQL check: 
        SELECT "20220503" IN
            (
            SELECT FORMAT_TIMESTAMP("%Y%m%d", timestamp ) AS date
            FROM `bigquery-public-data.hacker_news.full`
            WHERE type = 'story'
            )
        
[2022-06-06 17:22:59,961] {logging_mixin.py:104} WARNING - /home/airflow/.local/lib/python3.6/site-packages/airflow/providers/google/cloud/hooks/bigquery.py:120 DeprecationWarning: This method will be deprecated. Please use `BigQueryHook.get_client` method
[2022-06-06 17:23:00,379] {logging_mixin.py:104} WARNING - /home/airflow/.local/lib/python3.6/site-packages/airflow/providers/google/cloud/hooks/bigquery.py:2052 DeprecationWarning: This method is deprecated. Please use `BigQueryHook.insert_job` method.
[2022-06-06 17:23:00,380] {bigquery.py:1510} INFO - Inserting job airflow_1654536180380153_a953d834f87bb4517f234e8f58316145
[2022-06-06 17:23:01,771] {sql.py:90} INFO - Record: [True]
[2022-06-06 17:23:01,771] {sql.py:96} INFO - Success.
[2022-06-06 17:23:01,778] {taskinstance.py:1166} INFO - Marking task as SUCCESS. dag_id=gbq_pipeline, task_id=check_hackernews, execution_date=20220503T100000, start_date=20220606T172259, end_date=20220606T172301
[2022-06-06 17:23:01,804] {taskinstance.py:1220} INFO - 0 downstream tasks scheduled from follow-on schedule check
[2022-06-06 17:23:01,831] {local_task_job.py:146} INFO - Task exited with return code 0
