[2022-06-06 10:52:36,363] {taskinstance.py:851} INFO - Dependencies all met for <TaskInstance: tutorial.sleep 2022-06-05T00:00:00+00:00 [queued]>
[2022-06-06 10:52:36,378] {taskinstance.py:851} INFO - Dependencies all met for <TaskInstance: tutorial.sleep 2022-06-05T00:00:00+00:00 [queued]>
[2022-06-06 10:52:36,379] {taskinstance.py:1042} INFO - 
--------------------------------------------------------------------------------
[2022-06-06 10:52:36,379] {taskinstance.py:1043} INFO - Starting attempt 1 of 4
[2022-06-06 10:52:36,380] {taskinstance.py:1044} INFO - 
--------------------------------------------------------------------------------
[2022-06-06 10:52:36,394] {taskinstance.py:1063} INFO - Executing <Task(BashOperator): sleep> on 2022-06-05T00:00:00+00:00
[2022-06-06 10:52:36,402] {standard_task_runner.py:76} INFO - Running: ['airflow', 'tasks', 'run', 'tutorial', 'sleep', '2022-06-05T00:00:00+00:00', '--job-id', '287', '--pool', 'default_pool', '--raw', '--subdir', 'DAGS_FOLDER/tutorial.py', '--cfg-path', '/tmp/tmppu5le2y1', '--error-file', '/tmp/tmpr29vfven']
[2022-06-06 10:52:36,399] {standard_task_runner.py:52} INFO - Started process 58 to run task
[2022-06-06 10:52:36,403] {standard_task_runner.py:77} INFO - Job 287: Subtask sleep
[2022-06-06 10:52:36,481] {logging_mixin.py:104} INFO - Running <TaskInstance: tutorial.sleep 2022-06-05T00:00:00+00:00 [running]> on host 92fcc90275da
[2022-06-06 10:52:36,555] {taskinstance.py:1257} INFO - Exporting the following env vars:
AIRFLOW_CTX_DAG_EMAIL=airflow@example.com
AIRFLOW_CTX_DAG_OWNER=airflow
AIRFLOW_CTX_DAG_ID=tutorial
AIRFLOW_CTX_TASK_ID=sleep
AIRFLOW_CTX_EXECUTION_DATE=2022-06-05T00:00:00+00:00
AIRFLOW_CTX_DAG_RUN_ID=scheduled__2022-06-05T00:00:00+00:00
[2022-06-06 10:52:36,556] {bash.py:135} INFO - Tmp dir root location: 
 /tmp
[2022-06-06 10:52:36,558] {bash.py:158} INFO - Running command: sleep 5
[2022-06-06 10:52:36,568] {bash.py:169} INFO - Output:
[2022-06-06 10:52:41,571] {bash.py:177} INFO - Command exited with return code 0
[2022-06-06 10:52:41,597] {taskinstance.py:1166} INFO - Marking task as SUCCESS. dag_id=tutorial, task_id=sleep, execution_date=20220605T000000, start_date=20220606T105236, end_date=20220606T105241
[2022-06-06 10:52:41,622] {taskinstance.py:1220} INFO - 0 downstream tasks scheduled from follow-on schedule check
[2022-06-06 10:52:41,630] {local_task_job.py:146} INFO - Task exited with return code 0
