[2022-06-05 22:02:29,208] {taskinstance.py:851} INFO - Dependencies all met for <TaskInstance: vanmai-demo.t3_templated 2022-05-27T00:00:00+00:00 [queued]>
[2022-06-05 22:02:29,223] {taskinstance.py:851} INFO - Dependencies all met for <TaskInstance: vanmai-demo.t3_templated 2022-05-27T00:00:00+00:00 [queued]>
[2022-06-05 22:02:29,223] {taskinstance.py:1042} INFO - 
--------------------------------------------------------------------------------
[2022-06-05 22:02:29,224] {taskinstance.py:1043} INFO - Starting attempt 1 of 2
[2022-06-05 22:02:29,224] {taskinstance.py:1044} INFO - 
--------------------------------------------------------------------------------
[2022-06-05 22:02:29,232] {taskinstance.py:1063} INFO - Executing <Task(BashOperator): t3_templated> on 2022-05-27T00:00:00+00:00
[2022-06-05 22:02:29,236] {standard_task_runner.py:52} INFO - Started process 107 to run task
[2022-06-05 22:02:29,239] {standard_task_runner.py:76} INFO - Running: ['airflow', 'tasks', 'run', 'vanmai-demo', 't3_templated', '2022-05-27T00:00:00+00:00', '--job-id', '240', '--pool', 'default_pool', '--raw', '--subdir', 'DAGS_FOLDER/vanmai-demo.py', '--cfg-path', '/tmp/tmp62ak99xx', '--error-file', '/tmp/tmpj30kahot']
[2022-06-05 22:02:29,239] {standard_task_runner.py:77} INFO - Job 240: Subtask t3_templated
[2022-06-05 22:02:29,274] {logging_mixin.py:104} INFO - Running <TaskInstance: vanmai-demo.t3_templated 2022-05-27T00:00:00+00:00 [running]> on host 173d5ef1e4be
[2022-06-05 22:02:29,326] {taskinstance.py:1257} INFO - Exporting the following env vars:
AIRFLOW_CTX_DAG_EMAIL=airflow@example.com
AIRFLOW_CTX_DAG_OWNER=vanmai
AIRFLOW_CTX_DAG_ID=vanmai-demo
AIRFLOW_CTX_TASK_ID=t3_templated
AIRFLOW_CTX_EXECUTION_DATE=2022-05-27T00:00:00+00:00
AIRFLOW_CTX_DAG_RUN_ID=scheduled__2022-05-27T00:00:00+00:00
[2022-06-05 22:02:29,327] {bash.py:135} INFO - Tmp dir root location: 
 /tmp
[2022-06-05 22:02:29,328] {bash.py:158} INFO - Running command: 

    echo "2022-05-27"
    echo "2022-06-03"
    echo "Parameter I passed in"

    echo "2022-05-27"
    echo "2022-06-03"
    echo "Parameter I passed in"

    echo "2022-05-27"
    echo "2022-06-03"
    echo "Parameter I passed in"

    echo "2022-05-27"
    echo "2022-06-03"
    echo "Parameter I passed in"

    echo "2022-05-27"
    echo "2022-06-03"
    echo "Parameter I passed in"

[2022-06-05 22:02:29,339] {bash.py:169} INFO - Output:
[2022-06-05 22:02:29,340] {bash.py:173} INFO - 2022-05-27
[2022-06-05 22:02:29,340] {bash.py:173} INFO - 2022-06-03
[2022-06-05 22:02:29,340] {bash.py:173} INFO - Parameter I passed in
[2022-06-05 22:02:29,341] {bash.py:173} INFO - 2022-05-27
[2022-06-05 22:02:29,341] {bash.py:173} INFO - 2022-06-03
[2022-06-05 22:02:29,341] {bash.py:173} INFO - Parameter I passed in
[2022-06-05 22:02:29,341] {bash.py:173} INFO - 2022-05-27
[2022-06-05 22:02:29,342] {bash.py:173} INFO - 2022-06-03
[2022-06-05 22:02:29,342] {bash.py:173} INFO - Parameter I passed in
[2022-06-05 22:02:29,342] {bash.py:173} INFO - 2022-05-27
[2022-06-05 22:02:29,342] {bash.py:173} INFO - 2022-06-03
[2022-06-05 22:02:29,343] {bash.py:173} INFO - Parameter I passed in
[2022-06-05 22:02:29,343] {bash.py:173} INFO - 2022-05-27
[2022-06-05 22:02:29,343] {bash.py:173} INFO - 2022-06-03
[2022-06-05 22:02:29,343] {bash.py:173} INFO - Parameter I passed in
[2022-06-05 22:02:29,344] {bash.py:177} INFO - Command exited with return code 0
[2022-06-05 22:02:29,371] {taskinstance.py:1166} INFO - Marking task as SUCCESS. dag_id=vanmai-demo, task_id=t3_templated, execution_date=20220527T000000, start_date=20220605T220229, end_date=20220605T220229
[2022-06-05 22:02:29,400] {taskinstance.py:1220} INFO - 0 downstream tasks scheduled from follow-on schedule check
[2022-06-05 22:02:29,412] {local_task_job.py:146} INFO - Task exited with return code 0
