[2022-06-10 22:01:29,369] {taskinstance.py:851} INFO - Dependencies all met for <TaskInstance: gbq_pipeline.final_check_join_table 2022-06-06T10:00:00+00:00 [queued]>
[2022-06-10 22:01:29,386] {taskinstance.py:851} INFO - Dependencies all met for <TaskInstance: gbq_pipeline.final_check_join_table 2022-06-06T10:00:00+00:00 [queued]>
[2022-06-10 22:01:29,386] {taskinstance.py:1042} INFO - 
--------------------------------------------------------------------------------
[2022-06-10 22:01:29,387] {taskinstance.py:1043} INFO - Starting attempt 1 of 6
[2022-06-10 22:01:29,387] {taskinstance.py:1044} INFO - 
--------------------------------------------------------------------------------
[2022-06-10 22:01:29,392] {taskinstance.py:1063} INFO - Executing <Task(BigQueryCheckOperator): final_check_join_table> on 2022-06-06T10:00:00+00:00
[2022-06-10 22:01:29,396] {standard_task_runner.py:52} INFO - Started process 75 to run task
[2022-06-10 22:01:29,398] {standard_task_runner.py:76} INFO - Running: ['airflow', 'tasks', 'run', 'gbq_pipeline', 'final_check_join_table', '2022-06-06T10:00:00+00:00', '--job-id', '876', '--pool', 'default_pool', '--raw', '--subdir', 'DAGS_FOLDER/gbq_pipeline.py', '--cfg-path', '/tmp/tmpqngvbo3j', '--error-file', '/tmp/tmpeg2k6227']
[2022-06-10 22:01:29,400] {standard_task_runner.py:77} INFO - Job 876: Subtask final_check_join_table
[2022-06-10 22:01:29,429] {logging_mixin.py:104} INFO - Running <TaskInstance: gbq_pipeline.final_check_join_table 2022-06-06T10:00:00+00:00 [running]> on host 447938a2c16e
[2022-06-10 22:01:29,456] {taskinstance.py:1257} INFO - Exporting the following env vars:
AIRFLOW_CTX_DAG_EMAIL=airflow@airflow.com
AIRFLOW_CTX_DAG_OWNER=vanmai-airflow
AIRFLOW_CTX_DAG_ID=gbq_pipeline
AIRFLOW_CTX_TASK_ID=final_check_join_table
AIRFLOW_CTX_EXECUTION_DATE=2022-06-06T10:00:00+00:00
AIRFLOW_CTX_DAG_RUN_ID=scheduled__2022-06-06T10:00:00+00:00
[2022-06-10 22:01:29,457] {sql.py:87} INFO - Executing SQL check: 
    SELECT "20220606" =
        (
        SELECT max(date)
        FROM `airflow-docker-352518.us_curated_data.github_hackernews_join`
        )
    
[2022-06-10 22:01:29,464] {logging_mixin.py:104} WARNING - /home/airflow/.local/lib/python3.6/site-packages/airflow/providers/google/cloud/hooks/bigquery.py:120 DeprecationWarning: This method will be deprecated. Please use `BigQueryHook.get_client` method
[2022-06-10 22:01:29,913] {logging_mixin.py:104} WARNING - /home/airflow/.local/lib/python3.6/site-packages/airflow/providers/google/cloud/hooks/bigquery.py:2052 DeprecationWarning: This method is deprecated. Please use `BigQueryHook.insert_job` method.
[2022-06-10 22:01:29,913] {bigquery.py:1510} INFO - Inserting job airflow_1654898489913529_54770ce67a6238b258a191428a3a7b43
[2022-06-10 22:01:32,055] {sql.py:90} INFO - Record: [True]
[2022-06-10 22:01:32,056] {sql.py:96} INFO - Success.
[2022-06-10 22:01:32,087] {taskinstance.py:1166} INFO - Marking task as SUCCESS. dag_id=gbq_pipeline, task_id=final_check_join_table, execution_date=20220606T100000, start_date=20220610T220129, end_date=20220610T220132
[2022-06-10 22:01:32,104] {taskinstance.py:1220} INFO - 0 downstream tasks scheduled from follow-on schedule check
[2022-06-10 22:01:32,145] {local_task_job.py:146} INFO - Task exited with return code 0
