[2022-06-10 22:02:30,393] {taskinstance.py:851} INFO - Dependencies all met for <TaskInstance: gbq_pipeline.check_hackernews 2022-06-09T10:00:00+00:00 [queued]>
[2022-06-10 22:02:30,411] {taskinstance.py:851} INFO - Dependencies all met for <TaskInstance: gbq_pipeline.check_hackernews 2022-06-09T10:00:00+00:00 [queued]>
[2022-06-10 22:02:30,411] {taskinstance.py:1042} INFO - 
--------------------------------------------------------------------------------
[2022-06-10 22:02:30,412] {taskinstance.py:1043} INFO - Starting attempt 2 of 6
[2022-06-10 22:02:30,412] {taskinstance.py:1044} INFO - 
--------------------------------------------------------------------------------
[2022-06-10 22:02:30,418] {taskinstance.py:1063} INFO - Executing <Task(BigQueryCheckOperator): check_hackernews> on 2022-06-09T10:00:00+00:00
[2022-06-10 22:02:30,422] {standard_task_runner.py:52} INFO - Started process 116 to run task
[2022-06-10 22:02:30,424] {standard_task_runner.py:76} INFO - Running: ['airflow', 'tasks', 'run', 'gbq_pipeline', 'check_hackernews', '2022-06-09T10:00:00+00:00', '--job-id', '890', '--pool', 'default_pool', '--raw', '--subdir', 'DAGS_FOLDER/gbq_pipeline.py', '--cfg-path', '/tmp/tmpr9zldgw9', '--error-file', '/tmp/tmppqd4eqo2']
[2022-06-10 22:02:30,426] {standard_task_runner.py:77} INFO - Job 890: Subtask check_hackernews
[2022-06-10 22:02:30,456] {logging_mixin.py:104} INFO - Running <TaskInstance: gbq_pipeline.check_hackernews 2022-06-09T10:00:00+00:00 [running]> on host 447938a2c16e
[2022-06-10 22:02:30,482] {taskinstance.py:1257} INFO - Exporting the following env vars:
AIRFLOW_CTX_DAG_EMAIL=airflow@airflow.com
AIRFLOW_CTX_DAG_OWNER=vanmai-airflow
AIRFLOW_CTX_DAG_ID=gbq_pipeline
AIRFLOW_CTX_TASK_ID=check_hackernews
AIRFLOW_CTX_EXECUTION_DATE=2022-06-09T10:00:00+00:00
AIRFLOW_CTX_DAG_RUN_ID=scheduled__2022-06-09T10:00:00+00:00
[2022-06-10 22:02:30,484] {sql.py:87} INFO - Executing SQL check: 
        SELECT "20220609" IN
            (
            SELECT FORMAT_TIMESTAMP("%Y%m%d", timestamp ) AS date
            FROM `bigquery-public-data.hacker_news.full`
            WHERE type = 'story'
            )
        
[2022-06-10 22:02:30,491] {logging_mixin.py:104} WARNING - /home/airflow/.local/lib/python3.6/site-packages/airflow/providers/google/cloud/hooks/bigquery.py:120 DeprecationWarning: This method will be deprecated. Please use `BigQueryHook.get_client` method
[2022-06-10 22:02:30,886] {logging_mixin.py:104} WARNING - /home/airflow/.local/lib/python3.6/site-packages/airflow/providers/google/cloud/hooks/bigquery.py:2052 DeprecationWarning: This method is deprecated. Please use `BigQueryHook.insert_job` method.
[2022-06-10 22:02:30,887] {bigquery.py:1510} INFO - Inserting job airflow_1654898550887413_d1bc0ae9f52b363f76d5c8b00f59a15d
[2022-06-10 22:02:32,269] {sql.py:90} INFO - Record: [None]
[2022-06-10 22:02:32,274] {taskinstance.py:1455} ERROR - Test failed.
Query:

        SELECT "20220609" IN
            (
            SELECT FORMAT_TIMESTAMP("%Y%m%d", timestamp ) AS date
            FROM `bigquery-public-data.hacker_news.full`
            WHERE type = 'story'
            )
        
Results:
[None]
Traceback (most recent call last):
  File "/home/airflow/.local/lib/python3.6/site-packages/airflow/models/taskinstance.py", line 1112, in _run_raw_task
    self._prepare_and_execute_task_with_callbacks(context, task)
  File "/home/airflow/.local/lib/python3.6/site-packages/airflow/models/taskinstance.py", line 1285, in _prepare_and_execute_task_with_callbacks
    result = self._execute_task(context, task_copy)
  File "/home/airflow/.local/lib/python3.6/site-packages/airflow/models/taskinstance.py", line 1315, in _execute_task
    result = task_copy.execute(context=context)
  File "/home/airflow/.local/lib/python3.6/site-packages/airflow/operators/sql.py", line 94, in execute
    raise AirflowException(f"Test failed.\nQuery:\n{self.sql}\nResults:\n{records!s}")
airflow.exceptions.AirflowException: Test failed.
Query:

        SELECT "20220609" IN
            (
            SELECT FORMAT_TIMESTAMP("%Y%m%d", timestamp ) AS date
            FROM `bigquery-public-data.hacker_news.full`
            WHERE type = 'story'
            )
        
Results:
[None]
[2022-06-10 22:02:32,275] {taskinstance.py:1503} INFO - Marking task as UP_FOR_RETRY. dag_id=gbq_pipeline, task_id=check_hackernews, execution_date=20220609T100000, start_date=20220610T220230, end_date=20220610T220232
[2022-06-10 22:02:32,328] {local_task_job.py:146} INFO - Task exited with return code 1
