[2022-06-05 22:02:34,633] {taskinstance.py:851} INFO - Dependencies all met for <TaskInstance: vanmai-demo.t4_done 2022-05-24T00:00:00+00:00 [queued]>
[2022-06-05 22:02:34,650] {taskinstance.py:851} INFO - Dependencies all met for <TaskInstance: vanmai-demo.t4_done 2022-05-24T00:00:00+00:00 [queued]>
[2022-06-05 22:02:34,650] {taskinstance.py:1042} INFO - 
--------------------------------------------------------------------------------
[2022-06-05 22:02:34,650] {taskinstance.py:1043} INFO - Starting attempt 1 of 2
[2022-06-05 22:02:34,651] {taskinstance.py:1044} INFO - 
--------------------------------------------------------------------------------
[2022-06-05 22:02:34,658] {taskinstance.py:1063} INFO - Executing <Task(BashOperator): t4_done> on 2022-05-24T00:00:00+00:00
[2022-06-05 22:02:34,663] {standard_task_runner.py:52} INFO - Started process 187 to run task
[2022-06-05 22:02:34,666] {standard_task_runner.py:76} INFO - Running: ['airflow', 'tasks', 'run', 'vanmai-demo', 't4_done', '2022-05-24T00:00:00+00:00', '--job-id', '268', '--pool', 'default_pool', '--raw', '--subdir', 'DAGS_FOLDER/vanmai-demo.py', '--cfg-path', '/tmp/tmpz9ovx3wn', '--error-file', '/tmp/tmppl02qhja']
[2022-06-05 22:02:34,667] {standard_task_runner.py:77} INFO - Job 268: Subtask t4_done
[2022-06-05 22:02:34,706] {logging_mixin.py:104} INFO - Running <TaskInstance: vanmai-demo.t4_done 2022-05-24T00:00:00+00:00 [running]> on host 173d5ef1e4be
[2022-06-05 22:02:34,743] {taskinstance.py:1257} INFO - Exporting the following env vars:
AIRFLOW_CTX_DAG_EMAIL=airflow@example.com
AIRFLOW_CTX_DAG_OWNER=vanmai
AIRFLOW_CTX_DAG_ID=vanmai-demo
AIRFLOW_CTX_TASK_ID=t4_done
AIRFLOW_CTX_EXECUTION_DATE=2022-05-24T00:00:00+00:00
AIRFLOW_CTX_DAG_RUN_ID=scheduled__2022-05-24T00:00:00+00:00
[2022-06-05 22:02:34,744] {bash.py:135} INFO - Tmp dir root location: 
 /tmp
[2022-06-05 22:02:34,745] {bash.py:158} INFO - Running command: echo Done
[2022-06-05 22:02:34,755] {bash.py:169} INFO - Output:
[2022-06-05 22:02:34,755] {bash.py:173} INFO - Done
[2022-06-05 22:02:34,756] {bash.py:177} INFO - Command exited with return code 0
[2022-06-05 22:02:34,782] {taskinstance.py:1166} INFO - Marking task as SUCCESS. dag_id=vanmai-demo, task_id=t4_done, execution_date=20220524T000000, start_date=20220605T220234, end_date=20220605T220234
[2022-06-05 22:02:34,808] {taskinstance.py:1220} INFO - 0 downstream tasks scheduled from follow-on schedule check
[2022-06-05 22:02:34,841] {local_task_job.py:146} INFO - Task exited with return code 0
