[2022-06-06 15:24:03,856] {taskinstance.py:851} INFO - Dependencies all met for <TaskInstance: gbq_pipeline.write_truncate_github_agg 2022-03-06T10:00:00+00:00 [queued]>
[2022-06-06 15:24:03,877] {taskinstance.py:851} INFO - Dependencies all met for <TaskInstance: gbq_pipeline.write_truncate_github_agg 2022-03-06T10:00:00+00:00 [queued]>
[2022-06-06 15:24:03,878] {taskinstance.py:1042} INFO - 
--------------------------------------------------------------------------------
[2022-06-06 15:24:03,878] {taskinstance.py:1043} INFO - Starting attempt 1 of 3
[2022-06-06 15:24:03,878] {taskinstance.py:1044} INFO - 
--------------------------------------------------------------------------------
[2022-06-06 15:24:03,886] {taskinstance.py:1063} INFO - Executing <Task(BigQueryOperator): write_truncate_github_agg> on 2022-03-06T10:00:00+00:00
[2022-06-06 15:24:03,891] {standard_task_runner.py:52} INFO - Started process 324 to run task
[2022-06-06 15:24:03,894] {standard_task_runner.py:76} INFO - Running: ['airflow', 'tasks', 'run', 'gbq_pipeline', 'write_truncate_github_agg', '2022-03-06T10:00:00+00:00', '--job-id', '407', '--pool', 'default_pool', '--raw', '--subdir', 'DAGS_FOLDER/gbq_pipeline.py', '--cfg-path', '/tmp/tmpbm5mpv7v', '--error-file', '/tmp/tmp9qfh0s07']
[2022-06-06 15:24:03,896] {standard_task_runner.py:77} INFO - Job 407: Subtask write_truncate_github_agg
[2022-06-06 15:24:03,932] {logging_mixin.py:104} INFO - Running <TaskInstance: gbq_pipeline.write_truncate_github_agg 2022-03-06T10:00:00+00:00 [running]> on host c40819a450e3
[2022-06-06 15:24:03,967] {taskinstance.py:1257} INFO - Exporting the following env vars:
AIRFLOW_CTX_DAG_EMAIL=airflow@airflow.com
AIRFLOW_CTX_DAG_OWNER=vanmai-airflow
AIRFLOW_CTX_DAG_ID=gbq_pipeline
AIRFLOW_CTX_TASK_ID=write_truncate_github_agg
AIRFLOW_CTX_EXECUTION_DATE=2022-03-06T10:00:00+00:00
AIRFLOW_CTX_DAG_RUN_ID=scheduled__2022-03-06T10:00:00+00:00
[2022-06-06 15:24:03,969] {bigquery.py:680} INFO - Executing: 
        with cte as
        (
          SELECT
            FORMAT_TIMESTAMP("%Y%m%d", created_at) AS date,
            actor.id as actor_id,
            CONCAT('https://github.com/', repo.name) as github_repo,
            type
          FROM
            `githubarchive.day.20220306`
        )

        SELECT
          date,
          github_repo,
          count(IF(type='WatchEvent', type, NULL)) AS subs,
          count(IF(type='PushEvent',  type, NULL)) AS pushes,
          count(IF(type='PullRequestEvent',  type, NULL)) AS pullrequests,
          count(IF(type='ForkEvent',  type, NULL)) AS copies,
          count(IF(type in ('IssueCommentEvent','CommitCommentEvent','PullRequestReviewCommentEvent'),  type, NULL)) AS comments,
          count(*) AS all_event
        FROM cte
        GROUP BY 1,2
        ORDER BY all_event desc
        
[2022-06-06 15:24:03,978] {logging_mixin.py:104} WARNING - /home/airflow/.local/lib/python3.6/site-packages/airflow/providers/google/cloud/hooks/bigquery.py:2052 DeprecationWarning: This method is deprecated. Please use `BigQueryHook.insert_job` method.
[2022-06-06 15:24:03,986] {bigquery.py:1510} INFO - Inserting job airflow_1654529043985571_9fad6e84b0aee7654fe79ea1623aeba6
[2022-06-06 15:24:10,559] {taskinstance.py:1166} INFO - Marking task as SUCCESS. dag_id=gbq_pipeline, task_id=write_truncate_github_agg, execution_date=20220306T100000, start_date=20220606T152403, end_date=20220606T152410
[2022-06-06 15:24:10,584] {taskinstance.py:1220} INFO - 1 downstream tasks scheduled from follow-on schedule check
[2022-06-06 15:24:10,605] {local_task_job.py:146} INFO - Task exited with return code 0
[2022-06-06 16:59:57,720] {taskinstance.py:851} INFO - Dependencies all met for <TaskInstance: gbq_pipeline.write_truncate_github_agg 2022-03-06T10:00:00+00:00 [queued]>
[2022-06-06 16:59:57,735] {taskinstance.py:851} INFO - Dependencies all met for <TaskInstance: gbq_pipeline.write_truncate_github_agg 2022-03-06T10:00:00+00:00 [queued]>
[2022-06-06 16:59:57,753] {taskinstance.py:1042} INFO - 
--------------------------------------------------------------------------------
[2022-06-06 16:59:57,754] {taskinstance.py:1043} INFO - Starting attempt 1 of 3
[2022-06-06 16:59:57,754] {taskinstance.py:1044} INFO - 
--------------------------------------------------------------------------------
[2022-06-06 16:59:57,773] {taskinstance.py:1063} INFO - Executing <Task(BigQueryOperator): write_truncate_github_agg> on 2022-03-06T10:00:00+00:00
[2022-06-06 16:59:57,779] {standard_task_runner.py:52} INFO - Started process 764 to run task
[2022-06-06 16:59:57,791] {standard_task_runner.py:76} INFO - Running: ['airflow', 'tasks', 'run', 'gbq_pipeline', 'write_truncate_github_agg', '2022-03-06T10:00:00+00:00', '--job-id', '548', '--pool', 'default_pool', '--raw', '--subdir', 'DAGS_FOLDER/gbq_pipeline.py', '--cfg-path', '/tmp/tmpc1xvunzt', '--error-file', '/tmp/tmpxqs5fiit']
[2022-06-06 16:59:57,794] {standard_task_runner.py:77} INFO - Job 548: Subtask write_truncate_github_agg
[2022-06-06 16:59:57,862] {logging_mixin.py:104} INFO - Running <TaskInstance: gbq_pipeline.write_truncate_github_agg 2022-03-06T10:00:00+00:00 [running]> on host c40819a450e3
[2022-06-06 16:59:57,948] {taskinstance.py:1257} INFO - Exporting the following env vars:
AIRFLOW_CTX_DAG_EMAIL=airflow@airflow.com
AIRFLOW_CTX_DAG_OWNER=vanmai-airflow
AIRFLOW_CTX_DAG_ID=gbq_pipeline
AIRFLOW_CTX_TASK_ID=write_truncate_github_agg
AIRFLOW_CTX_EXECUTION_DATE=2022-03-06T10:00:00+00:00
AIRFLOW_CTX_DAG_RUN_ID=scheduled__2022-03-06T10:00:00+00:00
[2022-06-06 16:59:57,951] {bigquery.py:680} INFO - Executing: 
        with cte as
        (
          SELECT
            FORMAT_TIMESTAMP("%Y%m%d", created_at) AS date,
            actor.id as actor_id,
            CONCAT('https://github.com/', repo.name) as github_repo,
            type
          FROM
            `githubarchive.day.20220306`
        )

        SELECT
          date,
          github_repo,
          count(IF(type='WatchEvent', type, NULL)) AS subs,
          count(IF(type='PushEvent',  type, NULL)) AS pushes,
          count(IF(type='PullRequestEvent',  type, NULL)) AS pullrequests,
          count(IF(type='ForkEvent',  type, NULL)) AS copies,
          count(IF(type in ('IssueCommentEvent','CommitCommentEvent','PullRequestReviewCommentEvent'),  type, NULL)) AS comments,
          count(*) AS all_event
        FROM cte
        GROUP BY 1,2
        ORDER BY all_event desc
        
[2022-06-06 16:59:57,986] {logging_mixin.py:104} WARNING - /home/airflow/.local/lib/python3.6/site-packages/airflow/providers/google/cloud/hooks/bigquery.py:2052 DeprecationWarning: This method is deprecated. Please use `BigQueryHook.insert_job` method.
[2022-06-06 16:59:58,029] {bigquery.py:1510} INFO - Inserting job airflow_1654534798028139_9fad6e84b0aee7654fe79ea1623aeba6
[2022-06-06 17:00:04,193] {taskinstance.py:1166} INFO - Marking task as SUCCESS. dag_id=gbq_pipeline, task_id=write_truncate_github_agg, execution_date=20220306T100000, start_date=20220606T165957, end_date=20220606T170004
[2022-06-06 17:00:04,214] {taskinstance.py:1220} INFO - 1 downstream tasks scheduled from follow-on schedule check
[2022-06-06 17:00:04,225] {local_task_job.py:146} INFO - Task exited with return code 0
