[2022-06-06 10:52:42,613] {taskinstance.py:851} INFO - Dependencies all met for <TaskInstance: vanmai-demo.t4_done 2022-06-05T00:00:00+00:00 [queued]>
[2022-06-06 10:52:42,623] {taskinstance.py:851} INFO - Dependencies all met for <TaskInstance: vanmai-demo.t4_done 2022-06-05T00:00:00+00:00 [queued]>
[2022-06-06 10:52:42,624] {taskinstance.py:1042} INFO - 
--------------------------------------------------------------------------------
[2022-06-06 10:52:42,624] {taskinstance.py:1043} INFO - Starting attempt 1 of 2
[2022-06-06 10:52:42,625] {taskinstance.py:1044} INFO - 
--------------------------------------------------------------------------------
[2022-06-06 10:52:42,641] {taskinstance.py:1063} INFO - Executing <Task(BashOperator): t4_done> on 2022-06-05T00:00:00+00:00
[2022-06-06 10:52:42,645] {standard_task_runner.py:52} INFO - Started process 65 to run task
[2022-06-06 10:52:42,648] {standard_task_runner.py:76} INFO - Running: ['airflow', 'tasks', 'run', 'vanmai-demo', 't4_done', '2022-06-05T00:00:00+00:00', '--job-id', '289', '--pool', 'default_pool', '--raw', '--subdir', 'DAGS_FOLDER/vanmai-demo.py', '--cfg-path', '/tmp/tmpzqipkdnu', '--error-file', '/tmp/tmp8zm8ldge']
[2022-06-06 10:52:42,649] {standard_task_runner.py:77} INFO - Job 289: Subtask t4_done
[2022-06-06 10:52:42,681] {logging_mixin.py:104} INFO - Running <TaskInstance: vanmai-demo.t4_done 2022-06-05T00:00:00+00:00 [running]> on host 92fcc90275da
[2022-06-06 10:52:42,715] {taskinstance.py:1257} INFO - Exporting the following env vars:
AIRFLOW_CTX_DAG_EMAIL=airflow@example.com
AIRFLOW_CTX_DAG_OWNER=vanmai
AIRFLOW_CTX_DAG_ID=vanmai-demo
AIRFLOW_CTX_TASK_ID=t4_done
AIRFLOW_CTX_EXECUTION_DATE=2022-06-05T00:00:00+00:00
AIRFLOW_CTX_DAG_RUN_ID=scheduled__2022-06-05T00:00:00+00:00
[2022-06-06 10:52:42,716] {bash.py:135} INFO - Tmp dir root location: 
 /tmp
[2022-06-06 10:52:42,717] {bash.py:158} INFO - Running command: echo Done
[2022-06-06 10:52:42,724] {bash.py:169} INFO - Output:
[2022-06-06 10:52:42,725] {bash.py:173} INFO - Done
[2022-06-06 10:52:42,725] {bash.py:177} INFO - Command exited with return code 0
[2022-06-06 10:52:42,747] {taskinstance.py:1166} INFO - Marking task as SUCCESS. dag_id=vanmai-demo, task_id=t4_done, execution_date=20220605T000000, start_date=20220606T105242, end_date=20220606T105242
[2022-06-06 10:52:42,768] {taskinstance.py:1220} INFO - 0 downstream tasks scheduled from follow-on schedule check
[2022-06-06 10:52:42,782] {local_task_job.py:146} INFO - Task exited with return code 0
