[2022-06-06 15:15:34,807] {taskinstance.py:851} INFO - Dependencies all met for <TaskInstance: gbq_pipeline.write_append_join_table 2022-06-05T10:00:00+00:00 [queued]>
[2022-06-06 15:15:34,824] {taskinstance.py:851} INFO - Dependencies all met for <TaskInstance: gbq_pipeline.write_append_join_table 2022-06-05T10:00:00+00:00 [queued]>
[2022-06-06 15:15:34,824] {taskinstance.py:1042} INFO - 
--------------------------------------------------------------------------------
[2022-06-06 15:15:34,824] {taskinstance.py:1043} INFO - Starting attempt 1 of 3
[2022-06-06 15:15:34,825] {taskinstance.py:1044} INFO - 
--------------------------------------------------------------------------------
[2022-06-06 15:15:34,831] {taskinstance.py:1063} INFO - Executing <Task(BigQueryOperator): write_append_join_table> on 2022-06-05T10:00:00+00:00
[2022-06-06 15:15:34,838] {standard_task_runner.py:76} INFO - Running: ['airflow', 'tasks', 'run', 'gbq_pipeline', 'write_append_join_table', '2022-06-05T10:00:00+00:00', '--job-id', '367', '--pool', 'default_pool', '--raw', '--subdir', 'DAGS_FOLDER/gbq_pipeline.py', '--cfg-path', '/tmp/tmp3z_owcx0', '--error-file', '/tmp/tmp7ty044ge']
[2022-06-06 15:15:34,836] {standard_task_runner.py:52} INFO - Started process 204 to run task
[2022-06-06 15:15:34,840] {standard_task_runner.py:77} INFO - Job 367: Subtask write_append_join_table
[2022-06-06 15:15:34,872] {logging_mixin.py:104} INFO - Running <TaskInstance: gbq_pipeline.write_append_join_table 2022-06-05T10:00:00+00:00 [running]> on host c40819a450e3
[2022-06-06 15:15:34,900] {taskinstance.py:1257} INFO - Exporting the following env vars:
AIRFLOW_CTX_DAG_EMAIL=airflow@airflow.com
AIRFLOW_CTX_DAG_OWNER=vanmai-airflow
AIRFLOW_CTX_DAG_ID=gbq_pipeline
AIRFLOW_CTX_TASK_ID=write_append_join_table
AIRFLOW_CTX_EXECUTION_DATE=2022-06-05T10:00:00+00:00
AIRFLOW_CTX_DAG_RUN_ID=scheduled__2022-06-05T10:00:00+00:00
[2022-06-06 15:15:34,901] {bigquery.py:680} INFO - Executing: 
    SELECT 
      gh.*,
      hn.* except (date, github_repo)
    FROM
      `airflow-project-352316.github_curated.github_agg` gh
    LEFT JOIN 
      `airflow-project-352316.github_curated.hackernews_agg` hn
    ON hn.github_repo = gh.github_repo and hn.date = gh.date
    WHERE hn.date is not null
    order by hn.score desc
    
[2022-06-06 15:15:34,908] {logging_mixin.py:104} WARNING - /home/airflow/.local/lib/python3.6/site-packages/airflow/providers/google/cloud/hooks/bigquery.py:2052 DeprecationWarning: This method is deprecated. Please use `BigQueryHook.insert_job` method.
[2022-06-06 15:15:34,915] {bigquery.py:1510} INFO - Inserting job airflow_1654528534915145_b1ab3899f0225c5c2b1b91d9340eba07
[2022-06-06 15:15:38,928] {taskinstance.py:1166} INFO - Marking task as SUCCESS. dag_id=gbq_pipeline, task_id=write_append_join_table, execution_date=20220605T100000, start_date=20220606T151534, end_date=20220606T151538
[2022-06-06 15:15:38,956] {taskinstance.py:1220} INFO - 0 downstream tasks scheduled from follow-on schedule check
[2022-06-06 15:15:38,995] {local_task_job.py:146} INFO - Task exited with return code 0
[2022-06-06 17:02:30,653] {taskinstance.py:851} INFO - Dependencies all met for <TaskInstance: gbq_pipeline.write_append_join_table 2022-06-05T10:00:00+00:00 [queued]>
[2022-06-06 17:02:30,675] {taskinstance.py:851} INFO - Dependencies all met for <TaskInstance: gbq_pipeline.write_append_join_table 2022-06-05T10:00:00+00:00 [queued]>
[2022-06-06 17:02:30,676] {taskinstance.py:1042} INFO - 
--------------------------------------------------------------------------------
[2022-06-06 17:02:30,676] {taskinstance.py:1043} INFO - Starting attempt 1 of 3
[2022-06-06 17:02:30,677] {taskinstance.py:1044} INFO - 
--------------------------------------------------------------------------------
[2022-06-06 17:02:30,685] {taskinstance.py:1063} INFO - Executing <Task(BigQueryOperator): write_append_join_table> on 2022-06-05T10:00:00+00:00
[2022-06-06 17:02:30,694] {standard_task_runner.py:76} INFO - Running: ['airflow', 'tasks', 'run', 'gbq_pipeline', 'write_append_join_table', '2022-06-05T10:00:00+00:00', '--job-id', '600', '--pool', 'default_pool', '--raw', '--subdir', 'DAGS_FOLDER/gbq_pipeline.py', '--cfg-path', '/tmp/tmpp0k71j9v', '--error-file', '/tmp/tmpwofqxjxo']
[2022-06-06 17:02:30,691] {standard_task_runner.py:52} INFO - Started process 903 to run task
[2022-06-06 17:02:30,696] {standard_task_runner.py:77} INFO - Job 600: Subtask write_append_join_table
[2022-06-06 17:02:30,733] {logging_mixin.py:104} INFO - Running <TaskInstance: gbq_pipeline.write_append_join_table 2022-06-05T10:00:00+00:00 [running]> on host c40819a450e3
[2022-06-06 17:02:30,766] {taskinstance.py:1257} INFO - Exporting the following env vars:
AIRFLOW_CTX_DAG_EMAIL=airflow@airflow.com
AIRFLOW_CTX_DAG_OWNER=vanmai-airflow
AIRFLOW_CTX_DAG_ID=gbq_pipeline
AIRFLOW_CTX_TASK_ID=write_append_join_table
AIRFLOW_CTX_EXECUTION_DATE=2022-06-05T10:00:00+00:00
AIRFLOW_CTX_DAG_RUN_ID=scheduled__2022-06-05T10:00:00+00:00
[2022-06-06 17:02:30,767] {bigquery.py:680} INFO - Executing: 
    SELECT 
      gh.*,
      hn.* except (date, github_repo)
    FROM
      `airflow-project-352316.github_curated.github_agg` gh
    LEFT JOIN 
      `airflow-project-352316.github_curated.hackernews_agg` hn
    ON hn.github_repo = gh.github_repo and hn.date = gh.date
    WHERE hn.score is not null
    
[2022-06-06 17:02:30,776] {logging_mixin.py:104} WARNING - /home/airflow/.local/lib/python3.6/site-packages/airflow/providers/google/cloud/hooks/bigquery.py:2052 DeprecationWarning: This method is deprecated. Please use `BigQueryHook.insert_job` method.
[2022-06-06 17:02:30,783] {bigquery.py:1510} INFO - Inserting job airflow_1654534950783303_cfad98687eff6246d49f73f415b9556f
[2022-06-06 17:02:35,035] {taskinstance.py:1166} INFO - Marking task as SUCCESS. dag_id=gbq_pipeline, task_id=write_append_join_table, execution_date=20220605T100000, start_date=20220606T170230, end_date=20220606T170235
[2022-06-06 17:02:35,066] {taskinstance.py:1220} INFO - 0 downstream tasks scheduled from follow-on schedule check
[2022-06-06 17:02:35,090] {local_task_job.py:146} INFO - Task exited with return code 0
[2022-06-06 17:11:26,226] {taskinstance.py:851} INFO - Dependencies all met for <TaskInstance: gbq_pipeline.write_append_join_table 2022-06-05T10:00:00+00:00 [queued]>
[2022-06-06 17:11:26,244] {taskinstance.py:851} INFO - Dependencies all met for <TaskInstance: gbq_pipeline.write_append_join_table 2022-06-05T10:00:00+00:00 [queued]>
[2022-06-06 17:11:26,245] {taskinstance.py:1042} INFO - 
--------------------------------------------------------------------------------
[2022-06-06 17:11:26,245] {taskinstance.py:1043} INFO - Starting attempt 1 of 3
[2022-06-06 17:11:26,245] {taskinstance.py:1044} INFO - 
--------------------------------------------------------------------------------
[2022-06-06 17:11:26,251] {taskinstance.py:1063} INFO - Executing <Task(BigQueryOperator): write_append_join_table> on 2022-06-05T10:00:00+00:00
[2022-06-06 17:11:26,255] {standard_task_runner.py:52} INFO - Started process 1018 to run task
[2022-06-06 17:11:26,258] {standard_task_runner.py:76} INFO - Running: ['airflow', 'tasks', 'run', 'gbq_pipeline', 'write_append_join_table', '2022-06-05T10:00:00+00:00', '--job-id', '639', '--pool', 'default_pool', '--raw', '--subdir', 'DAGS_FOLDER/gbq_pipeline.py', '--cfg-path', '/tmp/tmp4v9dvmfn', '--error-file', '/tmp/tmp9j67o74j']
[2022-06-06 17:11:26,260] {standard_task_runner.py:77} INFO - Job 639: Subtask write_append_join_table
[2022-06-06 17:11:26,295] {logging_mixin.py:104} INFO - Running <TaskInstance: gbq_pipeline.write_append_join_table 2022-06-05T10:00:00+00:00 [running]> on host c40819a450e3
[2022-06-06 17:11:26,326] {taskinstance.py:1257} INFO - Exporting the following env vars:
AIRFLOW_CTX_DAG_EMAIL=airflow@airflow.com
AIRFLOW_CTX_DAG_OWNER=vanmai-airflow
AIRFLOW_CTX_DAG_ID=gbq_pipeline
AIRFLOW_CTX_TASK_ID=write_append_join_table
AIRFLOW_CTX_EXECUTION_DATE=2022-06-05T10:00:00+00:00
AIRFLOW_CTX_DAG_RUN_ID=scheduled__2022-06-05T10:00:00+00:00
[2022-06-06 17:11:26,327] {bigquery.py:680} INFO - Executing: 
    SELECT 
      gh.*,
      hn.* except (date, github_repo)
    FROM
      `airflow-project-352316.github_curated.github_agg` gh
    LEFT JOIN 
      `airflow-project-352316.github_curated.hackernews_agg` hn
    ON hn.github_repo = gh.github_repo and hn.date = gh.date
    WHERE hn.score is not null
    
[2022-06-06 17:11:26,335] {logging_mixin.py:104} WARNING - /home/airflow/.local/lib/python3.6/site-packages/airflow/providers/google/cloud/hooks/bigquery.py:2052 DeprecationWarning: This method is deprecated. Please use `BigQueryHook.insert_job` method.
[2022-06-06 17:11:26,343] {bigquery.py:1510} INFO - Inserting job airflow_1654535486342591_cfad98687eff6246d49f73f415b9556f
[2022-06-06 17:11:30,277] {taskinstance.py:1166} INFO - Marking task as SUCCESS. dag_id=gbq_pipeline, task_id=write_append_join_table, execution_date=20220605T100000, start_date=20220606T171126, end_date=20220606T171130
[2022-06-06 17:11:30,301] {taskinstance.py:1220} INFO - 1 downstream tasks scheduled from follow-on schedule check
[2022-06-06 17:11:30,330] {local_task_job.py:146} INFO - Task exited with return code 0
[2022-06-06 19:51:03,444] {taskinstance.py:851} INFO - Dependencies all met for <TaskInstance: gbq_pipeline.write_append_join_table 2022-06-05T10:00:00+00:00 [queued]>
[2022-06-06 19:51:03,458] {taskinstance.py:851} INFO - Dependencies all met for <TaskInstance: gbq_pipeline.write_append_join_table 2022-06-05T10:00:00+00:00 [queued]>
[2022-06-06 19:51:03,459] {taskinstance.py:1042} INFO - 
--------------------------------------------------------------------------------
[2022-06-06 19:51:03,459] {taskinstance.py:1043} INFO - Starting attempt 1 of 3
[2022-06-06 19:51:03,460] {taskinstance.py:1044} INFO - 
--------------------------------------------------------------------------------
[2022-06-06 19:51:03,470] {taskinstance.py:1063} INFO - Executing <Task(BigQueryOperator): write_append_join_table> on 2022-06-05T10:00:00+00:00
[2022-06-06 19:51:03,477] {standard_task_runner.py:76} INFO - Running: ['airflow', 'tasks', 'run', 'gbq_pipeline', 'write_append_join_table', '2022-06-05T10:00:00+00:00', '--job-id', '796', '--pool', 'default_pool', '--raw', '--subdir', 'DAGS_FOLDER/gbq_pipeline.py', '--cfg-path', '/tmp/tmpo0d92o5a', '--error-file', '/tmp/tmpjq4kar_2']
[2022-06-06 19:51:03,474] {standard_task_runner.py:52} INFO - Started process 127 to run task
[2022-06-06 19:51:03,478] {standard_task_runner.py:77} INFO - Job 796: Subtask write_append_join_table
[2022-06-06 19:51:03,509] {logging_mixin.py:104} INFO - Running <TaskInstance: gbq_pipeline.write_append_join_table 2022-06-05T10:00:00+00:00 [running]> on host e8b9b26156db
[2022-06-06 19:51:03,536] {taskinstance.py:1257} INFO - Exporting the following env vars:
AIRFLOW_CTX_DAG_EMAIL=airflow@airflow.com
AIRFLOW_CTX_DAG_OWNER=vanmai-airflow
AIRFLOW_CTX_DAG_ID=gbq_pipeline
AIRFLOW_CTX_TASK_ID=write_append_join_table
AIRFLOW_CTX_EXECUTION_DATE=2022-06-05T10:00:00+00:00
AIRFLOW_CTX_DAG_RUN_ID=scheduled__2022-06-05T10:00:00+00:00
[2022-06-06 19:51:03,537] {bigquery.py:680} INFO - Executing: 
    SELECT 
      gh.*,
      hn.* except (date, github_repo)
    FROM
      `airflow-docker-352518.us_curated_data.github_agg` gh
    LEFT JOIN 
      `airflow-docker-352518.us_curated_data.hackernews_agg` hn
    ON hn.github_repo = gh.github_repo and hn.date = gh.date
    WHERE hn.score is not null
    
[2022-06-06 19:51:03,544] {logging_mixin.py:104} WARNING - /home/airflow/.local/lib/python3.6/site-packages/airflow/providers/google/cloud/hooks/bigquery.py:2052 DeprecationWarning: This method is deprecated. Please use `BigQueryHook.insert_job` method.
[2022-06-06 19:51:03,552] {bigquery.py:1510} INFO - Inserting job airflow_1654545063552061_e653c513c44bd03e42b8186d52fbf239
[2022-06-06 19:51:07,300] {taskinstance.py:1166} INFO - Marking task as SUCCESS. dag_id=gbq_pipeline, task_id=write_append_join_table, execution_date=20220605T100000, start_date=20220606T195103, end_date=20220606T195107
[2022-06-06 19:51:07,324] {taskinstance.py:1220} INFO - 0 downstream tasks scheduled from follow-on schedule check
[2022-06-06 19:51:07,354] {local_task_job.py:146} INFO - Task exited with return code 0
[2022-06-06 20:03:26,260] {taskinstance.py:851} INFO - Dependencies all met for <TaskInstance: gbq_pipeline.write_append_join_table 2022-06-05T10:00:00+00:00 [queued]>
[2022-06-06 20:03:26,275] {taskinstance.py:851} INFO - Dependencies all met for <TaskInstance: gbq_pipeline.write_append_join_table 2022-06-05T10:00:00+00:00 [queued]>
[2022-06-06 20:03:26,275] {taskinstance.py:1042} INFO - 
--------------------------------------------------------------------------------
[2022-06-06 20:03:26,276] {taskinstance.py:1043} INFO - Starting attempt 1 of 3
[2022-06-06 20:03:26,276] {taskinstance.py:1044} INFO - 
--------------------------------------------------------------------------------
[2022-06-06 20:03:26,286] {taskinstance.py:1063} INFO - Executing <Task(BigQueryOperator): write_append_join_table> on 2022-06-05T10:00:00+00:00
[2022-06-06 20:03:26,290] {standard_task_runner.py:52} INFO - Started process 314 to run task
[2022-06-06 20:03:26,293] {standard_task_runner.py:76} INFO - Running: ['airflow', 'tasks', 'run', 'gbq_pipeline', 'write_append_join_table', '2022-06-05T10:00:00+00:00', '--job-id', '863', '--pool', 'default_pool', '--raw', '--subdir', 'DAGS_FOLDER/gbq_pipeline.py', '--cfg-path', '/tmp/tmpdze3jbl7', '--error-file', '/tmp/tmpr7s6n56_']
[2022-06-06 20:03:26,294] {standard_task_runner.py:77} INFO - Job 863: Subtask write_append_join_table
[2022-06-06 20:03:26,329] {logging_mixin.py:104} INFO - Running <TaskInstance: gbq_pipeline.write_append_join_table 2022-06-05T10:00:00+00:00 [running]> on host e8b9b26156db
[2022-06-06 20:03:26,365] {taskinstance.py:1257} INFO - Exporting the following env vars:
AIRFLOW_CTX_DAG_EMAIL=airflow@airflow.com
AIRFLOW_CTX_DAG_OWNER=vanmai-airflow
AIRFLOW_CTX_DAG_ID=gbq_pipeline
AIRFLOW_CTX_TASK_ID=write_append_join_table
AIRFLOW_CTX_EXECUTION_DATE=2022-06-05T10:00:00+00:00
AIRFLOW_CTX_DAG_RUN_ID=scheduled__2022-06-05T10:00:00+00:00
[2022-06-06 20:03:26,368] {bigquery.py:680} INFO - Executing: 
    SELECT 
      gh.*,
      hn.* except (date, github_repo)
    FROM
      `airflow-docker-352518.us_curated_data.github_agg` gh
    LEFT JOIN 
      `airflow-docker-352518.us_curated_data.hackernews_agg` hn
    ON hn.github_repo = gh.github_repo and hn.date = gh.date
    WHERE hn.score is not null
    
[2022-06-06 20:03:26,378] {logging_mixin.py:104} WARNING - /home/airflow/.local/lib/python3.6/site-packages/airflow/providers/google/cloud/hooks/bigquery.py:2052 DeprecationWarning: This method is deprecated. Please use `BigQueryHook.insert_job` method.
[2022-06-06 20:03:26,386] {bigquery.py:1510} INFO - Inserting job airflow_1654545806385594_e653c513c44bd03e42b8186d52fbf239
[2022-06-06 20:03:30,854] {taskinstance.py:1166} INFO - Marking task as SUCCESS. dag_id=gbq_pipeline, task_id=write_append_join_table, execution_date=20220605T100000, start_date=20220606T200326, end_date=20220606T200330
[2022-06-06 20:03:30,878] {taskinstance.py:1220} INFO - 1 downstream tasks scheduled from follow-on schedule check
[2022-06-06 20:03:30,886] {local_task_job.py:146} INFO - Task exited with return code 0
