[2022-06-05 22:02:34,634] {taskinstance.py:851} INFO - Dependencies all met for <TaskInstance: vanmai-demo.t4_done 2022-05-21T00:00:00+00:00 [queued]>
[2022-06-05 22:02:34,649] {taskinstance.py:851} INFO - Dependencies all met for <TaskInstance: vanmai-demo.t4_done 2022-05-21T00:00:00+00:00 [queued]>
[2022-06-05 22:02:34,650] {taskinstance.py:1042} INFO - 
--------------------------------------------------------------------------------
[2022-06-05 22:02:34,650] {taskinstance.py:1043} INFO - Starting attempt 1 of 2
[2022-06-05 22:02:34,650] {taskinstance.py:1044} INFO - 
--------------------------------------------------------------------------------
[2022-06-05 22:02:34,660] {taskinstance.py:1063} INFO - Executing <Task(BashOperator): t4_done> on 2022-05-21T00:00:00+00:00
[2022-06-05 22:02:34,664] {standard_task_runner.py:52} INFO - Started process 188 to run task
[2022-06-05 22:02:34,668] {standard_task_runner.py:76} INFO - Running: ['airflow', 'tasks', 'run', 'vanmai-demo', 't4_done', '2022-05-21T00:00:00+00:00', '--job-id', '267', '--pool', 'default_pool', '--raw', '--subdir', 'DAGS_FOLDER/vanmai-demo.py', '--cfg-path', '/tmp/tmp5qbugir7', '--error-file', '/tmp/tmp99qrhuzz']
[2022-06-05 22:02:34,669] {standard_task_runner.py:77} INFO - Job 267: Subtask t4_done
[2022-06-05 22:02:34,706] {logging_mixin.py:104} INFO - Running <TaskInstance: vanmai-demo.t4_done 2022-05-21T00:00:00+00:00 [running]> on host 173d5ef1e4be
[2022-06-05 22:02:34,746] {taskinstance.py:1257} INFO - Exporting the following env vars:
AIRFLOW_CTX_DAG_EMAIL=airflow@example.com
AIRFLOW_CTX_DAG_OWNER=vanmai
AIRFLOW_CTX_DAG_ID=vanmai-demo
AIRFLOW_CTX_TASK_ID=t4_done
AIRFLOW_CTX_EXECUTION_DATE=2022-05-21T00:00:00+00:00
AIRFLOW_CTX_DAG_RUN_ID=scheduled__2022-05-21T00:00:00+00:00
[2022-06-05 22:02:34,747] {bash.py:135} INFO - Tmp dir root location: 
 /tmp
[2022-06-05 22:02:34,748] {bash.py:158} INFO - Running command: echo Done
[2022-06-05 22:02:34,756] {bash.py:169} INFO - Output:
[2022-06-05 22:02:34,757] {bash.py:173} INFO - Done
[2022-06-05 22:02:34,758] {bash.py:177} INFO - Command exited with return code 0
[2022-06-05 22:02:34,784] {taskinstance.py:1166} INFO - Marking task as SUCCESS. dag_id=vanmai-demo, task_id=t4_done, execution_date=20220521T000000, start_date=20220605T220234, end_date=20220605T220234
[2022-06-05 22:02:34,809] {taskinstance.py:1220} INFO - 0 downstream tasks scheduled from follow-on schedule check
[2022-06-05 22:02:34,842] {local_task_job.py:146} INFO - Task exited with return code 0
