[2022-06-05 22:02:27,784] {taskinstance.py:851} INFO - Dependencies all met for <TaskInstance: vanmai-demo.t1_print_date 2022-05-24T00:00:00+00:00 [queued]>
[2022-06-05 22:02:27,801] {taskinstance.py:851} INFO - Dependencies all met for <TaskInstance: vanmai-demo.t1_print_date 2022-05-24T00:00:00+00:00 [queued]>
[2022-06-05 22:02:27,801] {taskinstance.py:1042} INFO - 
--------------------------------------------------------------------------------
[2022-06-05 22:02:27,801] {taskinstance.py:1043} INFO - Starting attempt 1 of 2
[2022-06-05 22:02:27,802] {taskinstance.py:1044} INFO - 
--------------------------------------------------------------------------------
[2022-06-05 22:02:27,810] {taskinstance.py:1063} INFO - Executing <Task(BashOperator): t1_print_date> on 2022-05-24T00:00:00+00:00
[2022-06-05 22:02:27,816] {standard_task_runner.py:52} INFO - Started process 58 to run task
[2022-06-05 22:02:27,821] {standard_task_runner.py:76} INFO - Running: ['airflow', 'tasks', 'run', 'vanmai-demo', 't1_print_date', '2022-05-24T00:00:00+00:00', '--job-id', '225', '--pool', 'default_pool', '--raw', '--subdir', 'DAGS_FOLDER/vanmai-demo.py', '--cfg-path', '/tmp/tmp_scdn16e', '--error-file', '/tmp/tmp5iom9w__']
[2022-06-05 22:02:27,821] {standard_task_runner.py:77} INFO - Job 225: Subtask t1_print_date
[2022-06-05 22:02:27,864] {logging_mixin.py:104} INFO - Running <TaskInstance: vanmai-demo.t1_print_date 2022-05-24T00:00:00+00:00 [running]> on host 173d5ef1e4be
[2022-06-05 22:02:27,908] {taskinstance.py:1257} INFO - Exporting the following env vars:
AIRFLOW_CTX_DAG_EMAIL=airflow@example.com
AIRFLOW_CTX_DAG_OWNER=vanmai
AIRFLOW_CTX_DAG_ID=vanmai-demo
AIRFLOW_CTX_TASK_ID=t1_print_date
AIRFLOW_CTX_EXECUTION_DATE=2022-05-24T00:00:00+00:00
AIRFLOW_CTX_DAG_RUN_ID=scheduled__2022-05-24T00:00:00+00:00
[2022-06-05 22:02:27,909] {bash.py:135} INFO - Tmp dir root location: 
 /tmp
[2022-06-05 22:02:27,909] {bash.py:158} INFO - Running command: date
[2022-06-05 22:02:27,919] {bash.py:169} INFO - Output:
[2022-06-05 22:02:27,920] {bash.py:173} INFO - Sun Jun  5 22:02:27 UTC 2022
[2022-06-05 22:02:27,920] {bash.py:177} INFO - Command exited with return code 0
[2022-06-05 22:02:27,947] {taskinstance.py:1166} INFO - Marking task as SUCCESS. dag_id=vanmai-demo, task_id=t1_print_date, execution_date=20220524T000000, start_date=20220605T220227, end_date=20220605T220227
[2022-06-05 22:02:27,974] {taskinstance.py:1220} INFO - 2 downstream tasks scheduled from follow-on schedule check
[2022-06-05 22:02:27,995] {local_task_job.py:146} INFO - Task exited with return code 0
