[2022-06-06 20:03:00,955] {taskinstance.py:851} INFO - Dependencies all met for <TaskInstance: gbq_pipeline.write_truncate_hackernews_agg 2022-06-05T10:00:00+00:00 [queued]>
[2022-06-06 20:03:00,973] {taskinstance.py:851} INFO - Dependencies all met for <TaskInstance: gbq_pipeline.write_truncate_hackernews_agg 2022-06-05T10:00:00+00:00 [queued]>
[2022-06-06 20:03:00,974] {taskinstance.py:1042} INFO - 
--------------------------------------------------------------------------------
[2022-06-06 20:03:00,974] {taskinstance.py:1043} INFO - Starting attempt 2 of 6
[2022-06-06 20:03:00,975] {taskinstance.py:1044} INFO - 
--------------------------------------------------------------------------------
[2022-06-06 20:03:00,987] {taskinstance.py:1063} INFO - Executing <Task(BigQueryOperator): write_truncate_hackernews_agg> on 2022-06-05T10:00:00+00:00
[2022-06-06 20:03:00,992] {standard_task_runner.py:52} INFO - Started process 308 to run task
[2022-06-06 20:03:00,994] {standard_task_runner.py:76} INFO - Running: ['airflow', 'tasks', 'run', 'gbq_pipeline', 'write_truncate_hackernews_agg', '2022-06-05T10:00:00+00:00', '--job-id', '861', '--pool', 'default_pool', '--raw', '--subdir', 'DAGS_FOLDER/gbq_pipeline.py', '--cfg-path', '/tmp/tmpjdhv425g', '--error-file', '/tmp/tmpoyj5xlws']
[2022-06-06 20:03:00,996] {standard_task_runner.py:77} INFO - Job 861: Subtask write_truncate_hackernews_agg
[2022-06-06 20:03:01,031] {logging_mixin.py:104} INFO - Running <TaskInstance: gbq_pipeline.write_truncate_hackernews_agg 2022-06-05T10:00:00+00:00 [running]> on host e8b9b26156db
[2022-06-06 20:03:01,065] {taskinstance.py:1257} INFO - Exporting the following env vars:
AIRFLOW_CTX_DAG_EMAIL=airflow@airflow.com
AIRFLOW_CTX_DAG_OWNER=vanmai-airflow
AIRFLOW_CTX_DAG_ID=gbq_pipeline
AIRFLOW_CTX_TASK_ID=write_truncate_hackernews_agg
AIRFLOW_CTX_EXECUTION_DATE=2022-06-05T10:00:00+00:00
AIRFLOW_CTX_DAG_RUN_ID=scheduled__2022-06-05T10:00:00+00:00
[2022-06-06 20:03:01,066] {bigquery.py:680} INFO - Executing: 
    SELECT
      FORMAT_TIMESTAMP("%Y%m%d", timestamp) AS date,
      `by` AS user,
      REGEXP_EXTRACT(url, "(https?://github.com/[^/]*/[^/#?]*)") as github_repo,
      SUM(score) as score
    FROM
      `bigquery-public-data.hacker_news.full`
    WHERE TRUE
      AND FORMAT_TIMESTAMP("%Y%m%d", timestamp) = '20220605'
      AND url LIKE '%https://github.com%'
      AND url NOT LIKE '%github.com/blog/%'
    GROUP BY 1,2,3
    
[2022-06-06 20:03:01,075] {logging_mixin.py:104} WARNING - /home/airflow/.local/lib/python3.6/site-packages/airflow/providers/google/cloud/hooks/bigquery.py:2052 DeprecationWarning: This method is deprecated. Please use `BigQueryHook.insert_job` method.
[2022-06-06 20:03:01,083] {bigquery.py:1510} INFO - Inserting job airflow_1654545781083038_e914cd3862be240e14e5093d98798250
[2022-06-06 20:03:05,237] {taskinstance.py:1166} INFO - Marking task as SUCCESS. dag_id=gbq_pipeline, task_id=write_truncate_hackernews_agg, execution_date=20220605T100000, start_date=20220606T200300, end_date=20220606T200305
[2022-06-06 20:03:05,273] {taskinstance.py:1220} INFO - 0 downstream tasks scheduled from follow-on schedule check
[2022-06-06 20:03:05,306] {local_task_job.py:146} INFO - Task exited with return code 0
