[2022-06-06 15:24:20,862] {taskinstance.py:851} INFO - Dependencies all met for <TaskInstance: gbq_pipeline.write_truncate_github_agg 2022-03-08T10:00:00+00:00 [queued]>
[2022-06-06 15:24:20,881] {taskinstance.py:851} INFO - Dependencies all met for <TaskInstance: gbq_pipeline.write_truncate_github_agg 2022-03-08T10:00:00+00:00 [queued]>
[2022-06-06 15:24:20,882] {taskinstance.py:1042} INFO - 
--------------------------------------------------------------------------------
[2022-06-06 15:24:20,882] {taskinstance.py:1043} INFO - Starting attempt 1 of 3
[2022-06-06 15:24:20,882] {taskinstance.py:1044} INFO - 
--------------------------------------------------------------------------------
[2022-06-06 15:24:20,889] {taskinstance.py:1063} INFO - Executing <Task(BigQueryOperator): write_truncate_github_agg> on 2022-03-08T10:00:00+00:00
[2022-06-06 15:24:20,893] {standard_task_runner.py:52} INFO - Started process 335 to run task
[2022-06-06 15:24:20,896] {standard_task_runner.py:76} INFO - Running: ['airflow', 'tasks', 'run', 'gbq_pipeline', 'write_truncate_github_agg', '2022-03-08T10:00:00+00:00', '--job-id', '411', '--pool', 'default_pool', '--raw', '--subdir', 'DAGS_FOLDER/gbq_pipeline.py', '--cfg-path', '/tmp/tmp6hff_ge5', '--error-file', '/tmp/tmpinimy2zw']
[2022-06-06 15:24:20,899] {standard_task_runner.py:77} INFO - Job 411: Subtask write_truncate_github_agg
[2022-06-06 15:24:20,932] {logging_mixin.py:104} INFO - Running <TaskInstance: gbq_pipeline.write_truncate_github_agg 2022-03-08T10:00:00+00:00 [running]> on host c40819a450e3
[2022-06-06 15:24:20,963] {taskinstance.py:1257} INFO - Exporting the following env vars:
AIRFLOW_CTX_DAG_EMAIL=airflow@airflow.com
AIRFLOW_CTX_DAG_OWNER=vanmai-airflow
AIRFLOW_CTX_DAG_ID=gbq_pipeline
AIRFLOW_CTX_TASK_ID=write_truncate_github_agg
AIRFLOW_CTX_EXECUTION_DATE=2022-03-08T10:00:00+00:00
AIRFLOW_CTX_DAG_RUN_ID=scheduled__2022-03-08T10:00:00+00:00
[2022-06-06 15:24:20,965] {bigquery.py:680} INFO - Executing: 
        with cte as
        (
          SELECT
            FORMAT_TIMESTAMP("%Y%m%d", created_at) AS date,
            actor.id as actor_id,
            CONCAT('https://github.com/', repo.name) as github_repo,
            type
          FROM
            `githubarchive.day.20220308`
        )

        SELECT
          date,
          github_repo,
          count(IF(type='WatchEvent', type, NULL)) AS subs,
          count(IF(type='PushEvent',  type, NULL)) AS pushes,
          count(IF(type='PullRequestEvent',  type, NULL)) AS pullrequests,
          count(IF(type='ForkEvent',  type, NULL)) AS copies,
          count(IF(type in ('IssueCommentEvent','CommitCommentEvent','PullRequestReviewCommentEvent'),  type, NULL)) AS comments,
          count(*) AS all_event
        FROM cte
        GROUP BY 1,2
        ORDER BY all_event desc
        
[2022-06-06 15:24:20,972] {logging_mixin.py:104} WARNING - /home/airflow/.local/lib/python3.6/site-packages/airflow/providers/google/cloud/hooks/bigquery.py:2052 DeprecationWarning: This method is deprecated. Please use `BigQueryHook.insert_job` method.
[2022-06-06 15:24:20,980] {bigquery.py:1510} INFO - Inserting job airflow_1654529060979391_2a8fb4353c66a5f8471af6a67c7a67ea
[2022-06-06 15:24:27,715] {taskinstance.py:1166} INFO - Marking task as SUCCESS. dag_id=gbq_pipeline, task_id=write_truncate_github_agg, execution_date=20220308T100000, start_date=20220606T152420, end_date=20220606T152427
[2022-06-06 15:24:27,741] {taskinstance.py:1220} INFO - 1 downstream tasks scheduled from follow-on schedule check
[2022-06-06 15:24:27,777] {local_task_job.py:146} INFO - Task exited with return code 0
[2022-06-06 16:59:58,681] {taskinstance.py:851} INFO - Dependencies all met for <TaskInstance: gbq_pipeline.write_truncate_github_agg 2022-03-08T10:00:00+00:00 [queued]>
[2022-06-06 16:59:58,695] {taskinstance.py:851} INFO - Dependencies all met for <TaskInstance: gbq_pipeline.write_truncate_github_agg 2022-03-08T10:00:00+00:00 [queued]>
[2022-06-06 16:59:58,695] {taskinstance.py:1042} INFO - 
--------------------------------------------------------------------------------
[2022-06-06 16:59:58,696] {taskinstance.py:1043} INFO - Starting attempt 1 of 3
[2022-06-06 16:59:58,696] {taskinstance.py:1044} INFO - 
--------------------------------------------------------------------------------
[2022-06-06 16:59:58,706] {taskinstance.py:1063} INFO - Executing <Task(BigQueryOperator): write_truncate_github_agg> on 2022-03-08T10:00:00+00:00
[2022-06-06 16:59:58,710] {standard_task_runner.py:52} INFO - Started process 777 to run task
[2022-06-06 16:59:58,712] {standard_task_runner.py:76} INFO - Running: ['airflow', 'tasks', 'run', 'gbq_pipeline', 'write_truncate_github_agg', '2022-03-08T10:00:00+00:00', '--job-id', '558', '--pool', 'default_pool', '--raw', '--subdir', 'DAGS_FOLDER/gbq_pipeline.py', '--cfg-path', '/tmp/tmp7fa9urny', '--error-file', '/tmp/tmp2dbznqmt']
[2022-06-06 16:59:58,714] {standard_task_runner.py:77} INFO - Job 558: Subtask write_truncate_github_agg
[2022-06-06 16:59:58,748] {logging_mixin.py:104} INFO - Running <TaskInstance: gbq_pipeline.write_truncate_github_agg 2022-03-08T10:00:00+00:00 [running]> on host c40819a450e3
[2022-06-06 16:59:58,782] {taskinstance.py:1257} INFO - Exporting the following env vars:
AIRFLOW_CTX_DAG_EMAIL=airflow@airflow.com
AIRFLOW_CTX_DAG_OWNER=vanmai-airflow
AIRFLOW_CTX_DAG_ID=gbq_pipeline
AIRFLOW_CTX_TASK_ID=write_truncate_github_agg
AIRFLOW_CTX_EXECUTION_DATE=2022-03-08T10:00:00+00:00
AIRFLOW_CTX_DAG_RUN_ID=scheduled__2022-03-08T10:00:00+00:00
[2022-06-06 16:59:58,784] {bigquery.py:680} INFO - Executing: 
        with cte as
        (
          SELECT
            FORMAT_TIMESTAMP("%Y%m%d", created_at) AS date,
            actor.id as actor_id,
            CONCAT('https://github.com/', repo.name) as github_repo,
            type
          FROM
            `githubarchive.day.20220308`
        )

        SELECT
          date,
          github_repo,
          count(IF(type='WatchEvent', type, NULL)) AS subs,
          count(IF(type='PushEvent',  type, NULL)) AS pushes,
          count(IF(type='PullRequestEvent',  type, NULL)) AS pullrequests,
          count(IF(type='ForkEvent',  type, NULL)) AS copies,
          count(IF(type in ('IssueCommentEvent','CommitCommentEvent','PullRequestReviewCommentEvent'),  type, NULL)) AS comments,
          count(*) AS all_event
        FROM cte
        GROUP BY 1,2
        ORDER BY all_event desc
        
[2022-06-06 16:59:58,793] {logging_mixin.py:104} WARNING - /home/airflow/.local/lib/python3.6/site-packages/airflow/providers/google/cloud/hooks/bigquery.py:2052 DeprecationWarning: This method is deprecated. Please use `BigQueryHook.insert_job` method.
[2022-06-06 16:59:58,800] {bigquery.py:1510} INFO - Inserting job airflow_1654534798799898_2a8fb4353c66a5f8471af6a67c7a67ea
[2022-06-06 17:00:05,530] {taskinstance.py:1166} INFO - Marking task as SUCCESS. dag_id=gbq_pipeline, task_id=write_truncate_github_agg, execution_date=20220308T100000, start_date=20220606T165958, end_date=20220606T170005
[2022-06-06 17:00:05,552] {taskinstance.py:1220} INFO - 1 downstream tasks scheduled from follow-on schedule check
[2022-06-06 17:00:05,592] {local_task_job.py:146} INFO - Task exited with return code 0
