[2022-06-05 22:02:30,202] {taskinstance.py:851} INFO - Dependencies all met for <TaskInstance: vanmai-demo.t1_print_date 2022-06-01T00:00:00+00:00 [queued]>
[2022-06-05 22:02:30,215] {taskinstance.py:851} INFO - Dependencies all met for <TaskInstance: vanmai-demo.t1_print_date 2022-06-01T00:00:00+00:00 [queued]>
[2022-06-05 22:02:30,215] {taskinstance.py:1042} INFO - 
--------------------------------------------------------------------------------
[2022-06-05 22:02:30,215] {taskinstance.py:1043} INFO - Starting attempt 1 of 2
[2022-06-05 22:02:30,215] {taskinstance.py:1044} INFO - 
--------------------------------------------------------------------------------
[2022-06-05 22:02:30,222] {taskinstance.py:1063} INFO - Executing <Task(BashOperator): t1_print_date> on 2022-06-01T00:00:00+00:00
[2022-06-05 22:02:30,225] {standard_task_runner.py:52} INFO - Started process 138 to run task
[2022-06-05 22:02:30,228] {standard_task_runner.py:76} INFO - Running: ['airflow', 'tasks', 'run', 'vanmai-demo', 't1_print_date', '2022-06-01T00:00:00+00:00', '--job-id', '252', '--pool', 'default_pool', '--raw', '--subdir', 'DAGS_FOLDER/vanmai-demo.py', '--cfg-path', '/tmp/tmprt03rgk6', '--error-file', '/tmp/tmpucwe98z5']
[2022-06-05 22:02:30,229] {standard_task_runner.py:77} INFO - Job 252: Subtask t1_print_date
[2022-06-05 22:02:30,264] {logging_mixin.py:104} INFO - Running <TaskInstance: vanmai-demo.t1_print_date 2022-06-01T00:00:00+00:00 [running]> on host 173d5ef1e4be
[2022-06-05 22:02:30,294] {taskinstance.py:1257} INFO - Exporting the following env vars:
AIRFLOW_CTX_DAG_EMAIL=airflow@example.com
AIRFLOW_CTX_DAG_OWNER=vanmai
AIRFLOW_CTX_DAG_ID=vanmai-demo
AIRFLOW_CTX_TASK_ID=t1_print_date
AIRFLOW_CTX_EXECUTION_DATE=2022-06-01T00:00:00+00:00
AIRFLOW_CTX_DAG_RUN_ID=scheduled__2022-06-01T00:00:00+00:00
[2022-06-05 22:02:30,295] {bash.py:135} INFO - Tmp dir root location: 
 /tmp
[2022-06-05 22:02:30,295] {bash.py:158} INFO - Running command: date
[2022-06-05 22:02:30,303] {bash.py:169} INFO - Output:
[2022-06-05 22:02:30,304] {bash.py:173} INFO - Sun Jun  5 22:02:30 UTC 2022
[2022-06-05 22:02:30,304] {bash.py:177} INFO - Command exited with return code 0
[2022-06-05 22:02:30,325] {taskinstance.py:1166} INFO - Marking task as SUCCESS. dag_id=vanmai-demo, task_id=t1_print_date, execution_date=20220601T000000, start_date=20220605T220230, end_date=20220605T220230
[2022-06-05 22:02:30,353] {taskinstance.py:1220} INFO - 2 downstream tasks scheduled from follow-on schedule check
[2022-06-05 22:02:30,361] {local_task_job.py:146} INFO - Task exited with return code 0
