[2022-06-06 10:52:36,368] {taskinstance.py:851} INFO - Dependencies all met for <TaskInstance: vanmai-demo.t2_sleep_5s 2022-06-05T00:00:00+00:00 [queued]>
[2022-06-06 10:52:36,383] {taskinstance.py:851} INFO - Dependencies all met for <TaskInstance: vanmai-demo.t2_sleep_5s 2022-06-05T00:00:00+00:00 [queued]>
[2022-06-06 10:52:36,384] {taskinstance.py:1042} INFO - 
--------------------------------------------------------------------------------
[2022-06-06 10:52:36,384] {taskinstance.py:1043} INFO - Starting attempt 1 of 2
[2022-06-06 10:52:36,385] {taskinstance.py:1044} INFO - 
--------------------------------------------------------------------------------
[2022-06-06 10:52:36,400] {taskinstance.py:1063} INFO - Executing <Task(BashOperator): t2_sleep_5s> on 2022-06-05T00:00:00+00:00
[2022-06-06 10:52:36,404] {standard_task_runner.py:52} INFO - Started process 59 to run task
[2022-06-06 10:52:36,409] {standard_task_runner.py:76} INFO - Running: ['airflow', 'tasks', 'run', 'vanmai-demo', 't2_sleep_5s', '2022-06-05T00:00:00+00:00', '--job-id', '288', '--pool', 'default_pool', '--raw', '--subdir', 'DAGS_FOLDER/vanmai-demo.py', '--cfg-path', '/tmp/tmptroc8sci', '--error-file', '/tmp/tmp525xf5tl']
[2022-06-06 10:52:36,410] {standard_task_runner.py:77} INFO - Job 288: Subtask t2_sleep_5s
[2022-06-06 10:52:36,485] {logging_mixin.py:104} INFO - Running <TaskInstance: vanmai-demo.t2_sleep_5s 2022-06-05T00:00:00+00:00 [running]> on host 92fcc90275da
[2022-06-06 10:52:36,555] {taskinstance.py:1257} INFO - Exporting the following env vars:
AIRFLOW_CTX_DAG_EMAIL=airflow@example.com
AIRFLOW_CTX_DAG_OWNER=vanmai
AIRFLOW_CTX_DAG_ID=vanmai-demo
AIRFLOW_CTX_TASK_ID=t2_sleep_5s
AIRFLOW_CTX_EXECUTION_DATE=2022-06-05T00:00:00+00:00
AIRFLOW_CTX_DAG_RUN_ID=scheduled__2022-06-05T00:00:00+00:00
[2022-06-06 10:52:36,557] {bash.py:135} INFO - Tmp dir root location: 
 /tmp
[2022-06-06 10:52:36,558] {bash.py:158} INFO - Running command: sleep 5
[2022-06-06 10:52:36,568] {bash.py:169} INFO - Output:
[2022-06-06 10:52:41,571] {bash.py:177} INFO - Command exited with return code 0
[2022-06-06 10:52:41,595] {taskinstance.py:1166} INFO - Marking task as SUCCESS. dag_id=vanmai-demo, task_id=t2_sleep_5s, execution_date=20220605T000000, start_date=20220606T105236, end_date=20220606T105241
[2022-06-06 10:52:41,620] {taskinstance.py:1220} INFO - 1 downstream tasks scheduled from follow-on schedule check
[2022-06-06 10:52:41,636] {local_task_job.py:146} INFO - Task exited with return code 0
