[2022-06-10 22:01:55,970] {taskinstance.py:851} INFO - Dependencies all met for <TaskInstance: gbq_pipeline.check_hackernews 2022-06-08T10:00:00+00:00 [queued]>
[2022-06-10 22:01:55,988] {taskinstance.py:851} INFO - Dependencies all met for <TaskInstance: gbq_pipeline.check_hackernews 2022-06-08T10:00:00+00:00 [queued]>
[2022-06-10 22:01:55,988] {taskinstance.py:1042} INFO - 
--------------------------------------------------------------------------------
[2022-06-10 22:01:55,989] {taskinstance.py:1043} INFO - Starting attempt 1 of 6
[2022-06-10 22:01:55,989] {taskinstance.py:1044} INFO - 
--------------------------------------------------------------------------------
[2022-06-10 22:01:55,996] {taskinstance.py:1063} INFO - Executing <Task(BigQueryCheckOperator): check_hackernews> on 2022-06-08T10:00:00+00:00
[2022-06-10 22:01:55,999] {standard_task_runner.py:52} INFO - Started process 89 to run task
[2022-06-10 22:01:56,001] {standard_task_runner.py:76} INFO - Running: ['airflow', 'tasks', 'run', 'gbq_pipeline', 'check_hackernews', '2022-06-08T10:00:00+00:00', '--job-id', '881', '--pool', 'default_pool', '--raw', '--subdir', 'DAGS_FOLDER/gbq_pipeline.py', '--cfg-path', '/tmp/tmpjmdgo25j', '--error-file', '/tmp/tmp2hz1y2s0']
[2022-06-10 22:01:56,003] {standard_task_runner.py:77} INFO - Job 881: Subtask check_hackernews
[2022-06-10 22:01:56,033] {logging_mixin.py:104} INFO - Running <TaskInstance: gbq_pipeline.check_hackernews 2022-06-08T10:00:00+00:00 [running]> on host 447938a2c16e
[2022-06-10 22:01:56,061] {taskinstance.py:1257} INFO - Exporting the following env vars:
AIRFLOW_CTX_DAG_EMAIL=airflow@airflow.com
AIRFLOW_CTX_DAG_OWNER=vanmai-airflow
AIRFLOW_CTX_DAG_ID=gbq_pipeline
AIRFLOW_CTX_TASK_ID=check_hackernews
AIRFLOW_CTX_EXECUTION_DATE=2022-06-08T10:00:00+00:00
AIRFLOW_CTX_DAG_RUN_ID=scheduled__2022-06-08T10:00:00+00:00
[2022-06-10 22:01:56,062] {sql.py:87} INFO - Executing SQL check: 
        SELECT "20220608" IN
            (
            SELECT FORMAT_TIMESTAMP("%Y%m%d", timestamp ) AS date
            FROM `bigquery-public-data.hacker_news.full`
            WHERE type = 'story'
            )
        
[2022-06-10 22:01:56,070] {logging_mixin.py:104} WARNING - /home/airflow/.local/lib/python3.6/site-packages/airflow/providers/google/cloud/hooks/bigquery.py:120 DeprecationWarning: This method will be deprecated. Please use `BigQueryHook.get_client` method
[2022-06-10 22:01:56,478] {logging_mixin.py:104} WARNING - /home/airflow/.local/lib/python3.6/site-packages/airflow/providers/google/cloud/hooks/bigquery.py:2052 DeprecationWarning: This method is deprecated. Please use `BigQueryHook.insert_job` method.
[2022-06-10 22:01:56,479] {bigquery.py:1510} INFO - Inserting job airflow_1654898516479451_9240a906c8fe079464cbd8d6c8ddf7ba
[2022-06-10 22:01:59,090] {sql.py:90} INFO - Record: [True]
[2022-06-10 22:01:59,091] {sql.py:96} INFO - Success.
[2022-06-10 22:01:59,098] {taskinstance.py:1166} INFO - Marking task as SUCCESS. dag_id=gbq_pipeline, task_id=check_hackernews, execution_date=20220608T100000, start_date=20220610T220155, end_date=20220610T220159
[2022-06-10 22:01:59,123] {taskinstance.py:1220} INFO - 1 downstream tasks scheduled from follow-on schedule check
[2022-06-10 22:01:59,148] {local_task_job.py:146} INFO - Task exited with return code 0
