[2022-06-10 22:02:10,192] {taskinstance.py:851} INFO - Dependencies all met for <TaskInstance: gbq_pipeline.write_append_join_table 2022-06-08T10:00:00+00:00 [queued]>
[2022-06-10 22:02:10,212] {taskinstance.py:851} INFO - Dependencies all met for <TaskInstance: gbq_pipeline.write_append_join_table 2022-06-08T10:00:00+00:00 [queued]>
[2022-06-10 22:02:10,213] {taskinstance.py:1042} INFO - 
--------------------------------------------------------------------------------
[2022-06-10 22:02:10,213] {taskinstance.py:1043} INFO - Starting attempt 1 of 6
[2022-06-10 22:02:10,213] {taskinstance.py:1044} INFO - 
--------------------------------------------------------------------------------
[2022-06-10 22:02:10,220] {taskinstance.py:1063} INFO - Executing <Task(BigQueryOperator): write_append_join_table> on 2022-06-08T10:00:00+00:00
[2022-06-10 22:02:10,224] {standard_task_runner.py:52} INFO - Started process 106 to run task
[2022-06-10 22:02:10,226] {standard_task_runner.py:76} INFO - Running: ['airflow', 'tasks', 'run', 'gbq_pipeline', 'write_append_join_table', '2022-06-08T10:00:00+00:00', '--job-id', '887', '--pool', 'default_pool', '--raw', '--subdir', 'DAGS_FOLDER/gbq_pipeline.py', '--cfg-path', '/tmp/tmptaieao6p', '--error-file', '/tmp/tmp3hmvc79s']
[2022-06-10 22:02:10,228] {standard_task_runner.py:77} INFO - Job 887: Subtask write_append_join_table
[2022-06-10 22:02:10,259] {logging_mixin.py:104} INFO - Running <TaskInstance: gbq_pipeline.write_append_join_table 2022-06-08T10:00:00+00:00 [running]> on host 447938a2c16e
[2022-06-10 22:02:10,289] {taskinstance.py:1257} INFO - Exporting the following env vars:
AIRFLOW_CTX_DAG_EMAIL=airflow@airflow.com
AIRFLOW_CTX_DAG_OWNER=vanmai-airflow
AIRFLOW_CTX_DAG_ID=gbq_pipeline
AIRFLOW_CTX_TASK_ID=write_append_join_table
AIRFLOW_CTX_EXECUTION_DATE=2022-06-08T10:00:00+00:00
AIRFLOW_CTX_DAG_RUN_ID=scheduled__2022-06-08T10:00:00+00:00
[2022-06-10 22:02:10,290] {bigquery.py:680} INFO - Executing: 
    SELECT 
      gh.*,
      hn.* except (date, github_repo)
    FROM
      `airflow-docker-352518.us_curated_data.github_agg` gh
    LEFT JOIN 
      `airflow-docker-352518.us_curated_data.hackernews_agg` hn
    ON hn.github_repo = gh.github_repo and hn.date = gh.date
    WHERE hn.score is not null
    
[2022-06-10 22:02:10,297] {logging_mixin.py:104} WARNING - /home/airflow/.local/lib/python3.6/site-packages/airflow/providers/google/cloud/hooks/bigquery.py:2052 DeprecationWarning: This method is deprecated. Please use `BigQueryHook.insert_job` method.
[2022-06-10 22:02:10,304] {bigquery.py:1510} INFO - Inserting job airflow_1654898530304152_e653c513c44bd03e42b8186d52fbf239
[2022-06-10 22:02:14,053] {taskinstance.py:1166} INFO - Marking task as SUCCESS. dag_id=gbq_pipeline, task_id=write_append_join_table, execution_date=20220608T100000, start_date=20220610T220210, end_date=20220610T220214
[2022-06-10 22:02:14,076] {taskinstance.py:1220} INFO - 1 downstream tasks scheduled from follow-on schedule check
[2022-06-10 22:02:14,095] {local_task_job.py:146} INFO - Task exited with return code 0
