[2022-06-06 17:21:09,768] {taskinstance.py:851} INFO - Dependencies all met for <TaskInstance: gbq_pipeline.check_hackernews 2022-05-02T10:00:00+00:00 [queued]>
[2022-06-06 17:21:09,790] {taskinstance.py:851} INFO - Dependencies all met for <TaskInstance: gbq_pipeline.check_hackernews 2022-05-02T10:00:00+00:00 [queued]>
[2022-06-06 17:21:09,790] {taskinstance.py:1042} INFO - 
--------------------------------------------------------------------------------
[2022-06-06 17:21:09,790] {taskinstance.py:1043} INFO - Starting attempt 1 of 3
[2022-06-06 17:21:09,791] {taskinstance.py:1044} INFO - 
--------------------------------------------------------------------------------
[2022-06-06 17:21:09,799] {taskinstance.py:1063} INFO - Executing <Task(BigQueryCheckOperator): check_hackernews> on 2022-05-02T10:00:00+00:00
[2022-06-06 17:21:09,803] {standard_task_runner.py:52} INFO - Started process 80 to run task
[2022-06-06 17:21:09,806] {standard_task_runner.py:76} INFO - Running: ['airflow', 'tasks', 'run', 'gbq_pipeline', 'check_hackernews', '2022-05-02T10:00:00+00:00', '--job-id', '659', '--pool', 'default_pool', '--raw', '--subdir', 'DAGS_FOLDER/gbq_pipeline.py', '--cfg-path', '/tmp/tmpgxkmt4tq', '--error-file', '/tmp/tmpp7q7hde2']
[2022-06-06 17:21:09,808] {standard_task_runner.py:77} INFO - Job 659: Subtask check_hackernews
[2022-06-06 17:21:09,842] {logging_mixin.py:104} INFO - Running <TaskInstance: gbq_pipeline.check_hackernews 2022-05-02T10:00:00+00:00 [running]> on host f3f1e04b5b71
[2022-06-06 17:21:09,872] {taskinstance.py:1257} INFO - Exporting the following env vars:
AIRFLOW_CTX_DAG_EMAIL=airflow@airflow.com
AIRFLOW_CTX_DAG_OWNER=vanmai-airflow
AIRFLOW_CTX_DAG_ID=gbq_pipeline
AIRFLOW_CTX_TASK_ID=check_hackernews
AIRFLOW_CTX_EXECUTION_DATE=2022-05-02T10:00:00+00:00
AIRFLOW_CTX_DAG_RUN_ID=scheduled__2022-05-02T10:00:00+00:00
[2022-06-06 17:21:09,874] {sql.py:87} INFO - Executing SQL check: 
        SELECT "20220502" IN
            (
            SELECT FORMAT_TIMESTAMP("%Y%m%d", timestamp ) AS date
            FROM `bigquery-public-data.hacker_news.full`
            WHERE type = 'story'
            )
        
[2022-06-06 17:21:09,883] {logging_mixin.py:104} WARNING - /home/airflow/.local/lib/python3.6/site-packages/airflow/providers/google/cloud/hooks/bigquery.py:120 DeprecationWarning: This method will be deprecated. Please use `BigQueryHook.get_client` method
[2022-06-06 17:21:10,369] {logging_mixin.py:104} WARNING - /home/airflow/.local/lib/python3.6/site-packages/airflow/providers/google/cloud/hooks/bigquery.py:2052 DeprecationWarning: This method is deprecated. Please use `BigQueryHook.insert_job` method.
[2022-06-06 17:21:10,370] {bigquery.py:1510} INFO - Inserting job airflow_1654536070370167_a52be0cd341eba94ced17ce9f5602988
[2022-06-06 17:21:12,514] {sql.py:90} INFO - Record: [True]
[2022-06-06 17:21:12,514] {sql.py:96} INFO - Success.
[2022-06-06 17:21:12,521] {taskinstance.py:1166} INFO - Marking task as SUCCESS. dag_id=gbq_pipeline, task_id=check_hackernews, execution_date=20220502T100000, start_date=20220606T172109, end_date=20220606T172112
[2022-06-06 17:21:12,834] {taskinstance.py:1220} INFO - 0 downstream tasks scheduled from follow-on schedule check
[2022-06-06 17:21:12,871] {local_task_job.py:146} INFO - Task exited with return code 0
[2022-06-06 17:22:56,756] {taskinstance.py:851} INFO - Dependencies all met for <TaskInstance: gbq_pipeline.check_hackernews 2022-05-02T10:00:00+00:00 [queued]>
[2022-06-06 17:22:56,774] {taskinstance.py:851} INFO - Dependencies all met for <TaskInstance: gbq_pipeline.check_hackernews 2022-05-02T10:00:00+00:00 [queued]>
[2022-06-06 17:22:56,775] {taskinstance.py:1042} INFO - 
--------------------------------------------------------------------------------
[2022-06-06 17:22:56,775] {taskinstance.py:1043} INFO - Starting attempt 1 of 3
[2022-06-06 17:22:56,775] {taskinstance.py:1044} INFO - 
--------------------------------------------------------------------------------
[2022-06-06 17:22:56,782] {taskinstance.py:1063} INFO - Executing <Task(BigQueryCheckOperator): check_hackernews> on 2022-05-02T10:00:00+00:00
[2022-06-06 17:22:56,785] {standard_task_runner.py:52} INFO - Started process 135 to run task
[2022-06-06 17:22:56,789] {standard_task_runner.py:76} INFO - Running: ['airflow', 'tasks', 'run', 'gbq_pipeline', 'check_hackernews', '2022-05-02T10:00:00+00:00', '--job-id', '677', '--pool', 'default_pool', '--raw', '--subdir', 'DAGS_FOLDER/gbq_pipeline.py', '--cfg-path', '/tmp/tmph5yijxte', '--error-file', '/tmp/tmpup7zryha']
[2022-06-06 17:22:56,790] {standard_task_runner.py:77} INFO - Job 677: Subtask check_hackernews
[2022-06-06 17:22:56,824] {logging_mixin.py:104} INFO - Running <TaskInstance: gbq_pipeline.check_hackernews 2022-05-02T10:00:00+00:00 [running]> on host f3f1e04b5b71
[2022-06-06 17:22:56,854] {taskinstance.py:1257} INFO - Exporting the following env vars:
AIRFLOW_CTX_DAG_EMAIL=airflow@airflow.com
AIRFLOW_CTX_DAG_OWNER=vanmai-airflow
AIRFLOW_CTX_DAG_ID=gbq_pipeline
AIRFLOW_CTX_TASK_ID=check_hackernews
AIRFLOW_CTX_EXECUTION_DATE=2022-05-02T10:00:00+00:00
AIRFLOW_CTX_DAG_RUN_ID=scheduled__2022-05-02T10:00:00+00:00
[2022-06-06 17:22:56,856] {sql.py:87} INFO - Executing SQL check: 
        SELECT "20220502" IN
            (
            SELECT FORMAT_TIMESTAMP("%Y%m%d", timestamp ) AS date
            FROM `bigquery-public-data.hacker_news.full`
            WHERE type = 'story'
            )
        
[2022-06-06 17:22:56,865] {logging_mixin.py:104} WARNING - /home/airflow/.local/lib/python3.6/site-packages/airflow/providers/google/cloud/hooks/bigquery.py:120 DeprecationWarning: This method will be deprecated. Please use `BigQueryHook.get_client` method
[2022-06-06 17:22:57,207] {logging_mixin.py:104} WARNING - /home/airflow/.local/lib/python3.6/site-packages/airflow/providers/google/cloud/hooks/bigquery.py:2052 DeprecationWarning: This method is deprecated. Please use `BigQueryHook.insert_job` method.
[2022-06-06 17:22:57,208] {bigquery.py:1510} INFO - Inserting job airflow_1654536177208078_a52be0cd341eba94ced17ce9f5602988
[2022-06-06 17:22:58,917] {sql.py:90} INFO - Record: [True]
[2022-06-06 17:22:58,918] {sql.py:96} INFO - Success.
[2022-06-06 17:22:58,959] {taskinstance.py:1166} INFO - Marking task as SUCCESS. dag_id=gbq_pipeline, task_id=check_hackernews, execution_date=20220502T100000, start_date=20220606T172256, end_date=20220606T172258
[2022-06-06 17:22:58,995] {taskinstance.py:1220} INFO - 0 downstream tasks scheduled from follow-on schedule check
[2022-06-06 17:22:59,011] {local_task_job.py:146} INFO - Task exited with return code 0
