[2022-06-06 15:15:01,426] {taskinstance.py:851} INFO - Dependencies all met for <TaskInstance: gbq_pipeline.write_append_join_table 2022-06-01T10:00:00+00:00 [queued]>
[2022-06-06 15:15:01,438] {taskinstance.py:851} INFO - Dependencies all met for <TaskInstance: gbq_pipeline.write_append_join_table 2022-06-01T10:00:00+00:00 [queued]>
[2022-06-06 15:15:01,439] {taskinstance.py:1042} INFO - 
--------------------------------------------------------------------------------
[2022-06-06 15:15:01,439] {taskinstance.py:1043} INFO - Starting attempt 2 of 4
[2022-06-06 15:15:01,439] {taskinstance.py:1044} INFO - 
--------------------------------------------------------------------------------
[2022-06-06 15:15:01,453] {taskinstance.py:1063} INFO - Executing <Task(BigQueryOperator): write_append_join_table> on 2022-06-01T10:00:00+00:00
[2022-06-06 15:15:01,458] {standard_task_runner.py:52} INFO - Started process 171 to run task
[2022-06-06 15:15:01,462] {standard_task_runner.py:76} INFO - Running: ['airflow', 'tasks', 'run', 'gbq_pipeline', 'write_append_join_table', '2022-06-01T10:00:00+00:00', '--job-id', '354', '--pool', 'default_pool', '--raw', '--subdir', 'DAGS_FOLDER/gbq_pipeline.py', '--cfg-path', '/tmp/tmpbp6x6wyz', '--error-file', '/tmp/tmpcgck5g1m']
[2022-06-06 15:15:01,464] {standard_task_runner.py:77} INFO - Job 354: Subtask write_append_join_table
[2022-06-06 15:15:01,507] {logging_mixin.py:104} INFO - Running <TaskInstance: gbq_pipeline.write_append_join_table 2022-06-01T10:00:00+00:00 [running]> on host c40819a450e3
[2022-06-06 15:15:01,543] {taskinstance.py:1257} INFO - Exporting the following env vars:
AIRFLOW_CTX_DAG_EMAIL=airflow@airflow.com
AIRFLOW_CTX_DAG_OWNER=vanmai-airflow
AIRFLOW_CTX_DAG_ID=gbq_pipeline
AIRFLOW_CTX_TASK_ID=write_append_join_table
AIRFLOW_CTX_EXECUTION_DATE=2022-06-01T10:00:00+00:00
AIRFLOW_CTX_DAG_RUN_ID=scheduled__2022-06-01T10:00:00+00:00
[2022-06-06 15:15:01,545] {bigquery.py:680} INFO - Executing: 
    SELECT 
      gh.*,
      hn.* except (date, github_repo)
    FROM
      `airflow-project-352316.github_curated.github_agg` gh
    LEFT JOIN 
      `airflow-project-352316.github_curated.hackernews_agg` hn
    ON hn.github_repo = gh.github_repo and hn.date = gh.date
    WHERE hn.date is not null
    order by hn.score desc
    
[2022-06-06 15:15:01,556] {logging_mixin.py:104} WARNING - /home/airflow/.local/lib/python3.6/site-packages/airflow/providers/google/cloud/hooks/bigquery.py:2052 DeprecationWarning: This method is deprecated. Please use `BigQueryHook.insert_job` method.
[2022-06-06 15:15:01,564] {bigquery.py:1510} INFO - Inserting job airflow_1654528501563327_b1ab3899f0225c5c2b1b91d9340eba07
[2022-06-06 15:15:06,562] {taskinstance.py:1166} INFO - Marking task as SUCCESS. dag_id=gbq_pipeline, task_id=write_append_join_table, execution_date=20220601T100000, start_date=20220606T151501, end_date=20220606T151506
[2022-06-06 15:15:06,583] {taskinstance.py:1220} INFO - 1 downstream tasks scheduled from follow-on schedule check
[2022-06-06 15:15:06,611] {local_task_job.py:146} INFO - Task exited with return code 0
