[2022-06-05 14:20:24,169] {taskinstance.py:851} INFO - Dependencies all met for <TaskInstance: tutorial.templated 2022-06-05T14:20:22.318351+00:00 [queued]>
[2022-06-05 14:20:24,180] {taskinstance.py:851} INFO - Dependencies all met for <TaskInstance: tutorial.templated 2022-06-05T14:20:22.318351+00:00 [queued]>
[2022-06-05 14:20:24,181] {taskinstance.py:1042} INFO - 
--------------------------------------------------------------------------------
[2022-06-05 14:20:24,181] {taskinstance.py:1043} INFO - Starting attempt 1 of 2
[2022-06-05 14:20:24,181] {taskinstance.py:1044} INFO - 
--------------------------------------------------------------------------------
[2022-06-05 14:20:24,187] {taskinstance.py:1063} INFO - Executing <Task(BashOperator): templated> on 2022-06-05T14:20:22.318351+00:00
[2022-06-05 14:20:24,190] {standard_task_runner.py:52} INFO - Started process 63 to run task
[2022-06-05 14:20:24,193] {standard_task_runner.py:76} INFO - Running: ['airflow', 'tasks', 'run', 'tutorial', 'templated', '2022-06-05T14:20:22.318351+00:00', '--job-id', '45', '--pool', 'default_pool', '--raw', '--subdir', '/home/airflow/.local/lib/python3.6/site-packages/airflow/example_dags/tutorial.py', '--cfg-path', '/tmp/tmp4f_s_6jv', '--error-file', '/tmp/tmpyuswoiwb']
[2022-06-05 14:20:24,193] {standard_task_runner.py:77} INFO - Job 45: Subtask templated
[2022-06-05 14:20:24,222] {logging_mixin.py:104} INFO - Running <TaskInstance: tutorial.templated 2022-06-05T14:20:22.318351+00:00 [running]> on host d102011d5c1b
[2022-06-05 14:20:24,257] {taskinstance.py:1257} INFO - Exporting the following env vars:
AIRFLOW_CTX_DAG_EMAIL=airflow@example.com
AIRFLOW_CTX_DAG_OWNER=airflow
AIRFLOW_CTX_DAG_ID=tutorial
AIRFLOW_CTX_TASK_ID=templated
AIRFLOW_CTX_EXECUTION_DATE=2022-06-05T14:20:22.318351+00:00
AIRFLOW_CTX_DAG_RUN_ID=manual__2022-06-05T14:20:22.318351+00:00
[2022-06-05 14:20:24,258] {bash.py:135} INFO - Tmp dir root location: 
 /tmp
[2022-06-05 14:20:24,259] {bash.py:158} INFO - Running command: 

    echo "2022-06-05"
    echo "2022-06-12"
    echo "Parameter I passed in"

    echo "2022-06-05"
    echo "2022-06-12"
    echo "Parameter I passed in"

    echo "2022-06-05"
    echo "2022-06-12"
    echo "Parameter I passed in"

    echo "2022-06-05"
    echo "2022-06-12"
    echo "Parameter I passed in"

    echo "2022-06-05"
    echo "2022-06-12"
    echo "Parameter I passed in"

[2022-06-05 14:20:24,265] {bash.py:169} INFO - Output:
[2022-06-05 14:20:24,266] {bash.py:173} INFO - 2022-06-05
[2022-06-05 14:20:24,266] {bash.py:173} INFO - 2022-06-12
[2022-06-05 14:20:24,267] {bash.py:173} INFO - Parameter I passed in
[2022-06-05 14:20:24,267] {bash.py:173} INFO - 2022-06-05
[2022-06-05 14:20:24,267] {bash.py:173} INFO - 2022-06-12
[2022-06-05 14:20:24,268] {bash.py:173} INFO - Parameter I passed in
[2022-06-05 14:20:24,268] {bash.py:173} INFO - 2022-06-05
[2022-06-05 14:20:24,268] {bash.py:173} INFO - 2022-06-12
[2022-06-05 14:20:24,268] {bash.py:173} INFO - Parameter I passed in
[2022-06-05 14:20:24,268] {bash.py:173} INFO - 2022-06-05
[2022-06-05 14:20:24,268] {bash.py:173} INFO - 2022-06-12
[2022-06-05 14:20:24,269] {bash.py:173} INFO - Parameter I passed in
[2022-06-05 14:20:24,269] {bash.py:173} INFO - 2022-06-05
[2022-06-05 14:20:24,269] {bash.py:173} INFO - 2022-06-12
[2022-06-05 14:20:24,269] {bash.py:173} INFO - Parameter I passed in
[2022-06-05 14:20:24,269] {bash.py:177} INFO - Command exited with return code 0
[2022-06-05 14:20:24,288] {taskinstance.py:1166} INFO - Marking task as SUCCESS. dag_id=tutorial, task_id=templated, execution_date=20220605T142022, start_date=20220605T142024, end_date=20220605T142024
[2022-06-05 14:20:24,307] {taskinstance.py:1220} INFO - 0 downstream tasks scheduled from follow-on schedule check
[2022-06-05 14:20:24,326] {local_task_job.py:146} INFO - Task exited with return code 0
