[2022-06-06 17:25:13,450] {taskinstance.py:851} INFO - Dependencies all met for <TaskInstance: gbq_pipeline.write_truncate_github_agg 2022-05-06T10:00:00+00:00 [queued]>
[2022-06-06 17:25:13,467] {taskinstance.py:851} INFO - Dependencies all met for <TaskInstance: gbq_pipeline.write_truncate_github_agg 2022-05-06T10:00:00+00:00 [queued]>
[2022-06-06 17:25:13,467] {taskinstance.py:1042} INFO - 
--------------------------------------------------------------------------------
[2022-06-06 17:25:13,468] {taskinstance.py:1043} INFO - Starting attempt 1 of 3
[2022-06-06 17:25:13,468] {taskinstance.py:1044} INFO - 
--------------------------------------------------------------------------------
[2022-06-06 17:25:13,474] {taskinstance.py:1063} INFO - Executing <Task(BigQueryOperator): write_truncate_github_agg> on 2022-05-06T10:00:00+00:00
[2022-06-06 17:25:13,478] {standard_task_runner.py:52} INFO - Started process 198 to run task
[2022-06-06 17:25:13,481] {standard_task_runner.py:76} INFO - Running: ['airflow', 'tasks', 'run', 'gbq_pipeline', 'write_truncate_github_agg', '2022-05-06T10:00:00+00:00', '--job-id', '699', '--pool', 'default_pool', '--raw', '--subdir', 'DAGS_FOLDER/gbq_pipeline.py', '--cfg-path', '/tmp/tmp28sbwkih', '--error-file', '/tmp/tmp_v9erse7']
[2022-06-06 17:25:13,483] {standard_task_runner.py:77} INFO - Job 699: Subtask write_truncate_github_agg
[2022-06-06 17:25:13,514] {logging_mixin.py:104} INFO - Running <TaskInstance: gbq_pipeline.write_truncate_github_agg 2022-05-06T10:00:00+00:00 [running]> on host f3f1e04b5b71
[2022-06-06 17:25:13,541] {taskinstance.py:1257} INFO - Exporting the following env vars:
AIRFLOW_CTX_DAG_EMAIL=airflow@airflow.com
AIRFLOW_CTX_DAG_OWNER=vanmai-airflow
AIRFLOW_CTX_DAG_ID=gbq_pipeline
AIRFLOW_CTX_TASK_ID=write_truncate_github_agg
AIRFLOW_CTX_EXECUTION_DATE=2022-05-06T10:00:00+00:00
AIRFLOW_CTX_DAG_RUN_ID=scheduled__2022-05-06T10:00:00+00:00
[2022-06-06 17:25:13,543] {bigquery.py:680} INFO - Executing: 
        with cte as
        (
          SELECT
            FORMAT_TIMESTAMP("%Y%m%d", created_at) AS date,
            actor.id as actor_id,
            CONCAT('https://github.com/', repo.name) as github_repo,
            type
          FROM
            `githubarchive.day.20220506`
        )

        SELECT
          date,
          github_repo,
          count(IF(type='WatchEvent', type, NULL)) AS subs,
          count(IF(type='PushEvent',  type, NULL)) AS pushes,
          count(IF(type='PullRequestEvent',  type, NULL)) AS pullrequests,
          count(IF(type='ForkEvent',  type, NULL)) AS copies,
          count(IF(type in ('IssueCommentEvent','CommitCommentEvent','PullRequestReviewCommentEvent'),  type, NULL)) AS comments,
          count(*) AS all_event
        FROM cte
        GROUP BY 1,2
        ORDER BY all_event desc
        
[2022-06-06 17:25:13,550] {logging_mixin.py:104} WARNING - /home/airflow/.local/lib/python3.6/site-packages/airflow/providers/google/cloud/hooks/bigquery.py:2052 DeprecationWarning: This method is deprecated. Please use `BigQueryHook.insert_job` method.
[2022-06-06 17:25:13,557] {bigquery.py:1510} INFO - Inserting job airflow_1654536313557141_b0ca31c8fd6c7ba2a56c284ef5845356
[2022-06-06 17:25:19,627] {taskinstance.py:1166} INFO - Marking task as SUCCESS. dag_id=gbq_pipeline, task_id=write_truncate_github_agg, execution_date=20220506T100000, start_date=20220606T172513, end_date=20220606T172519
[2022-06-06 17:25:19,656] {taskinstance.py:1220} INFO - 0 downstream tasks scheduled from follow-on schedule check
[2022-06-06 17:25:19,691] {local_task_job.py:146} INFO - Task exited with return code 0
[2022-06-06 17:27:55,656] {taskinstance.py:851} INFO - Dependencies all met for <TaskInstance: gbq_pipeline.write_truncate_github_agg 2022-05-06T10:00:00+00:00 [queued]>
[2022-06-06 17:27:55,672] {taskinstance.py:851} INFO - Dependencies all met for <TaskInstance: gbq_pipeline.write_truncate_github_agg 2022-05-06T10:00:00+00:00 [queued]>
[2022-06-06 17:27:55,673] {taskinstance.py:1042} INFO - 
--------------------------------------------------------------------------------
[2022-06-06 17:27:55,673] {taskinstance.py:1043} INFO - Starting attempt 1 of 3
[2022-06-06 17:27:55,673] {taskinstance.py:1044} INFO - 
--------------------------------------------------------------------------------
[2022-06-06 17:27:55,679] {taskinstance.py:1063} INFO - Executing <Task(BigQueryOperator): write_truncate_github_agg> on 2022-05-06T10:00:00+00:00
[2022-06-06 17:27:55,683] {standard_task_runner.py:52} INFO - Started process 246 to run task
[2022-06-06 17:27:55,686] {standard_task_runner.py:76} INFO - Running: ['airflow', 'tasks', 'run', 'gbq_pipeline', 'write_truncate_github_agg', '2022-05-06T10:00:00+00:00', '--job-id', '715', '--pool', 'default_pool', '--raw', '--subdir', 'DAGS_FOLDER/gbq_pipeline.py', '--cfg-path', '/tmp/tmpfzmds99u', '--error-file', '/tmp/tmppa1rmjzb']
[2022-06-06 17:27:55,688] {standard_task_runner.py:77} INFO - Job 715: Subtask write_truncate_github_agg
[2022-06-06 17:27:55,718] {logging_mixin.py:104} INFO - Running <TaskInstance: gbq_pipeline.write_truncate_github_agg 2022-05-06T10:00:00+00:00 [running]> on host f3f1e04b5b71
[2022-06-06 17:27:55,746] {taskinstance.py:1257} INFO - Exporting the following env vars:
AIRFLOW_CTX_DAG_EMAIL=airflow@airflow.com
AIRFLOW_CTX_DAG_OWNER=vanmai-airflow
AIRFLOW_CTX_DAG_ID=gbq_pipeline
AIRFLOW_CTX_TASK_ID=write_truncate_github_agg
AIRFLOW_CTX_EXECUTION_DATE=2022-05-06T10:00:00+00:00
AIRFLOW_CTX_DAG_RUN_ID=scheduled__2022-05-06T10:00:00+00:00
[2022-06-06 17:27:55,747] {bigquery.py:680} INFO - Executing: 
        with cte as
        (
          SELECT
            FORMAT_TIMESTAMP("%Y%m%d", created_at) AS date,
            actor.id as actor_id,
            CONCAT('https://github.com/', repo.name) as github_repo,
            type
          FROM
            `githubarchive.day.20220506`
        )

        SELECT
          date,
          github_repo,
          count(IF(type='WatchEvent', type, NULL)) AS subs,
          count(IF(type='PushEvent',  type, NULL)) AS pushes,
          count(IF(type='PullRequestEvent',  type, NULL)) AS pullrequests,
          count(IF(type='ForkEvent',  type, NULL)) AS copies,
          count(IF(type in ('IssueCommentEvent','CommitCommentEvent','PullRequestReviewCommentEvent'),  type, NULL)) AS comments,
          count(*) AS all_event
        FROM cte
        GROUP BY 1,2
        ORDER BY all_event desc
        
[2022-06-06 17:27:55,755] {logging_mixin.py:104} WARNING - /home/airflow/.local/lib/python3.6/site-packages/airflow/providers/google/cloud/hooks/bigquery.py:2052 DeprecationWarning: This method is deprecated. Please use `BigQueryHook.insert_job` method.
[2022-06-06 17:27:55,763] {bigquery.py:1510} INFO - Inserting job airflow_1654536475762504_b0ca31c8fd6c7ba2a56c284ef5845356
[2022-06-06 17:28:02,640] {taskinstance.py:1166} INFO - Marking task as SUCCESS. dag_id=gbq_pipeline, task_id=write_truncate_github_agg, execution_date=20220506T100000, start_date=20220606T172755, end_date=20220606T172802
[2022-06-06 17:28:02,678] {taskinstance.py:1220} INFO - 0 downstream tasks scheduled from follow-on schedule check
[2022-06-06 17:28:02,705] {local_task_job.py:146} INFO - Task exited with return code 0
