[2022-06-06 15:24:20,862] {taskinstance.py:851} INFO - Dependencies all met for <TaskInstance: gbq_pipeline.write_append_join_table 2022-03-07T10:00:00+00:00 [queued]>
[2022-06-06 15:24:20,881] {taskinstance.py:851} INFO - Dependencies all met for <TaskInstance: gbq_pipeline.write_append_join_table 2022-03-07T10:00:00+00:00 [queued]>
[2022-06-06 15:24:20,882] {taskinstance.py:1042} INFO - 
--------------------------------------------------------------------------------
[2022-06-06 15:24:20,882] {taskinstance.py:1043} INFO - Starting attempt 1 of 3
[2022-06-06 15:24:20,882] {taskinstance.py:1044} INFO - 
--------------------------------------------------------------------------------
[2022-06-06 15:24:20,890] {taskinstance.py:1063} INFO - Executing <Task(BigQueryOperator): write_append_join_table> on 2022-03-07T10:00:00+00:00
[2022-06-06 15:24:20,894] {standard_task_runner.py:52} INFO - Started process 336 to run task
[2022-06-06 15:24:20,897] {standard_task_runner.py:76} INFO - Running: ['airflow', 'tasks', 'run', 'gbq_pipeline', 'write_append_join_table', '2022-03-07T10:00:00+00:00', '--job-id', '410', '--pool', 'default_pool', '--raw', '--subdir', 'DAGS_FOLDER/gbq_pipeline.py', '--cfg-path', '/tmp/tmpmzukjuud', '--error-file', '/tmp/tmp742r7tam']
[2022-06-06 15:24:20,899] {standard_task_runner.py:77} INFO - Job 410: Subtask write_append_join_table
[2022-06-06 15:24:20,932] {logging_mixin.py:104} INFO - Running <TaskInstance: gbq_pipeline.write_append_join_table 2022-03-07T10:00:00+00:00 [running]> on host c40819a450e3
[2022-06-06 15:24:20,962] {taskinstance.py:1257} INFO - Exporting the following env vars:
AIRFLOW_CTX_DAG_EMAIL=airflow@airflow.com
AIRFLOW_CTX_DAG_OWNER=vanmai-airflow
AIRFLOW_CTX_DAG_ID=gbq_pipeline
AIRFLOW_CTX_TASK_ID=write_append_join_table
AIRFLOW_CTX_EXECUTION_DATE=2022-03-07T10:00:00+00:00
AIRFLOW_CTX_DAG_RUN_ID=scheduled__2022-03-07T10:00:00+00:00
[2022-06-06 15:24:20,964] {bigquery.py:680} INFO - Executing: 
    SELECT 
      gh.*,
      hn.* except (date, github_repo)
    FROM
      `airflow-project-352316.github_curated.github_agg` gh
    LEFT JOIN 
      `airflow-project-352316.github_curated.hackernews_agg` hn
    ON hn.github_repo = gh.github_repo and hn.date = gh.date
    WHERE hn.score is not null
    
[2022-06-06 15:24:20,972] {logging_mixin.py:104} WARNING - /home/airflow/.local/lib/python3.6/site-packages/airflow/providers/google/cloud/hooks/bigquery.py:2052 DeprecationWarning: This method is deprecated. Please use `BigQueryHook.insert_job` method.
[2022-06-06 15:24:20,979] {bigquery.py:1510} INFO - Inserting job airflow_1654529060979231_cfad98687eff6246d49f73f415b9556f
[2022-06-06 15:24:25,566] {taskinstance.py:1166} INFO - Marking task as SUCCESS. dag_id=gbq_pipeline, task_id=write_append_join_table, execution_date=20220307T100000, start_date=20220606T152420, end_date=20220606T152425
[2022-06-06 15:24:25,593] {taskinstance.py:1220} INFO - 0 downstream tasks scheduled from follow-on schedule check
[2022-06-06 15:24:25,608] {local_task_job.py:146} INFO - Task exited with return code 0
[2022-06-06 17:00:07,819] {taskinstance.py:851} INFO - Dependencies all met for <TaskInstance: gbq_pipeline.write_append_join_table 2022-03-07T10:00:00+00:00 [queued]>
[2022-06-06 17:00:07,829] {taskinstance.py:851} INFO - Dependencies all met for <TaskInstance: gbq_pipeline.write_append_join_table 2022-03-07T10:00:00+00:00 [queued]>
[2022-06-06 17:00:07,829] {taskinstance.py:1042} INFO - 
--------------------------------------------------------------------------------
[2022-06-06 17:00:07,829] {taskinstance.py:1043} INFO - Starting attempt 1 of 3
[2022-06-06 17:00:07,830] {taskinstance.py:1044} INFO - 
--------------------------------------------------------------------------------
[2022-06-06 17:00:07,841] {taskinstance.py:1063} INFO - Executing <Task(BigQueryOperator): write_append_join_table> on 2022-03-07T10:00:00+00:00
[2022-06-06 17:00:07,845] {standard_task_runner.py:52} INFO - Started process 800 to run task
[2022-06-06 17:00:07,848] {standard_task_runner.py:76} INFO - Running: ['airflow', 'tasks', 'run', 'gbq_pipeline', 'write_append_join_table', '2022-03-07T10:00:00+00:00', '--job-id', '565', '--pool', 'default_pool', '--raw', '--subdir', 'DAGS_FOLDER/gbq_pipeline.py', '--cfg-path', '/tmp/tmpwemv5v2y', '--error-file', '/tmp/tmpxypt0nrv']
[2022-06-06 17:00:07,850] {standard_task_runner.py:77} INFO - Job 565: Subtask write_append_join_table
[2022-06-06 17:00:07,885] {logging_mixin.py:104} INFO - Running <TaskInstance: gbq_pipeline.write_append_join_table 2022-03-07T10:00:00+00:00 [running]> on host c40819a450e3
[2022-06-06 17:00:07,918] {taskinstance.py:1257} INFO - Exporting the following env vars:
AIRFLOW_CTX_DAG_EMAIL=airflow@airflow.com
AIRFLOW_CTX_DAG_OWNER=vanmai-airflow
AIRFLOW_CTX_DAG_ID=gbq_pipeline
AIRFLOW_CTX_TASK_ID=write_append_join_table
AIRFLOW_CTX_EXECUTION_DATE=2022-03-07T10:00:00+00:00
AIRFLOW_CTX_DAG_RUN_ID=scheduled__2022-03-07T10:00:00+00:00
[2022-06-06 17:00:07,920] {bigquery.py:680} INFO - Executing: 
    SELECT 
      gh.*,
      hn.* except (date, github_repo)
    FROM
      `airflow-project-352316.github_curated.github_agg` gh
    LEFT JOIN 
      `airflow-project-352316.github_curated.hackernews_agg` hn
    ON hn.github_repo = gh.github_repo and hn.date = gh.date
    WHERE hn.score is not null
    
[2022-06-06 17:00:07,928] {logging_mixin.py:104} WARNING - /home/airflow/.local/lib/python3.6/site-packages/airflow/providers/google/cloud/hooks/bigquery.py:2052 DeprecationWarning: This method is deprecated. Please use `BigQueryHook.insert_job` method.
[2022-06-06 17:00:07,935] {bigquery.py:1510} INFO - Inserting job airflow_1654534807935042_cfad98687eff6246d49f73f415b9556f
[2022-06-06 17:00:12,018] {taskinstance.py:1166} INFO - Marking task as SUCCESS. dag_id=gbq_pipeline, task_id=write_append_join_table, execution_date=20220307T100000, start_date=20220606T170007, end_date=20220606T170012
[2022-06-06 17:00:12,051] {taskinstance.py:1220} INFO - 1 downstream tasks scheduled from follow-on schedule check
[2022-06-06 17:00:12,078] {local_task_job.py:146} INFO - Task exited with return code 0
