[2022-06-06 10:52:36,334] {taskinstance.py:851} INFO - Dependencies all met for <TaskInstance: tutorial.templated 2022-06-05T00:00:00+00:00 [queued]>
[2022-06-06 10:52:36,350] {taskinstance.py:851} INFO - Dependencies all met for <TaskInstance: tutorial.templated 2022-06-05T00:00:00+00:00 [queued]>
[2022-06-06 10:52:36,351] {taskinstance.py:1042} INFO - 
--------------------------------------------------------------------------------
[2022-06-06 10:52:36,351] {taskinstance.py:1043} INFO - Starting attempt 1 of 2
[2022-06-06 10:52:36,351] {taskinstance.py:1044} INFO - 
--------------------------------------------------------------------------------
[2022-06-06 10:52:36,368] {taskinstance.py:1063} INFO - Executing <Task(BashOperator): templated> on 2022-06-05T00:00:00+00:00
[2022-06-06 10:52:36,374] {standard_task_runner.py:52} INFO - Started process 57 to run task
[2022-06-06 10:52:36,378] {standard_task_runner.py:76} INFO - Running: ['airflow', 'tasks', 'run', 'tutorial', 'templated', '2022-06-05T00:00:00+00:00', '--job-id', '286', '--pool', 'default_pool', '--raw', '--subdir', 'DAGS_FOLDER/tutorial.py', '--cfg-path', '/tmp/tmpgsen6m26', '--error-file', '/tmp/tmpvioem4vk']
[2022-06-06 10:52:36,379] {standard_task_runner.py:77} INFO - Job 286: Subtask templated
[2022-06-06 10:52:36,420] {logging_mixin.py:104} INFO - Running <TaskInstance: tutorial.templated 2022-06-05T00:00:00+00:00 [running]> on host 92fcc90275da
[2022-06-06 10:52:36,531] {taskinstance.py:1257} INFO - Exporting the following env vars:
AIRFLOW_CTX_DAG_EMAIL=airflow@example.com
AIRFLOW_CTX_DAG_OWNER=airflow
AIRFLOW_CTX_DAG_ID=tutorial
AIRFLOW_CTX_TASK_ID=templated
AIRFLOW_CTX_EXECUTION_DATE=2022-06-05T00:00:00+00:00
AIRFLOW_CTX_DAG_RUN_ID=scheduled__2022-06-05T00:00:00+00:00
[2022-06-06 10:52:36,533] {bash.py:135} INFO - Tmp dir root location: 
 /tmp
[2022-06-06 10:52:36,534] {bash.py:158} INFO - Running command: 

    echo "2022-06-05"
    echo "2022-06-12"
    echo "Parameter I passed in"

    echo "2022-06-05"
    echo "2022-06-12"
    echo "Parameter I passed in"

    echo "2022-06-05"
    echo "2022-06-12"
    echo "Parameter I passed in"

    echo "2022-06-05"
    echo "2022-06-12"
    echo "Parameter I passed in"

    echo "2022-06-05"
    echo "2022-06-12"
    echo "Parameter I passed in"

[2022-06-06 10:52:36,546] {bash.py:169} INFO - Output:
[2022-06-06 10:52:36,548] {bash.py:173} INFO - 2022-06-05
[2022-06-06 10:52:36,548] {bash.py:173} INFO - 2022-06-12
[2022-06-06 10:52:36,548] {bash.py:173} INFO - Parameter I passed in
[2022-06-06 10:52:36,549] {bash.py:173} INFO - 2022-06-05
[2022-06-06 10:52:36,550] {bash.py:173} INFO - 2022-06-12
[2022-06-06 10:52:36,551] {bash.py:173} INFO - Parameter I passed in
[2022-06-06 10:52:36,551] {bash.py:173} INFO - 2022-06-05
[2022-06-06 10:52:36,551] {bash.py:173} INFO - 2022-06-12
[2022-06-06 10:52:36,552] {bash.py:173} INFO - Parameter I passed in
[2022-06-06 10:52:36,553] {bash.py:173} INFO - 2022-06-05
[2022-06-06 10:52:36,553] {bash.py:173} INFO - 2022-06-12
[2022-06-06 10:52:36,555] {bash.py:173} INFO - Parameter I passed in
[2022-06-06 10:52:36,557] {bash.py:173} INFO - 2022-06-05
[2022-06-06 10:52:36,557] {bash.py:173} INFO - 2022-06-12
[2022-06-06 10:52:36,558] {bash.py:173} INFO - Parameter I passed in
[2022-06-06 10:52:36,558] {bash.py:177} INFO - Command exited with return code 0
[2022-06-06 10:52:36,588] {taskinstance.py:1166} INFO - Marking task as SUCCESS. dag_id=tutorial, task_id=templated, execution_date=20220605T000000, start_date=20220606T105236, end_date=20220606T105236
[2022-06-06 10:52:36,616] {taskinstance.py:1220} INFO - 0 downstream tasks scheduled from follow-on schedule check
[2022-06-06 10:52:36,637] {local_task_job.py:146} INFO - Task exited with return code 0
