[2022-06-10 22:02:10,191] {taskinstance.py:851} INFO - Dependencies all met for <TaskInstance: gbq_pipeline.check_github 2022-06-09T10:00:00+00:00 [queued]>
[2022-06-10 22:02:10,212] {taskinstance.py:851} INFO - Dependencies all met for <TaskInstance: gbq_pipeline.check_github 2022-06-09T10:00:00+00:00 [queued]>
[2022-06-10 22:02:10,213] {taskinstance.py:1042} INFO - 
--------------------------------------------------------------------------------
[2022-06-10 22:02:10,213] {taskinstance.py:1043} INFO - Starting attempt 1 of 6
[2022-06-10 22:02:10,213] {taskinstance.py:1044} INFO - 
--------------------------------------------------------------------------------
[2022-06-10 22:02:10,221] {taskinstance.py:1063} INFO - Executing <Task(BigQueryCheckOperator): check_github> on 2022-06-09T10:00:00+00:00
[2022-06-10 22:02:10,224] {standard_task_runner.py:52} INFO - Started process 107 to run task
[2022-06-10 22:02:10,226] {standard_task_runner.py:76} INFO - Running: ['airflow', 'tasks', 'run', 'gbq_pipeline', 'check_github', '2022-06-09T10:00:00+00:00', '--job-id', '886', '--pool', 'default_pool', '--raw', '--subdir', 'DAGS_FOLDER/gbq_pipeline.py', '--cfg-path', '/tmp/tmp_jdjvkpx', '--error-file', '/tmp/tmpcnum_3c9']
[2022-06-10 22:02:10,228] {standard_task_runner.py:77} INFO - Job 886: Subtask check_github
[2022-06-10 22:02:10,259] {logging_mixin.py:104} INFO - Running <TaskInstance: gbq_pipeline.check_github 2022-06-09T10:00:00+00:00 [running]> on host 447938a2c16e
[2022-06-10 22:02:10,288] {taskinstance.py:1257} INFO - Exporting the following env vars:
AIRFLOW_CTX_DAG_EMAIL=airflow@airflow.com
AIRFLOW_CTX_DAG_OWNER=vanmai-airflow
AIRFLOW_CTX_DAG_ID=gbq_pipeline
AIRFLOW_CTX_TASK_ID=check_github
AIRFLOW_CTX_EXECUTION_DATE=2022-06-09T10:00:00+00:00
AIRFLOW_CTX_DAG_RUN_ID=scheduled__2022-06-09T10:00:00+00:00
[2022-06-10 22:02:10,290] {sql.py:87} INFO - Executing SQL check: 
        SELECT "20220609" IN 
          (
          SELECT table_id
          FROM `githubarchive.day.__TABLES_SUMMARY__`
          )
        
[2022-06-10 22:02:10,297] {logging_mixin.py:104} WARNING - /home/airflow/.local/lib/python3.6/site-packages/airflow/providers/google/cloud/hooks/bigquery.py:120 DeprecationWarning: This method will be deprecated. Please use `BigQueryHook.get_client` method
[2022-06-10 22:02:10,770] {logging_mixin.py:104} WARNING - /home/airflow/.local/lib/python3.6/site-packages/airflow/providers/google/cloud/hooks/bigquery.py:2052 DeprecationWarning: This method is deprecated. Please use `BigQueryHook.insert_job` method.
[2022-06-10 22:02:10,771] {bigquery.py:1510} INFO - Inserting job airflow_1654898530771476_332fa6598e3bca57a0e360df43d80ed6
[2022-06-10 22:02:12,615] {sql.py:90} INFO - Record: [True]
[2022-06-10 22:02:12,616] {sql.py:96} INFO - Success.
[2022-06-10 22:02:12,623] {taskinstance.py:1166} INFO - Marking task as SUCCESS. dag_id=gbq_pipeline, task_id=check_github, execution_date=20220609T100000, start_date=20220610T220210, end_date=20220610T220212
[2022-06-10 22:02:12,647] {taskinstance.py:1220} INFO - 1 downstream tasks scheduled from follow-on schedule check
[2022-06-10 22:02:12,689] {local_task_job.py:146} INFO - Task exited with return code 0
