[2022-06-06 15:23:56,499] {taskinstance.py:851} INFO - Dependencies all met for <TaskInstance: gbq_pipeline.write_append_join_table 2022-03-04T10:00:00+00:00 [queued]>
[2022-06-06 15:23:56,518] {taskinstance.py:851} INFO - Dependencies all met for <TaskInstance: gbq_pipeline.write_append_join_table 2022-03-04T10:00:00+00:00 [queued]>
[2022-06-06 15:23:56,519] {taskinstance.py:1042} INFO - 
--------------------------------------------------------------------------------
[2022-06-06 15:23:56,519] {taskinstance.py:1043} INFO - Starting attempt 1 of 3
[2022-06-06 15:23:56,519] {taskinstance.py:1044} INFO - 
--------------------------------------------------------------------------------
[2022-06-06 15:23:56,525] {taskinstance.py:1063} INFO - Executing <Task(BigQueryOperator): write_append_join_table> on 2022-03-04T10:00:00+00:00
[2022-06-06 15:23:56,530] {standard_task_runner.py:52} INFO - Started process 311 to run task
[2022-06-06 15:23:56,533] {standard_task_runner.py:76} INFO - Running: ['airflow', 'tasks', 'run', 'gbq_pipeline', 'write_append_join_table', '2022-03-04T10:00:00+00:00', '--job-id', '402', '--pool', 'default_pool', '--raw', '--subdir', 'DAGS_FOLDER/gbq_pipeline.py', '--cfg-path', '/tmp/tmpwygq_qvj', '--error-file', '/tmp/tmprkz9_x16']
[2022-06-06 15:23:56,535] {standard_task_runner.py:77} INFO - Job 402: Subtask write_append_join_table
[2022-06-06 15:23:56,566] {logging_mixin.py:104} INFO - Running <TaskInstance: gbq_pipeline.write_append_join_table 2022-03-04T10:00:00+00:00 [running]> on host c40819a450e3
[2022-06-06 15:23:56,599] {taskinstance.py:1257} INFO - Exporting the following env vars:
AIRFLOW_CTX_DAG_EMAIL=airflow@airflow.com
AIRFLOW_CTX_DAG_OWNER=vanmai-airflow
AIRFLOW_CTX_DAG_ID=gbq_pipeline
AIRFLOW_CTX_TASK_ID=write_append_join_table
AIRFLOW_CTX_EXECUTION_DATE=2022-03-04T10:00:00+00:00
AIRFLOW_CTX_DAG_RUN_ID=scheduled__2022-03-04T10:00:00+00:00
[2022-06-06 15:23:56,600] {bigquery.py:680} INFO - Executing: 
    SELECT 
      gh.*,
      hn.* except (date, github_repo)
    FROM
      `airflow-project-352316.github_curated.github_agg` gh
    LEFT JOIN 
      `airflow-project-352316.github_curated.hackernews_agg` hn
    ON hn.github_repo = gh.github_repo and hn.date = gh.date
    WHERE hn.score is not null
    
[2022-06-06 15:23:56,608] {logging_mixin.py:104} WARNING - /home/airflow/.local/lib/python3.6/site-packages/airflow/providers/google/cloud/hooks/bigquery.py:2052 DeprecationWarning: This method is deprecated. Please use `BigQueryHook.insert_job` method.
[2022-06-06 15:23:56,615] {bigquery.py:1510} INFO - Inserting job airflow_1654529036614895_cfad98687eff6246d49f73f415b9556f
[2022-06-06 15:24:01,912] {taskinstance.py:1166} INFO - Marking task as SUCCESS. dag_id=gbq_pipeline, task_id=write_append_join_table, execution_date=20220304T100000, start_date=20220606T152356, end_date=20220606T152401
[2022-06-06 15:24:01,942] {taskinstance.py:1220} INFO - 0 downstream tasks scheduled from follow-on schedule check
[2022-06-06 15:24:01,959] {local_task_job.py:146} INFO - Task exited with return code 0
[2022-06-06 16:25:52,756] {taskinstance.py:851} INFO - Dependencies all met for <TaskInstance: gbq_pipeline.write_append_join_table 2022-03-04T10:00:00+00:00 [queued]>
[2022-06-06 16:25:52,774] {taskinstance.py:851} INFO - Dependencies all met for <TaskInstance: gbq_pipeline.write_append_join_table 2022-03-04T10:00:00+00:00 [queued]>
[2022-06-06 16:25:52,774] {taskinstance.py:1042} INFO - 
--------------------------------------------------------------------------------
[2022-06-06 16:25:52,775] {taskinstance.py:1043} INFO - Starting attempt 1 of 3
[2022-06-06 16:25:52,775] {taskinstance.py:1044} INFO - 
--------------------------------------------------------------------------------
[2022-06-06 16:25:52,782] {taskinstance.py:1063} INFO - Executing <Task(BigQueryOperator): write_append_join_table> on 2022-03-04T10:00:00+00:00
[2022-06-06 16:25:52,786] {standard_task_runner.py:52} INFO - Started process 462 to run task
[2022-06-06 16:25:52,789] {standard_task_runner.py:76} INFO - Running: ['airflow', 'tasks', 'run', 'gbq_pipeline', 'write_append_join_table', '2022-03-04T10:00:00+00:00', '--job-id', '453', '--pool', 'default_pool', '--raw', '--subdir', 'DAGS_FOLDER/gbq_pipeline.py', '--cfg-path', '/tmp/tmp0i0u3bc3', '--error-file', '/tmp/tmpo5xfhqt9']
[2022-06-06 16:25:52,791] {standard_task_runner.py:77} INFO - Job 453: Subtask write_append_join_table
[2022-06-06 16:25:52,823] {logging_mixin.py:104} INFO - Running <TaskInstance: gbq_pipeline.write_append_join_table 2022-03-04T10:00:00+00:00 [running]> on host c40819a450e3
[2022-06-06 16:25:52,855] {taskinstance.py:1257} INFO - Exporting the following env vars:
AIRFLOW_CTX_DAG_EMAIL=airflow@airflow.com
AIRFLOW_CTX_DAG_OWNER=vanmai-airflow
AIRFLOW_CTX_DAG_ID=gbq_pipeline
AIRFLOW_CTX_TASK_ID=write_append_join_table
AIRFLOW_CTX_EXECUTION_DATE=2022-03-04T10:00:00+00:00
AIRFLOW_CTX_DAG_RUN_ID=scheduled__2022-03-04T10:00:00+00:00
[2022-06-06 16:25:52,856] {bigquery.py:680} INFO - Executing: 
    SELECT 
      gh.*,
      hn.* except (date, github_repo)
    FROM
      `airflow-project-352316.github_curated.github_agg` gh
    LEFT JOIN 
      `airflow-project-352316.github_curated.hackernews_agg` hn
    ON hn.github_repo = gh.github_repo and hn.date = gh.date
    WHERE hn.score is not null
    
[2022-06-06 16:25:52,864] {logging_mixin.py:104} WARNING - /home/airflow/.local/lib/python3.6/site-packages/airflow/providers/google/cloud/hooks/bigquery.py:2052 DeprecationWarning: This method is deprecated. Please use `BigQueryHook.insert_job` method.
[2022-06-06 16:25:52,871] {bigquery.py:1510} INFO - Inserting job airflow_1654532752870960_cfad98687eff6246d49f73f415b9556f
[2022-06-06 16:25:56,841] {taskinstance.py:1166} INFO - Marking task as SUCCESS. dag_id=gbq_pipeline, task_id=write_append_join_table, execution_date=20220304T100000, start_date=20220606T162552, end_date=20220606T162556
[2022-06-06 16:25:56,869] {taskinstance.py:1220} INFO - 0 downstream tasks scheduled from follow-on schedule check
[2022-06-06 16:25:56,904] {local_task_job.py:146} INFO - Task exited with return code 0
[2022-06-06 16:56:38,074] {taskinstance.py:851} INFO - Dependencies all met for <TaskInstance: gbq_pipeline.write_append_join_table 2022-03-04T10:00:00+00:00 [queued]>
[2022-06-06 16:56:38,099] {taskinstance.py:851} INFO - Dependencies all met for <TaskInstance: gbq_pipeline.write_append_join_table 2022-03-04T10:00:00+00:00 [queued]>
[2022-06-06 16:56:38,100] {taskinstance.py:1042} INFO - 
--------------------------------------------------------------------------------
[2022-06-06 16:56:38,100] {taskinstance.py:1043} INFO - Starting attempt 1 of 3
[2022-06-06 16:56:38,100] {taskinstance.py:1044} INFO - 
--------------------------------------------------------------------------------
[2022-06-06 16:56:38,107] {taskinstance.py:1063} INFO - Executing <Task(BigQueryOperator): write_append_join_table> on 2022-03-04T10:00:00+00:00
[2022-06-06 16:56:38,113] {standard_task_runner.py:52} INFO - Started process 558 to run task
[2022-06-06 16:56:38,118] {standard_task_runner.py:76} INFO - Running: ['airflow', 'tasks', 'run', 'gbq_pipeline', 'write_append_join_table', '2022-03-04T10:00:00+00:00', '--job-id', '485', '--pool', 'default_pool', '--raw', '--subdir', 'DAGS_FOLDER/gbq_pipeline.py', '--cfg-path', '/tmp/tmp9di7iv61', '--error-file', '/tmp/tmpnayg5a3t']
[2022-06-06 16:56:38,120] {standard_task_runner.py:77} INFO - Job 485: Subtask write_append_join_table
[2022-06-06 16:56:38,158] {logging_mixin.py:104} INFO - Running <TaskInstance: gbq_pipeline.write_append_join_table 2022-03-04T10:00:00+00:00 [running]> on host c40819a450e3
[2022-06-06 16:56:38,198] {taskinstance.py:1257} INFO - Exporting the following env vars:
AIRFLOW_CTX_DAG_EMAIL=airflow@airflow.com
AIRFLOW_CTX_DAG_OWNER=vanmai-airflow
AIRFLOW_CTX_DAG_ID=gbq_pipeline
AIRFLOW_CTX_TASK_ID=write_append_join_table
AIRFLOW_CTX_EXECUTION_DATE=2022-03-04T10:00:00+00:00
AIRFLOW_CTX_DAG_RUN_ID=scheduled__2022-03-04T10:00:00+00:00
[2022-06-06 16:56:38,200] {bigquery.py:680} INFO - Executing: 
    SELECT 
      gh.*,
      hn.* except (date, github_repo)
    FROM
      `airflow-project-352316.github_curated.github_agg` gh
    LEFT JOIN 
      `airflow-project-352316.github_curated.hackernews_agg` hn
    ON hn.github_repo = gh.github_repo and hn.date = gh.date
    WHERE hn.score is not null
    
[2022-06-06 16:56:38,215] {logging_mixin.py:104} WARNING - /home/airflow/.local/lib/python3.6/site-packages/airflow/providers/google/cloud/hooks/bigquery.py:2052 DeprecationWarning: This method is deprecated. Please use `BigQueryHook.insert_job` method.
[2022-06-06 16:56:38,223] {bigquery.py:1510} INFO - Inserting job airflow_1654534598222944_cfad98687eff6246d49f73f415b9556f
[2022-06-06 16:56:42,675] {taskinstance.py:1166} INFO - Marking task as SUCCESS. dag_id=gbq_pipeline, task_id=write_append_join_table, execution_date=20220304T100000, start_date=20220606T165638, end_date=20220606T165642
[2022-06-06 16:56:42,702] {taskinstance.py:1220} INFO - 0 downstream tasks scheduled from follow-on schedule check
[2022-06-06 16:56:42,709] {local_task_job.py:146} INFO - Task exited with return code 0
[2022-06-06 16:58:10,025] {taskinstance.py:851} INFO - Dependencies all met for <TaskInstance: gbq_pipeline.write_append_join_table 2022-03-04T10:00:00+00:00 [queued]>
[2022-06-06 16:58:10,050] {taskinstance.py:851} INFO - Dependencies all met for <TaskInstance: gbq_pipeline.write_append_join_table 2022-03-04T10:00:00+00:00 [queued]>
[2022-06-06 16:58:10,051] {taskinstance.py:1042} INFO - 
--------------------------------------------------------------------------------
[2022-06-06 16:58:10,051] {taskinstance.py:1043} INFO - Starting attempt 1 of 3
[2022-06-06 16:58:10,052] {taskinstance.py:1044} INFO - 
--------------------------------------------------------------------------------
[2022-06-06 16:58:10,059] {taskinstance.py:1063} INFO - Executing <Task(BigQueryOperator): write_append_join_table> on 2022-03-04T10:00:00+00:00
[2022-06-06 16:58:10,066] {standard_task_runner.py:52} INFO - Started process 643 to run task
[2022-06-06 16:58:10,070] {standard_task_runner.py:76} INFO - Running: ['airflow', 'tasks', 'run', 'gbq_pipeline', 'write_append_join_table', '2022-03-04T10:00:00+00:00', '--job-id', '513', '--pool', 'default_pool', '--raw', '--subdir', 'DAGS_FOLDER/gbq_pipeline.py', '--cfg-path', '/tmp/tmp8f9iwi1a', '--error-file', '/tmp/tmpz0n6251v']
[2022-06-06 16:58:10,072] {standard_task_runner.py:77} INFO - Job 513: Subtask write_append_join_table
[2022-06-06 16:58:10,111] {logging_mixin.py:104} INFO - Running <TaskInstance: gbq_pipeline.write_append_join_table 2022-03-04T10:00:00+00:00 [running]> on host c40819a450e3
[2022-06-06 16:58:10,147] {taskinstance.py:1257} INFO - Exporting the following env vars:
AIRFLOW_CTX_DAG_EMAIL=airflow@airflow.com
AIRFLOW_CTX_DAG_OWNER=vanmai-airflow
AIRFLOW_CTX_DAG_ID=gbq_pipeline
AIRFLOW_CTX_TASK_ID=write_append_join_table
AIRFLOW_CTX_EXECUTION_DATE=2022-03-04T10:00:00+00:00
AIRFLOW_CTX_DAG_RUN_ID=scheduled__2022-03-04T10:00:00+00:00
[2022-06-06 16:58:10,149] {bigquery.py:680} INFO - Executing: 
    SELECT 
      gh.*,
      hn.* except (date, github_repo)
    FROM
      `airflow-project-352316.github_curated.github_agg` gh
    LEFT JOIN 
      `airflow-project-352316.github_curated.hackernews_agg` hn
    ON hn.github_repo = gh.github_repo and hn.date = gh.date
    WHERE hn.score is not null
    
[2022-06-06 16:58:10,157] {logging_mixin.py:104} WARNING - /home/airflow/.local/lib/python3.6/site-packages/airflow/providers/google/cloud/hooks/bigquery.py:2052 DeprecationWarning: This method is deprecated. Please use `BigQueryHook.insert_job` method.
[2022-06-06 16:58:10,164] {bigquery.py:1510} INFO - Inserting job airflow_1654534690164208_cfad98687eff6246d49f73f415b9556f
[2022-06-06 16:58:13,505] {taskinstance.py:1166} INFO - Marking task as SUCCESS. dag_id=gbq_pipeline, task_id=write_append_join_table, execution_date=20220304T100000, start_date=20220606T165810, end_date=20220606T165813
[2022-06-06 16:58:13,528] {taskinstance.py:1220} INFO - 0 downstream tasks scheduled from follow-on schedule check
[2022-06-06 16:58:13,536] {local_task_job.py:146} INFO - Task exited with return code 0
[2022-06-06 17:00:06,382] {taskinstance.py:851} INFO - Dependencies all met for <TaskInstance: gbq_pipeline.write_append_join_table 2022-03-04T10:00:00+00:00 [queued]>
[2022-06-06 17:00:06,392] {taskinstance.py:851} INFO - Dependencies all met for <TaskInstance: gbq_pipeline.write_append_join_table 2022-03-04T10:00:00+00:00 [queued]>
[2022-06-06 17:00:06,393] {taskinstance.py:1042} INFO - 
--------------------------------------------------------------------------------
[2022-06-06 17:00:06,393] {taskinstance.py:1043} INFO - Starting attempt 1 of 3
[2022-06-06 17:00:06,393] {taskinstance.py:1044} INFO - 
--------------------------------------------------------------------------------
[2022-06-06 17:00:06,403] {taskinstance.py:1063} INFO - Executing <Task(BigQueryOperator): write_append_join_table> on 2022-03-04T10:00:00+00:00
[2022-06-06 17:00:06,410] {standard_task_runner.py:76} INFO - Running: ['airflow', 'tasks', 'run', 'gbq_pipeline', 'write_append_join_table', '2022-03-04T10:00:00+00:00', '--job-id', '563', '--pool', 'default_pool', '--raw', '--subdir', 'DAGS_FOLDER/gbq_pipeline.py', '--cfg-path', '/tmp/tmpsp8oo184', '--error-file', '/tmp/tmpvsau0t1z']
[2022-06-06 17:00:06,407] {standard_task_runner.py:52} INFO - Started process 791 to run task
[2022-06-06 17:00:06,412] {standard_task_runner.py:77} INFO - Job 563: Subtask write_append_join_table
[2022-06-06 17:00:06,446] {logging_mixin.py:104} INFO - Running <TaskInstance: gbq_pipeline.write_append_join_table 2022-03-04T10:00:00+00:00 [running]> on host c40819a450e3
[2022-06-06 17:00:06,476] {taskinstance.py:1257} INFO - Exporting the following env vars:
AIRFLOW_CTX_DAG_EMAIL=airflow@airflow.com
AIRFLOW_CTX_DAG_OWNER=vanmai-airflow
AIRFLOW_CTX_DAG_ID=gbq_pipeline
AIRFLOW_CTX_TASK_ID=write_append_join_table
AIRFLOW_CTX_EXECUTION_DATE=2022-03-04T10:00:00+00:00
AIRFLOW_CTX_DAG_RUN_ID=scheduled__2022-03-04T10:00:00+00:00
[2022-06-06 17:00:06,477] {bigquery.py:680} INFO - Executing: 
    SELECT 
      gh.*,
      hn.* except (date, github_repo)
    FROM
      `airflow-project-352316.github_curated.github_agg` gh
    LEFT JOIN 
      `airflow-project-352316.github_curated.hackernews_agg` hn
    ON hn.github_repo = gh.github_repo and hn.date = gh.date
    WHERE hn.score is not null
    
[2022-06-06 17:00:06,485] {logging_mixin.py:104} WARNING - /home/airflow/.local/lib/python3.6/site-packages/airflow/providers/google/cloud/hooks/bigquery.py:2052 DeprecationWarning: This method is deprecated. Please use `BigQueryHook.insert_job` method.
[2022-06-06 17:00:06,492] {bigquery.py:1510} INFO - Inserting job airflow_1654534806492451_cfad98687eff6246d49f73f415b9556f
[2022-06-06 17:00:10,857] {taskinstance.py:1166} INFO - Marking task as SUCCESS. dag_id=gbq_pipeline, task_id=write_append_join_table, execution_date=20220304T100000, start_date=20220606T170006, end_date=20220606T170010
[2022-06-06 17:00:10,885] {taskinstance.py:1220} INFO - 1 downstream tasks scheduled from follow-on schedule check
[2022-06-06 17:00:10,923] {local_task_job.py:146} INFO - Task exited with return code 0
