[2022-06-06 15:28:36,003] {taskinstance.py:851} INFO - Dependencies all met for <TaskInstance: gbq_pipeline.final_check_join_table 2022-03-01T10:00:00+00:00 [queued]>
[2022-06-06 15:28:36,012] {taskinstance.py:851} INFO - Dependencies all met for <TaskInstance: gbq_pipeline.final_check_join_table 2022-03-01T10:00:00+00:00 [queued]>
[2022-06-06 15:28:36,013] {taskinstance.py:1042} INFO - 
--------------------------------------------------------------------------------
[2022-06-06 15:28:36,013] {taskinstance.py:1043} INFO - Starting attempt 2 of 3
[2022-06-06 15:28:36,013] {taskinstance.py:1044} INFO - 
--------------------------------------------------------------------------------
[2022-06-06 15:28:36,023] {taskinstance.py:1063} INFO - Executing <Task(BigQueryCheckOperator): final_check_join_table> on 2022-03-01T10:00:00+00:00
[2022-06-06 15:28:36,027] {standard_task_runner.py:52} INFO - Started process 348 to run task
[2022-06-06 15:28:36,030] {standard_task_runner.py:76} INFO - Running: ['airflow', 'tasks', 'run', 'gbq_pipeline', 'final_check_join_table', '2022-03-01T10:00:00+00:00', '--job-id', '415', '--pool', 'default_pool', '--raw', '--subdir', 'DAGS_FOLDER/gbq_pipeline.py', '--cfg-path', '/tmp/tmps690bs0j', '--error-file', '/tmp/tmpqw4me6ct']
[2022-06-06 15:28:36,032] {standard_task_runner.py:77} INFO - Job 415: Subtask final_check_join_table
[2022-06-06 15:28:36,066] {logging_mixin.py:104} INFO - Running <TaskInstance: gbq_pipeline.final_check_join_table 2022-03-01T10:00:00+00:00 [running]> on host c40819a450e3
[2022-06-06 15:28:36,094] {taskinstance.py:1257} INFO - Exporting the following env vars:
AIRFLOW_CTX_DAG_EMAIL=airflow@airflow.com
AIRFLOW_CTX_DAG_OWNER=vanmai-airflow
AIRFLOW_CTX_DAG_ID=gbq_pipeline
AIRFLOW_CTX_TASK_ID=final_check_join_table
AIRFLOW_CTX_EXECUTION_DATE=2022-03-01T10:00:00+00:00
AIRFLOW_CTX_DAG_RUN_ID=scheduled__2022-03-01T10:00:00+00:00
[2022-06-06 15:28:36,095] {sql.py:87} INFO - Executing SQL check: 
    SELECT "20220301" =
        (
        SELECT max(date)
        FROM `airflow-project-352316.github_curated.github_hackernews_join`
        )
    
[2022-06-06 15:28:36,104] {logging_mixin.py:104} WARNING - /home/airflow/.local/lib/python3.6/site-packages/airflow/providers/google/cloud/hooks/bigquery.py:120 DeprecationWarning: This method will be deprecated. Please use `BigQueryHook.get_client` method
[2022-06-06 15:28:36,541] {logging_mixin.py:104} WARNING - /home/airflow/.local/lib/python3.6/site-packages/airflow/providers/google/cloud/hooks/bigquery.py:2052 DeprecationWarning: This method is deprecated. Please use `BigQueryHook.insert_job` method.
[2022-06-06 15:28:36,542] {bigquery.py:1510} INFO - Inserting job airflow_1654529316541612_f01443e709b4b479ef0cdf08a32ea191
[2022-06-06 15:28:38,377] {sql.py:90} INFO - Record: [False]
[2022-06-06 15:28:38,387] {taskinstance.py:1455} ERROR - Test failed.
Query:

    SELECT "20220301" =
        (
        SELECT max(date)
        FROM `airflow-project-352316.github_curated.github_hackernews_join`
        )
    
Results:
[False]
Traceback (most recent call last):
  File "/home/airflow/.local/lib/python3.6/site-packages/airflow/models/taskinstance.py", line 1112, in _run_raw_task
    self._prepare_and_execute_task_with_callbacks(context, task)
  File "/home/airflow/.local/lib/python3.6/site-packages/airflow/models/taskinstance.py", line 1285, in _prepare_and_execute_task_with_callbacks
    result = self._execute_task(context, task_copy)
  File "/home/airflow/.local/lib/python3.6/site-packages/airflow/models/taskinstance.py", line 1315, in _execute_task
    result = task_copy.execute(context=context)
  File "/home/airflow/.local/lib/python3.6/site-packages/airflow/operators/sql.py", line 94, in execute
    raise AirflowException(f"Test failed.\nQuery:\n{self.sql}\nResults:\n{records!s}")
airflow.exceptions.AirflowException: Test failed.
Query:

    SELECT "20220301" =
        (
        SELECT max(date)
        FROM `airflow-project-352316.github_curated.github_hackernews_join`
        )
    
Results:
[False]
[2022-06-06 15:28:38,388] {taskinstance.py:1503} INFO - Marking task as UP_FOR_RETRY. dag_id=gbq_pipeline, task_id=final_check_join_table, execution_date=20220301T100000, start_date=20220606T152836, end_date=20220606T152838
[2022-06-06 15:28:38,417] {local_task_job.py:146} INFO - Task exited with return code 1
