[2022-06-06 17:24:35,824] {taskinstance.py:851} INFO - Dependencies all met for <TaskInstance: gbq_pipeline.write_truncate_github_agg 2022-05-02T10:00:00+00:00 [queued]>
[2022-06-06 17:24:35,841] {taskinstance.py:851} INFO - Dependencies all met for <TaskInstance: gbq_pipeline.write_truncate_github_agg 2022-05-02T10:00:00+00:00 [queued]>
[2022-06-06 17:24:35,842] {taskinstance.py:1042} INFO - 
--------------------------------------------------------------------------------
[2022-06-06 17:24:35,842] {taskinstance.py:1043} INFO - Starting attempt 1 of 3
[2022-06-06 17:24:35,842] {taskinstance.py:1044} INFO - 
--------------------------------------------------------------------------------
[2022-06-06 17:24:35,849] {taskinstance.py:1063} INFO - Executing <Task(BigQueryOperator): write_truncate_github_agg> on 2022-05-02T10:00:00+00:00
[2022-06-06 17:24:35,852] {standard_task_runner.py:52} INFO - Started process 186 to run task
[2022-06-06 17:24:35,855] {standard_task_runner.py:76} INFO - Running: ['airflow', 'tasks', 'run', 'gbq_pipeline', 'write_truncate_github_agg', '2022-05-02T10:00:00+00:00', '--job-id', '695', '--pool', 'default_pool', '--raw', '--subdir', 'DAGS_FOLDER/gbq_pipeline.py', '--cfg-path', '/tmp/tmp7xfmy_ma', '--error-file', '/tmp/tmp0cx51gv_']
[2022-06-06 17:24:35,856] {standard_task_runner.py:77} INFO - Job 695: Subtask write_truncate_github_agg
[2022-06-06 17:24:35,888] {logging_mixin.py:104} INFO - Running <TaskInstance: gbq_pipeline.write_truncate_github_agg 2022-05-02T10:00:00+00:00 [running]> on host f3f1e04b5b71
[2022-06-06 17:24:35,916] {taskinstance.py:1257} INFO - Exporting the following env vars:
AIRFLOW_CTX_DAG_EMAIL=airflow@airflow.com
AIRFLOW_CTX_DAG_OWNER=vanmai-airflow
AIRFLOW_CTX_DAG_ID=gbq_pipeline
AIRFLOW_CTX_TASK_ID=write_truncate_github_agg
AIRFLOW_CTX_EXECUTION_DATE=2022-05-02T10:00:00+00:00
AIRFLOW_CTX_DAG_RUN_ID=scheduled__2022-05-02T10:00:00+00:00
[2022-06-06 17:24:35,917] {bigquery.py:680} INFO - Executing: 
        with cte as
        (
          SELECT
            FORMAT_TIMESTAMP("%Y%m%d", created_at) AS date,
            actor.id as actor_id,
            CONCAT('https://github.com/', repo.name) as github_repo,
            type
          FROM
            `githubarchive.day.20220502`
        )

        SELECT
          date,
          github_repo,
          count(IF(type='WatchEvent', type, NULL)) AS subs,
          count(IF(type='PushEvent',  type, NULL)) AS pushes,
          count(IF(type='PullRequestEvent',  type, NULL)) AS pullrequests,
          count(IF(type='ForkEvent',  type, NULL)) AS copies,
          count(IF(type in ('IssueCommentEvent','CommitCommentEvent','PullRequestReviewCommentEvent'),  type, NULL)) AS comments,
          count(*) AS all_event
        FROM cte
        GROUP BY 1,2
        ORDER BY all_event desc
        
[2022-06-06 17:24:35,925] {logging_mixin.py:104} WARNING - /home/airflow/.local/lib/python3.6/site-packages/airflow/providers/google/cloud/hooks/bigquery.py:2052 DeprecationWarning: This method is deprecated. Please use `BigQueryHook.insert_job` method.
[2022-06-06 17:24:35,932] {bigquery.py:1510} INFO - Inserting job airflow_1654536275931679_4b25b4438c0c97036e80e91972778182
[2022-06-06 17:24:49,006] {taskinstance.py:1166} INFO - Marking task as SUCCESS. dag_id=gbq_pipeline, task_id=write_truncate_github_agg, execution_date=20220502T100000, start_date=20220606T172435, end_date=20220606T172449
[2022-06-06 17:24:49,036] {taskinstance.py:1220} INFO - 0 downstream tasks scheduled from follow-on schedule check
[2022-06-06 17:24:49,048] {local_task_job.py:146} INFO - Task exited with return code 0
[2022-06-06 17:27:11,269] {taskinstance.py:851} INFO - Dependencies all met for <TaskInstance: gbq_pipeline.write_truncate_github_agg 2022-05-02T10:00:00+00:00 [queued]>
[2022-06-06 17:27:11,287] {taskinstance.py:851} INFO - Dependencies all met for <TaskInstance: gbq_pipeline.write_truncate_github_agg 2022-05-02T10:00:00+00:00 [queued]>
[2022-06-06 17:27:11,287] {taskinstance.py:1042} INFO - 
--------------------------------------------------------------------------------
[2022-06-06 17:27:11,288] {taskinstance.py:1043} INFO - Starting attempt 1 of 3
[2022-06-06 17:27:11,288] {taskinstance.py:1044} INFO - 
--------------------------------------------------------------------------------
[2022-06-06 17:27:11,296] {taskinstance.py:1063} INFO - Executing <Task(BigQueryOperator): write_truncate_github_agg> on 2022-05-02T10:00:00+00:00
[2022-06-06 17:27:11,303] {standard_task_runner.py:76} INFO - Running: ['airflow', 'tasks', 'run', 'gbq_pipeline', 'write_truncate_github_agg', '2022-05-02T10:00:00+00:00', '--job-id', '707', '--pool', 'default_pool', '--raw', '--subdir', 'DAGS_FOLDER/gbq_pipeline.py', '--cfg-path', '/tmp/tmpgffdbss0', '--error-file', '/tmp/tmper6uij20']
[2022-06-06 17:27:11,300] {standard_task_runner.py:52} INFO - Started process 222 to run task
[2022-06-06 17:27:11,304] {standard_task_runner.py:77} INFO - Job 707: Subtask write_truncate_github_agg
[2022-06-06 17:27:11,340] {logging_mixin.py:104} INFO - Running <TaskInstance: gbq_pipeline.write_truncate_github_agg 2022-05-02T10:00:00+00:00 [running]> on host f3f1e04b5b71
[2022-06-06 17:27:11,370] {taskinstance.py:1257} INFO - Exporting the following env vars:
AIRFLOW_CTX_DAG_EMAIL=airflow@airflow.com
AIRFLOW_CTX_DAG_OWNER=vanmai-airflow
AIRFLOW_CTX_DAG_ID=gbq_pipeline
AIRFLOW_CTX_TASK_ID=write_truncate_github_agg
AIRFLOW_CTX_EXECUTION_DATE=2022-05-02T10:00:00+00:00
AIRFLOW_CTX_DAG_RUN_ID=scheduled__2022-05-02T10:00:00+00:00
[2022-06-06 17:27:11,372] {bigquery.py:680} INFO - Executing: 
        with cte as
        (
          SELECT
            FORMAT_TIMESTAMP("%Y%m%d", created_at) AS date,
            actor.id as actor_id,
            CONCAT('https://github.com/', repo.name) as github_repo,
            type
          FROM
            `githubarchive.day.20220502`
        )

        SELECT
          date,
          github_repo,
          count(IF(type='WatchEvent', type, NULL)) AS subs,
          count(IF(type='PushEvent',  type, NULL)) AS pushes,
          count(IF(type='PullRequestEvent',  type, NULL)) AS pullrequests,
          count(IF(type='ForkEvent',  type, NULL)) AS copies,
          count(IF(type in ('IssueCommentEvent','CommitCommentEvent','PullRequestReviewCommentEvent'),  type, NULL)) AS comments,
          count(*) AS all_event
        FROM cte
        GROUP BY 1,2
        ORDER BY all_event desc
        
[2022-06-06 17:27:11,381] {logging_mixin.py:104} WARNING - /home/airflow/.local/lib/python3.6/site-packages/airflow/providers/google/cloud/hooks/bigquery.py:2052 DeprecationWarning: This method is deprecated. Please use `BigQueryHook.insert_job` method.
[2022-06-06 17:27:11,388] {bigquery.py:1510} INFO - Inserting job airflow_1654536431387794_4b25b4438c0c97036e80e91972778182
[2022-06-06 17:27:18,201] {taskinstance.py:1166} INFO - Marking task as SUCCESS. dag_id=gbq_pipeline, task_id=write_truncate_github_agg, execution_date=20220502T100000, start_date=20220606T172711, end_date=20220606T172718
[2022-06-06 17:27:18,230] {taskinstance.py:1220} INFO - 0 downstream tasks scheduled from follow-on schedule check
[2022-06-06 17:27:18,268] {local_task_job.py:146} INFO - Task exited with return code 0
[2022-06-06 17:30:52,317] {taskinstance.py:845} INFO - Dependencies not met for <TaskInstance: gbq_pipeline.write_truncate_github_agg 2022-05-02T10:00:00+00:00 [queued]>, dependency 'Previous Dagrun State' FAILED: The tasks downstream of the previous task instance <TaskInstance: gbq_pipeline.write_truncate_github_agg 2022-05-01 10:00:00+00:00 [success]> haven't completed (and wait_for_downstream is True).
[2022-06-06 17:30:52,319] {local_task_job.py:93} INFO - Task is not able to be run
[2022-06-06 17:33:39,585] {taskinstance.py:845} INFO - Dependencies not met for <TaskInstance: gbq_pipeline.write_truncate_github_agg 2022-05-02T10:00:00+00:00 [queued]>, dependency 'Previous Dagrun State' FAILED: The tasks downstream of the previous task instance <TaskInstance: gbq_pipeline.write_truncate_github_agg 2022-05-01 10:00:00+00:00 [success]> haven't completed (and wait_for_downstream is True).
[2022-06-06 17:33:39,587] {local_task_job.py:93} INFO - Task is not able to be run
[2022-06-06 17:40:45,834] {taskinstance.py:851} INFO - Dependencies all met for <TaskInstance: gbq_pipeline.write_truncate_github_agg 2022-05-02T10:00:00+00:00 [queued]>
[2022-06-06 17:40:45,853] {taskinstance.py:851} INFO - Dependencies all met for <TaskInstance: gbq_pipeline.write_truncate_github_agg 2022-05-02T10:00:00+00:00 [queued]>
[2022-06-06 17:40:45,854] {taskinstance.py:1042} INFO - 
--------------------------------------------------------------------------------
[2022-06-06 17:40:45,854] {taskinstance.py:1043} INFO - Starting attempt 1 of 3
[2022-06-06 17:40:45,854] {taskinstance.py:1044} INFO - 
--------------------------------------------------------------------------------
[2022-06-06 17:40:45,861] {taskinstance.py:1063} INFO - Executing <Task(BigQueryOperator): write_truncate_github_agg> on 2022-05-02T10:00:00+00:00
[2022-06-06 17:40:45,865] {standard_task_runner.py:52} INFO - Started process 316 to run task
[2022-06-06 17:40:45,868] {standard_task_runner.py:76} INFO - Running: ['airflow', 'tasks', 'run', 'gbq_pipeline', 'write_truncate_github_agg', '2022-05-02T10:00:00+00:00', '--job-id', '739', '--pool', 'default_pool', '--raw', '--subdir', 'DAGS_FOLDER/gbq_pipeline.py', '--cfg-path', '/tmp/tmpvilzog3g', '--error-file', '/tmp/tmpry4vk2l9']
[2022-06-06 17:40:45,870] {standard_task_runner.py:77} INFO - Job 739: Subtask write_truncate_github_agg
[2022-06-06 17:40:45,903] {logging_mixin.py:104} INFO - Running <TaskInstance: gbq_pipeline.write_truncate_github_agg 2022-05-02T10:00:00+00:00 [running]> on host f3f1e04b5b71
[2022-06-06 17:40:45,933] {taskinstance.py:1257} INFO - Exporting the following env vars:
AIRFLOW_CTX_DAG_EMAIL=airflow@airflow.com
AIRFLOW_CTX_DAG_OWNER=vanmai-airflow
AIRFLOW_CTX_DAG_ID=gbq_pipeline
AIRFLOW_CTX_TASK_ID=write_truncate_github_agg
AIRFLOW_CTX_EXECUTION_DATE=2022-05-02T10:00:00+00:00
AIRFLOW_CTX_DAG_RUN_ID=scheduled__2022-05-02T10:00:00+00:00
[2022-06-06 17:40:45,935] {bigquery.py:680} INFO - Executing: 
        with cte as
        (
          SELECT
            FORMAT_TIMESTAMP("%Y%m%d", created_at) AS date,
            actor.id as actor_id,
            CONCAT('https://github.com/', repo.name) as github_repo,
            type
          FROM
            `githubarchive.day.20220502`
        )

        SELECT
          date,
          github_repo,
          count(IF(type='WatchEvent', type, NULL)) AS subs,
          count(IF(type='PushEvent',  type, NULL)) AS pushes,
          count(IF(type='PullRequestEvent',  type, NULL)) AS pullrequests,
          count(IF(type='ForkEvent',  type, NULL)) AS copies,
          count(IF(type in ('IssueCommentEvent','CommitCommentEvent','PullRequestReviewCommentEvent'),  type, NULL)) AS comments,
          count(*) AS all_event
        FROM cte
        GROUP BY 1,2
        ORDER BY all_event desc
        
[2022-06-06 17:40:45,943] {logging_mixin.py:104} WARNING - /home/airflow/.local/lib/python3.6/site-packages/airflow/providers/google/cloud/hooks/bigquery.py:2052 DeprecationWarning: This method is deprecated. Please use `BigQueryHook.insert_job` method.
[2022-06-06 17:40:45,950] {bigquery.py:1510} INFO - Inserting job airflow_1654537245949956_4b25b4438c0c97036e80e91972778182
[2022-06-06 17:40:51,769] {taskinstance.py:1166} INFO - Marking task as SUCCESS. dag_id=gbq_pipeline, task_id=write_truncate_github_agg, execution_date=20220502T100000, start_date=20220606T174045, end_date=20220606T174051
[2022-06-06 17:40:52,120] {taskinstance.py:1220} INFO - 0 downstream tasks scheduled from follow-on schedule check
[2022-06-06 17:40:52,141] {local_task_job.py:146} INFO - Task exited with return code 0
