[2022-06-06 15:23:27,743] {taskinstance.py:851} INFO - Dependencies all met for <TaskInstance: gbq_pipeline.check_hackernews 2022-03-04T10:00:00+00:00 [queued]>
[2022-06-06 15:23:27,761] {taskinstance.py:851} INFO - Dependencies all met for <TaskInstance: gbq_pipeline.check_hackernews 2022-03-04T10:00:00+00:00 [queued]>
[2022-06-06 15:23:27,762] {taskinstance.py:1042} INFO - 
--------------------------------------------------------------------------------
[2022-06-06 15:23:27,762] {taskinstance.py:1043} INFO - Starting attempt 1 of 3
[2022-06-06 15:23:27,762] {taskinstance.py:1044} INFO - 
--------------------------------------------------------------------------------
[2022-06-06 15:23:27,769] {taskinstance.py:1063} INFO - Executing <Task(BigQueryCheckOperator): check_hackernews> on 2022-03-04T10:00:00+00:00
[2022-06-06 15:23:27,773] {standard_task_runner.py:52} INFO - Started process 243 to run task
[2022-06-06 15:23:27,776] {standard_task_runner.py:76} INFO - Running: ['airflow', 'tasks', 'run', 'gbq_pipeline', 'check_hackernews', '2022-03-04T10:00:00+00:00', '--job-id', '379', '--pool', 'default_pool', '--raw', '--subdir', 'DAGS_FOLDER/gbq_pipeline.py', '--cfg-path', '/tmp/tmpg9f98lw1', '--error-file', '/tmp/tmpk9ch8bqq']
[2022-06-06 15:23:27,778] {standard_task_runner.py:77} INFO - Job 379: Subtask check_hackernews
[2022-06-06 15:23:27,813] {logging_mixin.py:104} INFO - Running <TaskInstance: gbq_pipeline.check_hackernews 2022-03-04T10:00:00+00:00 [running]> on host c40819a450e3
[2022-06-06 15:23:27,843] {taskinstance.py:1257} INFO - Exporting the following env vars:
AIRFLOW_CTX_DAG_EMAIL=airflow@airflow.com
AIRFLOW_CTX_DAG_OWNER=vanmai-airflow
AIRFLOW_CTX_DAG_ID=gbq_pipeline
AIRFLOW_CTX_TASK_ID=check_hackernews
AIRFLOW_CTX_EXECUTION_DATE=2022-03-04T10:00:00+00:00
AIRFLOW_CTX_DAG_RUN_ID=scheduled__2022-03-04T10:00:00+00:00
[2022-06-06 15:23:27,845] {sql.py:87} INFO - Executing SQL check: 
        SELECT "20220304" IN
            (
            SELECT FORMAT_TIMESTAMP("%Y%m%d", timestamp ) AS date
            FROM `bigquery-public-data.hacker_news.full`
            WHERE type = 'story'
            )
        
[2022-06-06 15:23:27,854] {logging_mixin.py:104} WARNING - /home/airflow/.local/lib/python3.6/site-packages/airflow/providers/google/cloud/hooks/bigquery.py:120 DeprecationWarning: This method will be deprecated. Please use `BigQueryHook.get_client` method
[2022-06-06 15:23:28,313] {logging_mixin.py:104} WARNING - /home/airflow/.local/lib/python3.6/site-packages/airflow/providers/google/cloud/hooks/bigquery.py:2052 DeprecationWarning: This method is deprecated. Please use `BigQueryHook.insert_job` method.
[2022-06-06 15:23:28,314] {bigquery.py:1510} INFO - Inserting job airflow_1654529008313717_4b0030a5902fd3b078bb84d567bfa09a
[2022-06-06 15:23:30,487] {sql.py:90} INFO - Record: [True]
[2022-06-06 15:23:30,488] {sql.py:96} INFO - Success.
[2022-06-06 15:23:30,495] {taskinstance.py:1166} INFO - Marking task as SUCCESS. dag_id=gbq_pipeline, task_id=check_hackernews, execution_date=20220304T100000, start_date=20220606T152327, end_date=20220606T152330
[2022-06-06 15:23:30,829] {taskinstance.py:1220} INFO - 0 downstream tasks scheduled from follow-on schedule check
[2022-06-06 15:23:30,842] {local_task_job.py:146} INFO - Task exited with return code 0
[2022-06-06 16:25:20,900] {taskinstance.py:851} INFO - Dependencies all met for <TaskInstance: gbq_pipeline.check_hackernews 2022-03-04T10:00:00+00:00 [queued]>
[2022-06-06 16:25:20,916] {taskinstance.py:851} INFO - Dependencies all met for <TaskInstance: gbq_pipeline.check_hackernews 2022-03-04T10:00:00+00:00 [queued]>
[2022-06-06 16:25:20,917] {taskinstance.py:1042} INFO - 
--------------------------------------------------------------------------------
[2022-06-06 16:25:20,917] {taskinstance.py:1043} INFO - Starting attempt 1 of 3
[2022-06-06 16:25:20,917] {taskinstance.py:1044} INFO - 
--------------------------------------------------------------------------------
[2022-06-06 16:25:20,923] {taskinstance.py:1063} INFO - Executing <Task(BigQueryCheckOperator): check_hackernews> on 2022-03-04T10:00:00+00:00
[2022-06-06 16:25:20,927] {standard_task_runner.py:52} INFO - Started process 384 to run task
[2022-06-06 16:25:20,929] {standard_task_runner.py:76} INFO - Running: ['airflow', 'tasks', 'run', 'gbq_pipeline', 'check_hackernews', '2022-03-04T10:00:00+00:00', '--job-id', '427', '--pool', 'default_pool', '--raw', '--subdir', 'DAGS_FOLDER/gbq_pipeline.py', '--cfg-path', '/tmp/tmp5tsdn3xn', '--error-file', '/tmp/tmp8pu9ko_a']
[2022-06-06 16:25:20,931] {standard_task_runner.py:77} INFO - Job 427: Subtask check_hackernews
[2022-06-06 16:25:20,961] {logging_mixin.py:104} INFO - Running <TaskInstance: gbq_pipeline.check_hackernews 2022-03-04T10:00:00+00:00 [running]> on host c40819a450e3
[2022-06-06 16:25:20,990] {taskinstance.py:1257} INFO - Exporting the following env vars:
AIRFLOW_CTX_DAG_EMAIL=airflow@airflow.com
AIRFLOW_CTX_DAG_OWNER=vanmai-airflow
AIRFLOW_CTX_DAG_ID=gbq_pipeline
AIRFLOW_CTX_TASK_ID=check_hackernews
AIRFLOW_CTX_EXECUTION_DATE=2022-03-04T10:00:00+00:00
AIRFLOW_CTX_DAG_RUN_ID=scheduled__2022-03-04T10:00:00+00:00
[2022-06-06 16:25:20,992] {sql.py:87} INFO - Executing SQL check: 
        SELECT "20220304" IN
            (
            SELECT FORMAT_TIMESTAMP("%Y%m%d", timestamp ) AS date
            FROM `bigquery-public-data.hacker_news.full`
            WHERE type = 'story'
            )
        
[2022-06-06 16:25:20,999] {logging_mixin.py:104} WARNING - /home/airflow/.local/lib/python3.6/site-packages/airflow/providers/google/cloud/hooks/bigquery.py:120 DeprecationWarning: This method will be deprecated. Please use `BigQueryHook.get_client` method
[2022-06-06 16:25:21,561] {logging_mixin.py:104} WARNING - /home/airflow/.local/lib/python3.6/site-packages/airflow/providers/google/cloud/hooks/bigquery.py:2052 DeprecationWarning: This method is deprecated. Please use `BigQueryHook.insert_job` method.
[2022-06-06 16:25:21,562] {bigquery.py:1510} INFO - Inserting job airflow_1654532721561755_4b0030a5902fd3b078bb84d567bfa09a
[2022-06-06 16:25:23,105] {sql.py:90} INFO - Record: [True]
[2022-06-06 16:25:23,106] {sql.py:96} INFO - Success.
[2022-06-06 16:25:23,116] {taskinstance.py:1166} INFO - Marking task as SUCCESS. dag_id=gbq_pipeline, task_id=check_hackernews, execution_date=20220304T100000, start_date=20220606T162520, end_date=20220606T162523
[2022-06-06 16:25:23,140] {taskinstance.py:1220} INFO - 0 downstream tasks scheduled from follow-on schedule check
[2022-06-06 16:25:23,152] {local_task_job.py:146} INFO - Task exited with return code 0
[2022-06-06 16:55:58,914] {taskinstance.py:851} INFO - Dependencies all met for <TaskInstance: gbq_pipeline.check_hackernews 2022-03-04T10:00:00+00:00 [queued]>
[2022-06-06 16:55:58,930] {taskinstance.py:851} INFO - Dependencies all met for <TaskInstance: gbq_pipeline.check_hackernews 2022-03-04T10:00:00+00:00 [queued]>
[2022-06-06 16:55:58,931] {taskinstance.py:1042} INFO - 
--------------------------------------------------------------------------------
[2022-06-06 16:55:58,931] {taskinstance.py:1043} INFO - Starting attempt 1 of 3
[2022-06-06 16:55:58,931] {taskinstance.py:1044} INFO - 
--------------------------------------------------------------------------------
[2022-06-06 16:55:58,937] {taskinstance.py:1063} INFO - Executing <Task(BigQueryCheckOperator): check_hackernews> on 2022-03-04T10:00:00+00:00
[2022-06-06 16:55:58,940] {standard_task_runner.py:52} INFO - Started process 486 to run task
[2022-06-06 16:55:58,943] {standard_task_runner.py:76} INFO - Running: ['airflow', 'tasks', 'run', 'gbq_pipeline', 'check_hackernews', '2022-03-04T10:00:00+00:00', '--job-id', '461', '--pool', 'default_pool', '--raw', '--subdir', 'DAGS_FOLDER/gbq_pipeline.py', '--cfg-path', '/tmp/tmp_zx1fq9j', '--error-file', '/tmp/tmpz9uylwbd']
[2022-06-06 16:55:58,945] {standard_task_runner.py:77} INFO - Job 461: Subtask check_hackernews
[2022-06-06 16:55:58,975] {logging_mixin.py:104} INFO - Running <TaskInstance: gbq_pipeline.check_hackernews 2022-03-04T10:00:00+00:00 [running]> on host c40819a450e3
[2022-06-06 16:55:59,004] {taskinstance.py:1257} INFO - Exporting the following env vars:
AIRFLOW_CTX_DAG_EMAIL=airflow@airflow.com
AIRFLOW_CTX_DAG_OWNER=vanmai-airflow
AIRFLOW_CTX_DAG_ID=gbq_pipeline
AIRFLOW_CTX_TASK_ID=check_hackernews
AIRFLOW_CTX_EXECUTION_DATE=2022-03-04T10:00:00+00:00
AIRFLOW_CTX_DAG_RUN_ID=scheduled__2022-03-04T10:00:00+00:00
[2022-06-06 16:55:59,005] {sql.py:87} INFO - Executing SQL check: 
        SELECT "20220304" IN
            (
            SELECT FORMAT_TIMESTAMP("%Y%m%d", timestamp ) AS date
            FROM `bigquery-public-data.hacker_news.full`
            WHERE type = 'story'
            )
        
[2022-06-06 16:55:59,012] {logging_mixin.py:104} WARNING - /home/airflow/.local/lib/python3.6/site-packages/airflow/providers/google/cloud/hooks/bigquery.py:120 DeprecationWarning: This method will be deprecated. Please use `BigQueryHook.get_client` method
[2022-06-06 16:55:59,376] {logging_mixin.py:104} WARNING - /home/airflow/.local/lib/python3.6/site-packages/airflow/providers/google/cloud/hooks/bigquery.py:2052 DeprecationWarning: This method is deprecated. Please use `BigQueryHook.insert_job` method.
[2022-06-06 16:55:59,377] {bigquery.py:1510} INFO - Inserting job airflow_1654534559376830_4b0030a5902fd3b078bb84d567bfa09a
[2022-06-06 16:56:00,778] {sql.py:90} INFO - Record: [True]
[2022-06-06 16:56:00,779] {sql.py:96} INFO - Success.
[2022-06-06 16:56:00,787] {taskinstance.py:1166} INFO - Marking task as SUCCESS. dag_id=gbq_pipeline, task_id=check_hackernews, execution_date=20220304T100000, start_date=20220606T165558, end_date=20220606T165600
[2022-06-06 16:56:01,077] {taskinstance.py:1220} INFO - 0 downstream tasks scheduled from follow-on schedule check
[2022-06-06 16:56:01,124] {local_task_job.py:146} INFO - Task exited with return code 0
[2022-06-06 16:57:47,587] {taskinstance.py:851} INFO - Dependencies all met for <TaskInstance: gbq_pipeline.check_hackernews 2022-03-04T10:00:00+00:00 [queued]>
[2022-06-06 16:57:47,603] {taskinstance.py:851} INFO - Dependencies all met for <TaskInstance: gbq_pipeline.check_hackernews 2022-03-04T10:00:00+00:00 [queued]>
[2022-06-06 16:57:47,603] {taskinstance.py:1042} INFO - 
--------------------------------------------------------------------------------
[2022-06-06 16:57:47,604] {taskinstance.py:1043} INFO - Starting attempt 1 of 3
[2022-06-06 16:57:47,604] {taskinstance.py:1044} INFO - 
--------------------------------------------------------------------------------
[2022-06-06 16:57:47,609] {taskinstance.py:1063} INFO - Executing <Task(BigQueryCheckOperator): check_hackernews> on 2022-03-04T10:00:00+00:00
[2022-06-06 16:57:47,613] {standard_task_runner.py:52} INFO - Started process 606 to run task
[2022-06-06 16:57:47,616] {standard_task_runner.py:76} INFO - Running: ['airflow', 'tasks', 'run', 'gbq_pipeline', 'check_hackernews', '2022-03-04T10:00:00+00:00', '--job-id', '501', '--pool', 'default_pool', '--raw', '--subdir', 'DAGS_FOLDER/gbq_pipeline.py', '--cfg-path', '/tmp/tmpro31xgl9', '--error-file', '/tmp/tmp6wx61ybd']
[2022-06-06 16:57:47,617] {standard_task_runner.py:77} INFO - Job 501: Subtask check_hackernews
[2022-06-06 16:57:47,648] {logging_mixin.py:104} INFO - Running <TaskInstance: gbq_pipeline.check_hackernews 2022-03-04T10:00:00+00:00 [running]> on host c40819a450e3
[2022-06-06 16:57:47,679] {taskinstance.py:1257} INFO - Exporting the following env vars:
AIRFLOW_CTX_DAG_EMAIL=airflow@airflow.com
AIRFLOW_CTX_DAG_OWNER=vanmai-airflow
AIRFLOW_CTX_DAG_ID=gbq_pipeline
AIRFLOW_CTX_TASK_ID=check_hackernews
AIRFLOW_CTX_EXECUTION_DATE=2022-03-04T10:00:00+00:00
AIRFLOW_CTX_DAG_RUN_ID=scheduled__2022-03-04T10:00:00+00:00
[2022-06-06 16:57:47,681] {sql.py:87} INFO - Executing SQL check: 
        SELECT "20220304" IN
            (
            SELECT FORMAT_TIMESTAMP("%Y%m%d", timestamp ) AS date
            FROM `bigquery-public-data.hacker_news.full`
            WHERE type = 'story'
            )
        
[2022-06-06 16:57:47,688] {logging_mixin.py:104} WARNING - /home/airflow/.local/lib/python3.6/site-packages/airflow/providers/google/cloud/hooks/bigquery.py:120 DeprecationWarning: This method will be deprecated. Please use `BigQueryHook.get_client` method
[2022-06-06 16:57:48,123] {logging_mixin.py:104} WARNING - /home/airflow/.local/lib/python3.6/site-packages/airflow/providers/google/cloud/hooks/bigquery.py:2052 DeprecationWarning: This method is deprecated. Please use `BigQueryHook.insert_job` method.
[2022-06-06 16:57:48,124] {bigquery.py:1510} INFO - Inserting job airflow_1654534668124127_4b0030a5902fd3b078bb84d567bfa09a
[2022-06-06 16:57:49,428] {sql.py:90} INFO - Record: [True]
[2022-06-06 16:57:49,429] {sql.py:96} INFO - Success.
[2022-06-06 16:57:49,442] {taskinstance.py:1166} INFO - Marking task as SUCCESS. dag_id=gbq_pipeline, task_id=check_hackernews, execution_date=20220304T100000, start_date=20220606T165747, end_date=20220606T165749
[2022-06-06 16:57:49,469] {taskinstance.py:1220} INFO - 1 downstream tasks scheduled from follow-on schedule check
[2022-06-06 16:57:49,479] {local_task_job.py:146} INFO - Task exited with return code 0
[2022-06-06 16:59:54,498] {taskinstance.py:851} INFO - Dependencies all met for <TaskInstance: gbq_pipeline.check_hackernews 2022-03-04T10:00:00+00:00 [queued]>
[2022-06-06 16:59:54,515] {taskinstance.py:851} INFO - Dependencies all met for <TaskInstance: gbq_pipeline.check_hackernews 2022-03-04T10:00:00+00:00 [queued]>
[2022-06-06 16:59:54,515] {taskinstance.py:1042} INFO - 
--------------------------------------------------------------------------------
[2022-06-06 16:59:54,516] {taskinstance.py:1043} INFO - Starting attempt 1 of 3
[2022-06-06 16:59:54,516] {taskinstance.py:1044} INFO - 
--------------------------------------------------------------------------------
[2022-06-06 16:59:54,532] {taskinstance.py:1063} INFO - Executing <Task(BigQueryCheckOperator): check_hackernews> on 2022-03-04T10:00:00+00:00
[2022-06-06 16:59:54,543] {standard_task_runner.py:52} INFO - Started process 733 to run task
[2022-06-06 16:59:54,550] {standard_task_runner.py:76} INFO - Running: ['airflow', 'tasks', 'run', 'gbq_pipeline', 'check_hackernews', '2022-03-04T10:00:00+00:00', '--job-id', '542', '--pool', 'default_pool', '--raw', '--subdir', 'DAGS_FOLDER/gbq_pipeline.py', '--cfg-path', '/tmp/tmpwmpwj5bv', '--error-file', '/tmp/tmpdi7fao5s']
[2022-06-06 16:59:54,554] {standard_task_runner.py:77} INFO - Job 542: Subtask check_hackernews
[2022-06-06 16:59:54,635] {logging_mixin.py:104} INFO - Running <TaskInstance: gbq_pipeline.check_hackernews 2022-03-04T10:00:00+00:00 [running]> on host c40819a450e3
[2022-06-06 16:59:54,686] {taskinstance.py:1257} INFO - Exporting the following env vars:
AIRFLOW_CTX_DAG_EMAIL=airflow@airflow.com
AIRFLOW_CTX_DAG_OWNER=vanmai-airflow
AIRFLOW_CTX_DAG_ID=gbq_pipeline
AIRFLOW_CTX_TASK_ID=check_hackernews
AIRFLOW_CTX_EXECUTION_DATE=2022-03-04T10:00:00+00:00
AIRFLOW_CTX_DAG_RUN_ID=scheduled__2022-03-04T10:00:00+00:00
[2022-06-06 16:59:54,688] {sql.py:87} INFO - Executing SQL check: 
        SELECT "20220304" IN
            (
            SELECT FORMAT_TIMESTAMP("%Y%m%d", timestamp ) AS date
            FROM `bigquery-public-data.hacker_news.full`
            WHERE type = 'story'
            )
        
[2022-06-06 16:59:54,703] {logging_mixin.py:104} WARNING - /home/airflow/.local/lib/python3.6/site-packages/airflow/providers/google/cloud/hooks/bigquery.py:120 DeprecationWarning: This method will be deprecated. Please use `BigQueryHook.get_client` method
[2022-06-06 16:59:55,278] {logging_mixin.py:104} WARNING - /home/airflow/.local/lib/python3.6/site-packages/airflow/providers/google/cloud/hooks/bigquery.py:2052 DeprecationWarning: This method is deprecated. Please use `BigQueryHook.insert_job` method.
[2022-06-06 16:59:55,279] {bigquery.py:1510} INFO - Inserting job airflow_1654534795278884_4b0030a5902fd3b078bb84d567bfa09a
[2022-06-06 16:59:56,902] {sql.py:90} INFO - Record: [True]
[2022-06-06 16:59:56,902] {sql.py:96} INFO - Success.
[2022-06-06 16:59:56,912] {taskinstance.py:1166} INFO - Marking task as SUCCESS. dag_id=gbq_pipeline, task_id=check_hackernews, execution_date=20220304T100000, start_date=20220606T165954, end_date=20220606T165956
[2022-06-06 16:59:56,945] {taskinstance.py:1220} INFO - 1 downstream tasks scheduled from follow-on schedule check
[2022-06-06 16:59:56,977] {local_task_job.py:146} INFO - Task exited with return code 0
