[2022-06-06 14:21:55,897] {taskinstance.py:851} INFO - Dependencies all met for <TaskInstance: gbq_pipeline.check_github 2022-06-03T10:00:00+00:00 [queued]>
[2022-06-06 14:21:55,913] {taskinstance.py:851} INFO - Dependencies all met for <TaskInstance: gbq_pipeline.check_github 2022-06-03T10:00:00+00:00 [queued]>
[2022-06-06 14:21:55,914] {taskinstance.py:1042} INFO - 
--------------------------------------------------------------------------------
[2022-06-06 14:21:55,914] {taskinstance.py:1043} INFO - Starting attempt 1 of 3
[2022-06-06 14:21:55,914] {taskinstance.py:1044} INFO - 
--------------------------------------------------------------------------------
[2022-06-06 14:21:55,926] {taskinstance.py:1063} INFO - Executing <Task(BigQueryCheckOperator): check_github> on 2022-06-03T10:00:00+00:00
[2022-06-06 14:21:55,930] {standard_task_runner.py:52} INFO - Started process 90 to run task
[2022-06-06 14:21:55,933] {standard_task_runner.py:76} INFO - Running: ['airflow', 'tasks', 'run', 'gbq_pipeline', 'check_github', '2022-06-03T10:00:00+00:00', '--job-id', '297', '--pool', 'default_pool', '--raw', '--subdir', 'DAGS_FOLDER/gbq_pipeline.py', '--cfg-path', '/tmp/tmpjtm5oc84', '--error-file', '/tmp/tmpzl1e7n61']
[2022-06-06 14:21:55,936] {standard_task_runner.py:77} INFO - Job 297: Subtask check_github
[2022-06-06 14:21:55,969] {logging_mixin.py:104} INFO - Running <TaskInstance: gbq_pipeline.check_github 2022-06-03T10:00:00+00:00 [running]> on host 92fcc90275da
[2022-06-06 14:21:55,999] {taskinstance.py:1257} INFO - Exporting the following env vars:
AIRFLOW_CTX_DAG_EMAIL=airflow@airflow.com
AIRFLOW_CTX_DAG_OWNER=vanmai-airflow
AIRFLOW_CTX_DAG_ID=gbq_pipeline
AIRFLOW_CTX_TASK_ID=check_github
AIRFLOW_CTX_EXECUTION_DATE=2022-06-03T10:00:00+00:00
AIRFLOW_CTX_DAG_RUN_ID=scheduled__2022-06-03T10:00:00+00:00
[2022-06-06 14:21:56,000] {sql.py:87} INFO - Executing SQL check: 
        SELECT "20220603" IN 
          (
          SELECT table_id
          FROM `githubarchive.day.__TABLES_SUMMARY__`
          )
        
[2022-06-06 14:21:56,008] {logging_mixin.py:104} WARNING - /home/airflow/.local/lib/python3.6/site-packages/airflow/providers/google/cloud/hooks/bigquery.py:120 DeprecationWarning: This method will be deprecated. Please use `BigQueryHook.get_client` method
[2022-06-06 14:21:56,258] {logging_mixin.py:104} WARNING - /home/airflow/.local/lib/python3.6/site-packages/airflow/providers/google/cloud/hooks/bigquery.py:2052 DeprecationWarning: This method is deprecated. Please use `BigQueryHook.insert_job` method.
[2022-06-06 14:21:56,259] {bigquery.py:1510} INFO - Inserting job airflow_1654525316258892_d5249c59e37999a89d10d7dc164c001a
[2022-06-06 14:21:58,058] {sql.py:90} INFO - Record: [True]
[2022-06-06 14:21:58,058] {sql.py:96} INFO - Success.
[2022-06-06 14:21:58,066] {taskinstance.py:1166} INFO - Marking task as SUCCESS. dag_id=gbq_pipeline, task_id=check_github, execution_date=20220603T100000, start_date=20220606T142155, end_date=20220606T142158
[2022-06-06 14:21:58,092] {taskinstance.py:1220} INFO - 0 downstream tasks scheduled from follow-on schedule check
[2022-06-06 14:21:58,115] {local_task_job.py:146} INFO - Task exited with return code 0
[2022-06-06 15:01:12,010] {taskinstance.py:851} INFO - Dependencies all met for <TaskInstance: gbq_pipeline.check_github 2022-06-03T10:00:00+00:00 [queued]>
[2022-06-06 15:01:12,028] {taskinstance.py:851} INFO - Dependencies all met for <TaskInstance: gbq_pipeline.check_github 2022-06-03T10:00:00+00:00 [queued]>
[2022-06-06 15:01:12,028] {taskinstance.py:1042} INFO - 
--------------------------------------------------------------------------------
[2022-06-06 15:01:12,028] {taskinstance.py:1043} INFO - Starting attempt 1 of 3
[2022-06-06 15:01:12,029] {taskinstance.py:1044} INFO - 
--------------------------------------------------------------------------------
[2022-06-06 15:01:12,037] {taskinstance.py:1063} INFO - Executing <Task(BigQueryCheckOperator): check_github> on 2022-06-03T10:00:00+00:00
[2022-06-06 15:01:12,040] {standard_task_runner.py:52} INFO - Started process 69 to run task
[2022-06-06 15:01:12,043] {standard_task_runner.py:76} INFO - Running: ['airflow', 'tasks', 'run', 'gbq_pipeline', 'check_github', '2022-06-03T10:00:00+00:00', '--job-id', '322', '--pool', 'default_pool', '--raw', '--subdir', 'DAGS_FOLDER/gbq_pipeline.py', '--cfg-path', '/tmp/tmpfckqnf8j', '--error-file', '/tmp/tmpic9x2vk1']
[2022-06-06 15:01:12,044] {standard_task_runner.py:77} INFO - Job 322: Subtask check_github
[2022-06-06 15:01:12,076] {logging_mixin.py:104} INFO - Running <TaskInstance: gbq_pipeline.check_github 2022-06-03T10:00:00+00:00 [running]> on host c40819a450e3
[2022-06-06 15:01:12,106] {taskinstance.py:1257} INFO - Exporting the following env vars:
AIRFLOW_CTX_DAG_EMAIL=airflow@airflow.com
AIRFLOW_CTX_DAG_OWNER=vanmai-airflow
AIRFLOW_CTX_DAG_ID=gbq_pipeline
AIRFLOW_CTX_TASK_ID=check_github
AIRFLOW_CTX_EXECUTION_DATE=2022-06-03T10:00:00+00:00
AIRFLOW_CTX_DAG_RUN_ID=scheduled__2022-06-03T10:00:00+00:00
[2022-06-06 15:01:12,107] {sql.py:87} INFO - Executing SQL check: 
        SELECT "20220603" IN 
          (
          SELECT table_id
          FROM `githubarchive.day.__TABLES_SUMMARY__`
          )
        
[2022-06-06 15:01:12,116] {logging_mixin.py:104} WARNING - /home/airflow/.local/lib/python3.6/site-packages/airflow/providers/google/cloud/hooks/bigquery.py:120 DeprecationWarning: This method will be deprecated. Please use `BigQueryHook.get_client` method
[2022-06-06 15:01:12,594] {logging_mixin.py:104} WARNING - /home/airflow/.local/lib/python3.6/site-packages/airflow/providers/google/cloud/hooks/bigquery.py:2052 DeprecationWarning: This method is deprecated. Please use `BigQueryHook.insert_job` method.
[2022-06-06 15:01:12,595] {bigquery.py:1510} INFO - Inserting job airflow_1654527672594736_d5249c59e37999a89d10d7dc164c001a
[2022-06-06 15:01:14,564] {sql.py:90} INFO - Record: [True]
[2022-06-06 15:01:14,564] {sql.py:96} INFO - Success.
[2022-06-06 15:01:14,574] {taskinstance.py:1166} INFO - Marking task as SUCCESS. dag_id=gbq_pipeline, task_id=check_github, execution_date=20220603T100000, start_date=20220606T150112, end_date=20220606T150114
[2022-06-06 15:01:14,606] {taskinstance.py:1220} INFO - 0 downstream tasks scheduled from follow-on schedule check
[2022-06-06 15:01:14,627] {local_task_job.py:146} INFO - Task exited with return code 0
[2022-06-06 17:01:50,285] {taskinstance.py:851} INFO - Dependencies all met for <TaskInstance: gbq_pipeline.check_github 2022-06-03T10:00:00+00:00 [queued]>
[2022-06-06 17:01:50,304] {taskinstance.py:851} INFO - Dependencies all met for <TaskInstance: gbq_pipeline.check_github 2022-06-03T10:00:00+00:00 [queued]>
[2022-06-06 17:01:50,305] {taskinstance.py:1042} INFO - 
--------------------------------------------------------------------------------
[2022-06-06 17:01:50,305] {taskinstance.py:1043} INFO - Starting attempt 1 of 3
[2022-06-06 17:01:50,305] {taskinstance.py:1044} INFO - 
--------------------------------------------------------------------------------
[2022-06-06 17:01:50,311] {taskinstance.py:1063} INFO - Executing <Task(BigQueryCheckOperator): check_github> on 2022-06-03T10:00:00+00:00
[2022-06-06 17:01:50,316] {standard_task_runner.py:52} INFO - Started process 867 to run task
[2022-06-06 17:01:50,319] {standard_task_runner.py:76} INFO - Running: ['airflow', 'tasks', 'run', 'gbq_pipeline', 'check_github', '2022-06-03T10:00:00+00:00', '--job-id', '588', '--pool', 'default_pool', '--raw', '--subdir', 'DAGS_FOLDER/gbq_pipeline.py', '--cfg-path', '/tmp/tmpadntddd1', '--error-file', '/tmp/tmp4pddblbi']
[2022-06-06 17:01:50,321] {standard_task_runner.py:77} INFO - Job 588: Subtask check_github
[2022-06-06 17:01:50,353] {logging_mixin.py:104} INFO - Running <TaskInstance: gbq_pipeline.check_github 2022-06-03T10:00:00+00:00 [running]> on host c40819a450e3
[2022-06-06 17:01:50,384] {taskinstance.py:1257} INFO - Exporting the following env vars:
AIRFLOW_CTX_DAG_EMAIL=airflow@airflow.com
AIRFLOW_CTX_DAG_OWNER=vanmai-airflow
AIRFLOW_CTX_DAG_ID=gbq_pipeline
AIRFLOW_CTX_TASK_ID=check_github
AIRFLOW_CTX_EXECUTION_DATE=2022-06-03T10:00:00+00:00
AIRFLOW_CTX_DAG_RUN_ID=scheduled__2022-06-03T10:00:00+00:00
[2022-06-06 17:01:50,386] {sql.py:87} INFO - Executing SQL check: 
        SELECT "20220603" IN 
          (
          SELECT table_id
          FROM `githubarchive.day.__TABLES_SUMMARY__`
          )
        
[2022-06-06 17:01:50,392] {logging_mixin.py:104} WARNING - /home/airflow/.local/lib/python3.6/site-packages/airflow/providers/google/cloud/hooks/bigquery.py:120 DeprecationWarning: This method will be deprecated. Please use `BigQueryHook.get_client` method
[2022-06-06 17:01:50,815] {logging_mixin.py:104} WARNING - /home/airflow/.local/lib/python3.6/site-packages/airflow/providers/google/cloud/hooks/bigquery.py:2052 DeprecationWarning: This method is deprecated. Please use `BigQueryHook.insert_job` method.
[2022-06-06 17:01:50,816] {bigquery.py:1510} INFO - Inserting job airflow_1654534910816501_d5249c59e37999a89d10d7dc164c001a
[2022-06-06 17:01:52,657] {sql.py:90} INFO - Record: [True]
[2022-06-06 17:01:52,658] {sql.py:96} INFO - Success.
[2022-06-06 17:01:52,665] {taskinstance.py:1166} INFO - Marking task as SUCCESS. dag_id=gbq_pipeline, task_id=check_github, execution_date=20220603T100000, start_date=20220606T170150, end_date=20220606T170152
[2022-06-06 17:01:52,693] {taskinstance.py:1220} INFO - 1 downstream tasks scheduled from follow-on schedule check
[2022-06-06 17:01:52,701] {local_task_job.py:146} INFO - Task exited with return code 0
[2022-06-06 17:10:20,302] {taskinstance.py:851} INFO - Dependencies all met for <TaskInstance: gbq_pipeline.check_github 2022-06-03T10:00:00+00:00 [queued]>
[2022-06-06 17:10:20,318] {taskinstance.py:851} INFO - Dependencies all met for <TaskInstance: gbq_pipeline.check_github 2022-06-03T10:00:00+00:00 [queued]>
[2022-06-06 17:10:20,318] {taskinstance.py:1042} INFO - 
--------------------------------------------------------------------------------
[2022-06-06 17:10:20,319] {taskinstance.py:1043} INFO - Starting attempt 1 of 3
[2022-06-06 17:10:20,319] {taskinstance.py:1044} INFO - 
--------------------------------------------------------------------------------
[2022-06-06 17:10:20,325] {taskinstance.py:1063} INFO - Executing <Task(BigQueryCheckOperator): check_github> on 2022-06-03T10:00:00+00:00
[2022-06-06 17:10:20,329] {standard_task_runner.py:52} INFO - Started process 955 to run task
[2022-06-06 17:10:20,332] {standard_task_runner.py:76} INFO - Running: ['airflow', 'tasks', 'run', 'gbq_pipeline', 'check_github', '2022-06-03T10:00:00+00:00', '--job-id', '618', '--pool', 'default_pool', '--raw', '--subdir', 'DAGS_FOLDER/gbq_pipeline.py', '--cfg-path', '/tmp/tmp5zyg_7wu', '--error-file', '/tmp/tmpuomfldpm']
[2022-06-06 17:10:20,334] {standard_task_runner.py:77} INFO - Job 618: Subtask check_github
[2022-06-06 17:10:20,362] {logging_mixin.py:104} INFO - Running <TaskInstance: gbq_pipeline.check_github 2022-06-03T10:00:00+00:00 [running]> on host c40819a450e3
[2022-06-06 17:10:20,389] {taskinstance.py:1257} INFO - Exporting the following env vars:
AIRFLOW_CTX_DAG_EMAIL=airflow@airflow.com
AIRFLOW_CTX_DAG_OWNER=vanmai-airflow
AIRFLOW_CTX_DAG_ID=gbq_pipeline
AIRFLOW_CTX_TASK_ID=check_github
AIRFLOW_CTX_EXECUTION_DATE=2022-06-03T10:00:00+00:00
AIRFLOW_CTX_DAG_RUN_ID=scheduled__2022-06-03T10:00:00+00:00
[2022-06-06 17:10:20,391] {sql.py:87} INFO - Executing SQL check: 
        SELECT "20220603" IN 
          (
          SELECT table_id
          FROM `githubarchive.day.__TABLES_SUMMARY__`
          )
        
[2022-06-06 17:10:20,397] {logging_mixin.py:104} WARNING - /home/airflow/.local/lib/python3.6/site-packages/airflow/providers/google/cloud/hooks/bigquery.py:120 DeprecationWarning: This method will be deprecated. Please use `BigQueryHook.get_client` method
[2022-06-06 17:10:20,784] {logging_mixin.py:104} WARNING - /home/airflow/.local/lib/python3.6/site-packages/airflow/providers/google/cloud/hooks/bigquery.py:2052 DeprecationWarning: This method is deprecated. Please use `BigQueryHook.insert_job` method.
[2022-06-06 17:10:20,785] {bigquery.py:1510} INFO - Inserting job airflow_1654535420784849_d5249c59e37999a89d10d7dc164c001a
[2022-06-06 17:10:22,499] {sql.py:90} INFO - Record: [True]
[2022-06-06 17:10:22,499] {sql.py:96} INFO - Success.
[2022-06-06 17:10:22,507] {taskinstance.py:1166} INFO - Marking task as SUCCESS. dag_id=gbq_pipeline, task_id=check_github, execution_date=20220603T100000, start_date=20220606T171020, end_date=20220606T171022
[2022-06-06 17:10:22,536] {taskinstance.py:1220} INFO - 0 downstream tasks scheduled from follow-on schedule check
[2022-06-06 17:10:22,554] {local_task_job.py:146} INFO - Task exited with return code 0
[2022-06-06 17:47:40,507] {taskinstance.py:851} INFO - Dependencies all met for <TaskInstance: gbq_pipeline.check_github 2022-06-03T10:00:00+00:00 [queued]>
[2022-06-06 17:47:40,528] {taskinstance.py:851} INFO - Dependencies all met for <TaskInstance: gbq_pipeline.check_github 2022-06-03T10:00:00+00:00 [queued]>
[2022-06-06 17:47:40,528] {taskinstance.py:1042} INFO - 
--------------------------------------------------------------------------------
[2022-06-06 17:47:40,529] {taskinstance.py:1043} INFO - Starting attempt 1 of 3
[2022-06-06 17:47:40,529] {taskinstance.py:1044} INFO - 
--------------------------------------------------------------------------------
[2022-06-06 17:47:40,536] {taskinstance.py:1063} INFO - Executing <Task(BigQueryCheckOperator): check_github> on 2022-06-03T10:00:00+00:00
[2022-06-06 17:47:40,541] {standard_task_runner.py:52} INFO - Started process 369 to run task
[2022-06-06 17:47:40,544] {standard_task_runner.py:76} INFO - Running: ['airflow', 'tasks', 'run', 'gbq_pipeline', 'check_github', '2022-06-03T10:00:00+00:00', '--job-id', '756', '--pool', 'default_pool', '--raw', '--subdir', 'DAGS_FOLDER/gbq_pipeline.py', '--cfg-path', '/tmp/tmp3bszt50p', '--error-file', '/tmp/tmp0ql0vlny']
[2022-06-06 17:47:40,547] {standard_task_runner.py:77} INFO - Job 756: Subtask check_github
[2022-06-06 17:47:40,582] {logging_mixin.py:104} INFO - Running <TaskInstance: gbq_pipeline.check_github 2022-06-03T10:00:00+00:00 [running]> on host f3f1e04b5b71
[2022-06-06 17:47:40,623] {taskinstance.py:1257} INFO - Exporting the following env vars:
AIRFLOW_CTX_DAG_EMAIL=airflow@airflow.com
AIRFLOW_CTX_DAG_OWNER=vanmai-airflow
AIRFLOW_CTX_DAG_ID=gbq_pipeline
AIRFLOW_CTX_TASK_ID=check_github
AIRFLOW_CTX_EXECUTION_DATE=2022-06-03T10:00:00+00:00
AIRFLOW_CTX_DAG_RUN_ID=scheduled__2022-06-03T10:00:00+00:00
[2022-06-06 17:47:40,625] {sql.py:87} INFO - Executing SQL check: 
        SELECT "20220603" IN 
          (
          SELECT table_id
          FROM `githubarchive.day.__TABLES_SUMMARY__`
          )
        
[2022-06-06 17:47:40,635] {logging_mixin.py:104} WARNING - /home/airflow/.local/lib/python3.6/site-packages/airflow/providers/google/cloud/hooks/bigquery.py:120 DeprecationWarning: This method will be deprecated. Please use `BigQueryHook.get_client` method
[2022-06-06 17:47:41,157] {logging_mixin.py:104} WARNING - /home/airflow/.local/lib/python3.6/site-packages/airflow/providers/google/cloud/hooks/bigquery.py:2052 DeprecationWarning: This method is deprecated. Please use `BigQueryHook.insert_job` method.
[2022-06-06 17:47:41,158] {bigquery.py:1510} INFO - Inserting job airflow_1654537661157705_d5249c59e37999a89d10d7dc164c001a
[2022-06-06 17:47:42,920] {sql.py:90} INFO - Record: [True]
[2022-06-06 17:47:42,921] {sql.py:96} INFO - Success.
[2022-06-06 17:47:42,928] {taskinstance.py:1166} INFO - Marking task as SUCCESS. dag_id=gbq_pipeline, task_id=check_github, execution_date=20220603T100000, start_date=20220606T174740, end_date=20220606T174742
[2022-06-06 17:47:42,957] {taskinstance.py:1220} INFO - 0 downstream tasks scheduled from follow-on schedule check
[2022-06-06 17:47:42,970] {local_task_job.py:146} INFO - Task exited with return code 0
[2022-06-06 19:50:27,980] {taskinstance.py:851} INFO - Dependencies all met for <TaskInstance: gbq_pipeline.check_github 2022-06-03T10:00:00+00:00 [queued]>
[2022-06-06 19:50:27,996] {taskinstance.py:851} INFO - Dependencies all met for <TaskInstance: gbq_pipeline.check_github 2022-06-03T10:00:00+00:00 [queued]>
[2022-06-06 19:50:27,997] {taskinstance.py:1042} INFO - 
--------------------------------------------------------------------------------
[2022-06-06 19:50:27,997] {taskinstance.py:1043} INFO - Starting attempt 1 of 3
[2022-06-06 19:50:27,997] {taskinstance.py:1044} INFO - 
--------------------------------------------------------------------------------
[2022-06-06 19:50:28,006] {taskinstance.py:1063} INFO - Executing <Task(BigQueryCheckOperator): check_github> on 2022-06-03T10:00:00+00:00
[2022-06-06 19:50:28,011] {standard_task_runner.py:52} INFO - Started process 89 to run task
[2022-06-06 19:50:28,015] {standard_task_runner.py:76} INFO - Running: ['airflow', 'tasks', 'run', 'gbq_pipeline', 'check_github', '2022-06-03T10:00:00+00:00', '--job-id', '782', '--pool', 'default_pool', '--raw', '--subdir', 'DAGS_FOLDER/gbq_pipeline.py', '--cfg-path', '/tmp/tmp5subr6ng', '--error-file', '/tmp/tmpsfcnreqe']
[2022-06-06 19:50:28,017] {standard_task_runner.py:77} INFO - Job 782: Subtask check_github
[2022-06-06 19:50:28,149] {logging_mixin.py:104} INFO - Running <TaskInstance: gbq_pipeline.check_github 2022-06-03T10:00:00+00:00 [running]> on host e8b9b26156db
[2022-06-06 19:50:28,178] {taskinstance.py:1257} INFO - Exporting the following env vars:
AIRFLOW_CTX_DAG_EMAIL=airflow@airflow.com
AIRFLOW_CTX_DAG_OWNER=vanmai-airflow
AIRFLOW_CTX_DAG_ID=gbq_pipeline
AIRFLOW_CTX_TASK_ID=check_github
AIRFLOW_CTX_EXECUTION_DATE=2022-06-03T10:00:00+00:00
AIRFLOW_CTX_DAG_RUN_ID=scheduled__2022-06-03T10:00:00+00:00
[2022-06-06 19:50:28,179] {sql.py:87} INFO - Executing SQL check: 
        SELECT "20220603" IN 
          (
          SELECT table_id
          FROM `githubarchive.day.__TABLES_SUMMARY__`
          )
        
[2022-06-06 19:50:28,186] {logging_mixin.py:104} WARNING - /home/airflow/.local/lib/python3.6/site-packages/airflow/providers/google/cloud/hooks/bigquery.py:120 DeprecationWarning: This method will be deprecated. Please use `BigQueryHook.get_client` method
[2022-06-06 19:50:28,616] {logging_mixin.py:104} WARNING - /home/airflow/.local/lib/python3.6/site-packages/airflow/providers/google/cloud/hooks/bigquery.py:2052 DeprecationWarning: This method is deprecated. Please use `BigQueryHook.insert_job` method.
[2022-06-06 19:50:28,617] {bigquery.py:1510} INFO - Inserting job airflow_1654545028617048_d5249c59e37999a89d10d7dc164c001a
[2022-06-06 19:50:30,420] {sql.py:90} INFO - Record: [True]
[2022-06-06 19:50:30,421] {sql.py:96} INFO - Success.
[2022-06-06 19:50:30,427] {taskinstance.py:1166} INFO - Marking task as SUCCESS. dag_id=gbq_pipeline, task_id=check_github, execution_date=20220603T100000, start_date=20220606T195027, end_date=20220606T195030
[2022-06-06 19:50:30,452] {taskinstance.py:1220} INFO - 1 downstream tasks scheduled from follow-on schedule check
[2022-06-06 19:50:30,479] {local_task_job.py:146} INFO - Task exited with return code 0
[2022-06-06 19:57:29,543] {taskinstance.py:851} INFO - Dependencies all met for <TaskInstance: gbq_pipeline.check_github 2022-06-03T10:00:00+00:00 [queued]>
[2022-06-06 19:57:29,555] {taskinstance.py:851} INFO - Dependencies all met for <TaskInstance: gbq_pipeline.check_github 2022-06-03T10:00:00+00:00 [queued]>
[2022-06-06 19:57:29,555] {taskinstance.py:1042} INFO - 
--------------------------------------------------------------------------------
[2022-06-06 19:57:29,555] {taskinstance.py:1043} INFO - Starting attempt 1 of 3
[2022-06-06 19:57:29,556] {taskinstance.py:1044} INFO - 
--------------------------------------------------------------------------------
[2022-06-06 19:57:29,564] {taskinstance.py:1063} INFO - Executing <Task(BigQueryCheckOperator): check_github> on 2022-06-03T10:00:00+00:00
[2022-06-06 19:57:29,568] {standard_task_runner.py:52} INFO - Started process 187 to run task
[2022-06-06 19:57:29,571] {standard_task_runner.py:76} INFO - Running: ['airflow', 'tasks', 'run', 'gbq_pipeline', 'check_github', '2022-06-03T10:00:00+00:00', '--job-id', '817', '--pool', 'default_pool', '--raw', '--subdir', 'DAGS_FOLDER/gbq_pipeline.py', '--cfg-path', '/tmp/tmp8oeui8ve', '--error-file', '/tmp/tmpttim3wn1']
[2022-06-06 19:57:29,572] {standard_task_runner.py:77} INFO - Job 817: Subtask check_github
[2022-06-06 19:57:29,601] {logging_mixin.py:104} INFO - Running <TaskInstance: gbq_pipeline.check_github 2022-06-03T10:00:00+00:00 [running]> on host e8b9b26156db
[2022-06-06 19:57:29,627] {taskinstance.py:1257} INFO - Exporting the following env vars:
AIRFLOW_CTX_DAG_EMAIL=airflow@airflow.com
AIRFLOW_CTX_DAG_OWNER=vanmai-airflow
AIRFLOW_CTX_DAG_ID=gbq_pipeline
AIRFLOW_CTX_TASK_ID=check_github
AIRFLOW_CTX_EXECUTION_DATE=2022-06-03T10:00:00+00:00
AIRFLOW_CTX_DAG_RUN_ID=scheduled__2022-06-03T10:00:00+00:00
[2022-06-06 19:57:29,629] {sql.py:87} INFO - Executing SQL check: 
        SELECT "20220603" IN 
          (
          SELECT table_id
          FROM `githubarchive.day.__TABLES_SUMMARY__`
          )
        
[2022-06-06 19:57:29,635] {logging_mixin.py:104} WARNING - /home/airflow/.local/lib/python3.6/site-packages/airflow/providers/google/cloud/hooks/bigquery.py:120 DeprecationWarning: This method will be deprecated. Please use `BigQueryHook.get_client` method
[2022-06-06 19:57:30,065] {logging_mixin.py:104} WARNING - /home/airflow/.local/lib/python3.6/site-packages/airflow/providers/google/cloud/hooks/bigquery.py:2052 DeprecationWarning: This method is deprecated. Please use `BigQueryHook.insert_job` method.
[2022-06-06 19:57:30,066] {bigquery.py:1510} INFO - Inserting job airflow_1654545450066468_d5249c59e37999a89d10d7dc164c001a
[2022-06-06 19:57:31,796] {sql.py:90} INFO - Record: [True]
[2022-06-06 19:57:31,797] {sql.py:96} INFO - Success.
[2022-06-06 19:57:31,804] {taskinstance.py:1166} INFO - Marking task as SUCCESS. dag_id=gbq_pipeline, task_id=check_github, execution_date=20220603T100000, start_date=20220606T195729, end_date=20220606T195731
[2022-06-06 19:57:31,969] {taskinstance.py:1220} INFO - 1 downstream tasks scheduled from follow-on schedule check
[2022-06-06 19:57:31,999] {local_task_job.py:146} INFO - Task exited with return code 0
[2022-06-06 20:01:41,611] {taskinstance.py:851} INFO - Dependencies all met for <TaskInstance: gbq_pipeline.check_github 2022-06-03T10:00:00+00:00 [queued]>
[2022-06-06 20:01:41,625] {taskinstance.py:851} INFO - Dependencies all met for <TaskInstance: gbq_pipeline.check_github 2022-06-03T10:00:00+00:00 [queued]>
[2022-06-06 20:01:41,625] {taskinstance.py:1042} INFO - 
--------------------------------------------------------------------------------
[2022-06-06 20:01:41,626] {taskinstance.py:1043} INFO - Starting attempt 1 of 3
[2022-06-06 20:01:41,626] {taskinstance.py:1044} INFO - 
--------------------------------------------------------------------------------
[2022-06-06 20:01:41,636] {taskinstance.py:1063} INFO - Executing <Task(BigQueryCheckOperator): check_github> on 2022-06-03T10:00:00+00:00
[2022-06-06 20:01:41,640] {standard_task_runner.py:52} INFO - Started process 256 to run task
[2022-06-06 20:01:41,642] {standard_task_runner.py:76} INFO - Running: ['airflow', 'tasks', 'run', 'gbq_pipeline', 'check_github', '2022-06-03T10:00:00+00:00', '--job-id', '842', '--pool', 'default_pool', '--raw', '--subdir', 'DAGS_FOLDER/gbq_pipeline.py', '--cfg-path', '/tmp/tmp4ti7kkv4', '--error-file', '/tmp/tmpb1q2efld']
[2022-06-06 20:01:41,644] {standard_task_runner.py:77} INFO - Job 842: Subtask check_github
[2022-06-06 20:01:41,676] {logging_mixin.py:104} INFO - Running <TaskInstance: gbq_pipeline.check_github 2022-06-03T10:00:00+00:00 [running]> on host e8b9b26156db
[2022-06-06 20:01:41,704] {taskinstance.py:1257} INFO - Exporting the following env vars:
AIRFLOW_CTX_DAG_EMAIL=airflow@airflow.com
AIRFLOW_CTX_DAG_OWNER=vanmai-airflow
AIRFLOW_CTX_DAG_ID=gbq_pipeline
AIRFLOW_CTX_TASK_ID=check_github
AIRFLOW_CTX_EXECUTION_DATE=2022-06-03T10:00:00+00:00
AIRFLOW_CTX_DAG_RUN_ID=scheduled__2022-06-03T10:00:00+00:00
[2022-06-06 20:01:41,706] {sql.py:87} INFO - Executing SQL check: 
        SELECT "20220603" IN 
          (
          SELECT table_id
          FROM `githubarchive.day.__TABLES_SUMMARY__`
          )
        
[2022-06-06 20:01:41,713] {logging_mixin.py:104} WARNING - /home/airflow/.local/lib/python3.6/site-packages/airflow/providers/google/cloud/hooks/bigquery.py:120 DeprecationWarning: This method will be deprecated. Please use `BigQueryHook.get_client` method
[2022-06-06 20:01:42,074] {logging_mixin.py:104} WARNING - /home/airflow/.local/lib/python3.6/site-packages/airflow/providers/google/cloud/hooks/bigquery.py:2052 DeprecationWarning: This method is deprecated. Please use `BigQueryHook.insert_job` method.
[2022-06-06 20:01:42,075] {bigquery.py:1510} INFO - Inserting job airflow_1654545702074696_d5249c59e37999a89d10d7dc164c001a
[2022-06-06 20:01:43,850] {sql.py:90} INFO - Record: [True]
[2022-06-06 20:01:43,851] {sql.py:96} INFO - Success.
[2022-06-06 20:01:43,859] {taskinstance.py:1166} INFO - Marking task as SUCCESS. dag_id=gbq_pipeline, task_id=check_github, execution_date=20220603T100000, start_date=20220606T200141, end_date=20220606T200143
[2022-06-06 20:01:43,882] {taskinstance.py:1220} INFO - 1 downstream tasks scheduled from follow-on schedule check
[2022-06-06 20:01:43,908] {local_task_job.py:146} INFO - Task exited with return code 0
