[2022-06-05 14:20:23,021] {taskinstance.py:851} INFO - Dependencies all met for <TaskInstance: tutorial.print_date 2022-06-05T14:20:22.318351+00:00 [queued]>
[2022-06-05 14:20:23,032] {taskinstance.py:851} INFO - Dependencies all met for <TaskInstance: tutorial.print_date 2022-06-05T14:20:22.318351+00:00 [queued]>
[2022-06-05 14:20:23,032] {taskinstance.py:1042} INFO - 
--------------------------------------------------------------------------------
[2022-06-05 14:20:23,033] {taskinstance.py:1043} INFO - Starting attempt 1 of 2
[2022-06-05 14:20:23,033] {taskinstance.py:1044} INFO - 
--------------------------------------------------------------------------------
[2022-06-05 14:20:23,039] {taskinstance.py:1063} INFO - Executing <Task(BashOperator): print_date> on 2022-06-05T14:20:22.318351+00:00
[2022-06-05 14:20:23,042] {standard_task_runner.py:52} INFO - Started process 59 to run task
[2022-06-05 14:20:23,045] {standard_task_runner.py:76} INFO - Running: ['airflow', 'tasks', 'run', 'tutorial', 'print_date', '2022-06-05T14:20:22.318351+00:00', '--job-id', '44', '--pool', 'default_pool', '--raw', '--subdir', '/home/airflow/.local/lib/python3.6/site-packages/airflow/example_dags/tutorial.py', '--cfg-path', '/tmp/tmptxecuny8', '--error-file', '/tmp/tmpitp7d4gh']
[2022-06-05 14:20:23,045] {standard_task_runner.py:77} INFO - Job 44: Subtask print_date
[2022-06-05 14:20:23,075] {logging_mixin.py:104} INFO - Running <TaskInstance: tutorial.print_date 2022-06-05T14:20:22.318351+00:00 [running]> on host d102011d5c1b
[2022-06-05 14:20:23,102] {taskinstance.py:1257} INFO - Exporting the following env vars:
AIRFLOW_CTX_DAG_EMAIL=airflow@example.com
AIRFLOW_CTX_DAG_OWNER=airflow
AIRFLOW_CTX_DAG_ID=tutorial
AIRFLOW_CTX_TASK_ID=print_date
AIRFLOW_CTX_EXECUTION_DATE=2022-06-05T14:20:22.318351+00:00
AIRFLOW_CTX_DAG_RUN_ID=manual__2022-06-05T14:20:22.318351+00:00
[2022-06-05 14:20:23,103] {bash.py:135} INFO - Tmp dir root location: 
 /tmp
[2022-06-05 14:20:23,103] {bash.py:158} INFO - Running command: date
[2022-06-05 14:20:23,109] {bash.py:169} INFO - Output:
[2022-06-05 14:20:23,110] {bash.py:173} INFO - Sun Jun  5 14:20:23 UTC 2022
[2022-06-05 14:20:23,111] {bash.py:177} INFO - Command exited with return code 0
[2022-06-05 14:20:23,131] {taskinstance.py:1166} INFO - Marking task as SUCCESS. dag_id=tutorial, task_id=print_date, execution_date=20220605T142022, start_date=20220605T142023, end_date=20220605T142023
[2022-06-05 14:20:23,152] {taskinstance.py:1220} INFO - 2 downstream tasks scheduled from follow-on schedule check
[2022-06-05 14:20:23,178] {local_task_job.py:146} INFO - Task exited with return code 0
