[2022-06-06 15:23:41,993] {taskinstance.py:851} INFO - Dependencies all met for <TaskInstance: gbq_pipeline.check_github 2022-03-08T10:00:00+00:00 [queued]>
[2022-06-06 15:23:42,016] {taskinstance.py:851} INFO - Dependencies all met for <TaskInstance: gbq_pipeline.check_github 2022-03-08T10:00:00+00:00 [queued]>
[2022-06-06 15:23:42,016] {taskinstance.py:1042} INFO - 
--------------------------------------------------------------------------------
[2022-06-06 15:23:42,017] {taskinstance.py:1043} INFO - Starting attempt 1 of 3
[2022-06-06 15:23:42,017] {taskinstance.py:1044} INFO - 
--------------------------------------------------------------------------------
[2022-06-06 15:23:42,026] {taskinstance.py:1063} INFO - Executing <Task(BigQueryCheckOperator): check_github> on 2022-03-08T10:00:00+00:00
[2022-06-06 15:23:42,031] {standard_task_runner.py:52} INFO - Started process 287 to run task
[2022-06-06 15:23:42,035] {standard_task_runner.py:76} INFO - Running: ['airflow', 'tasks', 'run', 'gbq_pipeline', 'check_github', '2022-03-08T10:00:00+00:00', '--job-id', '394', '--pool', 'default_pool', '--raw', '--subdir', 'DAGS_FOLDER/gbq_pipeline.py', '--cfg-path', '/tmp/tmp64fufwqg', '--error-file', '/tmp/tmpcgumpu3o']
[2022-06-06 15:23:42,038] {standard_task_runner.py:77} INFO - Job 394: Subtask check_github
[2022-06-06 15:23:42,078] {logging_mixin.py:104} INFO - Running <TaskInstance: gbq_pipeline.check_github 2022-03-08T10:00:00+00:00 [running]> on host c40819a450e3
[2022-06-06 15:23:42,117] {taskinstance.py:1257} INFO - Exporting the following env vars:
AIRFLOW_CTX_DAG_EMAIL=airflow@airflow.com
AIRFLOW_CTX_DAG_OWNER=vanmai-airflow
AIRFLOW_CTX_DAG_ID=gbq_pipeline
AIRFLOW_CTX_TASK_ID=check_github
AIRFLOW_CTX_EXECUTION_DATE=2022-03-08T10:00:00+00:00
AIRFLOW_CTX_DAG_RUN_ID=scheduled__2022-03-08T10:00:00+00:00
[2022-06-06 15:23:42,118] {sql.py:87} INFO - Executing SQL check: 
        SELECT "20220308" IN 
          (
          SELECT table_id
          FROM `githubarchive.day.__TABLES_SUMMARY__`
          )
        
[2022-06-06 15:23:42,128] {logging_mixin.py:104} WARNING - /home/airflow/.local/lib/python3.6/site-packages/airflow/providers/google/cloud/hooks/bigquery.py:120 DeprecationWarning: This method will be deprecated. Please use `BigQueryHook.get_client` method
[2022-06-06 15:23:42,482] {logging_mixin.py:104} WARNING - /home/airflow/.local/lib/python3.6/site-packages/airflow/providers/google/cloud/hooks/bigquery.py:2052 DeprecationWarning: This method is deprecated. Please use `BigQueryHook.insert_job` method.
[2022-06-06 15:23:42,483] {bigquery.py:1510} INFO - Inserting job airflow_1654529022483414_063a5a3220786326b6d6e7b44d5f98be
[2022-06-06 15:23:44,177] {sql.py:90} INFO - Record: [True]
[2022-06-06 15:23:44,177] {sql.py:96} INFO - Success.
[2022-06-06 15:23:44,187] {taskinstance.py:1166} INFO - Marking task as SUCCESS. dag_id=gbq_pipeline, task_id=check_github, execution_date=20220308T100000, start_date=20220606T152341, end_date=20220606T152344
[2022-06-06 15:23:44,246] {taskinstance.py:1220} INFO - 0 downstream tasks scheduled from follow-on schedule check
[2022-06-06 15:23:44,258] {local_task_job.py:146} INFO - Task exited with return code 0
[2022-06-06 16:25:38,518] {taskinstance.py:851} INFO - Dependencies all met for <TaskInstance: gbq_pipeline.check_github 2022-03-08T10:00:00+00:00 [queued]>
[2022-06-06 16:25:38,535] {taskinstance.py:851} INFO - Dependencies all met for <TaskInstance: gbq_pipeline.check_github 2022-03-08T10:00:00+00:00 [queued]>
[2022-06-06 16:25:38,536] {taskinstance.py:1042} INFO - 
--------------------------------------------------------------------------------
[2022-06-06 16:25:38,536] {taskinstance.py:1043} INFO - Starting attempt 1 of 3
[2022-06-06 16:25:38,537] {taskinstance.py:1044} INFO - 
--------------------------------------------------------------------------------
[2022-06-06 16:25:38,544] {taskinstance.py:1063} INFO - Executing <Task(BigQueryCheckOperator): check_github> on 2022-03-08T10:00:00+00:00
[2022-06-06 16:25:38,547] {standard_task_runner.py:52} INFO - Started process 438 to run task
[2022-06-06 16:25:38,550] {standard_task_runner.py:76} INFO - Running: ['airflow', 'tasks', 'run', 'gbq_pipeline', 'check_github', '2022-03-08T10:00:00+00:00', '--job-id', '444', '--pool', 'default_pool', '--raw', '--subdir', 'DAGS_FOLDER/gbq_pipeline.py', '--cfg-path', '/tmp/tmpmagld47f', '--error-file', '/tmp/tmpgyg6bil9']
[2022-06-06 16:25:38,552] {standard_task_runner.py:77} INFO - Job 444: Subtask check_github
[2022-06-06 16:25:38,582] {logging_mixin.py:104} INFO - Running <TaskInstance: gbq_pipeline.check_github 2022-03-08T10:00:00+00:00 [running]> on host c40819a450e3
[2022-06-06 16:25:38,612] {taskinstance.py:1257} INFO - Exporting the following env vars:
AIRFLOW_CTX_DAG_EMAIL=airflow@airflow.com
AIRFLOW_CTX_DAG_OWNER=vanmai-airflow
AIRFLOW_CTX_DAG_ID=gbq_pipeline
AIRFLOW_CTX_TASK_ID=check_github
AIRFLOW_CTX_EXECUTION_DATE=2022-03-08T10:00:00+00:00
AIRFLOW_CTX_DAG_RUN_ID=scheduled__2022-03-08T10:00:00+00:00
[2022-06-06 16:25:38,613] {sql.py:87} INFO - Executing SQL check: 
        SELECT "20220308" IN 
          (
          SELECT table_id
          FROM `githubarchive.day.__TABLES_SUMMARY__`
          )
        
[2022-06-06 16:25:38,621] {logging_mixin.py:104} WARNING - /home/airflow/.local/lib/python3.6/site-packages/airflow/providers/google/cloud/hooks/bigquery.py:120 DeprecationWarning: This method will be deprecated. Please use `BigQueryHook.get_client` method
[2022-06-06 16:25:39,171] {logging_mixin.py:104} WARNING - /home/airflow/.local/lib/python3.6/site-packages/airflow/providers/google/cloud/hooks/bigquery.py:2052 DeprecationWarning: This method is deprecated. Please use `BigQueryHook.insert_job` method.
[2022-06-06 16:25:39,172] {bigquery.py:1510} INFO - Inserting job airflow_1654532739172141_063a5a3220786326b6d6e7b44d5f98be
[2022-06-06 16:25:41,318] {sql.py:90} INFO - Record: [True]
[2022-06-06 16:25:41,318] {sql.py:96} INFO - Success.
[2022-06-06 16:25:41,326] {taskinstance.py:1166} INFO - Marking task as SUCCESS. dag_id=gbq_pipeline, task_id=check_github, execution_date=20220308T100000, start_date=20220606T162538, end_date=20220606T162541
[2022-06-06 16:25:41,360] {taskinstance.py:1220} INFO - 0 downstream tasks scheduled from follow-on schedule check
[2022-06-06 16:25:41,376] {local_task_job.py:146} INFO - Task exited with return code 0
[2022-06-06 16:59:54,132] {taskinstance.py:851} INFO - Dependencies all met for <TaskInstance: gbq_pipeline.check_github 2022-03-08T10:00:00+00:00 [queued]>
[2022-06-06 16:59:54,168] {taskinstance.py:851} INFO - Dependencies all met for <TaskInstance: gbq_pipeline.check_github 2022-03-08T10:00:00+00:00 [queued]>
[2022-06-06 16:59:54,168] {taskinstance.py:1042} INFO - 
--------------------------------------------------------------------------------
[2022-06-06 16:59:54,169] {taskinstance.py:1043} INFO - Starting attempt 1 of 3
[2022-06-06 16:59:54,169] {taskinstance.py:1044} INFO - 
--------------------------------------------------------------------------------
[2022-06-06 16:59:54,193] {taskinstance.py:1063} INFO - Executing <Task(BigQueryCheckOperator): check_github> on 2022-03-08T10:00:00+00:00
[2022-06-06 16:59:54,201] {standard_task_runner.py:52} INFO - Started process 724 to run task
[2022-06-06 16:59:54,214] {standard_task_runner.py:76} INFO - Running: ['airflow', 'tasks', 'run', 'gbq_pipeline', 'check_github', '2022-03-08T10:00:00+00:00', '--job-id', '533', '--pool', 'default_pool', '--raw', '--subdir', 'DAGS_FOLDER/gbq_pipeline.py', '--cfg-path', '/tmp/tmpk8t38yvy', '--error-file', '/tmp/tmp_kqgayv2']
[2022-06-06 16:59:54,217] {standard_task_runner.py:77} INFO - Job 533: Subtask check_github
[2022-06-06 16:59:54,282] {logging_mixin.py:104} INFO - Running <TaskInstance: gbq_pipeline.check_github 2022-03-08T10:00:00+00:00 [running]> on host c40819a450e3
[2022-06-06 16:59:54,414] {taskinstance.py:1257} INFO - Exporting the following env vars:
AIRFLOW_CTX_DAG_EMAIL=airflow@airflow.com
AIRFLOW_CTX_DAG_OWNER=vanmai-airflow
AIRFLOW_CTX_DAG_ID=gbq_pipeline
AIRFLOW_CTX_TASK_ID=check_github
AIRFLOW_CTX_EXECUTION_DATE=2022-03-08T10:00:00+00:00
AIRFLOW_CTX_DAG_RUN_ID=scheduled__2022-03-08T10:00:00+00:00
[2022-06-06 16:59:54,416] {sql.py:87} INFO - Executing SQL check: 
        SELECT "20220308" IN 
          (
          SELECT table_id
          FROM `githubarchive.day.__TABLES_SUMMARY__`
          )
        
[2022-06-06 16:59:54,427] {logging_mixin.py:104} WARNING - /home/airflow/.local/lib/python3.6/site-packages/airflow/providers/google/cloud/hooks/bigquery.py:120 DeprecationWarning: This method will be deprecated. Please use `BigQueryHook.get_client` method
[2022-06-06 16:59:54,908] {logging_mixin.py:104} WARNING - /home/airflow/.local/lib/python3.6/site-packages/airflow/providers/google/cloud/hooks/bigquery.py:2052 DeprecationWarning: This method is deprecated. Please use `BigQueryHook.insert_job` method.
[2022-06-06 16:59:54,909] {bigquery.py:1510} INFO - Inserting job airflow_1654534794908945_063a5a3220786326b6d6e7b44d5f98be
[2022-06-06 16:59:57,208] {sql.py:90} INFO - Record: [True]
[2022-06-06 16:59:57,209] {sql.py:96} INFO - Success.
[2022-06-06 16:59:57,218] {taskinstance.py:1166} INFO - Marking task as SUCCESS. dag_id=gbq_pipeline, task_id=check_github, execution_date=20220308T100000, start_date=20220606T165954, end_date=20220606T165957
[2022-06-06 16:59:57,251] {taskinstance.py:1220} INFO - 1 downstream tasks scheduled from follow-on schedule check
[2022-06-06 16:59:57,291] {local_task_job.py:146} INFO - Task exited with return code 0
