[2022-06-10 22:00:40,455] {scheduler_job.py:182} INFO - Started process (PID=32) to work on /opt/airflow/dags/tutorial.py
[2022-06-10 22:00:40,456] {scheduler_job.py:629} INFO - Processing file /opt/airflow/dags/tutorial.py for tasks to queue
[2022-06-10 22:00:40,457] {logging_mixin.py:104} INFO - [2022-06-10 22:00:40,457] {dagbag.py:448} INFO - Filling up the DagBag from /opt/airflow/dags/tutorial.py
[2022-06-10 22:00:40,481] {scheduler_job.py:639} INFO - DAG(s) dict_keys(['tutorial']) retrieved from /opt/airflow/dags/tutorial.py
[2022-06-10 22:00:40,500] {logging_mixin.py:104} INFO - [2022-06-10 22:00:40,500] {dag.py:1818} INFO - Sync 1 DAGs
[2022-06-10 22:00:40,511] {logging_mixin.py:104} INFO - [2022-06-10 22:00:40,511] {dag.py:2273} INFO - Setting next_dagrun for tutorial to 2022-06-08 00:00:00+00:00
[2022-06-10 22:00:40,522] {scheduler_job.py:190} INFO - Processing /opt/airflow/dags/tutorial.py took 0.070 seconds
[2022-06-10 22:01:10,686] {scheduler_job.py:182} INFO - Started process (PID=40) to work on /opt/airflow/dags/tutorial.py
[2022-06-10 22:01:10,688] {scheduler_job.py:629} INFO - Processing file /opt/airflow/dags/tutorial.py for tasks to queue
[2022-06-10 22:01:10,689] {logging_mixin.py:104} INFO - [2022-06-10 22:01:10,689] {dagbag.py:448} INFO - Filling up the DagBag from /opt/airflow/dags/tutorial.py
[2022-06-10 22:01:10,716] {scheduler_job.py:639} INFO - DAG(s) dict_keys(['tutorial']) retrieved from /opt/airflow/dags/tutorial.py
[2022-06-10 22:01:10,732] {logging_mixin.py:104} INFO - [2022-06-10 22:01:10,731] {dag.py:1818} INFO - Sync 1 DAGs
[2022-06-10 22:01:10,743] {logging_mixin.py:104} INFO - [2022-06-10 22:01:10,743] {dag.py:2273} INFO - Setting next_dagrun for tutorial to 2022-06-08 00:00:00+00:00
[2022-06-10 22:01:10,751] {scheduler_job.py:190} INFO - Processing /opt/airflow/dags/tutorial.py took 0.068 seconds
[2022-06-10 22:01:41,667] {scheduler_job.py:182} INFO - Started process (PID=59) to work on /opt/airflow/dags/tutorial.py
[2022-06-10 22:01:41,668] {scheduler_job.py:629} INFO - Processing file /opt/airflow/dags/tutorial.py for tasks to queue
[2022-06-10 22:01:41,669] {logging_mixin.py:104} INFO - [2022-06-10 22:01:41,669] {dagbag.py:448} INFO - Filling up the DagBag from /opt/airflow/dags/tutorial.py
[2022-06-10 22:01:41,691] {scheduler_job.py:639} INFO - DAG(s) dict_keys(['tutorial']) retrieved from /opt/airflow/dags/tutorial.py
[2022-06-10 22:01:41,708] {logging_mixin.py:104} INFO - [2022-06-10 22:01:41,708] {dag.py:1818} INFO - Sync 1 DAGs
[2022-06-10 22:01:41,720] {logging_mixin.py:104} INFO - [2022-06-10 22:01:41,720] {dag.py:2273} INFO - Setting next_dagrun for tutorial to 2022-06-08 00:00:00+00:00
[2022-06-10 22:01:41,730] {scheduler_job.py:190} INFO - Processing /opt/airflow/dags/tutorial.py took 0.065 seconds
[2022-06-10 22:02:11,939] {scheduler_job.py:182} INFO - Started process (PID=75) to work on /opt/airflow/dags/tutorial.py
[2022-06-10 22:02:11,940] {scheduler_job.py:629} INFO - Processing file /opt/airflow/dags/tutorial.py for tasks to queue
[2022-06-10 22:02:11,940] {logging_mixin.py:104} INFO - [2022-06-10 22:02:11,940] {dagbag.py:448} INFO - Filling up the DagBag from /opt/airflow/dags/tutorial.py
[2022-06-10 22:02:11,957] {scheduler_job.py:639} INFO - DAG(s) dict_keys(['tutorial']) retrieved from /opt/airflow/dags/tutorial.py
[2022-06-10 22:02:11,971] {logging_mixin.py:104} INFO - [2022-06-10 22:02:11,971] {dag.py:1818} INFO - Sync 1 DAGs
[2022-06-10 22:02:11,981] {logging_mixin.py:104} INFO - [2022-06-10 22:02:11,981] {dag.py:2273} INFO - Setting next_dagrun for tutorial to 2022-06-08 00:00:00+00:00
[2022-06-10 22:02:11,988] {scheduler_job.py:190} INFO - Processing /opt/airflow/dags/tutorial.py took 0.052 seconds
[2022-06-10 22:02:42,132] {scheduler_job.py:182} INFO - Started process (PID=77) to work on /opt/airflow/dags/tutorial.py
[2022-06-10 22:02:42,134] {scheduler_job.py:629} INFO - Processing file /opt/airflow/dags/tutorial.py for tasks to queue
[2022-06-10 22:02:42,134] {logging_mixin.py:104} INFO - [2022-06-10 22:02:42,134] {dagbag.py:448} INFO - Filling up the DagBag from /opt/airflow/dags/tutorial.py
[2022-06-10 22:02:42,160] {scheduler_job.py:639} INFO - DAG(s) dict_keys(['tutorial']) retrieved from /opt/airflow/dags/tutorial.py
[2022-06-10 22:02:42,174] {logging_mixin.py:104} INFO - [2022-06-10 22:02:42,174] {dag.py:1818} INFO - Sync 1 DAGs
[2022-06-10 22:02:42,184] {logging_mixin.py:104} INFO - [2022-06-10 22:02:42,184] {dag.py:2273} INFO - Setting next_dagrun for tutorial to 2022-06-08 00:00:00+00:00
[2022-06-10 22:02:42,194] {scheduler_job.py:190} INFO - Processing /opt/airflow/dags/tutorial.py took 0.064 seconds
[2022-06-10 22:03:12,344] {scheduler_job.py:182} INFO - Started process (PID=82) to work on /opt/airflow/dags/tutorial.py
[2022-06-10 22:03:12,345] {scheduler_job.py:629} INFO - Processing file /opt/airflow/dags/tutorial.py for tasks to queue
[2022-06-10 22:03:12,345] {logging_mixin.py:104} INFO - [2022-06-10 22:03:12,345] {dagbag.py:448} INFO - Filling up the DagBag from /opt/airflow/dags/tutorial.py
[2022-06-10 22:03:12,370] {scheduler_job.py:639} INFO - DAG(s) dict_keys(['tutorial']) retrieved from /opt/airflow/dags/tutorial.py
[2022-06-10 22:03:12,383] {logging_mixin.py:104} INFO - [2022-06-10 22:03:12,383] {dag.py:1818} INFO - Sync 1 DAGs
[2022-06-10 22:03:12,394] {logging_mixin.py:104} INFO - [2022-06-10 22:03:12,394] {dag.py:2273} INFO - Setting next_dagrun for tutorial to 2022-06-08 00:00:00+00:00
[2022-06-10 22:03:12,403] {scheduler_job.py:190} INFO - Processing /opt/airflow/dags/tutorial.py took 0.061 seconds
[2022-06-10 22:03:42,549] {scheduler_job.py:182} INFO - Started process (PID=87) to work on /opt/airflow/dags/tutorial.py
[2022-06-10 22:03:42,550] {scheduler_job.py:629} INFO - Processing file /opt/airflow/dags/tutorial.py for tasks to queue
[2022-06-10 22:03:42,551] {logging_mixin.py:104} INFO - [2022-06-10 22:03:42,551] {dagbag.py:448} INFO - Filling up the DagBag from /opt/airflow/dags/tutorial.py
[2022-06-10 22:03:42,568] {scheduler_job.py:639} INFO - DAG(s) dict_keys(['tutorial']) retrieved from /opt/airflow/dags/tutorial.py
[2022-06-10 22:03:42,580] {logging_mixin.py:104} INFO - [2022-06-10 22:03:42,580] {dag.py:1818} INFO - Sync 1 DAGs
[2022-06-10 22:03:42,589] {logging_mixin.py:104} INFO - [2022-06-10 22:03:42,589] {dag.py:2273} INFO - Setting next_dagrun for tutorial to 2022-06-08 00:00:00+00:00
[2022-06-10 22:03:42,596] {scheduler_job.py:190} INFO - Processing /opt/airflow/dags/tutorial.py took 0.049 seconds
[2022-06-10 22:04:12,744] {scheduler_job.py:182} INFO - Started process (PID=92) to work on /opt/airflow/dags/tutorial.py
[2022-06-10 22:04:12,745] {scheduler_job.py:629} INFO - Processing file /opt/airflow/dags/tutorial.py for tasks to queue
[2022-06-10 22:04:12,745] {logging_mixin.py:104} INFO - [2022-06-10 22:04:12,745] {dagbag.py:448} INFO - Filling up the DagBag from /opt/airflow/dags/tutorial.py
[2022-06-10 22:04:12,763] {scheduler_job.py:639} INFO - DAG(s) dict_keys(['tutorial']) retrieved from /opt/airflow/dags/tutorial.py
[2022-06-10 22:04:12,777] {logging_mixin.py:104} INFO - [2022-06-10 22:04:12,777] {dag.py:1818} INFO - Sync 1 DAGs
[2022-06-10 22:04:12,786] {logging_mixin.py:104} INFO - [2022-06-10 22:04:12,786] {dag.py:2273} INFO - Setting next_dagrun for tutorial to 2022-06-08 00:00:00+00:00
[2022-06-10 22:04:12,794] {scheduler_job.py:190} INFO - Processing /opt/airflow/dags/tutorial.py took 0.052 seconds
[2022-06-10 22:04:42,938] {scheduler_job.py:182} INFO - Started process (PID=97) to work on /opt/airflow/dags/tutorial.py
[2022-06-10 22:04:42,939] {scheduler_job.py:629} INFO - Processing file /opt/airflow/dags/tutorial.py for tasks to queue
[2022-06-10 22:04:42,940] {logging_mixin.py:104} INFO - [2022-06-10 22:04:42,940] {dagbag.py:448} INFO - Filling up the DagBag from /opt/airflow/dags/tutorial.py
[2022-06-10 22:04:42,962] {scheduler_job.py:639} INFO - DAG(s) dict_keys(['tutorial']) retrieved from /opt/airflow/dags/tutorial.py
[2022-06-10 22:04:42,975] {logging_mixin.py:104} INFO - [2022-06-10 22:04:42,975] {dag.py:1818} INFO - Sync 1 DAGs
[2022-06-10 22:04:42,984] {logging_mixin.py:104} INFO - [2022-06-10 22:04:42,984] {dag.py:2273} INFO - Setting next_dagrun for tutorial to 2022-06-08 00:00:00+00:00
[2022-06-10 22:04:42,992] {scheduler_job.py:190} INFO - Processing /opt/airflow/dags/tutorial.py took 0.056 seconds
[2022-06-10 22:05:13,162] {scheduler_job.py:182} INFO - Started process (PID=102) to work on /opt/airflow/dags/tutorial.py
[2022-06-10 22:05:13,163] {scheduler_job.py:629} INFO - Processing file /opt/airflow/dags/tutorial.py for tasks to queue
[2022-06-10 22:05:13,163] {logging_mixin.py:104} INFO - [2022-06-10 22:05:13,163] {dagbag.py:448} INFO - Filling up the DagBag from /opt/airflow/dags/tutorial.py
[2022-06-10 22:05:13,188] {scheduler_job.py:639} INFO - DAG(s) dict_keys(['tutorial']) retrieved from /opt/airflow/dags/tutorial.py
[2022-06-10 22:05:13,200] {logging_mixin.py:104} INFO - [2022-06-10 22:05:13,200] {dag.py:1818} INFO - Sync 1 DAGs
[2022-06-10 22:05:13,209] {logging_mixin.py:104} INFO - [2022-06-10 22:05:13,209] {dag.py:2273} INFO - Setting next_dagrun for tutorial to 2022-06-08 00:00:00+00:00
[2022-06-10 22:05:13,217] {scheduler_job.py:190} INFO - Processing /opt/airflow/dags/tutorial.py took 0.057 seconds
[2022-06-10 22:05:43,407] {scheduler_job.py:182} INFO - Started process (PID=107) to work on /opt/airflow/dags/tutorial.py
[2022-06-10 22:05:43,408] {scheduler_job.py:629} INFO - Processing file /opt/airflow/dags/tutorial.py for tasks to queue
[2022-06-10 22:05:43,409] {logging_mixin.py:104} INFO - [2022-06-10 22:05:43,409] {dagbag.py:448} INFO - Filling up the DagBag from /opt/airflow/dags/tutorial.py
[2022-06-10 22:05:43,434] {scheduler_job.py:639} INFO - DAG(s) dict_keys(['tutorial']) retrieved from /opt/airflow/dags/tutorial.py
[2022-06-10 22:05:43,448] {logging_mixin.py:104} INFO - [2022-06-10 22:05:43,448] {dag.py:1818} INFO - Sync 1 DAGs
[2022-06-10 22:05:43,458] {logging_mixin.py:104} INFO - [2022-06-10 22:05:43,458] {dag.py:2273} INFO - Setting next_dagrun for tutorial to 2022-06-08 00:00:00+00:00
[2022-06-10 22:05:43,467] {scheduler_job.py:190} INFO - Processing /opt/airflow/dags/tutorial.py took 0.062 seconds
[2022-06-10 22:06:13,626] {scheduler_job.py:182} INFO - Started process (PID=112) to work on /opt/airflow/dags/tutorial.py
[2022-06-10 22:06:13,627] {scheduler_job.py:629} INFO - Processing file /opt/airflow/dags/tutorial.py for tasks to queue
[2022-06-10 22:06:13,628] {logging_mixin.py:104} INFO - [2022-06-10 22:06:13,628] {dagbag.py:448} INFO - Filling up the DagBag from /opt/airflow/dags/tutorial.py
[2022-06-10 22:06:13,648] {scheduler_job.py:639} INFO - DAG(s) dict_keys(['tutorial']) retrieved from /opt/airflow/dags/tutorial.py
[2022-06-10 22:06:13,661] {logging_mixin.py:104} INFO - [2022-06-10 22:06:13,661] {dag.py:1818} INFO - Sync 1 DAGs
[2022-06-10 22:06:13,671] {logging_mixin.py:104} INFO - [2022-06-10 22:06:13,671] {dag.py:2273} INFO - Setting next_dagrun for tutorial to 2022-06-08 00:00:00+00:00
[2022-06-10 22:06:13,683] {scheduler_job.py:190} INFO - Processing /opt/airflow/dags/tutorial.py took 0.058 seconds
[2022-06-10 22:06:43,811] {scheduler_job.py:182} INFO - Started process (PID=117) to work on /opt/airflow/dags/tutorial.py
[2022-06-10 22:06:43,812] {scheduler_job.py:629} INFO - Processing file /opt/airflow/dags/tutorial.py for tasks to queue
[2022-06-10 22:06:43,812] {logging_mixin.py:104} INFO - [2022-06-10 22:06:43,812] {dagbag.py:448} INFO - Filling up the DagBag from /opt/airflow/dags/tutorial.py
[2022-06-10 22:06:43,832] {scheduler_job.py:639} INFO - DAG(s) dict_keys(['tutorial']) retrieved from /opt/airflow/dags/tutorial.py
[2022-06-10 22:06:43,845] {logging_mixin.py:104} INFO - [2022-06-10 22:06:43,845] {dag.py:1818} INFO - Sync 1 DAGs
[2022-06-10 22:06:43,854] {logging_mixin.py:104} INFO - [2022-06-10 22:06:43,854] {dag.py:2273} INFO - Setting next_dagrun for tutorial to 2022-06-08 00:00:00+00:00
[2022-06-10 22:06:43,864] {scheduler_job.py:190} INFO - Processing /opt/airflow/dags/tutorial.py took 0.056 seconds
[2022-06-10 22:07:14,004] {scheduler_job.py:182} INFO - Started process (PID=122) to work on /opt/airflow/dags/tutorial.py
[2022-06-10 22:07:14,005] {scheduler_job.py:629} INFO - Processing file /opt/airflow/dags/tutorial.py for tasks to queue
[2022-06-10 22:07:14,006] {logging_mixin.py:104} INFO - [2022-06-10 22:07:14,006] {dagbag.py:448} INFO - Filling up the DagBag from /opt/airflow/dags/tutorial.py
[2022-06-10 22:07:14,025] {scheduler_job.py:639} INFO - DAG(s) dict_keys(['tutorial']) retrieved from /opt/airflow/dags/tutorial.py
[2022-06-10 22:07:14,037] {logging_mixin.py:104} INFO - [2022-06-10 22:07:14,037] {dag.py:1818} INFO - Sync 1 DAGs
[2022-06-10 22:07:14,047] {logging_mixin.py:104} INFO - [2022-06-10 22:07:14,046] {dag.py:2273} INFO - Setting next_dagrun for tutorial to 2022-06-08 00:00:00+00:00
[2022-06-10 22:07:14,054] {scheduler_job.py:190} INFO - Processing /opt/airflow/dags/tutorial.py took 0.051 seconds
[2022-06-10 22:07:44,201] {scheduler_job.py:182} INFO - Started process (PID=127) to work on /opt/airflow/dags/tutorial.py
[2022-06-10 22:07:44,202] {scheduler_job.py:629} INFO - Processing file /opt/airflow/dags/tutorial.py for tasks to queue
[2022-06-10 22:07:44,202] {logging_mixin.py:104} INFO - [2022-06-10 22:07:44,202] {dagbag.py:448} INFO - Filling up the DagBag from /opt/airflow/dags/tutorial.py
[2022-06-10 22:07:44,223] {scheduler_job.py:639} INFO - DAG(s) dict_keys(['tutorial']) retrieved from /opt/airflow/dags/tutorial.py
[2022-06-10 22:07:44,235] {logging_mixin.py:104} INFO - [2022-06-10 22:07:44,235] {dag.py:1818} INFO - Sync 1 DAGs
[2022-06-10 22:07:44,243] {logging_mixin.py:104} INFO - [2022-06-10 22:07:44,243] {dag.py:2273} INFO - Setting next_dagrun for tutorial to 2022-06-08 00:00:00+00:00
[2022-06-10 22:07:44,254] {scheduler_job.py:190} INFO - Processing /opt/airflow/dags/tutorial.py took 0.055 seconds
[2022-06-10 22:08:14,397] {scheduler_job.py:182} INFO - Started process (PID=132) to work on /opt/airflow/dags/tutorial.py
[2022-06-10 22:08:14,398] {scheduler_job.py:629} INFO - Processing file /opt/airflow/dags/tutorial.py for tasks to queue
[2022-06-10 22:08:14,399] {logging_mixin.py:104} INFO - [2022-06-10 22:08:14,399] {dagbag.py:448} INFO - Filling up the DagBag from /opt/airflow/dags/tutorial.py
[2022-06-10 22:08:14,417] {scheduler_job.py:639} INFO - DAG(s) dict_keys(['tutorial']) retrieved from /opt/airflow/dags/tutorial.py
[2022-06-10 22:08:14,429] {logging_mixin.py:104} INFO - [2022-06-10 22:08:14,429] {dag.py:1818} INFO - Sync 1 DAGs
[2022-06-10 22:08:14,438] {logging_mixin.py:104} INFO - [2022-06-10 22:08:14,438] {dag.py:2273} INFO - Setting next_dagrun for tutorial to 2022-06-08 00:00:00+00:00
[2022-06-10 22:08:14,447] {scheduler_job.py:190} INFO - Processing /opt/airflow/dags/tutorial.py took 0.052 seconds
[2022-06-10 22:08:44,598] {scheduler_job.py:182} INFO - Started process (PID=137) to work on /opt/airflow/dags/tutorial.py
[2022-06-10 22:08:44,599] {scheduler_job.py:629} INFO - Processing file /opt/airflow/dags/tutorial.py for tasks to queue
[2022-06-10 22:08:44,599] {logging_mixin.py:104} INFO - [2022-06-10 22:08:44,599] {dagbag.py:448} INFO - Filling up the DagBag from /opt/airflow/dags/tutorial.py
[2022-06-10 22:08:44,618] {scheduler_job.py:639} INFO - DAG(s) dict_keys(['tutorial']) retrieved from /opt/airflow/dags/tutorial.py
[2022-06-10 22:08:44,630] {logging_mixin.py:104} INFO - [2022-06-10 22:08:44,630] {dag.py:1818} INFO - Sync 1 DAGs
[2022-06-10 22:08:44,641] {logging_mixin.py:104} INFO - [2022-06-10 22:08:44,641] {dag.py:2273} INFO - Setting next_dagrun for tutorial to 2022-06-08 00:00:00+00:00
[2022-06-10 22:08:44,648] {scheduler_job.py:190} INFO - Processing /opt/airflow/dags/tutorial.py took 0.053 seconds
[2022-06-10 22:09:14,794] {scheduler_job.py:182} INFO - Started process (PID=142) to work on /opt/airflow/dags/tutorial.py
[2022-06-10 22:09:14,795] {scheduler_job.py:629} INFO - Processing file /opt/airflow/dags/tutorial.py for tasks to queue
[2022-06-10 22:09:14,795] {logging_mixin.py:104} INFO - [2022-06-10 22:09:14,795] {dagbag.py:448} INFO - Filling up the DagBag from /opt/airflow/dags/tutorial.py
[2022-06-10 22:09:14,815] {scheduler_job.py:639} INFO - DAG(s) dict_keys(['tutorial']) retrieved from /opt/airflow/dags/tutorial.py
[2022-06-10 22:09:14,827] {logging_mixin.py:104} INFO - [2022-06-10 22:09:14,827] {dag.py:1818} INFO - Sync 1 DAGs
[2022-06-10 22:09:14,837] {logging_mixin.py:104} INFO - [2022-06-10 22:09:14,837] {dag.py:2273} INFO - Setting next_dagrun for tutorial to 2022-06-08 00:00:00+00:00
[2022-06-10 22:09:14,856] {scheduler_job.py:190} INFO - Processing /opt/airflow/dags/tutorial.py took 0.064 seconds
[2022-06-10 22:09:44,982] {scheduler_job.py:182} INFO - Started process (PID=147) to work on /opt/airflow/dags/tutorial.py
[2022-06-10 22:09:44,983] {scheduler_job.py:629} INFO - Processing file /opt/airflow/dags/tutorial.py for tasks to queue
[2022-06-10 22:09:44,983] {logging_mixin.py:104} INFO - [2022-06-10 22:09:44,983] {dagbag.py:448} INFO - Filling up the DagBag from /opt/airflow/dags/tutorial.py
[2022-06-10 22:09:45,003] {scheduler_job.py:639} INFO - DAG(s) dict_keys(['tutorial']) retrieved from /opt/airflow/dags/tutorial.py
[2022-06-10 22:09:45,016] {logging_mixin.py:104} INFO - [2022-06-10 22:09:45,016] {dag.py:1818} INFO - Sync 1 DAGs
[2022-06-10 22:09:45,026] {logging_mixin.py:104} INFO - [2022-06-10 22:09:45,026] {dag.py:2273} INFO - Setting next_dagrun for tutorial to 2022-06-08 00:00:00+00:00
[2022-06-10 22:09:45,033] {scheduler_job.py:190} INFO - Processing /opt/airflow/dags/tutorial.py took 0.054 seconds
[2022-06-10 22:10:15,190] {scheduler_job.py:182} INFO - Started process (PID=152) to work on /opt/airflow/dags/tutorial.py
[2022-06-10 22:10:15,191] {scheduler_job.py:629} INFO - Processing file /opt/airflow/dags/tutorial.py for tasks to queue
[2022-06-10 22:10:15,191] {logging_mixin.py:104} INFO - [2022-06-10 22:10:15,191] {dagbag.py:448} INFO - Filling up the DagBag from /opt/airflow/dags/tutorial.py
[2022-06-10 22:10:15,211] {scheduler_job.py:639} INFO - DAG(s) dict_keys(['tutorial']) retrieved from /opt/airflow/dags/tutorial.py
[2022-06-10 22:10:15,223] {logging_mixin.py:104} INFO - [2022-06-10 22:10:15,223] {dag.py:1818} INFO - Sync 1 DAGs
[2022-06-10 22:10:15,233] {logging_mixin.py:104} INFO - [2022-06-10 22:10:15,233] {dag.py:2273} INFO - Setting next_dagrun for tutorial to 2022-06-08 00:00:00+00:00
[2022-06-10 22:10:15,241] {scheduler_job.py:190} INFO - Processing /opt/airflow/dags/tutorial.py took 0.053 seconds
[2022-06-10 22:10:45,422] {scheduler_job.py:182} INFO - Started process (PID=157) to work on /opt/airflow/dags/tutorial.py
[2022-06-10 22:10:45,423] {scheduler_job.py:629} INFO - Processing file /opt/airflow/dags/tutorial.py for tasks to queue
[2022-06-10 22:10:45,423] {logging_mixin.py:104} INFO - [2022-06-10 22:10:45,423] {dagbag.py:448} INFO - Filling up the DagBag from /opt/airflow/dags/tutorial.py
[2022-06-10 22:10:45,442] {scheduler_job.py:639} INFO - DAG(s) dict_keys(['tutorial']) retrieved from /opt/airflow/dags/tutorial.py
[2022-06-10 22:10:45,457] {logging_mixin.py:104} INFO - [2022-06-10 22:10:45,457] {dag.py:1818} INFO - Sync 1 DAGs
[2022-06-10 22:10:45,466] {logging_mixin.py:104} INFO - [2022-06-10 22:10:45,466] {dag.py:2273} INFO - Setting next_dagrun for tutorial to 2022-06-08 00:00:00+00:00
[2022-06-10 22:10:45,474] {scheduler_job.py:190} INFO - Processing /opt/airflow/dags/tutorial.py took 0.054 seconds
[2022-06-10 22:11:15,612] {scheduler_job.py:182} INFO - Started process (PID=162) to work on /opt/airflow/dags/tutorial.py
[2022-06-10 22:11:15,613] {scheduler_job.py:629} INFO - Processing file /opt/airflow/dags/tutorial.py for tasks to queue
[2022-06-10 22:11:15,614] {logging_mixin.py:104} INFO - [2022-06-10 22:11:15,614] {dagbag.py:448} INFO - Filling up the DagBag from /opt/airflow/dags/tutorial.py
[2022-06-10 22:11:15,633] {scheduler_job.py:639} INFO - DAG(s) dict_keys(['tutorial']) retrieved from /opt/airflow/dags/tutorial.py
[2022-06-10 22:11:15,647] {logging_mixin.py:104} INFO - [2022-06-10 22:11:15,647] {dag.py:1818} INFO - Sync 1 DAGs
[2022-06-10 22:11:15,655] {logging_mixin.py:104} INFO - [2022-06-10 22:11:15,655] {dag.py:2273} INFO - Setting next_dagrun for tutorial to 2022-06-08 00:00:00+00:00
[2022-06-10 22:11:15,667] {scheduler_job.py:190} INFO - Processing /opt/airflow/dags/tutorial.py took 0.057 seconds
[2022-06-10 22:11:45,796] {scheduler_job.py:182} INFO - Started process (PID=167) to work on /opt/airflow/dags/tutorial.py
[2022-06-10 22:11:45,797] {scheduler_job.py:629} INFO - Processing file /opt/airflow/dags/tutorial.py for tasks to queue
[2022-06-10 22:11:45,798] {logging_mixin.py:104} INFO - [2022-06-10 22:11:45,798] {dagbag.py:448} INFO - Filling up the DagBag from /opt/airflow/dags/tutorial.py
[2022-06-10 22:11:45,818] {scheduler_job.py:639} INFO - DAG(s) dict_keys(['tutorial']) retrieved from /opt/airflow/dags/tutorial.py
[2022-06-10 22:11:45,833] {logging_mixin.py:104} INFO - [2022-06-10 22:11:45,833] {dag.py:1818} INFO - Sync 1 DAGs
[2022-06-10 22:11:45,843] {logging_mixin.py:104} INFO - [2022-06-10 22:11:45,843] {dag.py:2273} INFO - Setting next_dagrun for tutorial to 2022-06-08 00:00:00+00:00
[2022-06-10 22:11:45,854] {scheduler_job.py:190} INFO - Processing /opt/airflow/dags/tutorial.py took 0.059 seconds
[2022-06-10 22:12:15,985] {scheduler_job.py:182} INFO - Started process (PID=172) to work on /opt/airflow/dags/tutorial.py
[2022-06-10 22:12:15,986] {scheduler_job.py:629} INFO - Processing file /opt/airflow/dags/tutorial.py for tasks to queue
[2022-06-10 22:12:15,987] {logging_mixin.py:104} INFO - [2022-06-10 22:12:15,987] {dagbag.py:448} INFO - Filling up the DagBag from /opt/airflow/dags/tutorial.py
[2022-06-10 22:12:16,010] {scheduler_job.py:639} INFO - DAG(s) dict_keys(['tutorial']) retrieved from /opt/airflow/dags/tutorial.py
[2022-06-10 22:12:16,027] {logging_mixin.py:104} INFO - [2022-06-10 22:12:16,027] {dag.py:1818} INFO - Sync 1 DAGs
[2022-06-10 22:12:16,037] {logging_mixin.py:104} INFO - [2022-06-10 22:12:16,037] {dag.py:2273} INFO - Setting next_dagrun for tutorial to 2022-06-08 00:00:00+00:00
[2022-06-10 22:12:16,045] {scheduler_job.py:190} INFO - Processing /opt/airflow/dags/tutorial.py took 0.063 seconds
