[2022-06-06 15:15:11,131] {taskinstance.py:851} INFO - Dependencies all met for <TaskInstance: gbq_pipeline.write_append_join_table 2022-06-02T10:00:00+00:00 [queued]>
[2022-06-06 15:15:11,210] {taskinstance.py:851} INFO - Dependencies all met for <TaskInstance: gbq_pipeline.write_append_join_table 2022-06-02T10:00:00+00:00 [queued]>
[2022-06-06 15:15:11,210] {taskinstance.py:1042} INFO - 
--------------------------------------------------------------------------------
[2022-06-06 15:15:11,211] {taskinstance.py:1043} INFO - Starting attempt 2 of 4
[2022-06-06 15:15:11,211] {taskinstance.py:1044} INFO - 
--------------------------------------------------------------------------------
[2022-06-06 15:15:11,229] {taskinstance.py:1063} INFO - Executing <Task(BigQueryOperator): write_append_join_table> on 2022-06-02T10:00:00+00:00
[2022-06-06 15:15:11,235] {standard_task_runner.py:52} INFO - Started process 185 to run task
[2022-06-06 15:15:11,238] {standard_task_runner.py:76} INFO - Running: ['airflow', 'tasks', 'run', 'gbq_pipeline', 'write_append_join_table', '2022-06-02T10:00:00+00:00', '--job-id', '361', '--pool', 'default_pool', '--raw', '--subdir', 'DAGS_FOLDER/gbq_pipeline.py', '--cfg-path', '/tmp/tmpse9fb0_f', '--error-file', '/tmp/tmpnjpzlw5i']
[2022-06-06 15:15:11,240] {standard_task_runner.py:77} INFO - Job 361: Subtask write_append_join_table
[2022-06-06 15:15:11,280] {logging_mixin.py:104} INFO - Running <TaskInstance: gbq_pipeline.write_append_join_table 2022-06-02T10:00:00+00:00 [running]> on host c40819a450e3
[2022-06-06 15:15:11,312] {taskinstance.py:1257} INFO - Exporting the following env vars:
AIRFLOW_CTX_DAG_EMAIL=airflow@airflow.com
AIRFLOW_CTX_DAG_OWNER=vanmai-airflow
AIRFLOW_CTX_DAG_ID=gbq_pipeline
AIRFLOW_CTX_TASK_ID=write_append_join_table
AIRFLOW_CTX_EXECUTION_DATE=2022-06-02T10:00:00+00:00
AIRFLOW_CTX_DAG_RUN_ID=scheduled__2022-06-02T10:00:00+00:00
[2022-06-06 15:15:11,314] {bigquery.py:680} INFO - Executing: 
    SELECT 
      gh.*,
      hn.* except (date, github_repo)
    FROM
      `airflow-project-352316.github_curated.github_agg` gh
    LEFT JOIN 
      `airflow-project-352316.github_curated.hackernews_agg` hn
    ON hn.github_repo = gh.github_repo and hn.date = gh.date
    WHERE hn.date is not null
    order by hn.score desc
    
[2022-06-06 15:15:11,323] {logging_mixin.py:104} WARNING - /home/airflow/.local/lib/python3.6/site-packages/airflow/providers/google/cloud/hooks/bigquery.py:2052 DeprecationWarning: This method is deprecated. Please use `BigQueryHook.insert_job` method.
[2022-06-06 15:15:11,330] {bigquery.py:1510} INFO - Inserting job airflow_1654528511329875_b1ab3899f0225c5c2b1b91d9340eba07
[2022-06-06 15:15:15,569] {taskinstance.py:1166} INFO - Marking task as SUCCESS. dag_id=gbq_pipeline, task_id=write_append_join_table, execution_date=20220602T100000, start_date=20220606T151511, end_date=20220606T151515
[2022-06-06 15:15:15,666] {taskinstance.py:1220} INFO - 0 downstream tasks scheduled from follow-on schedule check
[2022-06-06 15:15:15,672] {local_task_job.py:146} INFO - Task exited with return code 0
