[2022-06-05 22:02:29,210] {taskinstance.py:851} INFO - Dependencies all met for <TaskInstance: vanmai-demo.t1_print_date 2022-05-29T00:00:00+00:00 [queued]>
[2022-06-05 22:02:29,223] {taskinstance.py:851} INFO - Dependencies all met for <TaskInstance: vanmai-demo.t1_print_date 2022-05-29T00:00:00+00:00 [queued]>
[2022-06-05 22:02:29,223] {taskinstance.py:1042} INFO - 
--------------------------------------------------------------------------------
[2022-06-05 22:02:29,224] {taskinstance.py:1043} INFO - Starting attempt 1 of 2
[2022-06-05 22:02:29,224] {taskinstance.py:1044} INFO - 
--------------------------------------------------------------------------------
[2022-06-05 22:02:29,231] {taskinstance.py:1063} INFO - Executing <Task(BashOperator): t1_print_date> on 2022-05-29T00:00:00+00:00
[2022-06-05 22:02:29,236] {standard_task_runner.py:52} INFO - Started process 106 to run task
[2022-06-05 22:02:29,244] {standard_task_runner.py:76} INFO - Running: ['airflow', 'tasks', 'run', 'vanmai-demo', 't1_print_date', '2022-05-29T00:00:00+00:00', '--job-id', '241', '--pool', 'default_pool', '--raw', '--subdir', 'DAGS_FOLDER/vanmai-demo.py', '--cfg-path', '/tmp/tmpbsz8dp5d', '--error-file', '/tmp/tmpiu7jdqrk']
[2022-06-05 22:02:29,245] {standard_task_runner.py:77} INFO - Job 241: Subtask t1_print_date
[2022-06-05 22:02:29,280] {logging_mixin.py:104} INFO - Running <TaskInstance: vanmai-demo.t1_print_date 2022-05-29T00:00:00+00:00 [running]> on host 173d5ef1e4be
[2022-06-05 22:02:29,320] {taskinstance.py:1257} INFO - Exporting the following env vars:
AIRFLOW_CTX_DAG_EMAIL=airflow@example.com
AIRFLOW_CTX_DAG_OWNER=vanmai
AIRFLOW_CTX_DAG_ID=vanmai-demo
AIRFLOW_CTX_TASK_ID=t1_print_date
AIRFLOW_CTX_EXECUTION_DATE=2022-05-29T00:00:00+00:00
AIRFLOW_CTX_DAG_RUN_ID=scheduled__2022-05-29T00:00:00+00:00
[2022-06-05 22:02:29,322] {bash.py:135} INFO - Tmp dir root location: 
 /tmp
[2022-06-05 22:02:29,323] {bash.py:158} INFO - Running command: date
[2022-06-05 22:02:29,332] {bash.py:169} INFO - Output:
[2022-06-05 22:02:29,334] {bash.py:173} INFO - Sun Jun  5 22:02:29 UTC 2022
[2022-06-05 22:02:29,336] {bash.py:177} INFO - Command exited with return code 0
[2022-06-05 22:02:29,360] {taskinstance.py:1166} INFO - Marking task as SUCCESS. dag_id=vanmai-demo, task_id=t1_print_date, execution_date=20220529T000000, start_date=20220605T220229, end_date=20220605T220229
[2022-06-05 22:02:29,390] {taskinstance.py:1220} INFO - 2 downstream tasks scheduled from follow-on schedule check
[2022-06-05 22:02:29,413] {local_task_job.py:146} INFO - Task exited with return code 0
