[2022-06-06 15:15:07,097] {taskinstance.py:851} INFO - Dependencies all met for <TaskInstance: gbq_pipeline.write_truncate_hackernews_agg 2022-06-04T10:00:00+00:00 [queued]>
[2022-06-06 15:15:07,115] {taskinstance.py:851} INFO - Dependencies all met for <TaskInstance: gbq_pipeline.write_truncate_hackernews_agg 2022-06-04T10:00:00+00:00 [queued]>
[2022-06-06 15:15:07,115] {taskinstance.py:1042} INFO - 
--------------------------------------------------------------------------------
[2022-06-06 15:15:07,116] {taskinstance.py:1043} INFO - Starting attempt 2 of 4
[2022-06-06 15:15:07,116] {taskinstance.py:1044} INFO - 
--------------------------------------------------------------------------------
[2022-06-06 15:15:07,122] {taskinstance.py:1063} INFO - Executing <Task(BigQueryOperator): write_truncate_hackernews_agg> on 2022-06-04T10:00:00+00:00
[2022-06-06 15:15:07,127] {standard_task_runner.py:52} INFO - Started process 179 to run task
[2022-06-06 15:15:07,130] {standard_task_runner.py:76} INFO - Running: ['airflow', 'tasks', 'run', 'gbq_pipeline', 'write_truncate_hackernews_agg', '2022-06-04T10:00:00+00:00', '--job-id', '358', '--pool', 'default_pool', '--raw', '--subdir', 'DAGS_FOLDER/gbq_pipeline.py', '--cfg-path', '/tmp/tmpo8ysvxmp', '--error-file', '/tmp/tmpj4312_f3']
[2022-06-06 15:15:07,131] {standard_task_runner.py:77} INFO - Job 358: Subtask write_truncate_hackernews_agg
[2022-06-06 15:15:07,163] {logging_mixin.py:104} INFO - Running <TaskInstance: gbq_pipeline.write_truncate_hackernews_agg 2022-06-04T10:00:00+00:00 [running]> on host c40819a450e3
[2022-06-06 15:15:07,190] {taskinstance.py:1257} INFO - Exporting the following env vars:
AIRFLOW_CTX_DAG_EMAIL=airflow@airflow.com
AIRFLOW_CTX_DAG_OWNER=vanmai-airflow
AIRFLOW_CTX_DAG_ID=gbq_pipeline
AIRFLOW_CTX_TASK_ID=write_truncate_hackernews_agg
AIRFLOW_CTX_EXECUTION_DATE=2022-06-04T10:00:00+00:00
AIRFLOW_CTX_DAG_RUN_ID=scheduled__2022-06-04T10:00:00+00:00
[2022-06-06 15:15:07,192] {bigquery.py:680} INFO - Executing: 
    SELECT
      FORMAT_TIMESTAMP("%Y%m%d", timestamp) AS date,
      `by` AS user,
      id as story_id,
      REGEXP_EXTRACT(url, "(https?://github.com/[^/]*/[^/#?]*)") as github_repo,
      type,
      length(text) length,
      SUM(score) as score
    FROM
      `bigquery-public-data.hacker_news.full`
    WHERE TRUE
      AND FORMAT_TIMESTAMP("%Y%m%d", timestamp) = '20220604'
      AND url LIKE '%https://github.com%'
      AND url NOT LIKE '%github.com/blog/%'
    GROUP BY 1,2,3,4,5,6
    
[2022-06-06 15:15:07,198] {logging_mixin.py:104} WARNING - /home/airflow/.local/lib/python3.6/site-packages/airflow/providers/google/cloud/hooks/bigquery.py:2052 DeprecationWarning: This method is deprecated. Please use `BigQueryHook.insert_job` method.
[2022-06-06 15:15:07,205] {bigquery.py:1510} INFO - Inserting job airflow_1654528507204658_72819072547e696755a6ae8ab193ef1a
[2022-06-06 15:15:11,230] {taskinstance.py:1166} INFO - Marking task as SUCCESS. dag_id=gbq_pipeline, task_id=write_truncate_hackernews_agg, execution_date=20220604T100000, start_date=20220606T151507, end_date=20220606T151511
[2022-06-06 15:15:11,275] {taskinstance.py:1220} INFO - 0 downstream tasks scheduled from follow-on schedule check
[2022-06-06 15:15:11,318] {local_task_job.py:146} INFO - Task exited with return code 0
[2022-06-06 20:02:30,396] {taskinstance.py:851} INFO - Dependencies all met for <TaskInstance: gbq_pipeline.write_truncate_hackernews_agg 2022-06-04T10:00:00+00:00 [queued]>
[2022-06-06 20:02:30,409] {taskinstance.py:851} INFO - Dependencies all met for <TaskInstance: gbq_pipeline.write_truncate_hackernews_agg 2022-06-04T10:00:00+00:00 [queued]>
[2022-06-06 20:02:30,409] {taskinstance.py:1042} INFO - 
--------------------------------------------------------------------------------
[2022-06-06 20:02:30,410] {taskinstance.py:1043} INFO - Starting attempt 2 of 6
[2022-06-06 20:02:30,410] {taskinstance.py:1044} INFO - 
--------------------------------------------------------------------------------
[2022-06-06 20:02:30,419] {taskinstance.py:1063} INFO - Executing <Task(BigQueryOperator): write_truncate_hackernews_agg> on 2022-06-04T10:00:00+00:00
[2022-06-06 20:02:30,423] {standard_task_runner.py:52} INFO - Started process 286 to run task
[2022-06-06 20:02:30,425] {standard_task_runner.py:76} INFO - Running: ['airflow', 'tasks', 'run', 'gbq_pipeline', 'write_truncate_hackernews_agg', '2022-06-04T10:00:00+00:00', '--job-id', '853', '--pool', 'default_pool', '--raw', '--subdir', 'DAGS_FOLDER/gbq_pipeline.py', '--cfg-path', '/tmp/tmpxncxe0so', '--error-file', '/tmp/tmpn46itn6v']
[2022-06-06 20:02:30,427] {standard_task_runner.py:77} INFO - Job 853: Subtask write_truncate_hackernews_agg
[2022-06-06 20:02:30,456] {logging_mixin.py:104} INFO - Running <TaskInstance: gbq_pipeline.write_truncate_hackernews_agg 2022-06-04T10:00:00+00:00 [running]> on host e8b9b26156db
[2022-06-06 20:02:30,484] {taskinstance.py:1257} INFO - Exporting the following env vars:
AIRFLOW_CTX_DAG_EMAIL=airflow@airflow.com
AIRFLOW_CTX_DAG_OWNER=vanmai-airflow
AIRFLOW_CTX_DAG_ID=gbq_pipeline
AIRFLOW_CTX_TASK_ID=write_truncate_hackernews_agg
AIRFLOW_CTX_EXECUTION_DATE=2022-06-04T10:00:00+00:00
AIRFLOW_CTX_DAG_RUN_ID=scheduled__2022-06-04T10:00:00+00:00
[2022-06-06 20:02:30,485] {bigquery.py:680} INFO - Executing: 
    SELECT
      FORMAT_TIMESTAMP("%Y%m%d", timestamp) AS date,
      `by` AS user,
      REGEXP_EXTRACT(url, "(https?://github.com/[^/]*/[^/#?]*)") as github_repo,
      SUM(score) as score
    FROM
      `bigquery-public-data.hacker_news.full`
    WHERE TRUE
      AND FORMAT_TIMESTAMP("%Y%m%d", timestamp) = '20220604'
      AND url LIKE '%https://github.com%'
      AND url NOT LIKE '%github.com/blog/%'
    GROUP BY 1,2,3
    
[2022-06-06 20:02:30,492] {logging_mixin.py:104} WARNING - /home/airflow/.local/lib/python3.6/site-packages/airflow/providers/google/cloud/hooks/bigquery.py:2052 DeprecationWarning: This method is deprecated. Please use `BigQueryHook.insert_job` method.
[2022-06-06 20:02:30,499] {bigquery.py:1510} INFO - Inserting job airflow_1654545750498678_e417189bb0dfb13cc8aa0251547769ac
[2022-06-06 20:02:34,205] {taskinstance.py:1166} INFO - Marking task as SUCCESS. dag_id=gbq_pipeline, task_id=write_truncate_hackernews_agg, execution_date=20220604T100000, start_date=20220606T200230, end_date=20220606T200234
[2022-06-06 20:02:34,234] {taskinstance.py:1220} INFO - 0 downstream tasks scheduled from follow-on schedule check
[2022-06-06 20:02:34,259] {local_task_job.py:146} INFO - Task exited with return code 0
