[2022-06-06 15:24:37,396] {taskinstance.py:851} INFO - Dependencies all met for <TaskInstance: gbq_pipeline.write_append_join_table 2022-03-09T10:00:00+00:00 [queued]>
[2022-06-06 15:24:37,414] {taskinstance.py:851} INFO - Dependencies all met for <TaskInstance: gbq_pipeline.write_append_join_table 2022-03-09T10:00:00+00:00 [queued]>
[2022-06-06 15:24:37,414] {taskinstance.py:1042} INFO - 
--------------------------------------------------------------------------------
[2022-06-06 15:24:37,415] {taskinstance.py:1043} INFO - Starting attempt 1 of 3
[2022-06-06 15:24:37,415] {taskinstance.py:1044} INFO - 
--------------------------------------------------------------------------------
[2022-06-06 15:24:37,422] {taskinstance.py:1063} INFO - Executing <Task(BigQueryOperator): write_append_join_table> on 2022-03-09T10:00:00+00:00
[2022-06-06 15:24:37,426] {standard_task_runner.py:52} INFO - Started process 345 to run task
[2022-06-06 15:24:37,429] {standard_task_runner.py:76} INFO - Running: ['airflow', 'tasks', 'run', 'gbq_pipeline', 'write_append_join_table', '2022-03-09T10:00:00+00:00', '--job-id', '414', '--pool', 'default_pool', '--raw', '--subdir', 'DAGS_FOLDER/gbq_pipeline.py', '--cfg-path', '/tmp/tmp75fjy_49', '--error-file', '/tmp/tmpicabj8n_']
[2022-06-06 15:24:37,430] {standard_task_runner.py:77} INFO - Job 414: Subtask write_append_join_table
[2022-06-06 15:24:37,462] {logging_mixin.py:104} INFO - Running <TaskInstance: gbq_pipeline.write_append_join_table 2022-03-09T10:00:00+00:00 [running]> on host c40819a450e3
[2022-06-06 15:24:37,494] {taskinstance.py:1257} INFO - Exporting the following env vars:
AIRFLOW_CTX_DAG_EMAIL=airflow@airflow.com
AIRFLOW_CTX_DAG_OWNER=vanmai-airflow
AIRFLOW_CTX_DAG_ID=gbq_pipeline
AIRFLOW_CTX_TASK_ID=write_append_join_table
AIRFLOW_CTX_EXECUTION_DATE=2022-03-09T10:00:00+00:00
AIRFLOW_CTX_DAG_RUN_ID=scheduled__2022-03-09T10:00:00+00:00
[2022-06-06 15:24:37,495] {bigquery.py:680} INFO - Executing: 
    SELECT 
      gh.*,
      hn.* except (date, github_repo)
    FROM
      `airflow-project-352316.github_curated.github_agg` gh
    LEFT JOIN 
      `airflow-project-352316.github_curated.hackernews_agg` hn
    ON hn.github_repo = gh.github_repo and hn.date = gh.date
    WHERE hn.score is not null
    
[2022-06-06 15:24:37,503] {logging_mixin.py:104} WARNING - /home/airflow/.local/lib/python3.6/site-packages/airflow/providers/google/cloud/hooks/bigquery.py:2052 DeprecationWarning: This method is deprecated. Please use `BigQueryHook.insert_job` method.
[2022-06-06 15:24:37,511] {bigquery.py:1510} INFO - Inserting job airflow_1654529077510679_cfad98687eff6246d49f73f415b9556f
[2022-06-06 15:24:41,472] {taskinstance.py:1166} INFO - Marking task as SUCCESS. dag_id=gbq_pipeline, task_id=write_append_join_table, execution_date=20220309T100000, start_date=20220606T152437, end_date=20220606T152441
[2022-06-06 15:24:41,500] {taskinstance.py:1220} INFO - 0 downstream tasks scheduled from follow-on schedule check
[2022-06-06 15:24:41,539] {local_task_job.py:146} INFO - Task exited with return code 0
[2022-06-06 17:00:08,065] {taskinstance.py:851} INFO - Dependencies all met for <TaskInstance: gbq_pipeline.write_append_join_table 2022-03-09T10:00:00+00:00 [queued]>
[2022-06-06 17:00:08,074] {taskinstance.py:851} INFO - Dependencies all met for <TaskInstance: gbq_pipeline.write_append_join_table 2022-03-09T10:00:00+00:00 [queued]>
[2022-06-06 17:00:08,075] {taskinstance.py:1042} INFO - 
--------------------------------------------------------------------------------
[2022-06-06 17:00:08,075] {taskinstance.py:1043} INFO - Starting attempt 1 of 3
[2022-06-06 17:00:08,075] {taskinstance.py:1044} INFO - 
--------------------------------------------------------------------------------
[2022-06-06 17:00:08,085] {taskinstance.py:1063} INFO - Executing <Task(BigQueryOperator): write_append_join_table> on 2022-03-09T10:00:00+00:00
[2022-06-06 17:00:08,089] {standard_task_runner.py:52} INFO - Started process 801 to run task
[2022-06-06 17:00:08,091] {standard_task_runner.py:76} INFO - Running: ['airflow', 'tasks', 'run', 'gbq_pipeline', 'write_append_join_table', '2022-03-09T10:00:00+00:00', '--job-id', '566', '--pool', 'default_pool', '--raw', '--subdir', 'DAGS_FOLDER/gbq_pipeline.py', '--cfg-path', '/tmp/tmptfpi_5d0', '--error-file', '/tmp/tmprddw0am1']
[2022-06-06 17:00:08,093] {standard_task_runner.py:77} INFO - Job 566: Subtask write_append_join_table
[2022-06-06 17:00:08,125] {logging_mixin.py:104} INFO - Running <TaskInstance: gbq_pipeline.write_append_join_table 2022-03-09T10:00:00+00:00 [running]> on host c40819a450e3
[2022-06-06 17:00:08,174] {taskinstance.py:1257} INFO - Exporting the following env vars:
AIRFLOW_CTX_DAG_EMAIL=airflow@airflow.com
AIRFLOW_CTX_DAG_OWNER=vanmai-airflow
AIRFLOW_CTX_DAG_ID=gbq_pipeline
AIRFLOW_CTX_TASK_ID=write_append_join_table
AIRFLOW_CTX_EXECUTION_DATE=2022-03-09T10:00:00+00:00
AIRFLOW_CTX_DAG_RUN_ID=scheduled__2022-03-09T10:00:00+00:00
[2022-06-06 17:00:08,175] {bigquery.py:680} INFO - Executing: 
    SELECT 
      gh.*,
      hn.* except (date, github_repo)
    FROM
      `airflow-project-352316.github_curated.github_agg` gh
    LEFT JOIN 
      `airflow-project-352316.github_curated.hackernews_agg` hn
    ON hn.github_repo = gh.github_repo and hn.date = gh.date
    WHERE hn.score is not null
    
[2022-06-06 17:00:08,185] {logging_mixin.py:104} WARNING - /home/airflow/.local/lib/python3.6/site-packages/airflow/providers/google/cloud/hooks/bigquery.py:2052 DeprecationWarning: This method is deprecated. Please use `BigQueryHook.insert_job` method.
[2022-06-06 17:00:08,193] {bigquery.py:1510} INFO - Inserting job airflow_1654534808192683_cfad98687eff6246d49f73f415b9556f
[2022-06-06 17:00:12,496] {taskinstance.py:1166} INFO - Marking task as SUCCESS. dag_id=gbq_pipeline, task_id=write_append_join_table, execution_date=20220309T100000, start_date=20220606T170008, end_date=20220606T170012
[2022-06-06 17:00:12,530] {taskinstance.py:1220} INFO - 1 downstream tasks scheduled from follow-on schedule check
[2022-06-06 17:00:12,563] {local_task_job.py:146} INFO - Task exited with return code 0
