[2022-06-06 17:21:34,161] {taskinstance.py:851} INFO - Dependencies all met for <TaskInstance: gbq_pipeline.check_hackernews 2022-05-09T10:00:00+00:00 [queued]>
[2022-06-06 17:21:34,186] {taskinstance.py:851} INFO - Dependencies all met for <TaskInstance: gbq_pipeline.check_hackernews 2022-05-09T10:00:00+00:00 [queued]>
[2022-06-06 17:21:34,187] {taskinstance.py:1042} INFO - 
--------------------------------------------------------------------------------
[2022-06-06 17:21:34,187] {taskinstance.py:1043} INFO - Starting attempt 1 of 3
[2022-06-06 17:21:34,187] {taskinstance.py:1044} INFO - 
--------------------------------------------------------------------------------
[2022-06-06 17:21:34,196] {taskinstance.py:1063} INFO - Executing <Task(BigQueryCheckOperator): check_hackernews> on 2022-05-09T10:00:00+00:00
[2022-06-06 17:21:34,201] {standard_task_runner.py:52} INFO - Started process 123 to run task
[2022-06-06 17:21:34,204] {standard_task_runner.py:76} INFO - Running: ['airflow', 'tasks', 'run', 'gbq_pipeline', 'check_hackernews', '2022-05-09T10:00:00+00:00', '--job-id', '674', '--pool', 'default_pool', '--raw', '--subdir', 'DAGS_FOLDER/gbq_pipeline.py', '--cfg-path', '/tmp/tmpbytmmytc', '--error-file', '/tmp/tmpxvzr_opb']
[2022-06-06 17:21:34,206] {standard_task_runner.py:77} INFO - Job 674: Subtask check_hackernews
[2022-06-06 17:21:34,246] {logging_mixin.py:104} INFO - Running <TaskInstance: gbq_pipeline.check_hackernews 2022-05-09T10:00:00+00:00 [running]> on host f3f1e04b5b71
[2022-06-06 17:21:34,287] {taskinstance.py:1257} INFO - Exporting the following env vars:
AIRFLOW_CTX_DAG_EMAIL=airflow@airflow.com
AIRFLOW_CTX_DAG_OWNER=vanmai-airflow
AIRFLOW_CTX_DAG_ID=gbq_pipeline
AIRFLOW_CTX_TASK_ID=check_hackernews
AIRFLOW_CTX_EXECUTION_DATE=2022-05-09T10:00:00+00:00
AIRFLOW_CTX_DAG_RUN_ID=scheduled__2022-05-09T10:00:00+00:00
[2022-06-06 17:21:34,288] {sql.py:87} INFO - Executing SQL check: 
        SELECT "20220509" IN
            (
            SELECT FORMAT_TIMESTAMP("%Y%m%d", timestamp ) AS date
            FROM `bigquery-public-data.hacker_news.full`
            WHERE type = 'story'
            )
        
[2022-06-06 17:21:34,299] {logging_mixin.py:104} WARNING - /home/airflow/.local/lib/python3.6/site-packages/airflow/providers/google/cloud/hooks/bigquery.py:120 DeprecationWarning: This method will be deprecated. Please use `BigQueryHook.get_client` method
[2022-06-06 17:21:34,677] {logging_mixin.py:104} WARNING - /home/airflow/.local/lib/python3.6/site-packages/airflow/providers/google/cloud/hooks/bigquery.py:2052 DeprecationWarning: This method is deprecated. Please use `BigQueryHook.insert_job` method.
[2022-06-06 17:21:34,678] {bigquery.py:1510} INFO - Inserting job airflow_1654536094677673_a6d47f8e502c15a41282f5ed5391d614
[2022-06-06 17:21:36,801] {sql.py:90} INFO - Record: [True]
[2022-06-06 17:21:36,801] {sql.py:96} INFO - Success.
[2022-06-06 17:21:36,810] {taskinstance.py:1166} INFO - Marking task as SUCCESS. dag_id=gbq_pipeline, task_id=check_hackernews, execution_date=20220509T100000, start_date=20220606T172134, end_date=20220606T172136
[2022-06-06 17:21:36,838] {taskinstance.py:1220} INFO - 0 downstream tasks scheduled from follow-on schedule check
[2022-06-06 17:21:36,867] {local_task_job.py:146} INFO - Task exited with return code 0
[2022-06-06 17:23:19,313] {taskinstance.py:851} INFO - Dependencies all met for <TaskInstance: gbq_pipeline.check_hackernews 2022-05-09T10:00:00+00:00 [queued]>
[2022-06-06 17:23:19,329] {taskinstance.py:851} INFO - Dependencies all met for <TaskInstance: gbq_pipeline.check_hackernews 2022-05-09T10:00:00+00:00 [queued]>
[2022-06-06 17:23:19,330] {taskinstance.py:1042} INFO - 
--------------------------------------------------------------------------------
[2022-06-06 17:23:19,330] {taskinstance.py:1043} INFO - Starting attempt 1 of 3
[2022-06-06 17:23:19,330] {taskinstance.py:1044} INFO - 
--------------------------------------------------------------------------------
[2022-06-06 17:23:19,336] {taskinstance.py:1063} INFO - Executing <Task(BigQueryCheckOperator): check_hackernews> on 2022-05-09T10:00:00+00:00
[2022-06-06 17:23:19,342] {standard_task_runner.py:76} INFO - Running: ['airflow', 'tasks', 'run', 'gbq_pipeline', 'check_hackernews', '2022-05-09T10:00:00+00:00', '--job-id', '692', '--pool', 'default_pool', '--raw', '--subdir', 'DAGS_FOLDER/gbq_pipeline.py', '--cfg-path', '/tmp/tmpnykm796c', '--error-file', '/tmp/tmped7l38o8']
[2022-06-06 17:23:19,340] {standard_task_runner.py:52} INFO - Started process 177 to run task
[2022-06-06 17:23:19,344] {standard_task_runner.py:77} INFO - Job 692: Subtask check_hackernews
[2022-06-06 17:23:19,376] {logging_mixin.py:104} INFO - Running <TaskInstance: gbq_pipeline.check_hackernews 2022-05-09T10:00:00+00:00 [running]> on host f3f1e04b5b71
[2022-06-06 17:23:19,405] {taskinstance.py:1257} INFO - Exporting the following env vars:
AIRFLOW_CTX_DAG_EMAIL=airflow@airflow.com
AIRFLOW_CTX_DAG_OWNER=vanmai-airflow
AIRFLOW_CTX_DAG_ID=gbq_pipeline
AIRFLOW_CTX_TASK_ID=check_hackernews
AIRFLOW_CTX_EXECUTION_DATE=2022-05-09T10:00:00+00:00
AIRFLOW_CTX_DAG_RUN_ID=scheduled__2022-05-09T10:00:00+00:00
[2022-06-06 17:23:19,406] {sql.py:87} INFO - Executing SQL check: 
        SELECT "20220509" IN
            (
            SELECT FORMAT_TIMESTAMP("%Y%m%d", timestamp ) AS date
            FROM `bigquery-public-data.hacker_news.full`
            WHERE type = 'story'
            )
        
[2022-06-06 17:23:19,414] {logging_mixin.py:104} WARNING - /home/airflow/.local/lib/python3.6/site-packages/airflow/providers/google/cloud/hooks/bigquery.py:120 DeprecationWarning: This method will be deprecated. Please use `BigQueryHook.get_client` method
[2022-06-06 17:23:19,833] {logging_mixin.py:104} WARNING - /home/airflow/.local/lib/python3.6/site-packages/airflow/providers/google/cloud/hooks/bigquery.py:2052 DeprecationWarning: This method is deprecated. Please use `BigQueryHook.insert_job` method.
[2022-06-06 17:23:19,834] {bigquery.py:1510} INFO - Inserting job airflow_1654536199833653_a6d47f8e502c15a41282f5ed5391d614
[2022-06-06 17:23:21,330] {sql.py:90} INFO - Record: [True]
[2022-06-06 17:23:21,331] {sql.py:96} INFO - Success.
[2022-06-06 17:23:21,342] {taskinstance.py:1166} INFO - Marking task as SUCCESS. dag_id=gbq_pipeline, task_id=check_hackernews, execution_date=20220509T100000, start_date=20220606T172319, end_date=20220606T172321
[2022-06-06 17:23:21,375] {taskinstance.py:1220} INFO - 0 downstream tasks scheduled from follow-on schedule check
[2022-06-06 17:23:21,406] {local_task_job.py:146} INFO - Task exited with return code 0
