[2022-06-06 15:23:46,193] {taskinstance.py:851} INFO - Dependencies all met for <TaskInstance: gbq_pipeline.write_truncate_hackernews_agg 2022-03-06T10:00:00+00:00 [queued]>
[2022-06-06 15:23:46,216] {taskinstance.py:851} INFO - Dependencies all met for <TaskInstance: gbq_pipeline.write_truncate_hackernews_agg 2022-03-06T10:00:00+00:00 [queued]>
[2022-06-06 15:23:46,216] {taskinstance.py:1042} INFO - 
--------------------------------------------------------------------------------
[2022-06-06 15:23:46,216] {taskinstance.py:1043} INFO - Starting attempt 1 of 3
[2022-06-06 15:23:46,217] {taskinstance.py:1044} INFO - 
--------------------------------------------------------------------------------
[2022-06-06 15:23:46,225] {taskinstance.py:1063} INFO - Executing <Task(BigQueryOperator): write_truncate_hackernews_agg> on 2022-03-06T10:00:00+00:00
[2022-06-06 15:23:46,229] {standard_task_runner.py:52} INFO - Started process 295 to run task
[2022-06-06 15:23:46,232] {standard_task_runner.py:76} INFO - Running: ['airflow', 'tasks', 'run', 'gbq_pipeline', 'write_truncate_hackernews_agg', '2022-03-06T10:00:00+00:00', '--job-id', '398', '--pool', 'default_pool', '--raw', '--subdir', 'DAGS_FOLDER/gbq_pipeline.py', '--cfg-path', '/tmp/tmp9piqb70x', '--error-file', '/tmp/tmpxg6dn2r3']
[2022-06-06 15:23:46,235] {standard_task_runner.py:77} INFO - Job 398: Subtask write_truncate_hackernews_agg
[2022-06-06 15:23:46,267] {logging_mixin.py:104} INFO - Running <TaskInstance: gbq_pipeline.write_truncate_hackernews_agg 2022-03-06T10:00:00+00:00 [running]> on host c40819a450e3
[2022-06-06 15:23:46,307] {taskinstance.py:1257} INFO - Exporting the following env vars:
AIRFLOW_CTX_DAG_EMAIL=airflow@airflow.com
AIRFLOW_CTX_DAG_OWNER=vanmai-airflow
AIRFLOW_CTX_DAG_ID=gbq_pipeline
AIRFLOW_CTX_TASK_ID=write_truncate_hackernews_agg
AIRFLOW_CTX_EXECUTION_DATE=2022-03-06T10:00:00+00:00
AIRFLOW_CTX_DAG_RUN_ID=scheduled__2022-03-06T10:00:00+00:00
[2022-06-06 15:23:46,309] {bigquery.py:680} INFO - Executing: 
    SELECT
      FORMAT_TIMESTAMP("%Y%m%d", timestamp) AS date,
      `by` AS user,
      id as story_id,
      REGEXP_EXTRACT(url, "(https?://github.com/[^/]*/[^/#?]*)") as github_repo,
      type,
      length(text) length,
      SUM(score) as score
    FROM
      `bigquery-public-data.hacker_news.full`
    WHERE TRUE
      AND FORMAT_TIMESTAMP("%Y%m%d", timestamp) = '20220306'
      AND url LIKE '%https://github.com%'
      AND url NOT LIKE '%github.com/blog/%'
    GROUP BY 1,2,3,4,5,6
    
[2022-06-06 15:23:46,319] {logging_mixin.py:104} WARNING - /home/airflow/.local/lib/python3.6/site-packages/airflow/providers/google/cloud/hooks/bigquery.py:2052 DeprecationWarning: This method is deprecated. Please use `BigQueryHook.insert_job` method.
[2022-06-06 15:23:46,326] {bigquery.py:1510} INFO - Inserting job airflow_1654529026326102_887b31540b555b9c285f1ab9265d409f
[2022-06-06 15:23:49,830] {taskinstance.py:1166} INFO - Marking task as SUCCESS. dag_id=gbq_pipeline, task_id=write_truncate_hackernews_agg, execution_date=20220306T100000, start_date=20220606T152346, end_date=20220606T152349
[2022-06-06 15:23:49,861] {taskinstance.py:1220} INFO - 0 downstream tasks scheduled from follow-on schedule check
[2022-06-06 15:23:49,898] {local_task_job.py:146} INFO - Task exited with return code 0
[2022-06-06 16:25:42,667] {taskinstance.py:851} INFO - Dependencies all met for <TaskInstance: gbq_pipeline.write_truncate_hackernews_agg 2022-03-06T10:00:00+00:00 [queued]>
[2022-06-06 16:25:42,686] {taskinstance.py:851} INFO - Dependencies all met for <TaskInstance: gbq_pipeline.write_truncate_hackernews_agg 2022-03-06T10:00:00+00:00 [queued]>
[2022-06-06 16:25:42,686] {taskinstance.py:1042} INFO - 
--------------------------------------------------------------------------------
[2022-06-06 16:25:42,686] {taskinstance.py:1043} INFO - Starting attempt 1 of 3
[2022-06-06 16:25:42,687] {taskinstance.py:1044} INFO - 
--------------------------------------------------------------------------------
[2022-06-06 16:25:42,694] {taskinstance.py:1063} INFO - Executing <Task(BigQueryOperator): write_truncate_hackernews_agg> on 2022-03-06T10:00:00+00:00
[2022-06-06 16:25:42,698] {standard_task_runner.py:52} INFO - Started process 444 to run task
[2022-06-06 16:25:42,701] {standard_task_runner.py:76} INFO - Running: ['airflow', 'tasks', 'run', 'gbq_pipeline', 'write_truncate_hackernews_agg', '2022-03-06T10:00:00+00:00', '--job-id', '447', '--pool', 'default_pool', '--raw', '--subdir', 'DAGS_FOLDER/gbq_pipeline.py', '--cfg-path', '/tmp/tmpz3a9xv7a', '--error-file', '/tmp/tmpabtozzg3']
[2022-06-06 16:25:42,703] {standard_task_runner.py:77} INFO - Job 447: Subtask write_truncate_hackernews_agg
[2022-06-06 16:25:42,736] {logging_mixin.py:104} INFO - Running <TaskInstance: gbq_pipeline.write_truncate_hackernews_agg 2022-03-06T10:00:00+00:00 [running]> on host c40819a450e3
[2022-06-06 16:25:42,766] {taskinstance.py:1257} INFO - Exporting the following env vars:
AIRFLOW_CTX_DAG_EMAIL=airflow@airflow.com
AIRFLOW_CTX_DAG_OWNER=vanmai-airflow
AIRFLOW_CTX_DAG_ID=gbq_pipeline
AIRFLOW_CTX_TASK_ID=write_truncate_hackernews_agg
AIRFLOW_CTX_EXECUTION_DATE=2022-03-06T10:00:00+00:00
AIRFLOW_CTX_DAG_RUN_ID=scheduled__2022-03-06T10:00:00+00:00
[2022-06-06 16:25:42,768] {bigquery.py:680} INFO - Executing: 
    SELECT
      FORMAT_TIMESTAMP("%Y%m%d", timestamp) AS date,
      `by` AS user,
      id as story_id,
      REGEXP_EXTRACT(url, "(https?://github.com/[^/]*/[^/#?]*)") as github_repo,
      type,
      length(text) length,
      SUM(score) as score
    FROM
      `bigquery-public-data.hacker_news.full`
    WHERE TRUE
      AND FORMAT_TIMESTAMP("%Y%m%d", timestamp) = '20220306'
      AND url LIKE '%https://github.com%'
      AND url NOT LIKE '%github.com/blog/%'
    GROUP BY 1,2,3,4,5,6
    
[2022-06-06 16:25:42,776] {logging_mixin.py:104} WARNING - /home/airflow/.local/lib/python3.6/site-packages/airflow/providers/google/cloud/hooks/bigquery.py:2052 DeprecationWarning: This method is deprecated. Please use `BigQueryHook.insert_job` method.
[2022-06-06 16:25:42,783] {bigquery.py:1510} INFO - Inserting job airflow_1654532742783092_887b31540b555b9c285f1ab9265d409f
[2022-06-06 16:25:47,086] {taskinstance.py:1166} INFO - Marking task as SUCCESS. dag_id=gbq_pipeline, task_id=write_truncate_hackernews_agg, execution_date=20220306T100000, start_date=20220606T162542, end_date=20220606T162547
[2022-06-06 16:25:47,249] {taskinstance.py:1220} INFO - 0 downstream tasks scheduled from follow-on schedule check
[2022-06-06 16:25:47,295] {local_task_job.py:146} INFO - Task exited with return code 0
[2022-06-06 16:56:16,137] {taskinstance.py:851} INFO - Dependencies all met for <TaskInstance: gbq_pipeline.write_truncate_hackernews_agg 2022-03-06T10:00:00+00:00 [queued]>
[2022-06-06 16:56:16,153] {taskinstance.py:851} INFO - Dependencies all met for <TaskInstance: gbq_pipeline.write_truncate_hackernews_agg 2022-03-06T10:00:00+00:00 [queued]>
[2022-06-06 16:56:16,153] {taskinstance.py:1042} INFO - 
--------------------------------------------------------------------------------
[2022-06-06 16:56:16,154] {taskinstance.py:1043} INFO - Starting attempt 1 of 3
[2022-06-06 16:56:16,154] {taskinstance.py:1044} INFO - 
--------------------------------------------------------------------------------
[2022-06-06 16:56:16,159] {taskinstance.py:1063} INFO - Executing <Task(BigQueryOperator): write_truncate_hackernews_agg> on 2022-03-06T10:00:00+00:00
[2022-06-06 16:56:16,165] {standard_task_runner.py:76} INFO - Running: ['airflow', 'tasks', 'run', 'gbq_pipeline', 'write_truncate_hackernews_agg', '2022-03-06T10:00:00+00:00', '--job-id', '476', '--pool', 'default_pool', '--raw', '--subdir', 'DAGS_FOLDER/gbq_pipeline.py', '--cfg-path', '/tmp/tmpo6hgtxuh', '--error-file', '/tmp/tmp2aad4mu5']
[2022-06-06 16:56:16,163] {standard_task_runner.py:52} INFO - Started process 531 to run task
[2022-06-06 16:56:16,167] {standard_task_runner.py:77} INFO - Job 476: Subtask write_truncate_hackernews_agg
[2022-06-06 16:56:16,197] {logging_mixin.py:104} INFO - Running <TaskInstance: gbq_pipeline.write_truncate_hackernews_agg 2022-03-06T10:00:00+00:00 [running]> on host c40819a450e3
[2022-06-06 16:56:16,225] {taskinstance.py:1257} INFO - Exporting the following env vars:
AIRFLOW_CTX_DAG_EMAIL=airflow@airflow.com
AIRFLOW_CTX_DAG_OWNER=vanmai-airflow
AIRFLOW_CTX_DAG_ID=gbq_pipeline
AIRFLOW_CTX_TASK_ID=write_truncate_hackernews_agg
AIRFLOW_CTX_EXECUTION_DATE=2022-03-06T10:00:00+00:00
AIRFLOW_CTX_DAG_RUN_ID=scheduled__2022-03-06T10:00:00+00:00
[2022-06-06 16:56:16,227] {bigquery.py:680} INFO - Executing: 
    SELECT
      FORMAT_TIMESTAMP("%Y%m%d", timestamp) AS date,
      `by` AS user,
      id as story_id,
      REGEXP_EXTRACT(url, "(https?://github.com/[^/]*/[^/#?]*)") as github_repo,
      type,
      length(text) length,
      SUM(score) as score
    FROM
      `bigquery-public-data.hacker_news.full`
    WHERE TRUE
      AND FORMAT_TIMESTAMP("%Y%m%d", timestamp) = '20220306'
      AND url LIKE '%https://github.com%'
      AND url NOT LIKE '%github.com/blog/%'
    GROUP BY 1,2,3,4,5,6
    
[2022-06-06 16:56:16,234] {logging_mixin.py:104} WARNING - /home/airflow/.local/lib/python3.6/site-packages/airflow/providers/google/cloud/hooks/bigquery.py:2052 DeprecationWarning: This method is deprecated. Please use `BigQueryHook.insert_job` method.
[2022-06-06 16:56:16,241] {bigquery.py:1510} INFO - Inserting job airflow_1654534576240585_887b31540b555b9c285f1ab9265d409f
[2022-06-06 16:56:20,556] {taskinstance.py:1166} INFO - Marking task as SUCCESS. dag_id=gbq_pipeline, task_id=write_truncate_hackernews_agg, execution_date=20220306T100000, start_date=20220606T165616, end_date=20220606T165620
[2022-06-06 16:56:20,806] {taskinstance.py:1220} INFO - 0 downstream tasks scheduled from follow-on schedule check
[2022-06-06 16:56:20,843] {local_task_job.py:146} INFO - Task exited with return code 0
[2022-06-06 16:58:05,959] {taskinstance.py:851} INFO - Dependencies all met for <TaskInstance: gbq_pipeline.write_truncate_hackernews_agg 2022-03-06T10:00:00+00:00 [queued]>
[2022-06-06 16:58:05,977] {taskinstance.py:851} INFO - Dependencies all met for <TaskInstance: gbq_pipeline.write_truncate_hackernews_agg 2022-03-06T10:00:00+00:00 [queued]>
[2022-06-06 16:58:05,977] {taskinstance.py:1042} INFO - 
--------------------------------------------------------------------------------
[2022-06-06 16:58:05,978] {taskinstance.py:1043} INFO - Starting attempt 1 of 3
[2022-06-06 16:58:05,978] {taskinstance.py:1044} INFO - 
--------------------------------------------------------------------------------
[2022-06-06 16:58:05,984] {taskinstance.py:1063} INFO - Executing <Task(BigQueryOperator): write_truncate_hackernews_agg> on 2022-03-06T10:00:00+00:00
[2022-06-06 16:58:05,989] {standard_task_runner.py:52} INFO - Started process 636 to run task
[2022-06-06 16:58:05,992] {standard_task_runner.py:76} INFO - Running: ['airflow', 'tasks', 'run', 'gbq_pipeline', 'write_truncate_hackernews_agg', '2022-03-06T10:00:00+00:00', '--job-id', '511', '--pool', 'default_pool', '--raw', '--subdir', 'DAGS_FOLDER/gbq_pipeline.py', '--cfg-path', '/tmp/tmpxjacjs1v', '--error-file', '/tmp/tmpvz316sxc']
[2022-06-06 16:58:05,993] {standard_task_runner.py:77} INFO - Job 511: Subtask write_truncate_hackernews_agg
[2022-06-06 16:58:06,026] {logging_mixin.py:104} INFO - Running <TaskInstance: gbq_pipeline.write_truncate_hackernews_agg 2022-03-06T10:00:00+00:00 [running]> on host c40819a450e3
[2022-06-06 16:58:06,056] {taskinstance.py:1257} INFO - Exporting the following env vars:
AIRFLOW_CTX_DAG_EMAIL=airflow@airflow.com
AIRFLOW_CTX_DAG_OWNER=vanmai-airflow
AIRFLOW_CTX_DAG_ID=gbq_pipeline
AIRFLOW_CTX_TASK_ID=write_truncate_hackernews_agg
AIRFLOW_CTX_EXECUTION_DATE=2022-03-06T10:00:00+00:00
AIRFLOW_CTX_DAG_RUN_ID=scheduled__2022-03-06T10:00:00+00:00
[2022-06-06 16:58:06,057] {bigquery.py:680} INFO - Executing: 
    SELECT
      FORMAT_TIMESTAMP("%Y%m%d", timestamp) AS date,
      `by` AS user,
      id as story_id,
      REGEXP_EXTRACT(url, "(https?://github.com/[^/]*/[^/#?]*)") as github_repo,
      type,
      length(text) length,
      SUM(score) as score
    FROM
      `bigquery-public-data.hacker_news.full`
    WHERE TRUE
      AND FORMAT_TIMESTAMP("%Y%m%d", timestamp) = '20220306'
      AND url LIKE '%https://github.com%'
      AND url NOT LIKE '%github.com/blog/%'
    GROUP BY 1,2,3,4,5,6
    
[2022-06-06 16:58:06,064] {logging_mixin.py:104} WARNING - /home/airflow/.local/lib/python3.6/site-packages/airflow/providers/google/cloud/hooks/bigquery.py:2052 DeprecationWarning: This method is deprecated. Please use `BigQueryHook.insert_job` method.
[2022-06-06 16:58:06,071] {bigquery.py:1510} INFO - Inserting job airflow_1654534686070988_887b31540b555b9c285f1ab9265d409f
[2022-06-06 16:58:09,406] {taskinstance.py:1166} INFO - Marking task as SUCCESS. dag_id=gbq_pipeline, task_id=write_truncate_hackernews_agg, execution_date=20220306T100000, start_date=20220606T165805, end_date=20220606T165809
[2022-06-06 16:58:09,456] {taskinstance.py:1220} INFO - 0 downstream tasks scheduled from follow-on schedule check
[2022-06-06 16:58:09,500] {local_task_job.py:146} INFO - Task exited with return code 0
[2022-06-06 16:59:57,746] {taskinstance.py:851} INFO - Dependencies all met for <TaskInstance: gbq_pipeline.write_truncate_hackernews_agg 2022-03-06T10:00:00+00:00 [queued]>
[2022-06-06 16:59:57,761] {taskinstance.py:851} INFO - Dependencies all met for <TaskInstance: gbq_pipeline.write_truncate_hackernews_agg 2022-03-06T10:00:00+00:00 [queued]>
[2022-06-06 16:59:57,762] {taskinstance.py:1042} INFO - 
--------------------------------------------------------------------------------
[2022-06-06 16:59:57,763] {taskinstance.py:1043} INFO - Starting attempt 1 of 3
[2022-06-06 16:59:57,764] {taskinstance.py:1044} INFO - 
--------------------------------------------------------------------------------
[2022-06-06 16:59:57,801] {taskinstance.py:1063} INFO - Executing <Task(BigQueryOperator): write_truncate_hackernews_agg> on 2022-03-06T10:00:00+00:00
[2022-06-06 16:59:57,807] {standard_task_runner.py:52} INFO - Started process 766 to run task
[2022-06-06 16:59:57,811] {standard_task_runner.py:76} INFO - Running: ['airflow', 'tasks', 'run', 'gbq_pipeline', 'write_truncate_hackernews_agg', '2022-03-06T10:00:00+00:00', '--job-id', '550', '--pool', 'default_pool', '--raw', '--subdir', 'DAGS_FOLDER/gbq_pipeline.py', '--cfg-path', '/tmp/tmpu5hnoc7f', '--error-file', '/tmp/tmpv45n9e8c']
[2022-06-06 16:59:57,814] {standard_task_runner.py:77} INFO - Job 550: Subtask write_truncate_hackernews_agg
[2022-06-06 16:59:57,883] {logging_mixin.py:104} INFO - Running <TaskInstance: gbq_pipeline.write_truncate_hackernews_agg 2022-03-06T10:00:00+00:00 [running]> on host c40819a450e3
[2022-06-06 16:59:57,953] {taskinstance.py:1257} INFO - Exporting the following env vars:
AIRFLOW_CTX_DAG_EMAIL=airflow@airflow.com
AIRFLOW_CTX_DAG_OWNER=vanmai-airflow
AIRFLOW_CTX_DAG_ID=gbq_pipeline
AIRFLOW_CTX_TASK_ID=write_truncate_hackernews_agg
AIRFLOW_CTX_EXECUTION_DATE=2022-03-06T10:00:00+00:00
AIRFLOW_CTX_DAG_RUN_ID=scheduled__2022-03-06T10:00:00+00:00
[2022-06-06 16:59:57,961] {bigquery.py:680} INFO - Executing: 
    SELECT
      FORMAT_TIMESTAMP("%Y%m%d", timestamp) AS date,
      `by` AS user,
      id as story_id,
      REGEXP_EXTRACT(url, "(https?://github.com/[^/]*/[^/#?]*)") as github_repo,
      type,
      length(text) length,
      SUM(score) as score
    FROM
      `bigquery-public-data.hacker_news.full`
    WHERE TRUE
      AND FORMAT_TIMESTAMP("%Y%m%d", timestamp) = '20220306'
      AND url LIKE '%https://github.com%'
      AND url NOT LIKE '%github.com/blog/%'
    GROUP BY 1,2,3,4,5,6
    
[2022-06-06 16:59:57,998] {logging_mixin.py:104} WARNING - /home/airflow/.local/lib/python3.6/site-packages/airflow/providers/google/cloud/hooks/bigquery.py:2052 DeprecationWarning: This method is deprecated. Please use `BigQueryHook.insert_job` method.
[2022-06-06 16:59:58,012] {bigquery.py:1510} INFO - Inserting job airflow_1654534798011178_887b31540b555b9c285f1ab9265d409f
[2022-06-06 17:00:02,354] {taskinstance.py:1166} INFO - Marking task as SUCCESS. dag_id=gbq_pipeline, task_id=write_truncate_hackernews_agg, execution_date=20220306T100000, start_date=20220606T165957, end_date=20220606T170002
[2022-06-06 17:00:02,379] {taskinstance.py:1220} INFO - 0 downstream tasks scheduled from follow-on schedule check
[2022-06-06 17:00:02,406] {local_task_job.py:146} INFO - Task exited with return code 0
