[2022-06-06 15:23:25,967] {taskinstance.py:851} INFO - Dependencies all met for <TaskInstance: gbq_pipeline.write_truncate_hackernews_agg 2022-03-02T10:00:00+00:00 [queued]>
[2022-06-06 15:23:25,988] {taskinstance.py:851} INFO - Dependencies all met for <TaskInstance: gbq_pipeline.write_truncate_hackernews_agg 2022-03-02T10:00:00+00:00 [queued]>
[2022-06-06 15:23:25,989] {taskinstance.py:1042} INFO - 
--------------------------------------------------------------------------------
[2022-06-06 15:23:25,989] {taskinstance.py:1043} INFO - Starting attempt 1 of 3
[2022-06-06 15:23:25,989] {taskinstance.py:1044} INFO - 
--------------------------------------------------------------------------------
[2022-06-06 15:23:25,995] {taskinstance.py:1063} INFO - Executing <Task(BigQueryOperator): write_truncate_hackernews_agg> on 2022-03-02T10:00:00+00:00
[2022-06-06 15:23:26,000] {standard_task_runner.py:52} INFO - Started process 234 to run task
[2022-06-06 15:23:26,002] {standard_task_runner.py:76} INFO - Running: ['airflow', 'tasks', 'run', 'gbq_pipeline', 'write_truncate_hackernews_agg', '2022-03-02T10:00:00+00:00', '--job-id', '377', '--pool', 'default_pool', '--raw', '--subdir', 'DAGS_FOLDER/gbq_pipeline.py', '--cfg-path', '/tmp/tmp1va7icaz', '--error-file', '/tmp/tmpicm8qg14']
[2022-06-06 15:23:26,004] {standard_task_runner.py:77} INFO - Job 377: Subtask write_truncate_hackernews_agg
[2022-06-06 15:23:26,039] {logging_mixin.py:104} INFO - Running <TaskInstance: gbq_pipeline.write_truncate_hackernews_agg 2022-03-02T10:00:00+00:00 [running]> on host c40819a450e3
[2022-06-06 15:23:26,073] {taskinstance.py:1257} INFO - Exporting the following env vars:
AIRFLOW_CTX_DAG_EMAIL=airflow@airflow.com
AIRFLOW_CTX_DAG_OWNER=vanmai-airflow
AIRFLOW_CTX_DAG_ID=gbq_pipeline
AIRFLOW_CTX_TASK_ID=write_truncate_hackernews_agg
AIRFLOW_CTX_EXECUTION_DATE=2022-03-02T10:00:00+00:00
AIRFLOW_CTX_DAG_RUN_ID=scheduled__2022-03-02T10:00:00+00:00
[2022-06-06 15:23:26,074] {bigquery.py:680} INFO - Executing: 
    SELECT
      FORMAT_TIMESTAMP("%Y%m%d", timestamp) AS date,
      `by` AS user,
      id as story_id,
      REGEXP_EXTRACT(url, "(https?://github.com/[^/]*/[^/#?]*)") as github_repo,
      type,
      length(text) length,
      SUM(score) as score
    FROM
      `bigquery-public-data.hacker_news.full`
    WHERE TRUE
      AND FORMAT_TIMESTAMP("%Y%m%d", timestamp) = '20220302'
      AND url LIKE '%https://github.com%'
      AND url NOT LIKE '%github.com/blog/%'
    GROUP BY 1,2,3,4,5,6
    
[2022-06-06 15:23:26,084] {logging_mixin.py:104} WARNING - /home/airflow/.local/lib/python3.6/site-packages/airflow/providers/google/cloud/hooks/bigquery.py:2052 DeprecationWarning: This method is deprecated. Please use `BigQueryHook.insert_job` method.
[2022-06-06 15:23:26,092] {bigquery.py:1510} INFO - Inserting job airflow_1654529006092032_bc113bf65f29043b5da5c8395879c806
[2022-06-06 15:23:29,907] {taskinstance.py:1166} INFO - Marking task as SUCCESS. dag_id=gbq_pipeline, task_id=write_truncate_hackernews_agg, execution_date=20220302T100000, start_date=20220606T152325, end_date=20220606T152329
[2022-06-06 15:23:29,930] {taskinstance.py:1220} INFO - 0 downstream tasks scheduled from follow-on schedule check
[2022-06-06 15:23:29,952] {local_task_job.py:146} INFO - Task exited with return code 0
[2022-06-06 16:25:19,250] {taskinstance.py:851} INFO - Dependencies all met for <TaskInstance: gbq_pipeline.write_truncate_hackernews_agg 2022-03-02T10:00:00+00:00 [queued]>
[2022-06-06 16:25:19,267] {taskinstance.py:851} INFO - Dependencies all met for <TaskInstance: gbq_pipeline.write_truncate_hackernews_agg 2022-03-02T10:00:00+00:00 [queued]>
[2022-06-06 16:25:19,268] {taskinstance.py:1042} INFO - 
--------------------------------------------------------------------------------
[2022-06-06 16:25:19,268] {taskinstance.py:1043} INFO - Starting attempt 1 of 3
[2022-06-06 16:25:19,269] {taskinstance.py:1044} INFO - 
--------------------------------------------------------------------------------
[2022-06-06 16:25:19,274] {taskinstance.py:1063} INFO - Executing <Task(BigQueryOperator): write_truncate_hackernews_agg> on 2022-03-02T10:00:00+00:00
[2022-06-06 16:25:19,281] {standard_task_runner.py:76} INFO - Running: ['airflow', 'tasks', 'run', 'gbq_pipeline', 'write_truncate_hackernews_agg', '2022-03-02T10:00:00+00:00', '--job-id', '426', '--pool', 'default_pool', '--raw', '--subdir', 'DAGS_FOLDER/gbq_pipeline.py', '--cfg-path', '/tmp/tmpb5sj7ps3', '--error-file', '/tmp/tmp2myp8cn_']
[2022-06-06 16:25:19,278] {standard_task_runner.py:52} INFO - Started process 381 to run task
[2022-06-06 16:25:19,282] {standard_task_runner.py:77} INFO - Job 426: Subtask write_truncate_hackernews_agg
[2022-06-06 16:25:19,315] {logging_mixin.py:104} INFO - Running <TaskInstance: gbq_pipeline.write_truncate_hackernews_agg 2022-03-02T10:00:00+00:00 [running]> on host c40819a450e3
[2022-06-06 16:25:19,342] {taskinstance.py:1257} INFO - Exporting the following env vars:
AIRFLOW_CTX_DAG_EMAIL=airflow@airflow.com
AIRFLOW_CTX_DAG_OWNER=vanmai-airflow
AIRFLOW_CTX_DAG_ID=gbq_pipeline
AIRFLOW_CTX_TASK_ID=write_truncate_hackernews_agg
AIRFLOW_CTX_EXECUTION_DATE=2022-03-02T10:00:00+00:00
AIRFLOW_CTX_DAG_RUN_ID=scheduled__2022-03-02T10:00:00+00:00
[2022-06-06 16:25:19,343] {bigquery.py:680} INFO - Executing: 
    SELECT
      FORMAT_TIMESTAMP("%Y%m%d", timestamp) AS date,
      `by` AS user,
      id as story_id,
      REGEXP_EXTRACT(url, "(https?://github.com/[^/]*/[^/#?]*)") as github_repo,
      type,
      length(text) length,
      SUM(score) as score
    FROM
      `bigquery-public-data.hacker_news.full`
    WHERE TRUE
      AND FORMAT_TIMESTAMP("%Y%m%d", timestamp) = '20220302'
      AND url LIKE '%https://github.com%'
      AND url NOT LIKE '%github.com/blog/%'
    GROUP BY 1,2,3,4,5,6
    
[2022-06-06 16:25:19,351] {logging_mixin.py:104} WARNING - /home/airflow/.local/lib/python3.6/site-packages/airflow/providers/google/cloud/hooks/bigquery.py:2052 DeprecationWarning: This method is deprecated. Please use `BigQueryHook.insert_job` method.
[2022-06-06 16:25:19,358] {bigquery.py:1510} INFO - Inserting job airflow_1654532719357506_bc113bf65f29043b5da5c8395879c806
[2022-06-06 16:25:23,517] {taskinstance.py:1166} INFO - Marking task as SUCCESS. dag_id=gbq_pipeline, task_id=write_truncate_hackernews_agg, execution_date=20220302T100000, start_date=20220606T162519, end_date=20220606T162523
[2022-06-06 16:25:23,547] {taskinstance.py:1220} INFO - 0 downstream tasks scheduled from follow-on schedule check
[2022-06-06 16:25:23,554] {local_task_job.py:146} INFO - Task exited with return code 0
[2022-06-06 16:55:56,732] {taskinstance.py:851} INFO - Dependencies all met for <TaskInstance: gbq_pipeline.write_truncate_hackernews_agg 2022-03-02T10:00:00+00:00 [queued]>
[2022-06-06 16:55:56,750] {taskinstance.py:851} INFO - Dependencies all met for <TaskInstance: gbq_pipeline.write_truncate_hackernews_agg 2022-03-02T10:00:00+00:00 [queued]>
[2022-06-06 16:55:56,750] {taskinstance.py:1042} INFO - 
--------------------------------------------------------------------------------
[2022-06-06 16:55:56,751] {taskinstance.py:1043} INFO - Starting attempt 1 of 3
[2022-06-06 16:55:56,751] {taskinstance.py:1044} INFO - 
--------------------------------------------------------------------------------
[2022-06-06 16:55:56,756] {taskinstance.py:1063} INFO - Executing <Task(BigQueryOperator): write_truncate_hackernews_agg> on 2022-03-02T10:00:00+00:00
[2022-06-06 16:55:56,760] {standard_task_runner.py:52} INFO - Started process 483 to run task
[2022-06-06 16:55:56,762] {standard_task_runner.py:76} INFO - Running: ['airflow', 'tasks', 'run', 'gbq_pipeline', 'write_truncate_hackernews_agg', '2022-03-02T10:00:00+00:00', '--job-id', '460', '--pool', 'default_pool', '--raw', '--subdir', 'DAGS_FOLDER/gbq_pipeline.py', '--cfg-path', '/tmp/tmpwvq7tfav', '--error-file', '/tmp/tmpl6iaw6nt']
[2022-06-06 16:55:56,764] {standard_task_runner.py:77} INFO - Job 460: Subtask write_truncate_hackernews_agg
[2022-06-06 16:55:56,795] {logging_mixin.py:104} INFO - Running <TaskInstance: gbq_pipeline.write_truncate_hackernews_agg 2022-03-02T10:00:00+00:00 [running]> on host c40819a450e3
[2022-06-06 16:55:56,822] {taskinstance.py:1257} INFO - Exporting the following env vars:
AIRFLOW_CTX_DAG_EMAIL=airflow@airflow.com
AIRFLOW_CTX_DAG_OWNER=vanmai-airflow
AIRFLOW_CTX_DAG_ID=gbq_pipeline
AIRFLOW_CTX_TASK_ID=write_truncate_hackernews_agg
AIRFLOW_CTX_EXECUTION_DATE=2022-03-02T10:00:00+00:00
AIRFLOW_CTX_DAG_RUN_ID=scheduled__2022-03-02T10:00:00+00:00
[2022-06-06 16:55:56,824] {bigquery.py:680} INFO - Executing: 
    SELECT
      FORMAT_TIMESTAMP("%Y%m%d", timestamp) AS date,
      `by` AS user,
      id as story_id,
      REGEXP_EXTRACT(url, "(https?://github.com/[^/]*/[^/#?]*)") as github_repo,
      type,
      length(text) length,
      SUM(score) as score
    FROM
      `bigquery-public-data.hacker_news.full`
    WHERE TRUE
      AND FORMAT_TIMESTAMP("%Y%m%d", timestamp) = '20220302'
      AND url LIKE '%https://github.com%'
      AND url NOT LIKE '%github.com/blog/%'
    GROUP BY 1,2,3,4,5,6
    
[2022-06-06 16:55:56,831] {logging_mixin.py:104} WARNING - /home/airflow/.local/lib/python3.6/site-packages/airflow/providers/google/cloud/hooks/bigquery.py:2052 DeprecationWarning: This method is deprecated. Please use `BigQueryHook.insert_job` method.
[2022-06-06 16:55:56,838] {bigquery.py:1510} INFO - Inserting job airflow_1654534556838366_bc113bf65f29043b5da5c8395879c806
[2022-06-06 16:56:00,489] {taskinstance.py:1166} INFO - Marking task as SUCCESS. dag_id=gbq_pipeline, task_id=write_truncate_hackernews_agg, execution_date=20220302T100000, start_date=20220606T165556, end_date=20220606T165600
[2022-06-06 16:56:00,669] {taskinstance.py:1220} INFO - 0 downstream tasks scheduled from follow-on schedule check
[2022-06-06 16:56:00,712] {local_task_job.py:146} INFO - Task exited with return code 0
[2022-06-06 16:57:35,200] {taskinstance.py:851} INFO - Dependencies all met for <TaskInstance: gbq_pipeline.write_truncate_hackernews_agg 2022-03-02T10:00:00+00:00 [queued]>
[2022-06-06 16:57:35,220] {taskinstance.py:851} INFO - Dependencies all met for <TaskInstance: gbq_pipeline.write_truncate_hackernews_agg 2022-03-02T10:00:00+00:00 [queued]>
[2022-06-06 16:57:35,220] {taskinstance.py:1042} INFO - 
--------------------------------------------------------------------------------
[2022-06-06 16:57:35,220] {taskinstance.py:1043} INFO - Starting attempt 1 of 3
[2022-06-06 16:57:35,221] {taskinstance.py:1044} INFO - 
--------------------------------------------------------------------------------
[2022-06-06 16:57:35,228] {taskinstance.py:1063} INFO - Executing <Task(BigQueryOperator): write_truncate_hackernews_agg> on 2022-03-02T10:00:00+00:00
[2022-06-06 16:57:35,232] {standard_task_runner.py:52} INFO - Started process 585 to run task
[2022-06-06 16:57:35,235] {standard_task_runner.py:76} INFO - Running: ['airflow', 'tasks', 'run', 'gbq_pipeline', 'write_truncate_hackernews_agg', '2022-03-02T10:00:00+00:00', '--job-id', '494', '--pool', 'default_pool', '--raw', '--subdir', 'DAGS_FOLDER/gbq_pipeline.py', '--cfg-path', '/tmp/tmptyjd8tte', '--error-file', '/tmp/tmpgu13v5sf']
[2022-06-06 16:57:35,238] {standard_task_runner.py:77} INFO - Job 494: Subtask write_truncate_hackernews_agg
[2022-06-06 16:57:35,270] {logging_mixin.py:104} INFO - Running <TaskInstance: gbq_pipeline.write_truncate_hackernews_agg 2022-03-02T10:00:00+00:00 [running]> on host c40819a450e3
[2022-06-06 16:57:35,298] {taskinstance.py:1257} INFO - Exporting the following env vars:
AIRFLOW_CTX_DAG_EMAIL=airflow@airflow.com
AIRFLOW_CTX_DAG_OWNER=vanmai-airflow
AIRFLOW_CTX_DAG_ID=gbq_pipeline
AIRFLOW_CTX_TASK_ID=write_truncate_hackernews_agg
AIRFLOW_CTX_EXECUTION_DATE=2022-03-02T10:00:00+00:00
AIRFLOW_CTX_DAG_RUN_ID=scheduled__2022-03-02T10:00:00+00:00
[2022-06-06 16:57:35,300] {bigquery.py:680} INFO - Executing: 
    SELECT
      FORMAT_TIMESTAMP("%Y%m%d", timestamp) AS date,
      `by` AS user,
      id as story_id,
      REGEXP_EXTRACT(url, "(https?://github.com/[^/]*/[^/#?]*)") as github_repo,
      type,
      length(text) length,
      SUM(score) as score
    FROM
      `bigquery-public-data.hacker_news.full`
    WHERE TRUE
      AND FORMAT_TIMESTAMP("%Y%m%d", timestamp) = '20220302'
      AND url LIKE '%https://github.com%'
      AND url NOT LIKE '%github.com/blog/%'
    GROUP BY 1,2,3,4,5,6
    
[2022-06-06 16:57:35,307] {logging_mixin.py:104} WARNING - /home/airflow/.local/lib/python3.6/site-packages/airflow/providers/google/cloud/hooks/bigquery.py:2052 DeprecationWarning: This method is deprecated. Please use `BigQueryHook.insert_job` method.
[2022-06-06 16:57:35,313] {bigquery.py:1510} INFO - Inserting job airflow_1654534655313135_bc113bf65f29043b5da5c8395879c806
[2022-06-06 16:57:39,101] {taskinstance.py:1166} INFO - Marking task as SUCCESS. dag_id=gbq_pipeline, task_id=write_truncate_hackernews_agg, execution_date=20220302T100000, start_date=20220606T165735, end_date=20220606T165739
[2022-06-06 16:57:39,128] {taskinstance.py:1220} INFO - 0 downstream tasks scheduled from follow-on schedule check
[2022-06-06 16:57:39,145] {local_task_job.py:146} INFO - Task exited with return code 0
[2022-06-06 16:59:41,699] {taskinstance.py:851} INFO - Dependencies all met for <TaskInstance: gbq_pipeline.write_truncate_hackernews_agg 2022-03-02T10:00:00+00:00 [queued]>
[2022-06-06 16:59:41,710] {taskinstance.py:851} INFO - Dependencies all met for <TaskInstance: gbq_pipeline.write_truncate_hackernews_agg 2022-03-02T10:00:00+00:00 [queued]>
[2022-06-06 16:59:41,710] {taskinstance.py:1042} INFO - 
--------------------------------------------------------------------------------
[2022-06-06 16:59:41,710] {taskinstance.py:1043} INFO - Starting attempt 1 of 3
[2022-06-06 16:59:41,711] {taskinstance.py:1044} INFO - 
--------------------------------------------------------------------------------
[2022-06-06 16:59:41,722] {taskinstance.py:1063} INFO - Executing <Task(BigQueryOperator): write_truncate_hackernews_agg> on 2022-03-02T10:00:00+00:00
[2022-06-06 16:59:41,726] {standard_task_runner.py:52} INFO - Started process 680 to run task
[2022-06-06 16:59:41,730] {standard_task_runner.py:76} INFO - Running: ['airflow', 'tasks', 'run', 'gbq_pipeline', 'write_truncate_hackernews_agg', '2022-03-02T10:00:00+00:00', '--job-id', '525', '--pool', 'default_pool', '--raw', '--subdir', 'DAGS_FOLDER/gbq_pipeline.py', '--cfg-path', '/tmp/tmp7uzu8a7a', '--error-file', '/tmp/tmp1ldjv816']
[2022-06-06 16:59:41,732] {standard_task_runner.py:77} INFO - Job 525: Subtask write_truncate_hackernews_agg
[2022-06-06 16:59:41,770] {logging_mixin.py:104} INFO - Running <TaskInstance: gbq_pipeline.write_truncate_hackernews_agg 2022-03-02T10:00:00+00:00 [running]> on host c40819a450e3
[2022-06-06 16:59:41,804] {taskinstance.py:1257} INFO - Exporting the following env vars:
AIRFLOW_CTX_DAG_EMAIL=airflow@airflow.com
AIRFLOW_CTX_DAG_OWNER=vanmai-airflow
AIRFLOW_CTX_DAG_ID=gbq_pipeline
AIRFLOW_CTX_TASK_ID=write_truncate_hackernews_agg
AIRFLOW_CTX_EXECUTION_DATE=2022-03-02T10:00:00+00:00
AIRFLOW_CTX_DAG_RUN_ID=scheduled__2022-03-02T10:00:00+00:00
[2022-06-06 16:59:41,806] {bigquery.py:680} INFO - Executing: 
    SELECT
      FORMAT_TIMESTAMP("%Y%m%d", timestamp) AS date,
      `by` AS user,
      id as story_id,
      REGEXP_EXTRACT(url, "(https?://github.com/[^/]*/[^/#?]*)") as github_repo,
      type,
      length(text) length,
      SUM(score) as score
    FROM
      `bigquery-public-data.hacker_news.full`
    WHERE TRUE
      AND FORMAT_TIMESTAMP("%Y%m%d", timestamp) = '20220302'
      AND url LIKE '%https://github.com%'
      AND url NOT LIKE '%github.com/blog/%'
    GROUP BY 1,2,3,4,5,6
    
[2022-06-06 16:59:41,814] {logging_mixin.py:104} WARNING - /home/airflow/.local/lib/python3.6/site-packages/airflow/providers/google/cloud/hooks/bigquery.py:2052 DeprecationWarning: This method is deprecated. Please use `BigQueryHook.insert_job` method.
[2022-06-06 16:59:41,821] {bigquery.py:1510} INFO - Inserting job airflow_1654534781821115_bc113bf65f29043b5da5c8395879c806
[2022-06-06 16:59:44,875] {taskinstance.py:1166} INFO - Marking task as SUCCESS. dag_id=gbq_pipeline, task_id=write_truncate_hackernews_agg, execution_date=20220302T100000, start_date=20220606T165941, end_date=20220606T165944
[2022-06-06 16:59:44,908] {taskinstance.py:1220} INFO - 0 downstream tasks scheduled from follow-on schedule check
[2022-06-06 16:59:44,954] {local_task_job.py:146} INFO - Task exited with return code 0
