[2022-06-06 17:25:21,096] {taskinstance.py:851} INFO - Dependencies all met for <TaskInstance: gbq_pipeline.write_truncate_github_agg 2022-05-07T10:00:00+00:00 [queued]>
[2022-06-06 17:25:21,112] {taskinstance.py:851} INFO - Dependencies all met for <TaskInstance: gbq_pipeline.write_truncate_github_agg 2022-05-07T10:00:00+00:00 [queued]>
[2022-06-06 17:25:21,113] {taskinstance.py:1042} INFO - 
--------------------------------------------------------------------------------
[2022-06-06 17:25:21,113] {taskinstance.py:1043} INFO - Starting attempt 1 of 3
[2022-06-06 17:25:21,113] {taskinstance.py:1044} INFO - 
--------------------------------------------------------------------------------
[2022-06-06 17:25:21,119] {taskinstance.py:1063} INFO - Executing <Task(BigQueryOperator): write_truncate_github_agg> on 2022-05-07T10:00:00+00:00
[2022-06-06 17:25:21,126] {standard_task_runner.py:76} INFO - Running: ['airflow', 'tasks', 'run', 'gbq_pipeline', 'write_truncate_github_agg', '2022-05-07T10:00:00+00:00', '--job-id', '700', '--pool', 'default_pool', '--raw', '--subdir', 'DAGS_FOLDER/gbq_pipeline.py', '--cfg-path', '/tmp/tmp5vy4re1m', '--error-file', '/tmp/tmpwi2vtkdq']
[2022-06-06 17:25:21,123] {standard_task_runner.py:52} INFO - Started process 201 to run task
[2022-06-06 17:25:21,128] {standard_task_runner.py:77} INFO - Job 700: Subtask write_truncate_github_agg
[2022-06-06 17:25:21,159] {logging_mixin.py:104} INFO - Running <TaskInstance: gbq_pipeline.write_truncate_github_agg 2022-05-07T10:00:00+00:00 [running]> on host f3f1e04b5b71
[2022-06-06 17:25:21,187] {taskinstance.py:1257} INFO - Exporting the following env vars:
AIRFLOW_CTX_DAG_EMAIL=airflow@airflow.com
AIRFLOW_CTX_DAG_OWNER=vanmai-airflow
AIRFLOW_CTX_DAG_ID=gbq_pipeline
AIRFLOW_CTX_TASK_ID=write_truncate_github_agg
AIRFLOW_CTX_EXECUTION_DATE=2022-05-07T10:00:00+00:00
AIRFLOW_CTX_DAG_RUN_ID=scheduled__2022-05-07T10:00:00+00:00
[2022-06-06 17:25:21,188] {bigquery.py:680} INFO - Executing: 
        with cte as
        (
          SELECT
            FORMAT_TIMESTAMP("%Y%m%d", created_at) AS date,
            actor.id as actor_id,
            CONCAT('https://github.com/', repo.name) as github_repo,
            type
          FROM
            `githubarchive.day.20220507`
        )

        SELECT
          date,
          github_repo,
          count(IF(type='WatchEvent', type, NULL)) AS subs,
          count(IF(type='PushEvent',  type, NULL)) AS pushes,
          count(IF(type='PullRequestEvent',  type, NULL)) AS pullrequests,
          count(IF(type='ForkEvent',  type, NULL)) AS copies,
          count(IF(type in ('IssueCommentEvent','CommitCommentEvent','PullRequestReviewCommentEvent'),  type, NULL)) AS comments,
          count(*) AS all_event
        FROM cte
        GROUP BY 1,2
        ORDER BY all_event desc
        
[2022-06-06 17:25:21,195] {logging_mixin.py:104} WARNING - /home/airflow/.local/lib/python3.6/site-packages/airflow/providers/google/cloud/hooks/bigquery.py:2052 DeprecationWarning: This method is deprecated. Please use `BigQueryHook.insert_job` method.
[2022-06-06 17:25:21,203] {bigquery.py:1510} INFO - Inserting job airflow_1654536321202691_2ea8401ec53c702ba8aad1426cc4504c
[2022-06-06 17:25:27,321] {taskinstance.py:1166} INFO - Marking task as SUCCESS. dag_id=gbq_pipeline, task_id=write_truncate_github_agg, execution_date=20220507T100000, start_date=20220606T172521, end_date=20220606T172527
[2022-06-06 17:25:27,350] {taskinstance.py:1220} INFO - 0 downstream tasks scheduled from follow-on schedule check
[2022-06-06 17:25:27,381] {local_task_job.py:146} INFO - Task exited with return code 0
[2022-06-06 17:28:08,787] {taskinstance.py:851} INFO - Dependencies all met for <TaskInstance: gbq_pipeline.write_truncate_github_agg 2022-05-07T10:00:00+00:00 [queued]>
[2022-06-06 17:28:08,805] {taskinstance.py:851} INFO - Dependencies all met for <TaskInstance: gbq_pipeline.write_truncate_github_agg 2022-05-07T10:00:00+00:00 [queued]>
[2022-06-06 17:28:08,806] {taskinstance.py:1042} INFO - 
--------------------------------------------------------------------------------
[2022-06-06 17:28:08,806] {taskinstance.py:1043} INFO - Starting attempt 1 of 3
[2022-06-06 17:28:08,806] {taskinstance.py:1044} INFO - 
--------------------------------------------------------------------------------
[2022-06-06 17:28:08,814] {taskinstance.py:1063} INFO - Executing <Task(BigQueryOperator): write_truncate_github_agg> on 2022-05-07T10:00:00+00:00
[2022-06-06 17:28:08,820] {standard_task_runner.py:76} INFO - Running: ['airflow', 'tasks', 'run', 'gbq_pipeline', 'write_truncate_github_agg', '2022-05-07T10:00:00+00:00', '--job-id', '717', '--pool', 'default_pool', '--raw', '--subdir', 'DAGS_FOLDER/gbq_pipeline.py', '--cfg-path', '/tmp/tmp31h62fw2', '--error-file', '/tmp/tmp7i2bols8']
[2022-06-06 17:28:08,818] {standard_task_runner.py:52} INFO - Started process 252 to run task
[2022-06-06 17:28:08,822] {standard_task_runner.py:77} INFO - Job 717: Subtask write_truncate_github_agg
[2022-06-06 17:28:08,856] {logging_mixin.py:104} INFO - Running <TaskInstance: gbq_pipeline.write_truncate_github_agg 2022-05-07T10:00:00+00:00 [running]> on host f3f1e04b5b71
[2022-06-06 17:28:08,889] {taskinstance.py:1257} INFO - Exporting the following env vars:
AIRFLOW_CTX_DAG_EMAIL=airflow@airflow.com
AIRFLOW_CTX_DAG_OWNER=vanmai-airflow
AIRFLOW_CTX_DAG_ID=gbq_pipeline
AIRFLOW_CTX_TASK_ID=write_truncate_github_agg
AIRFLOW_CTX_EXECUTION_DATE=2022-05-07T10:00:00+00:00
AIRFLOW_CTX_DAG_RUN_ID=scheduled__2022-05-07T10:00:00+00:00
[2022-06-06 17:28:08,890] {bigquery.py:680} INFO - Executing: 
        with cte as
        (
          SELECT
            FORMAT_TIMESTAMP("%Y%m%d", created_at) AS date,
            actor.id as actor_id,
            CONCAT('https://github.com/', repo.name) as github_repo,
            type
          FROM
            `githubarchive.day.20220507`
        )

        SELECT
          date,
          github_repo,
          count(IF(type='WatchEvent', type, NULL)) AS subs,
          count(IF(type='PushEvent',  type, NULL)) AS pushes,
          count(IF(type='PullRequestEvent',  type, NULL)) AS pullrequests,
          count(IF(type='ForkEvent',  type, NULL)) AS copies,
          count(IF(type in ('IssueCommentEvent','CommitCommentEvent','PullRequestReviewCommentEvent'),  type, NULL)) AS comments,
          count(*) AS all_event
        FROM cte
        GROUP BY 1,2
        ORDER BY all_event desc
        
[2022-06-06 17:28:08,898] {logging_mixin.py:104} WARNING - /home/airflow/.local/lib/python3.6/site-packages/airflow/providers/google/cloud/hooks/bigquery.py:2052 DeprecationWarning: This method is deprecated. Please use `BigQueryHook.insert_job` method.
[2022-06-06 17:28:08,905] {bigquery.py:1510} INFO - Inserting job airflow_1654536488905165_2ea8401ec53c702ba8aad1426cc4504c
[2022-06-06 17:28:14,209] {taskinstance.py:1166} INFO - Marking task as SUCCESS. dag_id=gbq_pipeline, task_id=write_truncate_github_agg, execution_date=20220507T100000, start_date=20220606T172808, end_date=20220606T172814
[2022-06-06 17:28:14,240] {taskinstance.py:1220} INFO - 0 downstream tasks scheduled from follow-on schedule check
[2022-06-06 17:28:14,261] {local_task_job.py:146} INFO - Task exited with return code 0
