[2022-06-06 15:23:38,203] {taskinstance.py:851} INFO - Dependencies all met for <TaskInstance: gbq_pipeline.write_append_join_table 2022-03-02T10:00:00+00:00 [queued]>
[2022-06-06 15:23:38,224] {taskinstance.py:851} INFO - Dependencies all met for <TaskInstance: gbq_pipeline.write_append_join_table 2022-03-02T10:00:00+00:00 [queued]>
[2022-06-06 15:23:38,224] {taskinstance.py:1042} INFO - 
--------------------------------------------------------------------------------
[2022-06-06 15:23:38,225] {taskinstance.py:1043} INFO - Starting attempt 1 of 3
[2022-06-06 15:23:38,225] {taskinstance.py:1044} INFO - 
--------------------------------------------------------------------------------
[2022-06-06 15:23:38,233] {taskinstance.py:1063} INFO - Executing <Task(BigQueryOperator): write_append_join_table> on 2022-03-02T10:00:00+00:00
[2022-06-06 15:23:38,238] {standard_task_runner.py:52} INFO - Started process 277 to run task
[2022-06-06 15:23:38,242] {standard_task_runner.py:76} INFO - Running: ['airflow', 'tasks', 'run', 'gbq_pipeline', 'write_append_join_table', '2022-03-02T10:00:00+00:00', '--job-id', '390', '--pool', 'default_pool', '--raw', '--subdir', 'DAGS_FOLDER/gbq_pipeline.py', '--cfg-path', '/tmp/tmpv17mcr38', '--error-file', '/tmp/tmpfgzzm8u6']
[2022-06-06 15:23:38,244] {standard_task_runner.py:77} INFO - Job 390: Subtask write_append_join_table
[2022-06-06 15:23:38,280] {logging_mixin.py:104} INFO - Running <TaskInstance: gbq_pipeline.write_append_join_table 2022-03-02T10:00:00+00:00 [running]> on host c40819a450e3
[2022-06-06 15:23:38,315] {taskinstance.py:1257} INFO - Exporting the following env vars:
AIRFLOW_CTX_DAG_EMAIL=airflow@airflow.com
AIRFLOW_CTX_DAG_OWNER=vanmai-airflow
AIRFLOW_CTX_DAG_ID=gbq_pipeline
AIRFLOW_CTX_TASK_ID=write_append_join_table
AIRFLOW_CTX_EXECUTION_DATE=2022-03-02T10:00:00+00:00
AIRFLOW_CTX_DAG_RUN_ID=scheduled__2022-03-02T10:00:00+00:00
[2022-06-06 15:23:38,316] {bigquery.py:680} INFO - Executing: 
    SELECT 
      gh.*,
      hn.* except (date, github_repo)
    FROM
      `airflow-project-352316.github_curated.github_agg` gh
    LEFT JOIN 
      `airflow-project-352316.github_curated.hackernews_agg` hn
    ON hn.github_repo = gh.github_repo and hn.date = gh.date
    WHERE hn.score is not null
    
[2022-06-06 15:23:38,325] {logging_mixin.py:104} WARNING - /home/airflow/.local/lib/python3.6/site-packages/airflow/providers/google/cloud/hooks/bigquery.py:2052 DeprecationWarning: This method is deprecated. Please use `BigQueryHook.insert_job` method.
[2022-06-06 15:23:38,333] {bigquery.py:1510} INFO - Inserting job airflow_1654529018332465_cfad98687eff6246d49f73f415b9556f
[2022-06-06 15:23:42,051] {taskinstance.py:1166} INFO - Marking task as SUCCESS. dag_id=gbq_pipeline, task_id=write_append_join_table, execution_date=20220302T100000, start_date=20220606T152338, end_date=20220606T152342
[2022-06-06 15:23:42,085] {taskinstance.py:1220} INFO - 0 downstream tasks scheduled from follow-on schedule check
[2022-06-06 15:23:42,108] {local_task_job.py:146} INFO - Task exited with return code 0
[2022-06-06 16:25:36,806] {taskinstance.py:851} INFO - Dependencies all met for <TaskInstance: gbq_pipeline.write_append_join_table 2022-03-02T10:00:00+00:00 [queued]>
[2022-06-06 16:25:36,825] {taskinstance.py:851} INFO - Dependencies all met for <TaskInstance: gbq_pipeline.write_append_join_table 2022-03-02T10:00:00+00:00 [queued]>
[2022-06-06 16:25:36,826] {taskinstance.py:1042} INFO - 
--------------------------------------------------------------------------------
[2022-06-06 16:25:36,826] {taskinstance.py:1043} INFO - Starting attempt 1 of 3
[2022-06-06 16:25:36,827] {taskinstance.py:1044} INFO - 
--------------------------------------------------------------------------------
[2022-06-06 16:25:36,833] {taskinstance.py:1063} INFO - Executing <Task(BigQueryOperator): write_append_join_table> on 2022-03-02T10:00:00+00:00
[2022-06-06 16:25:36,837] {standard_task_runner.py:52} INFO - Started process 430 to run task
[2022-06-06 16:25:36,840] {standard_task_runner.py:76} INFO - Running: ['airflow', 'tasks', 'run', 'gbq_pipeline', 'write_append_join_table', '2022-03-02T10:00:00+00:00', '--job-id', '442', '--pool', 'default_pool', '--raw', '--subdir', 'DAGS_FOLDER/gbq_pipeline.py', '--cfg-path', '/tmp/tmpy5yzkuvo', '--error-file', '/tmp/tmpj85x0skg']
[2022-06-06 16:25:36,842] {standard_task_runner.py:77} INFO - Job 442: Subtask write_append_join_table
[2022-06-06 16:25:36,875] {logging_mixin.py:104} INFO - Running <TaskInstance: gbq_pipeline.write_append_join_table 2022-03-02T10:00:00+00:00 [running]> on host c40819a450e3
[2022-06-06 16:25:36,905] {taskinstance.py:1257} INFO - Exporting the following env vars:
AIRFLOW_CTX_DAG_EMAIL=airflow@airflow.com
AIRFLOW_CTX_DAG_OWNER=vanmai-airflow
AIRFLOW_CTX_DAG_ID=gbq_pipeline
AIRFLOW_CTX_TASK_ID=write_append_join_table
AIRFLOW_CTX_EXECUTION_DATE=2022-03-02T10:00:00+00:00
AIRFLOW_CTX_DAG_RUN_ID=scheduled__2022-03-02T10:00:00+00:00
[2022-06-06 16:25:36,906] {bigquery.py:680} INFO - Executing: 
    SELECT 
      gh.*,
      hn.* except (date, github_repo)
    FROM
      `airflow-project-352316.github_curated.github_agg` gh
    LEFT JOIN 
      `airflow-project-352316.github_curated.hackernews_agg` hn
    ON hn.github_repo = gh.github_repo and hn.date = gh.date
    WHERE hn.score is not null
    
[2022-06-06 16:25:36,914] {logging_mixin.py:104} WARNING - /home/airflow/.local/lib/python3.6/site-packages/airflow/providers/google/cloud/hooks/bigquery.py:2052 DeprecationWarning: This method is deprecated. Please use `BigQueryHook.insert_job` method.
[2022-06-06 16:25:36,923] {bigquery.py:1510} INFO - Inserting job airflow_1654532736922268_cfad98687eff6246d49f73f415b9556f
[2022-06-06 16:25:40,720] {taskinstance.py:1166} INFO - Marking task as SUCCESS. dag_id=gbq_pipeline, task_id=write_append_join_table, execution_date=20220302T100000, start_date=20220606T162536, end_date=20220606T162540
[2022-06-06 16:25:40,907] {taskinstance.py:1220} INFO - 0 downstream tasks scheduled from follow-on schedule check
[2022-06-06 16:25:40,950] {local_task_job.py:146} INFO - Task exited with return code 0
[2022-06-06 16:56:14,369] {taskinstance.py:851} INFO - Dependencies all met for <TaskInstance: gbq_pipeline.write_append_join_table 2022-03-02T10:00:00+00:00 [queued]>
[2022-06-06 16:56:14,387] {taskinstance.py:851} INFO - Dependencies all met for <TaskInstance: gbq_pipeline.write_append_join_table 2022-03-02T10:00:00+00:00 [queued]>
[2022-06-06 16:56:14,387] {taskinstance.py:1042} INFO - 
--------------------------------------------------------------------------------
[2022-06-06 16:56:14,388] {taskinstance.py:1043} INFO - Starting attempt 1 of 3
[2022-06-06 16:56:14,388] {taskinstance.py:1044} INFO - 
--------------------------------------------------------------------------------
[2022-06-06 16:56:14,395] {taskinstance.py:1063} INFO - Executing <Task(BigQueryOperator): write_append_join_table> on 2022-03-02T10:00:00+00:00
[2022-06-06 16:56:14,403] {standard_task_runner.py:76} INFO - Running: ['airflow', 'tasks', 'run', 'gbq_pipeline', 'write_append_join_table', '2022-03-02T10:00:00+00:00', '--job-id', '473', '--pool', 'default_pool', '--raw', '--subdir', 'DAGS_FOLDER/gbq_pipeline.py', '--cfg-path', '/tmp/tmp35l7ufte', '--error-file', '/tmp/tmphfzbhxqs']
[2022-06-06 16:56:14,401] {standard_task_runner.py:52} INFO - Started process 527 to run task
[2022-06-06 16:56:14,405] {standard_task_runner.py:77} INFO - Job 473: Subtask write_append_join_table
[2022-06-06 16:56:14,439] {logging_mixin.py:104} INFO - Running <TaskInstance: gbq_pipeline.write_append_join_table 2022-03-02T10:00:00+00:00 [running]> on host c40819a450e3
[2022-06-06 16:56:14,471] {taskinstance.py:1257} INFO - Exporting the following env vars:
AIRFLOW_CTX_DAG_EMAIL=airflow@airflow.com
AIRFLOW_CTX_DAG_OWNER=vanmai-airflow
AIRFLOW_CTX_DAG_ID=gbq_pipeline
AIRFLOW_CTX_TASK_ID=write_append_join_table
AIRFLOW_CTX_EXECUTION_DATE=2022-03-02T10:00:00+00:00
AIRFLOW_CTX_DAG_RUN_ID=scheduled__2022-03-02T10:00:00+00:00
[2022-06-06 16:56:14,472] {bigquery.py:680} INFO - Executing: 
    SELECT 
      gh.*,
      hn.* except (date, github_repo)
    FROM
      `airflow-project-352316.github_curated.github_agg` gh
    LEFT JOIN 
      `airflow-project-352316.github_curated.hackernews_agg` hn
    ON hn.github_repo = gh.github_repo and hn.date = gh.date
    WHERE hn.score is not null
    
[2022-06-06 16:56:14,480] {logging_mixin.py:104} WARNING - /home/airflow/.local/lib/python3.6/site-packages/airflow/providers/google/cloud/hooks/bigquery.py:2052 DeprecationWarning: This method is deprecated. Please use `BigQueryHook.insert_job` method.
[2022-06-06 16:56:14,487] {bigquery.py:1510} INFO - Inserting job airflow_1654534574486510_cfad98687eff6246d49f73f415b9556f
[2022-06-06 16:56:17,891] {taskinstance.py:1166} INFO - Marking task as SUCCESS. dag_id=gbq_pipeline, task_id=write_append_join_table, execution_date=20220302T100000, start_date=20220606T165614, end_date=20220606T165617
[2022-06-06 16:56:17,918] {taskinstance.py:1220} INFO - 0 downstream tasks scheduled from follow-on schedule check
[2022-06-06 16:56:17,951] {local_task_job.py:146} INFO - Task exited with return code 0
[2022-06-06 16:57:46,649] {taskinstance.py:851} INFO - Dependencies all met for <TaskInstance: gbq_pipeline.write_append_join_table 2022-03-02T10:00:00+00:00 [queued]>
[2022-06-06 16:57:46,671] {taskinstance.py:851} INFO - Dependencies all met for <TaskInstance: gbq_pipeline.write_append_join_table 2022-03-02T10:00:00+00:00 [queued]>
[2022-06-06 16:57:46,671] {taskinstance.py:1042} INFO - 
--------------------------------------------------------------------------------
[2022-06-06 16:57:46,672] {taskinstance.py:1043} INFO - Starting attempt 1 of 3
[2022-06-06 16:57:46,672] {taskinstance.py:1044} INFO - 
--------------------------------------------------------------------------------
[2022-06-06 16:57:46,678] {taskinstance.py:1063} INFO - Executing <Task(BigQueryOperator): write_append_join_table> on 2022-03-02T10:00:00+00:00
[2022-06-06 16:57:46,683] {standard_task_runner.py:52} INFO - Started process 603 to run task
[2022-06-06 16:57:46,685] {standard_task_runner.py:76} INFO - Running: ['airflow', 'tasks', 'run', 'gbq_pipeline', 'write_append_join_table', '2022-03-02T10:00:00+00:00', '--job-id', '500', '--pool', 'default_pool', '--raw', '--subdir', 'DAGS_FOLDER/gbq_pipeline.py', '--cfg-path', '/tmp/tmphfozsci9', '--error-file', '/tmp/tmpt2x4aqs6']
[2022-06-06 16:57:46,688] {standard_task_runner.py:77} INFO - Job 500: Subtask write_append_join_table
[2022-06-06 16:57:46,780] {logging_mixin.py:104} INFO - Running <TaskInstance: gbq_pipeline.write_append_join_table 2022-03-02T10:00:00+00:00 [running]> on host c40819a450e3
[2022-06-06 16:57:46,812] {taskinstance.py:1257} INFO - Exporting the following env vars:
AIRFLOW_CTX_DAG_EMAIL=airflow@airflow.com
AIRFLOW_CTX_DAG_OWNER=vanmai-airflow
AIRFLOW_CTX_DAG_ID=gbq_pipeline
AIRFLOW_CTX_TASK_ID=write_append_join_table
AIRFLOW_CTX_EXECUTION_DATE=2022-03-02T10:00:00+00:00
AIRFLOW_CTX_DAG_RUN_ID=scheduled__2022-03-02T10:00:00+00:00
[2022-06-06 16:57:46,814] {bigquery.py:680} INFO - Executing: 
    SELECT 
      gh.*,
      hn.* except (date, github_repo)
    FROM
      `airflow-project-352316.github_curated.github_agg` gh
    LEFT JOIN 
      `airflow-project-352316.github_curated.hackernews_agg` hn
    ON hn.github_repo = gh.github_repo and hn.date = gh.date
    WHERE hn.score is not null
    
[2022-06-06 16:57:46,822] {logging_mixin.py:104} WARNING - /home/airflow/.local/lib/python3.6/site-packages/airflow/providers/google/cloud/hooks/bigquery.py:2052 DeprecationWarning: This method is deprecated. Please use `BigQueryHook.insert_job` method.
[2022-06-06 16:57:46,830] {bigquery.py:1510} INFO - Inserting job airflow_1654534666829910_cfad98687eff6246d49f73f415b9556f
[2022-06-06 16:57:50,461] {taskinstance.py:1166} INFO - Marking task as SUCCESS. dag_id=gbq_pipeline, task_id=write_append_join_table, execution_date=20220302T100000, start_date=20220606T165746, end_date=20220606T165750
[2022-06-06 16:57:50,489] {taskinstance.py:1220} INFO - 1 downstream tasks scheduled from follow-on schedule check
[2022-06-06 16:57:50,517] {local_task_job.py:146} INFO - Task exited with return code 0
[2022-06-06 16:59:55,588] {taskinstance.py:851} INFO - Dependencies all met for <TaskInstance: gbq_pipeline.write_append_join_table 2022-03-02T10:00:00+00:00 [queued]>
[2022-06-06 16:59:55,598] {taskinstance.py:851} INFO - Dependencies all met for <TaskInstance: gbq_pipeline.write_append_join_table 2022-03-02T10:00:00+00:00 [queued]>
[2022-06-06 16:59:55,598] {taskinstance.py:1042} INFO - 
--------------------------------------------------------------------------------
[2022-06-06 16:59:55,599] {taskinstance.py:1043} INFO - Starting attempt 1 of 3
[2022-06-06 16:59:55,599] {taskinstance.py:1044} INFO - 
--------------------------------------------------------------------------------
[2022-06-06 16:59:55,609] {taskinstance.py:1063} INFO - Executing <Task(BigQueryOperator): write_append_join_table> on 2022-03-02T10:00:00+00:00
[2022-06-06 16:59:55,612] {standard_task_runner.py:52} INFO - Started process 738 to run task
[2022-06-06 16:59:55,615] {standard_task_runner.py:76} INFO - Running: ['airflow', 'tasks', 'run', 'gbq_pipeline', 'write_append_join_table', '2022-03-02T10:00:00+00:00', '--job-id', '545', '--pool', 'default_pool', '--raw', '--subdir', 'DAGS_FOLDER/gbq_pipeline.py', '--cfg-path', '/tmp/tmptdjds4g9', '--error-file', '/tmp/tmpqtoiu9ke']
[2022-06-06 16:59:55,617] {standard_task_runner.py:77} INFO - Job 545: Subtask write_append_join_table
[2022-06-06 16:59:55,652] {logging_mixin.py:104} INFO - Running <TaskInstance: gbq_pipeline.write_append_join_table 2022-03-02T10:00:00+00:00 [running]> on host c40819a450e3
[2022-06-06 16:59:55,683] {taskinstance.py:1257} INFO - Exporting the following env vars:
AIRFLOW_CTX_DAG_EMAIL=airflow@airflow.com
AIRFLOW_CTX_DAG_OWNER=vanmai-airflow
AIRFLOW_CTX_DAG_ID=gbq_pipeline
AIRFLOW_CTX_TASK_ID=write_append_join_table
AIRFLOW_CTX_EXECUTION_DATE=2022-03-02T10:00:00+00:00
AIRFLOW_CTX_DAG_RUN_ID=scheduled__2022-03-02T10:00:00+00:00
[2022-06-06 16:59:55,685] {bigquery.py:680} INFO - Executing: 
    SELECT 
      gh.*,
      hn.* except (date, github_repo)
    FROM
      `airflow-project-352316.github_curated.github_agg` gh
    LEFT JOIN 
      `airflow-project-352316.github_curated.hackernews_agg` hn
    ON hn.github_repo = gh.github_repo and hn.date = gh.date
    WHERE hn.score is not null
    
[2022-06-06 16:59:55,694] {logging_mixin.py:104} WARNING - /home/airflow/.local/lib/python3.6/site-packages/airflow/providers/google/cloud/hooks/bigquery.py:2052 DeprecationWarning: This method is deprecated. Please use `BigQueryHook.insert_job` method.
[2022-06-06 16:59:55,701] {bigquery.py:1510} INFO - Inserting job airflow_1654534795700603_cfad98687eff6246d49f73f415b9556f
[2022-06-06 16:59:59,993] {taskinstance.py:1166} INFO - Marking task as SUCCESS. dag_id=gbq_pipeline, task_id=write_append_join_table, execution_date=20220302T100000, start_date=20220606T165955, end_date=20220606T165959
[2022-06-06 17:00:00,015] {taskinstance.py:1220} INFO - 1 downstream tasks scheduled from follow-on schedule check
[2022-06-06 17:00:00,047] {local_task_job.py:146} INFO - Task exited with return code 0
