[2022-06-06 15:15:01,113] {taskinstance.py:851} INFO - Dependencies all met for <TaskInstance: gbq_pipeline.write_truncate_hackernews_agg 2022-06-03T10:00:00+00:00 [queued]>
[2022-06-06 15:15:01,140] {taskinstance.py:851} INFO - Dependencies all met for <TaskInstance: gbq_pipeline.write_truncate_hackernews_agg 2022-06-03T10:00:00+00:00 [queued]>
[2022-06-06 15:15:01,140] {taskinstance.py:1042} INFO - 
--------------------------------------------------------------------------------
[2022-06-06 15:15:01,141] {taskinstance.py:1043} INFO - Starting attempt 2 of 4
[2022-06-06 15:15:01,141] {taskinstance.py:1044} INFO - 
--------------------------------------------------------------------------------
[2022-06-06 15:15:01,153] {taskinstance.py:1063} INFO - Executing <Task(BigQueryOperator): write_truncate_hackernews_agg> on 2022-06-03T10:00:00+00:00
[2022-06-06 15:15:01,159] {standard_task_runner.py:52} INFO - Started process 169 to run task
[2022-06-06 15:15:01,164] {standard_task_runner.py:76} INFO - Running: ['airflow', 'tasks', 'run', 'gbq_pipeline', 'write_truncate_hackernews_agg', '2022-06-03T10:00:00+00:00', '--job-id', '353', '--pool', 'default_pool', '--raw', '--subdir', 'DAGS_FOLDER/gbq_pipeline.py', '--cfg-path', '/tmp/tmpp7hg_6pf', '--error-file', '/tmp/tmpqyfb659j']
[2022-06-06 15:15:01,168] {standard_task_runner.py:77} INFO - Job 353: Subtask write_truncate_hackernews_agg
[2022-06-06 15:15:01,223] {logging_mixin.py:104} INFO - Running <TaskInstance: gbq_pipeline.write_truncate_hackernews_agg 2022-06-03T10:00:00+00:00 [running]> on host c40819a450e3
[2022-06-06 15:15:01,267] {taskinstance.py:1257} INFO - Exporting the following env vars:
AIRFLOW_CTX_DAG_EMAIL=airflow@airflow.com
AIRFLOW_CTX_DAG_OWNER=vanmai-airflow
AIRFLOW_CTX_DAG_ID=gbq_pipeline
AIRFLOW_CTX_TASK_ID=write_truncate_hackernews_agg
AIRFLOW_CTX_EXECUTION_DATE=2022-06-03T10:00:00+00:00
AIRFLOW_CTX_DAG_RUN_ID=scheduled__2022-06-03T10:00:00+00:00
[2022-06-06 15:15:01,268] {bigquery.py:680} INFO - Executing: 
    SELECT
      FORMAT_TIMESTAMP("%Y%m%d", timestamp) AS date,
      `by` AS user,
      id as story_id,
      REGEXP_EXTRACT(url, "(https?://github.com/[^/]*/[^/#?]*)") as github_repo,
      type,
      length(text) length,
      SUM(score) as score
    FROM
      `bigquery-public-data.hacker_news.full`
    WHERE TRUE
      AND FORMAT_TIMESTAMP("%Y%m%d", timestamp) = '20220603'
      AND url LIKE '%https://github.com%'
      AND url NOT LIKE '%github.com/blog/%'
    GROUP BY 1,2,3,4,5,6
    
[2022-06-06 15:15:01,278] {logging_mixin.py:104} WARNING - /home/airflow/.local/lib/python3.6/site-packages/airflow/providers/google/cloud/hooks/bigquery.py:2052 DeprecationWarning: This method is deprecated. Please use `BigQueryHook.insert_job` method.
[2022-06-06 15:15:01,286] {bigquery.py:1510} INFO - Inserting job airflow_1654528501285831_3f6d4f44f0dac35be568987cbfc59168
[2022-06-06 15:15:05,747] {taskinstance.py:1166} INFO - Marking task as SUCCESS. dag_id=gbq_pipeline, task_id=write_truncate_hackernews_agg, execution_date=20220603T100000, start_date=20220606T151501, end_date=20220606T151505
[2022-06-06 15:15:05,776] {taskinstance.py:1220} INFO - 0 downstream tasks scheduled from follow-on schedule check
[2022-06-06 15:15:05,798] {local_task_job.py:146} INFO - Task exited with return code 0
[2022-06-06 20:01:58,645] {taskinstance.py:851} INFO - Dependencies all met for <TaskInstance: gbq_pipeline.write_truncate_hackernews_agg 2022-06-03T10:00:00+00:00 [queued]>
[2022-06-06 20:01:58,662] {taskinstance.py:851} INFO - Dependencies all met for <TaskInstance: gbq_pipeline.write_truncate_hackernews_agg 2022-06-03T10:00:00+00:00 [queued]>
[2022-06-06 20:01:58,662] {taskinstance.py:1042} INFO - 
--------------------------------------------------------------------------------
[2022-06-06 20:01:58,663] {taskinstance.py:1043} INFO - Starting attempt 2 of 3
[2022-06-06 20:01:58,663] {taskinstance.py:1044} INFO - 
--------------------------------------------------------------------------------
[2022-06-06 20:01:58,672] {taskinstance.py:1063} INFO - Executing <Task(BigQueryOperator): write_truncate_hackernews_agg> on 2022-06-03T10:00:00+00:00
[2022-06-06 20:01:58,676] {standard_task_runner.py:52} INFO - Started process 264 to run task
[2022-06-06 20:01:58,678] {standard_task_runner.py:76} INFO - Running: ['airflow', 'tasks', 'run', 'gbq_pipeline', 'write_truncate_hackernews_agg', '2022-06-03T10:00:00+00:00', '--job-id', '845', '--pool', 'default_pool', '--raw', '--subdir', 'DAGS_FOLDER/gbq_pipeline.py', '--cfg-path', '/tmp/tmpybm9q_o1', '--error-file', '/tmp/tmpopcepki5']
[2022-06-06 20:01:58,679] {standard_task_runner.py:77} INFO - Job 845: Subtask write_truncate_hackernews_agg
[2022-06-06 20:01:58,707] {logging_mixin.py:104} INFO - Running <TaskInstance: gbq_pipeline.write_truncate_hackernews_agg 2022-06-03T10:00:00+00:00 [running]> on host e8b9b26156db
[2022-06-06 20:01:58,734] {taskinstance.py:1257} INFO - Exporting the following env vars:
AIRFLOW_CTX_DAG_EMAIL=airflow@airflow.com
AIRFLOW_CTX_DAG_OWNER=vanmai-airflow
AIRFLOW_CTX_DAG_ID=gbq_pipeline
AIRFLOW_CTX_TASK_ID=write_truncate_hackernews_agg
AIRFLOW_CTX_EXECUTION_DATE=2022-06-03T10:00:00+00:00
AIRFLOW_CTX_DAG_RUN_ID=scheduled__2022-06-03T10:00:00+00:00
[2022-06-06 20:01:58,735] {bigquery.py:680} INFO - Executing: 
    SELECT
      FORMAT_TIMESTAMP("%Y%m%d", timestamp) AS date,
      `by` AS user,
      REGEXP_EXTRACT(url, "(https?://github.com/[^/]*/[^/#?]*)") as github_repo,
      SUM(score) as score
    FROM
      `bigquery-public-data.hacker_news.full`
    WHERE TRUE
      AND FORMAT_TIMESTAMP("%Y%m%d", timestamp) = '20220603'
      AND url LIKE '%https://github.com%'
      AND url NOT LIKE '%github.com/blog/%'
    GROUP BY 1,2,3
    
[2022-06-06 20:01:58,742] {logging_mixin.py:104} WARNING - /home/airflow/.local/lib/python3.6/site-packages/airflow/providers/google/cloud/hooks/bigquery.py:2052 DeprecationWarning: This method is deprecated. Please use `BigQueryHook.insert_job` method.
[2022-06-06 20:01:58,748] {bigquery.py:1510} INFO - Inserting job airflow_1654545718748357_5d58fbc0aa8d2c74ac380bfb6f64c263
[2022-06-06 20:02:03,078] {taskinstance.py:1166} INFO - Marking task as SUCCESS. dag_id=gbq_pipeline, task_id=write_truncate_hackernews_agg, execution_date=20220603T100000, start_date=20220606T200158, end_date=20220606T200203
[2022-06-06 20:02:03,110] {taskinstance.py:1220} INFO - 0 downstream tasks scheduled from follow-on schedule check
[2022-06-06 20:02:03,156] {local_task_job.py:146} INFO - Task exited with return code 0
