[2022-06-06 17:24:50,130] {taskinstance.py:851} INFO - Dependencies all met for <TaskInstance: gbq_pipeline.write_truncate_github_agg 2022-05-03T10:00:00+00:00 [queued]>
[2022-06-06 17:24:50,150] {taskinstance.py:851} INFO - Dependencies all met for <TaskInstance: gbq_pipeline.write_truncate_github_agg 2022-05-03T10:00:00+00:00 [queued]>
[2022-06-06 17:24:50,150] {taskinstance.py:1042} INFO - 
--------------------------------------------------------------------------------
[2022-06-06 17:24:50,151] {taskinstance.py:1043} INFO - Starting attempt 1 of 3
[2022-06-06 17:24:50,151] {taskinstance.py:1044} INFO - 
--------------------------------------------------------------------------------
[2022-06-06 17:24:50,160] {taskinstance.py:1063} INFO - Executing <Task(BigQueryOperator): write_truncate_github_agg> on 2022-05-03T10:00:00+00:00
[2022-06-06 17:24:50,167] {standard_task_runner.py:76} INFO - Running: ['airflow', 'tasks', 'run', 'gbq_pipeline', 'write_truncate_github_agg', '2022-05-03T10:00:00+00:00', '--job-id', '696', '--pool', 'default_pool', '--raw', '--subdir', 'DAGS_FOLDER/gbq_pipeline.py', '--cfg-path', '/tmp/tmpj84dcysb', '--error-file', '/tmp/tmpavrzlkbd']
[2022-06-06 17:24:50,165] {standard_task_runner.py:52} INFO - Started process 189 to run task
[2022-06-06 17:24:50,170] {standard_task_runner.py:77} INFO - Job 696: Subtask write_truncate_github_agg
[2022-06-06 17:24:50,204] {logging_mixin.py:104} INFO - Running <TaskInstance: gbq_pipeline.write_truncate_github_agg 2022-05-03T10:00:00+00:00 [running]> on host f3f1e04b5b71
[2022-06-06 17:24:50,233] {taskinstance.py:1257} INFO - Exporting the following env vars:
AIRFLOW_CTX_DAG_EMAIL=airflow@airflow.com
AIRFLOW_CTX_DAG_OWNER=vanmai-airflow
AIRFLOW_CTX_DAG_ID=gbq_pipeline
AIRFLOW_CTX_TASK_ID=write_truncate_github_agg
AIRFLOW_CTX_EXECUTION_DATE=2022-05-03T10:00:00+00:00
AIRFLOW_CTX_DAG_RUN_ID=scheduled__2022-05-03T10:00:00+00:00
[2022-06-06 17:24:50,234] {bigquery.py:680} INFO - Executing: 
        with cte as
        (
          SELECT
            FORMAT_TIMESTAMP("%Y%m%d", created_at) AS date,
            actor.id as actor_id,
            CONCAT('https://github.com/', repo.name) as github_repo,
            type
          FROM
            `githubarchive.day.20220503`
        )

        SELECT
          date,
          github_repo,
          count(IF(type='WatchEvent', type, NULL)) AS subs,
          count(IF(type='PushEvent',  type, NULL)) AS pushes,
          count(IF(type='PullRequestEvent',  type, NULL)) AS pullrequests,
          count(IF(type='ForkEvent',  type, NULL)) AS copies,
          count(IF(type in ('IssueCommentEvent','CommitCommentEvent','PullRequestReviewCommentEvent'),  type, NULL)) AS comments,
          count(*) AS all_event
        FROM cte
        GROUP BY 1,2
        ORDER BY all_event desc
        
[2022-06-06 17:24:50,243] {logging_mixin.py:104} WARNING - /home/airflow/.local/lib/python3.6/site-packages/airflow/providers/google/cloud/hooks/bigquery.py:2052 DeprecationWarning: This method is deprecated. Please use `BigQueryHook.insert_job` method.
[2022-06-06 17:24:50,250] {bigquery.py:1510} INFO - Inserting job airflow_1654536290249736_cb52d19f77e31cb761cd88e74c2860b8
[2022-06-06 17:24:56,578] {taskinstance.py:1166} INFO - Marking task as SUCCESS. dag_id=gbq_pipeline, task_id=write_truncate_github_agg, execution_date=20220503T100000, start_date=20220606T172450, end_date=20220606T172456
[2022-06-06 17:24:56,606] {taskinstance.py:1220} INFO - 0 downstream tasks scheduled from follow-on schedule check
[2022-06-06 17:24:56,621] {local_task_job.py:146} INFO - Task exited with return code 0
[2022-06-06 17:27:22,896] {taskinstance.py:851} INFO - Dependencies all met for <TaskInstance: gbq_pipeline.write_truncate_github_agg 2022-05-03T10:00:00+00:00 [queued]>
[2022-06-06 17:27:22,915] {taskinstance.py:851} INFO - Dependencies all met for <TaskInstance: gbq_pipeline.write_truncate_github_agg 2022-05-03T10:00:00+00:00 [queued]>
[2022-06-06 17:27:22,915] {taskinstance.py:1042} INFO - 
--------------------------------------------------------------------------------
[2022-06-06 17:27:22,915] {taskinstance.py:1043} INFO - Starting attempt 1 of 3
[2022-06-06 17:27:22,916] {taskinstance.py:1044} INFO - 
--------------------------------------------------------------------------------
[2022-06-06 17:27:22,921] {taskinstance.py:1063} INFO - Executing <Task(BigQueryOperator): write_truncate_github_agg> on 2022-05-03T10:00:00+00:00
[2022-06-06 17:27:22,929] {standard_task_runner.py:76} INFO - Running: ['airflow', 'tasks', 'run', 'gbq_pipeline', 'write_truncate_github_agg', '2022-05-03T10:00:00+00:00', '--job-id', '709', '--pool', 'default_pool', '--raw', '--subdir', 'DAGS_FOLDER/gbq_pipeline.py', '--cfg-path', '/tmp/tmpxouwwdhd', '--error-file', '/tmp/tmpaxx56xef']
[2022-06-06 17:27:22,926] {standard_task_runner.py:52} INFO - Started process 228 to run task
[2022-06-06 17:27:22,931] {standard_task_runner.py:77} INFO - Job 709: Subtask write_truncate_github_agg
[2022-06-06 17:27:22,964] {logging_mixin.py:104} INFO - Running <TaskInstance: gbq_pipeline.write_truncate_github_agg 2022-05-03T10:00:00+00:00 [running]> on host f3f1e04b5b71
[2022-06-06 17:27:22,996] {taskinstance.py:1257} INFO - Exporting the following env vars:
AIRFLOW_CTX_DAG_EMAIL=airflow@airflow.com
AIRFLOW_CTX_DAG_OWNER=vanmai-airflow
AIRFLOW_CTX_DAG_ID=gbq_pipeline
AIRFLOW_CTX_TASK_ID=write_truncate_github_agg
AIRFLOW_CTX_EXECUTION_DATE=2022-05-03T10:00:00+00:00
AIRFLOW_CTX_DAG_RUN_ID=scheduled__2022-05-03T10:00:00+00:00
[2022-06-06 17:27:22,997] {bigquery.py:680} INFO - Executing: 
        with cte as
        (
          SELECT
            FORMAT_TIMESTAMP("%Y%m%d", created_at) AS date,
            actor.id as actor_id,
            CONCAT('https://github.com/', repo.name) as github_repo,
            type
          FROM
            `githubarchive.day.20220503`
        )

        SELECT
          date,
          github_repo,
          count(IF(type='WatchEvent', type, NULL)) AS subs,
          count(IF(type='PushEvent',  type, NULL)) AS pushes,
          count(IF(type='PullRequestEvent',  type, NULL)) AS pullrequests,
          count(IF(type='ForkEvent',  type, NULL)) AS copies,
          count(IF(type in ('IssueCommentEvent','CommitCommentEvent','PullRequestReviewCommentEvent'),  type, NULL)) AS comments,
          count(*) AS all_event
        FROM cte
        GROUP BY 1,2
        ORDER BY all_event desc
        
[2022-06-06 17:27:23,005] {logging_mixin.py:104} WARNING - /home/airflow/.local/lib/python3.6/site-packages/airflow/providers/google/cloud/hooks/bigquery.py:2052 DeprecationWarning: This method is deprecated. Please use `BigQueryHook.insert_job` method.
[2022-06-06 17:27:23,012] {bigquery.py:1510} INFO - Inserting job airflow_1654536443012369_cb52d19f77e31cb761cd88e74c2860b8
[2022-06-06 17:27:28,950] {taskinstance.py:1166} INFO - Marking task as SUCCESS. dag_id=gbq_pipeline, task_id=write_truncate_github_agg, execution_date=20220503T100000, start_date=20220606T172722, end_date=20220606T172728
[2022-06-06 17:27:28,982] {taskinstance.py:1220} INFO - 0 downstream tasks scheduled from follow-on schedule check
[2022-06-06 17:27:29,005] {local_task_job.py:146} INFO - Task exited with return code 0
[2022-06-06 17:40:55,634] {taskinstance.py:851} INFO - Dependencies all met for <TaskInstance: gbq_pipeline.write_truncate_github_agg 2022-05-03T10:00:00+00:00 [queued]>
[2022-06-06 17:40:55,657] {taskinstance.py:851} INFO - Dependencies all met for <TaskInstance: gbq_pipeline.write_truncate_github_agg 2022-05-03T10:00:00+00:00 [queued]>
[2022-06-06 17:40:55,657] {taskinstance.py:1042} INFO - 
--------------------------------------------------------------------------------
[2022-06-06 17:40:55,658] {taskinstance.py:1043} INFO - Starting attempt 1 of 3
[2022-06-06 17:40:55,658] {taskinstance.py:1044} INFO - 
--------------------------------------------------------------------------------
[2022-06-06 17:40:55,663] {taskinstance.py:1063} INFO - Executing <Task(BigQueryOperator): write_truncate_github_agg> on 2022-05-03T10:00:00+00:00
[2022-06-06 17:40:55,667] {standard_task_runner.py:52} INFO - Started process 322 to run task
[2022-06-06 17:40:55,670] {standard_task_runner.py:76} INFO - Running: ['airflow', 'tasks', 'run', 'gbq_pipeline', 'write_truncate_github_agg', '2022-05-03T10:00:00+00:00', '--job-id', '741', '--pool', 'default_pool', '--raw', '--subdir', 'DAGS_FOLDER/gbq_pipeline.py', '--cfg-path', '/tmp/tmpz9t2bnc_', '--error-file', '/tmp/tmpegd68_qo']
[2022-06-06 17:40:55,672] {standard_task_runner.py:77} INFO - Job 741: Subtask write_truncate_github_agg
[2022-06-06 17:40:55,706] {logging_mixin.py:104} INFO - Running <TaskInstance: gbq_pipeline.write_truncate_github_agg 2022-05-03T10:00:00+00:00 [running]> on host f3f1e04b5b71
[2022-06-06 17:40:55,738] {taskinstance.py:1257} INFO - Exporting the following env vars:
AIRFLOW_CTX_DAG_EMAIL=airflow@airflow.com
AIRFLOW_CTX_DAG_OWNER=vanmai-airflow
AIRFLOW_CTX_DAG_ID=gbq_pipeline
AIRFLOW_CTX_TASK_ID=write_truncate_github_agg
AIRFLOW_CTX_EXECUTION_DATE=2022-05-03T10:00:00+00:00
AIRFLOW_CTX_DAG_RUN_ID=scheduled__2022-05-03T10:00:00+00:00
[2022-06-06 17:40:55,739] {bigquery.py:680} INFO - Executing: 
        with cte as
        (
          SELECT
            FORMAT_TIMESTAMP("%Y%m%d", created_at) AS date,
            actor.id as actor_id,
            CONCAT('https://github.com/', repo.name) as github_repo,
            type
          FROM
            `githubarchive.day.20220503`
        )

        SELECT
          date,
          github_repo,
          count(IF(type='WatchEvent', type, NULL)) AS subs,
          count(IF(type='PushEvent',  type, NULL)) AS pushes,
          count(IF(type='PullRequestEvent',  type, NULL)) AS pullrequests,
          count(IF(type='ForkEvent',  type, NULL)) AS copies,
          count(IF(type in ('IssueCommentEvent','CommitCommentEvent','PullRequestReviewCommentEvent'),  type, NULL)) AS comments,
          count(*) AS all_event
        FROM cte
        GROUP BY 1,2
        ORDER BY all_event desc
        
[2022-06-06 17:40:55,747] {logging_mixin.py:104} WARNING - /home/airflow/.local/lib/python3.6/site-packages/airflow/providers/google/cloud/hooks/bigquery.py:2052 DeprecationWarning: This method is deprecated. Please use `BigQueryHook.insert_job` method.
[2022-06-06 17:40:55,757] {bigquery.py:1510} INFO - Inserting job airflow_1654537255756467_cb52d19f77e31cb761cd88e74c2860b8
[2022-06-06 17:41:01,705] {taskinstance.py:1166} INFO - Marking task as SUCCESS. dag_id=gbq_pipeline, task_id=write_truncate_github_agg, execution_date=20220503T100000, start_date=20220606T174055, end_date=20220606T174101
[2022-06-06 17:41:01,733] {taskinstance.py:1220} INFO - 0 downstream tasks scheduled from follow-on schedule check
[2022-06-06 17:41:01,750] {local_task_job.py:146} INFO - Task exited with return code 0
