[2022-06-05 13:51:33,690] {taskinstance.py:851} INFO - Dependencies all met for <TaskInstance: tutorial.sleep 2022-06-04T00:00:00+00:00 [queued]>
[2022-06-05 13:51:33,701] {taskinstance.py:851} INFO - Dependencies all met for <TaskInstance: tutorial.sleep 2022-06-04T00:00:00+00:00 [queued]>
[2022-06-05 13:51:33,702] {taskinstance.py:1042} INFO - 
--------------------------------------------------------------------------------
[2022-06-05 13:51:33,702] {taskinstance.py:1043} INFO - Starting attempt 1 of 4
[2022-06-05 13:51:33,703] {taskinstance.py:1044} INFO - 
--------------------------------------------------------------------------------
[2022-06-05 13:51:33,710] {taskinstance.py:1063} INFO - Executing <Task(BashOperator): sleep> on 2022-06-04T00:00:00+00:00
[2022-06-05 13:51:33,714] {standard_task_runner.py:52} INFO - Started process 58 to run task
[2022-06-05 13:51:33,717] {standard_task_runner.py:76} INFO - Running: ['airflow', 'tasks', 'run', 'tutorial', 'sleep', '2022-06-04T00:00:00+00:00', '--job-id', '6', '--pool', 'default_pool', '--raw', '--subdir', '/home/airflow/.local/lib/python3.6/site-packages/airflow/example_dags/tutorial.py', '--cfg-path', '/tmp/tmpy55_g96q', '--error-file', '/tmp/tmp97qbn2rl']
[2022-06-05 13:51:33,717] {standard_task_runner.py:77} INFO - Job 6: Subtask sleep
[2022-06-05 13:51:33,749] {logging_mixin.py:104} INFO - Running <TaskInstance: tutorial.sleep 2022-06-04T00:00:00+00:00 [running]> on host 5cf8fffa1cb6
[2022-06-05 13:51:33,777] {taskinstance.py:1257} INFO - Exporting the following env vars:
AIRFLOW_CTX_DAG_EMAIL=airflow@example.com
AIRFLOW_CTX_DAG_OWNER=airflow
AIRFLOW_CTX_DAG_ID=tutorial
AIRFLOW_CTX_TASK_ID=sleep
AIRFLOW_CTX_EXECUTION_DATE=2022-06-04T00:00:00+00:00
AIRFLOW_CTX_DAG_RUN_ID=scheduled__2022-06-04T00:00:00+00:00
[2022-06-05 13:51:33,778] {bash.py:135} INFO - Tmp dir root location: 
 /tmp
[2022-06-05 13:51:33,778] {bash.py:158} INFO - Running command: sleep 5
[2022-06-05 13:51:33,784] {bash.py:169} INFO - Output:
[2022-06-05 13:51:38,786] {bash.py:177} INFO - Command exited with return code 0
[2022-06-05 13:51:38,885] {taskinstance.py:1166} INFO - Marking task as SUCCESS. dag_id=tutorial, task_id=sleep, execution_date=20220604T000000, start_date=20220605T135133, end_date=20220605T135138
[2022-06-05 13:51:38,908] {taskinstance.py:1220} INFO - 0 downstream tasks scheduled from follow-on schedule check
[2022-06-05 13:51:38,946] {local_task_job.py:146} INFO - Task exited with return code 0
[2022-06-05 15:56:02,984] {taskinstance.py:851} INFO - Dependencies all met for <TaskInstance: tutorial.sleep 2022-06-04T00:00:00+00:00 [queued]>
[2022-06-05 15:56:02,998] {taskinstance.py:851} INFO - Dependencies all met for <TaskInstance: tutorial.sleep 2022-06-04T00:00:00+00:00 [queued]>
[2022-06-05 15:56:02,999] {taskinstance.py:1042} INFO - 
--------------------------------------------------------------------------------
[2022-06-05 15:56:02,999] {taskinstance.py:1043} INFO - Starting attempt 1 of 4
[2022-06-05 15:56:02,999] {taskinstance.py:1044} INFO - 
--------------------------------------------------------------------------------
[2022-06-05 15:56:03,006] {taskinstance.py:1063} INFO - Executing <Task(BashOperator): sleep> on 2022-06-04T00:00:00+00:00
[2022-06-05 15:56:03,010] {standard_task_runner.py:52} INFO - Started process 57 to run task
[2022-06-05 15:56:03,015] {standard_task_runner.py:76} INFO - Running: ['airflow', 'tasks', 'run', 'tutorial', 'sleep', '2022-06-04T00:00:00+00:00', '--job-id', '154', '--pool', 'default_pool', '--raw', '--subdir', '/home/airflow/.local/lib/python3.6/site-packages/airflow/example_dags/tutorial.py', '--cfg-path', '/tmp/tmp6jn7rocr', '--error-file', '/tmp/tmpl8n8azm0']
[2022-06-05 15:56:03,015] {standard_task_runner.py:77} INFO - Job 154: Subtask sleep
[2022-06-05 15:56:03,050] {logging_mixin.py:104} INFO - Running <TaskInstance: tutorial.sleep 2022-06-04T00:00:00+00:00 [running]> on host ac670bc0c637
[2022-06-05 15:56:03,082] {taskinstance.py:1257} INFO - Exporting the following env vars:
AIRFLOW_CTX_DAG_EMAIL=airflow@example.com
AIRFLOW_CTX_DAG_OWNER=airflow
AIRFLOW_CTX_DAG_ID=tutorial
AIRFLOW_CTX_TASK_ID=sleep
AIRFLOW_CTX_EXECUTION_DATE=2022-06-04T00:00:00+00:00
AIRFLOW_CTX_DAG_RUN_ID=scheduled__2022-06-04T00:00:00+00:00
[2022-06-05 15:56:03,083] {bash.py:135} INFO - Tmp dir root location: 
 /tmp
[2022-06-05 15:56:03,084] {bash.py:158} INFO - Running command: sleep 5
[2022-06-05 15:56:03,090] {bash.py:169} INFO - Output:
[2022-06-05 15:56:08,092] {bash.py:177} INFO - Command exited with return code 0
[2022-06-05 15:56:08,114] {taskinstance.py:1166} INFO - Marking task as SUCCESS. dag_id=tutorial, task_id=sleep, execution_date=20220604T000000, start_date=20220605T155602, end_date=20220605T155608
[2022-06-05 15:56:08,135] {taskinstance.py:1220} INFO - 0 downstream tasks scheduled from follow-on schedule check
[2022-06-05 15:56:08,162] {local_task_job.py:146} INFO - Task exited with return code 0
