[2022-06-05 13:51:33,698] {taskinstance.py:851} INFO - Dependencies all met for <TaskInstance: tutorial.templated 2022-06-03T00:00:00+00:00 [queued]>
[2022-06-05 13:51:33,711] {taskinstance.py:851} INFO - Dependencies all met for <TaskInstance: tutorial.templated 2022-06-03T00:00:00+00:00 [queued]>
[2022-06-05 13:51:33,712] {taskinstance.py:1042} INFO - 
--------------------------------------------------------------------------------
[2022-06-05 13:51:33,712] {taskinstance.py:1043} INFO - Starting attempt 1 of 2
[2022-06-05 13:51:33,713] {taskinstance.py:1044} INFO - 
--------------------------------------------------------------------------------
[2022-06-05 13:51:33,721] {taskinstance.py:1063} INFO - Executing <Task(BashOperator): templated> on 2022-06-03T00:00:00+00:00
[2022-06-05 13:51:33,725] {standard_task_runner.py:52} INFO - Started process 59 to run task
[2022-06-05 13:51:33,727] {standard_task_runner.py:76} INFO - Running: ['airflow', 'tasks', 'run', 'tutorial', 'templated', '2022-06-03T00:00:00+00:00', '--job-id', '7', '--pool', 'default_pool', '--raw', '--subdir', '/home/airflow/.local/lib/python3.6/site-packages/airflow/example_dags/tutorial.py', '--cfg-path', '/tmp/tmp3jm_tsp2', '--error-file', '/tmp/tmpfadx6ons']
[2022-06-05 13:51:33,728] {standard_task_runner.py:77} INFO - Job 7: Subtask templated
[2022-06-05 13:51:33,761] {logging_mixin.py:104} INFO - Running <TaskInstance: tutorial.templated 2022-06-03T00:00:00+00:00 [running]> on host 5cf8fffa1cb6
[2022-06-05 13:51:33,794] {taskinstance.py:1257} INFO - Exporting the following env vars:
AIRFLOW_CTX_DAG_EMAIL=airflow@example.com
AIRFLOW_CTX_DAG_OWNER=airflow
AIRFLOW_CTX_DAG_ID=tutorial
AIRFLOW_CTX_TASK_ID=templated
AIRFLOW_CTX_EXECUTION_DATE=2022-06-03T00:00:00+00:00
AIRFLOW_CTX_DAG_RUN_ID=scheduled__2022-06-03T00:00:00+00:00
[2022-06-05 13:51:33,795] {bash.py:135} INFO - Tmp dir root location: 
 /tmp
[2022-06-05 13:51:33,796] {bash.py:158} INFO - Running command: 

    echo "2022-06-03"
    echo "2022-06-10"
    echo "Parameter I passed in"

    echo "2022-06-03"
    echo "2022-06-10"
    echo "Parameter I passed in"

    echo "2022-06-03"
    echo "2022-06-10"
    echo "Parameter I passed in"

    echo "2022-06-03"
    echo "2022-06-10"
    echo "Parameter I passed in"

    echo "2022-06-03"
    echo "2022-06-10"
    echo "Parameter I passed in"

[2022-06-05 13:51:33,802] {bash.py:169} INFO - Output:
[2022-06-05 13:51:33,802] {bash.py:173} INFO - 2022-06-03
[2022-06-05 13:51:33,802] {bash.py:173} INFO - 2022-06-10
[2022-06-05 13:51:33,803] {bash.py:173} INFO - Parameter I passed in
[2022-06-05 13:51:33,803] {bash.py:173} INFO - 2022-06-03
[2022-06-05 13:51:33,803] {bash.py:173} INFO - 2022-06-10
[2022-06-05 13:51:33,803] {bash.py:173} INFO - Parameter I passed in
[2022-06-05 13:51:33,803] {bash.py:173} INFO - 2022-06-03
[2022-06-05 13:51:33,803] {bash.py:173} INFO - 2022-06-10
[2022-06-05 13:51:33,804] {bash.py:173} INFO - Parameter I passed in
[2022-06-05 13:51:33,804] {bash.py:173} INFO - 2022-06-03
[2022-06-05 13:51:33,804] {bash.py:173} INFO - 2022-06-10
[2022-06-05 13:51:33,804] {bash.py:173} INFO - Parameter I passed in
[2022-06-05 13:51:33,804] {bash.py:173} INFO - 2022-06-03
[2022-06-05 13:51:33,805] {bash.py:173} INFO - 2022-06-10
[2022-06-05 13:51:33,805] {bash.py:173} INFO - Parameter I passed in
[2022-06-05 13:51:33,805] {bash.py:177} INFO - Command exited with return code 0
[2022-06-05 13:51:33,824] {taskinstance.py:1166} INFO - Marking task as SUCCESS. dag_id=tutorial, task_id=templated, execution_date=20220603T000000, start_date=20220605T135133, end_date=20220605T135133
[2022-06-05 13:51:33,843] {taskinstance.py:1220} INFO - 0 downstream tasks scheduled from follow-on schedule check
[2022-06-05 13:51:33,861] {local_task_job.py:146} INFO - Task exited with return code 0
[2022-06-05 15:56:02,999] {taskinstance.py:851} INFO - Dependencies all met for <TaskInstance: tutorial.templated 2022-06-03T00:00:00+00:00 [queued]>
[2022-06-05 15:56:03,013] {taskinstance.py:851} INFO - Dependencies all met for <TaskInstance: tutorial.templated 2022-06-03T00:00:00+00:00 [queued]>
[2022-06-05 15:56:03,013] {taskinstance.py:1042} INFO - 
--------------------------------------------------------------------------------
[2022-06-05 15:56:03,014] {taskinstance.py:1043} INFO - Starting attempt 1 of 2
[2022-06-05 15:56:03,014] {taskinstance.py:1044} INFO - 
--------------------------------------------------------------------------------
[2022-06-05 15:56:03,021] {taskinstance.py:1063} INFO - Executing <Task(BashOperator): templated> on 2022-06-03T00:00:00+00:00
[2022-06-05 15:56:03,024] {standard_task_runner.py:52} INFO - Started process 58 to run task
[2022-06-05 15:56:03,027] {standard_task_runner.py:76} INFO - Running: ['airflow', 'tasks', 'run', 'tutorial', 'templated', '2022-06-03T00:00:00+00:00', '--job-id', '155', '--pool', 'default_pool', '--raw', '--subdir', '/home/airflow/.local/lib/python3.6/site-packages/airflow/example_dags/tutorial.py', '--cfg-path', '/tmp/tmpzq9uk0n8', '--error-file', '/tmp/tmpciylkvha']
[2022-06-05 15:56:03,028] {standard_task_runner.py:77} INFO - Job 155: Subtask templated
[2022-06-05 15:56:03,064] {logging_mixin.py:104} INFO - Running <TaskInstance: tutorial.templated 2022-06-03T00:00:00+00:00 [running]> on host ac670bc0c637
[2022-06-05 15:56:03,102] {taskinstance.py:1257} INFO - Exporting the following env vars:
AIRFLOW_CTX_DAG_EMAIL=airflow@example.com
AIRFLOW_CTX_DAG_OWNER=airflow
AIRFLOW_CTX_DAG_ID=tutorial
AIRFLOW_CTX_TASK_ID=templated
AIRFLOW_CTX_EXECUTION_DATE=2022-06-03T00:00:00+00:00
AIRFLOW_CTX_DAG_RUN_ID=scheduled__2022-06-03T00:00:00+00:00
[2022-06-05 15:56:03,103] {bash.py:135} INFO - Tmp dir root location: 
 /tmp
[2022-06-05 15:56:03,104] {bash.py:158} INFO - Running command: 

    echo "2022-06-03"
    echo "2022-06-10"
    echo "Parameter I passed in"

    echo "2022-06-03"
    echo "2022-06-10"
    echo "Parameter I passed in"

    echo "2022-06-03"
    echo "2022-06-10"
    echo "Parameter I passed in"

    echo "2022-06-03"
    echo "2022-06-10"
    echo "Parameter I passed in"

    echo "2022-06-03"
    echo "2022-06-10"
    echo "Parameter I passed in"

[2022-06-05 15:56:03,110] {bash.py:169} INFO - Output:
[2022-06-05 15:56:03,111] {bash.py:173} INFO - 2022-06-03
[2022-06-05 15:56:03,111] {bash.py:173} INFO - 2022-06-10
[2022-06-05 15:56:03,112] {bash.py:173} INFO - Parameter I passed in
[2022-06-05 15:56:03,112] {bash.py:173} INFO - 2022-06-03
[2022-06-05 15:56:03,112] {bash.py:173} INFO - 2022-06-10
[2022-06-05 15:56:03,112] {bash.py:173} INFO - Parameter I passed in
[2022-06-05 15:56:03,112] {bash.py:173} INFO - 2022-06-03
[2022-06-05 15:56:03,113] {bash.py:173} INFO - 2022-06-10
[2022-06-05 15:56:03,113] {bash.py:173} INFO - Parameter I passed in
[2022-06-05 15:56:03,113] {bash.py:173} INFO - 2022-06-03
[2022-06-05 15:56:03,113] {bash.py:173} INFO - 2022-06-10
[2022-06-05 15:56:03,113] {bash.py:173} INFO - Parameter I passed in
[2022-06-05 15:56:03,114] {bash.py:173} INFO - 2022-06-03
[2022-06-05 15:56:03,114] {bash.py:173} INFO - 2022-06-10
[2022-06-05 15:56:03,114] {bash.py:173} INFO - Parameter I passed in
[2022-06-05 15:56:03,114] {bash.py:177} INFO - Command exited with return code 0
[2022-06-05 15:56:03,133] {taskinstance.py:1166} INFO - Marking task as SUCCESS. dag_id=tutorial, task_id=templated, execution_date=20220603T000000, start_date=20220605T155603, end_date=20220605T155603
[2022-06-05 15:56:03,151] {taskinstance.py:1220} INFO - 0 downstream tasks scheduled from follow-on schedule check
[2022-06-05 15:56:03,161] {local_task_job.py:146} INFO - Task exited with return code 0
