[2022-06-05 22:02:30,538] {taskinstance.py:851} INFO - Dependencies all met for <TaskInstance: vanmai-demo.t2_sleep_5s 2022-05-31T00:00:00+00:00 [queued]>
[2022-06-05 22:02:30,555] {taskinstance.py:851} INFO - Dependencies all met for <TaskInstance: vanmai-demo.t2_sleep_5s 2022-05-31T00:00:00+00:00 [queued]>
[2022-06-05 22:02:30,556] {taskinstance.py:1042} INFO - 
--------------------------------------------------------------------------------
[2022-06-05 22:02:30,556] {taskinstance.py:1043} INFO - Starting attempt 1 of 2
[2022-06-05 22:02:30,557] {taskinstance.py:1044} INFO - 
--------------------------------------------------------------------------------
[2022-06-05 22:02:30,568] {taskinstance.py:1063} INFO - Executing <Task(BashOperator): t2_sleep_5s> on 2022-05-31T00:00:00+00:00
[2022-06-05 22:02:30,573] {standard_task_runner.py:52} INFO - Started process 147 to run task
[2022-06-05 22:02:30,576] {standard_task_runner.py:76} INFO - Running: ['airflow', 'tasks', 'run', 'vanmai-demo', 't2_sleep_5s', '2022-05-31T00:00:00+00:00', '--job-id', '255', '--pool', 'default_pool', '--raw', '--subdir', 'DAGS_FOLDER/vanmai-demo.py', '--cfg-path', '/tmp/tmpdvwy4re7', '--error-file', '/tmp/tmpv5jp1urt']
[2022-06-05 22:02:30,577] {standard_task_runner.py:77} INFO - Job 255: Subtask t2_sleep_5s
[2022-06-05 22:02:30,626] {logging_mixin.py:104} INFO - Running <TaskInstance: vanmai-demo.t2_sleep_5s 2022-05-31T00:00:00+00:00 [running]> on host 173d5ef1e4be
[2022-06-05 22:02:30,680] {taskinstance.py:1257} INFO - Exporting the following env vars:
AIRFLOW_CTX_DAG_EMAIL=airflow@example.com
AIRFLOW_CTX_DAG_OWNER=vanmai
AIRFLOW_CTX_DAG_ID=vanmai-demo
AIRFLOW_CTX_TASK_ID=t2_sleep_5s
AIRFLOW_CTX_EXECUTION_DATE=2022-05-31T00:00:00+00:00
AIRFLOW_CTX_DAG_RUN_ID=scheduled__2022-05-31T00:00:00+00:00
[2022-06-05 22:02:30,680] {bash.py:135} INFO - Tmp dir root location: 
 /tmp
[2022-06-05 22:02:30,681] {bash.py:158} INFO - Running command: sleep 5
[2022-06-05 22:02:30,689] {bash.py:169} INFO - Output:
[2022-06-05 22:02:35,690] {bash.py:177} INFO - Command exited with return code 0
[2022-06-05 22:02:35,712] {taskinstance.py:1166} INFO - Marking task as SUCCESS. dag_id=vanmai-demo, task_id=t2_sleep_5s, execution_date=20220531T000000, start_date=20220605T220230, end_date=20220605T220235
[2022-06-05 22:02:35,733] {taskinstance.py:1220} INFO - 1 downstream tasks scheduled from follow-on schedule check
[2022-06-05 22:02:35,757] {local_task_job.py:146} INFO - Task exited with return code 0
