[2022-06-05 19:14:24,564] {taskinstance.py:851} INFO - Dependencies all met for <TaskInstance: tutorial.sleep 2022-06-05T19:14:22.425619+00:00 [queued]>
[2022-06-05 19:14:24,574] {taskinstance.py:851} INFO - Dependencies all met for <TaskInstance: tutorial.sleep 2022-06-05T19:14:22.425619+00:00 [queued]>
[2022-06-05 19:14:24,574] {taskinstance.py:1042} INFO - 
--------------------------------------------------------------------------------
[2022-06-05 19:14:24,575] {taskinstance.py:1043} INFO - Starting attempt 1 of 4
[2022-06-05 19:14:24,575] {taskinstance.py:1044} INFO - 
--------------------------------------------------------------------------------
[2022-06-05 19:14:24,582] {taskinstance.py:1063} INFO - Executing <Task(BashOperator): sleep> on 2022-06-05T19:14:22.425619+00:00
[2022-06-05 19:14:24,588] {standard_task_runner.py:76} INFO - Running: ['airflow', 'tasks', 'run', 'tutorial', 'sleep', '2022-06-05T19:14:22.425619+00:00', '--job-id', '219', '--pool', 'default_pool', '--raw', '--subdir', '/home/airflow/.local/lib/python3.6/site-packages/airflow/example_dags/tutorial.py', '--cfg-path', '/tmp/tmpweyb3czd', '--error-file', '/tmp/tmphcboawm6']
[2022-06-05 19:14:24,585] {standard_task_runner.py:52} INFO - Started process 52 to run task
[2022-06-05 19:14:24,588] {standard_task_runner.py:77} INFO - Job 219: Subtask sleep
[2022-06-05 19:14:24,619] {logging_mixin.py:104} INFO - Running <TaskInstance: tutorial.sleep 2022-06-05T19:14:22.425619+00:00 [running]> on host 27f783a6f1f0
[2022-06-05 19:14:24,647] {taskinstance.py:1257} INFO - Exporting the following env vars:
AIRFLOW_CTX_DAG_EMAIL=airflow@example.com
AIRFLOW_CTX_DAG_OWNER=airflow
AIRFLOW_CTX_DAG_ID=tutorial
AIRFLOW_CTX_TASK_ID=sleep
AIRFLOW_CTX_EXECUTION_DATE=2022-06-05T19:14:22.425619+00:00
AIRFLOW_CTX_DAG_RUN_ID=manual__2022-06-05T19:14:22.425619+00:00
[2022-06-05 19:14:24,648] {bash.py:135} INFO - Tmp dir root location: 
 /tmp
[2022-06-05 19:14:24,649] {bash.py:158} INFO - Running command: sleep 5
[2022-06-05 19:14:24,654] {bash.py:169} INFO - Output:
[2022-06-05 19:14:29,656] {bash.py:177} INFO - Command exited with return code 0
[2022-06-05 19:14:29,682] {taskinstance.py:1166} INFO - Marking task as SUCCESS. dag_id=tutorial, task_id=sleep, execution_date=20220605T191422, start_date=20220605T191424, end_date=20220605T191429
[2022-06-05 19:14:29,701] {taskinstance.py:1220} INFO - 0 downstream tasks scheduled from follow-on schedule check
[2022-06-05 19:14:29,735] {local_task_job.py:146} INFO - Task exited with return code 0
