[2022-06-06 15:14:58,216] {taskinstance.py:851} INFO - Dependencies all met for <TaskInstance: gbq_pipeline.check_hackernews 2022-06-04T10:00:00+00:00 [queued]>
[2022-06-06 15:14:58,233] {taskinstance.py:851} INFO - Dependencies all met for <TaskInstance: gbq_pipeline.check_hackernews 2022-06-04T10:00:00+00:00 [queued]>
[2022-06-06 15:14:58,233] {taskinstance.py:1042} INFO - 
--------------------------------------------------------------------------------
[2022-06-06 15:14:58,233] {taskinstance.py:1043} INFO - Starting attempt 2 of 4
[2022-06-06 15:14:58,234] {taskinstance.py:1044} INFO - 
--------------------------------------------------------------------------------
[2022-06-06 15:14:58,241] {taskinstance.py:1063} INFO - Executing <Task(BigQueryCheckOperator): check_hackernews> on 2022-06-04T10:00:00+00:00
[2022-06-06 15:14:58,244] {standard_task_runner.py:52} INFO - Started process 159 to run task
[2022-06-06 15:14:58,247] {standard_task_runner.py:76} INFO - Running: ['airflow', 'tasks', 'run', 'gbq_pipeline', 'check_hackernews', '2022-06-04T10:00:00+00:00', '--job-id', '351', '--pool', 'default_pool', '--raw', '--subdir', 'DAGS_FOLDER/gbq_pipeline.py', '--cfg-path', '/tmp/tmpxclgtrfz', '--error-file', '/tmp/tmp_3v74479']
[2022-06-06 15:14:58,249] {standard_task_runner.py:77} INFO - Job 351: Subtask check_hackernews
[2022-06-06 15:14:58,277] {logging_mixin.py:104} INFO - Running <TaskInstance: gbq_pipeline.check_hackernews 2022-06-04T10:00:00+00:00 [running]> on host c40819a450e3
[2022-06-06 15:14:58,303] {taskinstance.py:1257} INFO - Exporting the following env vars:
AIRFLOW_CTX_DAG_EMAIL=airflow@airflow.com
AIRFLOW_CTX_DAG_OWNER=vanmai-airflow
AIRFLOW_CTX_DAG_ID=gbq_pipeline
AIRFLOW_CTX_TASK_ID=check_hackernews
AIRFLOW_CTX_EXECUTION_DATE=2022-06-04T10:00:00+00:00
AIRFLOW_CTX_DAG_RUN_ID=scheduled__2022-06-04T10:00:00+00:00
[2022-06-06 15:14:58,304] {sql.py:87} INFO - Executing SQL check: 
        SELECT "20220604" IN
            (
            SELECT FORMAT_TIMESTAMP("%Y%m%d", timestamp ) AS date
            FROM `bigquery-public-data.hacker_news.full`
            WHERE type = 'story'
            )
        
[2022-06-06 15:14:58,311] {logging_mixin.py:104} WARNING - /home/airflow/.local/lib/python3.6/site-packages/airflow/providers/google/cloud/hooks/bigquery.py:120 DeprecationWarning: This method will be deprecated. Please use `BigQueryHook.get_client` method
[2022-06-06 15:14:58,779] {logging_mixin.py:104} WARNING - /home/airflow/.local/lib/python3.6/site-packages/airflow/providers/google/cloud/hooks/bigquery.py:2052 DeprecationWarning: This method is deprecated. Please use `BigQueryHook.insert_job` method.
[2022-06-06 15:14:58,780] {bigquery.py:1510} INFO - Inserting job airflow_1654528498779887_4d520a058ddcd5276ba1e2480bd67d26
[2022-06-06 15:15:00,755] {sql.py:90} INFO - Record: [True]
[2022-06-06 15:15:00,755] {sql.py:96} INFO - Success.
[2022-06-06 15:15:00,766] {taskinstance.py:1166} INFO - Marking task as SUCCESS. dag_id=gbq_pipeline, task_id=check_hackernews, execution_date=20220604T100000, start_date=20220606T151458, end_date=20220606T151500
[2022-06-06 15:15:00,803] {taskinstance.py:1220} INFO - 0 downstream tasks scheduled from follow-on schedule check
[2022-06-06 15:15:00,831] {local_task_job.py:146} INFO - Task exited with return code 0
