[2022-06-06 15:03:42,727] {taskinstance.py:851} INFO - Dependencies all met for <TaskInstance: gbq_pipeline.check_hackernews 2022-06-02T10:00:00+00:00 [queued]>
[2022-06-06 15:03:42,750] {taskinstance.py:851} INFO - Dependencies all met for <TaskInstance: gbq_pipeline.check_hackernews 2022-06-02T10:00:00+00:00 [queued]>
[2022-06-06 15:03:42,750] {taskinstance.py:1042} INFO - 
--------------------------------------------------------------------------------
[2022-06-06 15:03:42,750] {taskinstance.py:1043} INFO - Starting attempt 2 of 4
[2022-06-06 15:03:42,751] {taskinstance.py:1044} INFO - 
--------------------------------------------------------------------------------
[2022-06-06 15:03:42,758] {taskinstance.py:1063} INFO - Executing <Task(BigQueryCheckOperator): check_hackernews> on 2022-06-02T10:00:00+00:00
[2022-06-06 15:03:42,763] {standard_task_runner.py:52} INFO - Started process 124 to run task
[2022-06-06 15:03:42,766] {standard_task_runner.py:76} INFO - Running: ['airflow', 'tasks', 'run', 'gbq_pipeline', 'check_hackernews', '2022-06-02T10:00:00+00:00', '--job-id', '339', '--pool', 'default_pool', '--raw', '--subdir', 'DAGS_FOLDER/gbq_pipeline.py', '--cfg-path', '/tmp/tmpx6_gl2u3', '--error-file', '/tmp/tmptzrhs8yo']
[2022-06-06 15:03:42,768] {standard_task_runner.py:77} INFO - Job 339: Subtask check_hackernews
[2022-06-06 15:03:42,806] {logging_mixin.py:104} INFO - Running <TaskInstance: gbq_pipeline.check_hackernews 2022-06-02T10:00:00+00:00 [running]> on host c40819a450e3
[2022-06-06 15:03:42,840] {taskinstance.py:1257} INFO - Exporting the following env vars:
AIRFLOW_CTX_DAG_EMAIL=airflow@airflow.com
AIRFLOW_CTX_DAG_OWNER=vanmai-airflow
AIRFLOW_CTX_DAG_ID=gbq_pipeline
AIRFLOW_CTX_TASK_ID=check_hackernews
AIRFLOW_CTX_EXECUTION_DATE=2022-06-02T10:00:00+00:00
AIRFLOW_CTX_DAG_RUN_ID=scheduled__2022-06-02T10:00:00+00:00
[2022-06-06 15:03:42,842] {sql.py:87} INFO - Executing SQL check: 
        SELECT "20220602" IN
            (
            SELECT FORMAT_TIMESTAMP("%Y%m%d", timestamp ) AS date
            FROM `bigquery-public-data.hacker_news.full`
            WHERE type = 'story'
            )
        
[2022-06-06 15:03:42,851] {logging_mixin.py:104} WARNING - /home/airflow/.local/lib/python3.6/site-packages/airflow/providers/google/cloud/hooks/bigquery.py:120 DeprecationWarning: This method will be deprecated. Please use `BigQueryHook.get_client` method
[2022-06-06 15:03:43,329] {logging_mixin.py:104} WARNING - /home/airflow/.local/lib/python3.6/site-packages/airflow/providers/google/cloud/hooks/bigquery.py:2052 DeprecationWarning: This method is deprecated. Please use `BigQueryHook.insert_job` method.
[2022-06-06 15:03:43,330] {bigquery.py:1510} INFO - Inserting job airflow_1654527823330186_7b732562fb0a6e1620b7a256010c8fc8
[2022-06-06 15:03:44,758] {sql.py:90} INFO - Record: [True]
[2022-06-06 15:03:44,759] {sql.py:96} INFO - Success.
[2022-06-06 15:03:44,769] {taskinstance.py:1166} INFO - Marking task as SUCCESS. dag_id=gbq_pipeline, task_id=check_hackernews, execution_date=20220602T100000, start_date=20220606T150342, end_date=20220606T150344
[2022-06-06 15:03:44,795] {taskinstance.py:1220} INFO - 0 downstream tasks scheduled from follow-on schedule check
[2022-06-06 15:03:44,827] {local_task_job.py:146} INFO - Task exited with return code 0
