[2022-06-06 15:23:42,322] {taskinstance.py:851} INFO - Dependencies all met for <TaskInstance: gbq_pipeline.check_hackernews 2022-03-08T10:00:00+00:00 [queued]>
[2022-06-06 15:23:42,343] {taskinstance.py:851} INFO - Dependencies all met for <TaskInstance: gbq_pipeline.check_hackernews 2022-03-08T10:00:00+00:00 [queued]>
[2022-06-06 15:23:42,343] {taskinstance.py:1042} INFO - 
--------------------------------------------------------------------------------
[2022-06-06 15:23:42,343] {taskinstance.py:1043} INFO - Starting attempt 1 of 3
[2022-06-06 15:23:42,344] {taskinstance.py:1044} INFO - 
--------------------------------------------------------------------------------
[2022-06-06 15:23:42,350] {taskinstance.py:1063} INFO - Executing <Task(BigQueryCheckOperator): check_hackernews> on 2022-03-08T10:00:00+00:00
[2022-06-06 15:23:42,355] {standard_task_runner.py:52} INFO - Started process 288 to run task
[2022-06-06 15:23:42,358] {standard_task_runner.py:76} INFO - Running: ['airflow', 'tasks', 'run', 'gbq_pipeline', 'check_hackernews', '2022-03-08T10:00:00+00:00', '--job-id', '395', '--pool', 'default_pool', '--raw', '--subdir', 'DAGS_FOLDER/gbq_pipeline.py', '--cfg-path', '/tmp/tmpxnqtrthc', '--error-file', '/tmp/tmpazqwu8yg']
[2022-06-06 15:23:42,360] {standard_task_runner.py:77} INFO - Job 395: Subtask check_hackernews
[2022-06-06 15:23:42,397] {logging_mixin.py:104} INFO - Running <TaskInstance: gbq_pipeline.check_hackernews 2022-03-08T10:00:00+00:00 [running]> on host c40819a450e3
[2022-06-06 15:23:42,434] {taskinstance.py:1257} INFO - Exporting the following env vars:
AIRFLOW_CTX_DAG_EMAIL=airflow@airflow.com
AIRFLOW_CTX_DAG_OWNER=vanmai-airflow
AIRFLOW_CTX_DAG_ID=gbq_pipeline
AIRFLOW_CTX_TASK_ID=check_hackernews
AIRFLOW_CTX_EXECUTION_DATE=2022-03-08T10:00:00+00:00
AIRFLOW_CTX_DAG_RUN_ID=scheduled__2022-03-08T10:00:00+00:00
[2022-06-06 15:23:42,436] {sql.py:87} INFO - Executing SQL check: 
        SELECT "20220308" IN
            (
            SELECT FORMAT_TIMESTAMP("%Y%m%d", timestamp ) AS date
            FROM `bigquery-public-data.hacker_news.full`
            WHERE type = 'story'
            )
        
[2022-06-06 15:23:42,447] {logging_mixin.py:104} WARNING - /home/airflow/.local/lib/python3.6/site-packages/airflow/providers/google/cloud/hooks/bigquery.py:120 DeprecationWarning: This method will be deprecated. Please use `BigQueryHook.get_client` method
[2022-06-06 15:23:42,889] {logging_mixin.py:104} WARNING - /home/airflow/.local/lib/python3.6/site-packages/airflow/providers/google/cloud/hooks/bigquery.py:2052 DeprecationWarning: This method is deprecated. Please use `BigQueryHook.insert_job` method.
[2022-06-06 15:23:42,890] {bigquery.py:1510} INFO - Inserting job airflow_1654529022889579_5aafe5c960fbdc34275c6e5858e5ee9e
[2022-06-06 15:23:44,801] {sql.py:90} INFO - Record: [True]
[2022-06-06 15:23:44,801] {sql.py:96} INFO - Success.
[2022-06-06 15:23:44,808] {taskinstance.py:1166} INFO - Marking task as SUCCESS. dag_id=gbq_pipeline, task_id=check_hackernews, execution_date=20220308T100000, start_date=20220606T152342, end_date=20220606T152344
[2022-06-06 15:23:44,836] {taskinstance.py:1220} INFO - 0 downstream tasks scheduled from follow-on schedule check
[2022-06-06 15:23:44,862] {local_task_job.py:146} INFO - Task exited with return code 0
[2022-06-06 16:25:35,068] {taskinstance.py:851} INFO - Dependencies all met for <TaskInstance: gbq_pipeline.check_hackernews 2022-03-08T10:00:00+00:00 [queued]>
[2022-06-06 16:25:35,091] {taskinstance.py:851} INFO - Dependencies all met for <TaskInstance: gbq_pipeline.check_hackernews 2022-03-08T10:00:00+00:00 [queued]>
[2022-06-06 16:25:35,091] {taskinstance.py:1042} INFO - 
--------------------------------------------------------------------------------
[2022-06-06 16:25:35,092] {taskinstance.py:1043} INFO - Starting attempt 1 of 3
[2022-06-06 16:25:35,092] {taskinstance.py:1044} INFO - 
--------------------------------------------------------------------------------
[2022-06-06 16:25:35,100] {taskinstance.py:1063} INFO - Executing <Task(BigQueryCheckOperator): check_hackernews> on 2022-03-08T10:00:00+00:00
[2022-06-06 16:25:35,104] {standard_task_runner.py:52} INFO - Started process 422 to run task
[2022-06-06 16:25:35,107] {standard_task_runner.py:76} INFO - Running: ['airflow', 'tasks', 'run', 'gbq_pipeline', 'check_hackernews', '2022-03-08T10:00:00+00:00', '--job-id', '439', '--pool', 'default_pool', '--raw', '--subdir', 'DAGS_FOLDER/gbq_pipeline.py', '--cfg-path', '/tmp/tmpclv1vh3u', '--error-file', '/tmp/tmpd2147dvf']
[2022-06-06 16:25:35,109] {standard_task_runner.py:77} INFO - Job 439: Subtask check_hackernews
[2022-06-06 16:25:35,144] {logging_mixin.py:104} INFO - Running <TaskInstance: gbq_pipeline.check_hackernews 2022-03-08T10:00:00+00:00 [running]> on host c40819a450e3
[2022-06-06 16:25:35,175] {taskinstance.py:1257} INFO - Exporting the following env vars:
AIRFLOW_CTX_DAG_EMAIL=airflow@airflow.com
AIRFLOW_CTX_DAG_OWNER=vanmai-airflow
AIRFLOW_CTX_DAG_ID=gbq_pipeline
AIRFLOW_CTX_TASK_ID=check_hackernews
AIRFLOW_CTX_EXECUTION_DATE=2022-03-08T10:00:00+00:00
AIRFLOW_CTX_DAG_RUN_ID=scheduled__2022-03-08T10:00:00+00:00
[2022-06-06 16:25:35,176] {sql.py:87} INFO - Executing SQL check: 
        SELECT "20220308" IN
            (
            SELECT FORMAT_TIMESTAMP("%Y%m%d", timestamp ) AS date
            FROM `bigquery-public-data.hacker_news.full`
            WHERE type = 'story'
            )
        
[2022-06-06 16:25:35,183] {logging_mixin.py:104} WARNING - /home/airflow/.local/lib/python3.6/site-packages/airflow/providers/google/cloud/hooks/bigquery.py:120 DeprecationWarning: This method will be deprecated. Please use `BigQueryHook.get_client` method
[2022-06-06 16:25:35,634] {logging_mixin.py:104} WARNING - /home/airflow/.local/lib/python3.6/site-packages/airflow/providers/google/cloud/hooks/bigquery.py:2052 DeprecationWarning: This method is deprecated. Please use `BigQueryHook.insert_job` method.
[2022-06-06 16:25:35,635] {bigquery.py:1510} INFO - Inserting job airflow_1654532735635146_5aafe5c960fbdc34275c6e5858e5ee9e
[2022-06-06 16:25:37,141] {sql.py:90} INFO - Record: [True]
[2022-06-06 16:25:37,141] {sql.py:96} INFO - Success.
[2022-06-06 16:25:37,149] {taskinstance.py:1166} INFO - Marking task as SUCCESS. dag_id=gbq_pipeline, task_id=check_hackernews, execution_date=20220308T100000, start_date=20220606T162535, end_date=20220606T162537
[2022-06-06 16:25:37,176] {taskinstance.py:1220} INFO - 0 downstream tasks scheduled from follow-on schedule check
[2022-06-06 16:25:37,207] {local_task_job.py:146} INFO - Task exited with return code 0
[2022-06-06 16:56:10,913] {taskinstance.py:851} INFO - Dependencies all met for <TaskInstance: gbq_pipeline.check_hackernews 2022-03-08T10:00:00+00:00 [queued]>
[2022-06-06 16:56:10,935] {taskinstance.py:851} INFO - Dependencies all met for <TaskInstance: gbq_pipeline.check_hackernews 2022-03-08T10:00:00+00:00 [queued]>
[2022-06-06 16:56:10,935] {taskinstance.py:1042} INFO - 
--------------------------------------------------------------------------------
[2022-06-06 16:56:10,935] {taskinstance.py:1043} INFO - Starting attempt 1 of 3
[2022-06-06 16:56:10,936] {taskinstance.py:1044} INFO - 
--------------------------------------------------------------------------------
[2022-06-06 16:56:10,942] {taskinstance.py:1063} INFO - Executing <Task(BigQueryCheckOperator): check_hackernews> on 2022-03-08T10:00:00+00:00
[2022-06-06 16:56:10,947] {standard_task_runner.py:52} INFO - Started process 518 to run task
[2022-06-06 16:56:10,950] {standard_task_runner.py:76} INFO - Running: ['airflow', 'tasks', 'run', 'gbq_pipeline', 'check_hackernews', '2022-03-08T10:00:00+00:00', '--job-id', '471', '--pool', 'default_pool', '--raw', '--subdir', 'DAGS_FOLDER/gbq_pipeline.py', '--cfg-path', '/tmp/tmp3ibdlfyj', '--error-file', '/tmp/tmp9zhd0wp1']
[2022-06-06 16:56:10,952] {standard_task_runner.py:77} INFO - Job 471: Subtask check_hackernews
[2022-06-06 16:56:10,987] {logging_mixin.py:104} INFO - Running <TaskInstance: gbq_pipeline.check_hackernews 2022-03-08T10:00:00+00:00 [running]> on host c40819a450e3
[2022-06-06 16:56:11,021] {taskinstance.py:1257} INFO - Exporting the following env vars:
AIRFLOW_CTX_DAG_EMAIL=airflow@airflow.com
AIRFLOW_CTX_DAG_OWNER=vanmai-airflow
AIRFLOW_CTX_DAG_ID=gbq_pipeline
AIRFLOW_CTX_TASK_ID=check_hackernews
AIRFLOW_CTX_EXECUTION_DATE=2022-03-08T10:00:00+00:00
AIRFLOW_CTX_DAG_RUN_ID=scheduled__2022-03-08T10:00:00+00:00
[2022-06-06 16:56:11,023] {sql.py:87} INFO - Executing SQL check: 
        SELECT "20220308" IN
            (
            SELECT FORMAT_TIMESTAMP("%Y%m%d", timestamp ) AS date
            FROM `bigquery-public-data.hacker_news.full`
            WHERE type = 'story'
            )
        
[2022-06-06 16:56:11,032] {logging_mixin.py:104} WARNING - /home/airflow/.local/lib/python3.6/site-packages/airflow/providers/google/cloud/hooks/bigquery.py:120 DeprecationWarning: This method will be deprecated. Please use `BigQueryHook.get_client` method
[2022-06-06 16:56:11,368] {logging_mixin.py:104} WARNING - /home/airflow/.local/lib/python3.6/site-packages/airflow/providers/google/cloud/hooks/bigquery.py:2052 DeprecationWarning: This method is deprecated. Please use `BigQueryHook.insert_job` method.
[2022-06-06 16:56:11,369] {bigquery.py:1510} INFO - Inserting job airflow_1654534571369194_5aafe5c960fbdc34275c6e5858e5ee9e
[2022-06-06 16:56:12,852] {sql.py:90} INFO - Record: [True]
[2022-06-06 16:56:12,852] {sql.py:96} INFO - Success.
[2022-06-06 16:56:12,868] {taskinstance.py:1166} INFO - Marking task as SUCCESS. dag_id=gbq_pipeline, task_id=check_hackernews, execution_date=20220308T100000, start_date=20220606T165610, end_date=20220606T165612
[2022-06-06 16:56:12,902] {taskinstance.py:1220} INFO - 0 downstream tasks scheduled from follow-on schedule check
[2022-06-06 16:56:12,932] {local_task_job.py:146} INFO - Task exited with return code 0
[2022-06-06 16:58:17,772] {taskinstance.py:851} INFO - Dependencies all met for <TaskInstance: gbq_pipeline.check_hackernews 2022-03-08T10:00:00+00:00 [queued]>
[2022-06-06 16:58:17,793] {taskinstance.py:851} INFO - Dependencies all met for <TaskInstance: gbq_pipeline.check_hackernews 2022-03-08T10:00:00+00:00 [queued]>
[2022-06-06 16:58:17,794] {taskinstance.py:1042} INFO - 
--------------------------------------------------------------------------------
[2022-06-06 16:58:17,794] {taskinstance.py:1043} INFO - Starting attempt 1 of 3
[2022-06-06 16:58:17,794] {taskinstance.py:1044} INFO - 
--------------------------------------------------------------------------------
[2022-06-06 16:58:17,801] {taskinstance.py:1063} INFO - Executing <Task(BigQueryCheckOperator): check_hackernews> on 2022-03-08T10:00:00+00:00
[2022-06-06 16:58:17,806] {standard_task_runner.py:52} INFO - Started process 651 to run task
[2022-06-06 16:58:17,809] {standard_task_runner.py:76} INFO - Running: ['airflow', 'tasks', 'run', 'gbq_pipeline', 'check_hackernews', '2022-03-08T10:00:00+00:00', '--job-id', '516', '--pool', 'default_pool', '--raw', '--subdir', 'DAGS_FOLDER/gbq_pipeline.py', '--cfg-path', '/tmp/tmp6wq_oki7', '--error-file', '/tmp/tmppdoorsfh']
[2022-06-06 16:58:17,810] {standard_task_runner.py:77} INFO - Job 516: Subtask check_hackernews
[2022-06-06 16:58:17,845] {logging_mixin.py:104} INFO - Running <TaskInstance: gbq_pipeline.check_hackernews 2022-03-08T10:00:00+00:00 [running]> on host c40819a450e3
[2022-06-06 16:58:17,875] {taskinstance.py:1257} INFO - Exporting the following env vars:
AIRFLOW_CTX_DAG_EMAIL=airflow@airflow.com
AIRFLOW_CTX_DAG_OWNER=vanmai-airflow
AIRFLOW_CTX_DAG_ID=gbq_pipeline
AIRFLOW_CTX_TASK_ID=check_hackernews
AIRFLOW_CTX_EXECUTION_DATE=2022-03-08T10:00:00+00:00
AIRFLOW_CTX_DAG_RUN_ID=scheduled__2022-03-08T10:00:00+00:00
[2022-06-06 16:58:17,876] {sql.py:87} INFO - Executing SQL check: 
        SELECT "20220308" IN
            (
            SELECT FORMAT_TIMESTAMP("%Y%m%d", timestamp ) AS date
            FROM `bigquery-public-data.hacker_news.full`
            WHERE type = 'story'
            )
        
[2022-06-06 16:58:17,884] {logging_mixin.py:104} WARNING - /home/airflow/.local/lib/python3.6/site-packages/airflow/providers/google/cloud/hooks/bigquery.py:120 DeprecationWarning: This method will be deprecated. Please use `BigQueryHook.get_client` method
[2022-06-06 16:58:18,242] {logging_mixin.py:104} WARNING - /home/airflow/.local/lib/python3.6/site-packages/airflow/providers/google/cloud/hooks/bigquery.py:2052 DeprecationWarning: This method is deprecated. Please use `BigQueryHook.insert_job` method.
[2022-06-06 16:58:18,243] {bigquery.py:1510} INFO - Inserting job airflow_1654534698242900_5aafe5c960fbdc34275c6e5858e5ee9e
[2022-06-06 16:58:19,524] {sql.py:90} INFO - Record: [True]
[2022-06-06 16:58:19,526] {sql.py:96} INFO - Success.
[2022-06-06 16:58:19,537] {taskinstance.py:1166} INFO - Marking task as SUCCESS. dag_id=gbq_pipeline, task_id=check_hackernews, execution_date=20220308T100000, start_date=20220606T165817, end_date=20220606T165819
[2022-06-06 16:58:19,562] {taskinstance.py:1220} INFO - 1 downstream tasks scheduled from follow-on schedule check
[2022-06-06 16:58:19,591] {local_task_job.py:146} INFO - Task exited with return code 0
[2022-06-06 16:59:54,489] {taskinstance.py:851} INFO - Dependencies all met for <TaskInstance: gbq_pipeline.check_hackernews 2022-03-08T10:00:00+00:00 [queued]>
[2022-06-06 16:59:54,514] {taskinstance.py:851} INFO - Dependencies all met for <TaskInstance: gbq_pipeline.check_hackernews 2022-03-08T10:00:00+00:00 [queued]>
[2022-06-06 16:59:54,515] {taskinstance.py:1042} INFO - 
--------------------------------------------------------------------------------
[2022-06-06 16:59:54,515] {taskinstance.py:1043} INFO - Starting attempt 1 of 3
[2022-06-06 16:59:54,515] {taskinstance.py:1044} INFO - 
--------------------------------------------------------------------------------
[2022-06-06 16:59:54,536] {taskinstance.py:1063} INFO - Executing <Task(BigQueryCheckOperator): check_hackernews> on 2022-03-08T10:00:00+00:00
[2022-06-06 16:59:54,542] {standard_task_runner.py:52} INFO - Started process 732 to run task
[2022-06-06 16:59:54,551] {standard_task_runner.py:76} INFO - Running: ['airflow', 'tasks', 'run', 'gbq_pipeline', 'check_hackernews', '2022-03-08T10:00:00+00:00', '--job-id', '538', '--pool', 'default_pool', '--raw', '--subdir', 'DAGS_FOLDER/gbq_pipeline.py', '--cfg-path', '/tmp/tmpttndo44p', '--error-file', '/tmp/tmpl9qc8dnx']
[2022-06-06 16:59:54,554] {standard_task_runner.py:77} INFO - Job 538: Subtask check_hackernews
[2022-06-06 16:59:54,633] {logging_mixin.py:104} INFO - Running <TaskInstance: gbq_pipeline.check_hackernews 2022-03-08T10:00:00+00:00 [running]> on host c40819a450e3
[2022-06-06 16:59:54,683] {taskinstance.py:1257} INFO - Exporting the following env vars:
AIRFLOW_CTX_DAG_EMAIL=airflow@airflow.com
AIRFLOW_CTX_DAG_OWNER=vanmai-airflow
AIRFLOW_CTX_DAG_ID=gbq_pipeline
AIRFLOW_CTX_TASK_ID=check_hackernews
AIRFLOW_CTX_EXECUTION_DATE=2022-03-08T10:00:00+00:00
AIRFLOW_CTX_DAG_RUN_ID=scheduled__2022-03-08T10:00:00+00:00
[2022-06-06 16:59:54,685] {sql.py:87} INFO - Executing SQL check: 
        SELECT "20220308" IN
            (
            SELECT FORMAT_TIMESTAMP("%Y%m%d", timestamp ) AS date
            FROM `bigquery-public-data.hacker_news.full`
            WHERE type = 'story'
            )
        
[2022-06-06 16:59:54,702] {logging_mixin.py:104} WARNING - /home/airflow/.local/lib/python3.6/site-packages/airflow/providers/google/cloud/hooks/bigquery.py:120 DeprecationWarning: This method will be deprecated. Please use `BigQueryHook.get_client` method
[2022-06-06 16:59:55,295] {logging_mixin.py:104} WARNING - /home/airflow/.local/lib/python3.6/site-packages/airflow/providers/google/cloud/hooks/bigquery.py:2052 DeprecationWarning: This method is deprecated. Please use `BigQueryHook.insert_job` method.
[2022-06-06 16:59:55,296] {bigquery.py:1510} INFO - Inserting job airflow_1654534795295976_5aafe5c960fbdc34275c6e5858e5ee9e
[2022-06-06 16:59:57,006] {sql.py:90} INFO - Record: [True]
[2022-06-06 16:59:57,006] {sql.py:96} INFO - Success.
[2022-06-06 16:59:57,019] {taskinstance.py:1166} INFO - Marking task as SUCCESS. dag_id=gbq_pipeline, task_id=check_hackernews, execution_date=20220308T100000, start_date=20220606T165954, end_date=20220606T165957
[2022-06-06 16:59:57,054] {taskinstance.py:1220} INFO - 1 downstream tasks scheduled from follow-on schedule check
[2022-06-06 16:59:57,100] {local_task_job.py:146} INFO - Task exited with return code 0
