[2022-06-10 22:01:22,744] {taskinstance.py:851} INFO - Dependencies all met for <TaskInstance: gbq_pipeline.check_hackernews 2022-06-07T10:00:00+00:00 [queued]>
[2022-06-10 22:01:22,761] {taskinstance.py:851} INFO - Dependencies all met for <TaskInstance: gbq_pipeline.check_hackernews 2022-06-07T10:00:00+00:00 [queued]>
[2022-06-10 22:01:22,762] {taskinstance.py:1042} INFO - 
--------------------------------------------------------------------------------
[2022-06-10 22:01:22,762] {taskinstance.py:1043} INFO - Starting attempt 1 of 6
[2022-06-10 22:01:22,763] {taskinstance.py:1044} INFO - 
--------------------------------------------------------------------------------
[2022-06-10 22:01:22,768] {taskinstance.py:1063} INFO - Executing <Task(BigQueryCheckOperator): check_hackernews> on 2022-06-07T10:00:00+00:00
[2022-06-10 22:01:22,771] {standard_task_runner.py:52} INFO - Started process 61 to run task
[2022-06-10 22:01:22,774] {standard_task_runner.py:76} INFO - Running: ['airflow', 'tasks', 'run', 'gbq_pipeline', 'check_hackernews', '2022-06-07T10:00:00+00:00', '--job-id', '871', '--pool', 'default_pool', '--raw', '--subdir', 'DAGS_FOLDER/gbq_pipeline.py', '--cfg-path', '/tmp/tmp076j_j_y', '--error-file', '/tmp/tmpns1tf4gw']
[2022-06-10 22:01:22,775] {standard_task_runner.py:77} INFO - Job 871: Subtask check_hackernews
[2022-06-10 22:01:22,804] {logging_mixin.py:104} INFO - Running <TaskInstance: gbq_pipeline.check_hackernews 2022-06-07T10:00:00+00:00 [running]> on host 447938a2c16e
[2022-06-10 22:01:22,830] {taskinstance.py:1257} INFO - Exporting the following env vars:
AIRFLOW_CTX_DAG_EMAIL=airflow@airflow.com
AIRFLOW_CTX_DAG_OWNER=vanmai-airflow
AIRFLOW_CTX_DAG_ID=gbq_pipeline
AIRFLOW_CTX_TASK_ID=check_hackernews
AIRFLOW_CTX_EXECUTION_DATE=2022-06-07T10:00:00+00:00
AIRFLOW_CTX_DAG_RUN_ID=scheduled__2022-06-07T10:00:00+00:00
[2022-06-10 22:01:22,831] {sql.py:87} INFO - Executing SQL check: 
        SELECT "20220607" IN
            (
            SELECT FORMAT_TIMESTAMP("%Y%m%d", timestamp ) AS date
            FROM `bigquery-public-data.hacker_news.full`
            WHERE type = 'story'
            )
        
[2022-06-10 22:01:22,838] {logging_mixin.py:104} WARNING - /home/airflow/.local/lib/python3.6/site-packages/airflow/providers/google/cloud/hooks/bigquery.py:120 DeprecationWarning: This method will be deprecated. Please use `BigQueryHook.get_client` method
[2022-06-10 22:01:23,256] {logging_mixin.py:104} WARNING - /home/airflow/.local/lib/python3.6/site-packages/airflow/providers/google/cloud/hooks/bigquery.py:2052 DeprecationWarning: This method is deprecated. Please use `BigQueryHook.insert_job` method.
[2022-06-10 22:01:23,257] {bigquery.py:1510} INFO - Inserting job airflow_1654898483257041_b0bf78d0a3815a053d748f07c5cdecd6
[2022-06-10 22:01:25,913] {sql.py:90} INFO - Record: [True]
[2022-06-10 22:01:25,913] {sql.py:96} INFO - Success.
[2022-06-10 22:01:25,920] {taskinstance.py:1166} INFO - Marking task as SUCCESS. dag_id=gbq_pipeline, task_id=check_hackernews, execution_date=20220607T100000, start_date=20220610T220122, end_date=20220610T220125
[2022-06-10 22:01:25,944] {taskinstance.py:1220} INFO - 1 downstream tasks scheduled from follow-on schedule check
[2022-06-10 22:01:25,959] {local_task_job.py:146} INFO - Task exited with return code 0
