[2022-06-10 22:01:36,666] {taskinstance.py:851} INFO - Dependencies all met for <TaskInstance: gbq_pipeline.check_github 2022-06-08T10:00:00+00:00 [queued]>
[2022-06-10 22:01:36,685] {taskinstance.py:851} INFO - Dependencies all met for <TaskInstance: gbq_pipeline.check_github 2022-06-08T10:00:00+00:00 [queued]>
[2022-06-10 22:01:36,686] {taskinstance.py:1042} INFO - 
--------------------------------------------------------------------------------
[2022-06-10 22:01:36,686] {taskinstance.py:1043} INFO - Starting attempt 1 of 6
[2022-06-10 22:01:36,686] {taskinstance.py:1044} INFO - 
--------------------------------------------------------------------------------
[2022-06-10 22:01:36,693] {taskinstance.py:1063} INFO - Executing <Task(BigQueryCheckOperator): check_github> on 2022-06-08T10:00:00+00:00
[2022-06-10 22:01:36,696] {standard_task_runner.py:52} INFO - Started process 78 to run task
[2022-06-10 22:01:36,699] {standard_task_runner.py:76} INFO - Running: ['airflow', 'tasks', 'run', 'gbq_pipeline', 'check_github', '2022-06-08T10:00:00+00:00', '--job-id', '877', '--pool', 'default_pool', '--raw', '--subdir', 'DAGS_FOLDER/gbq_pipeline.py', '--cfg-path', '/tmp/tmphiz8rrsm', '--error-file', '/tmp/tmpo21gv61z']
[2022-06-10 22:01:36,700] {standard_task_runner.py:77} INFO - Job 877: Subtask check_github
[2022-06-10 22:01:36,729] {logging_mixin.py:104} INFO - Running <TaskInstance: gbq_pipeline.check_github 2022-06-08T10:00:00+00:00 [running]> on host 447938a2c16e
[2022-06-10 22:01:36,765] {taskinstance.py:1257} INFO - Exporting the following env vars:
AIRFLOW_CTX_DAG_EMAIL=airflow@airflow.com
AIRFLOW_CTX_DAG_OWNER=vanmai-airflow
AIRFLOW_CTX_DAG_ID=gbq_pipeline
AIRFLOW_CTX_TASK_ID=check_github
AIRFLOW_CTX_EXECUTION_DATE=2022-06-08T10:00:00+00:00
AIRFLOW_CTX_DAG_RUN_ID=scheduled__2022-06-08T10:00:00+00:00
[2022-06-10 22:01:36,767] {sql.py:87} INFO - Executing SQL check: 
        SELECT "20220608" IN 
          (
          SELECT table_id
          FROM `githubarchive.day.__TABLES_SUMMARY__`
          )
        
[2022-06-10 22:01:36,774] {logging_mixin.py:104} WARNING - /home/airflow/.local/lib/python3.6/site-packages/airflow/providers/google/cloud/hooks/bigquery.py:120 DeprecationWarning: This method will be deprecated. Please use `BigQueryHook.get_client` method
[2022-06-10 22:01:37,178] {logging_mixin.py:104} WARNING - /home/airflow/.local/lib/python3.6/site-packages/airflow/providers/google/cloud/hooks/bigquery.py:2052 DeprecationWarning: This method is deprecated. Please use `BigQueryHook.insert_job` method.
[2022-06-10 22:01:37,179] {bigquery.py:1510} INFO - Inserting job airflow_1654898497179225_4aa662e6daaba804d465825d6c3b4708
[2022-06-10 22:01:38,916] {sql.py:90} INFO - Record: [True]
[2022-06-10 22:01:38,916] {sql.py:96} INFO - Success.
[2022-06-10 22:01:38,923] {taskinstance.py:1166} INFO - Marking task as SUCCESS. dag_id=gbq_pipeline, task_id=check_github, execution_date=20220608T100000, start_date=20220610T220136, end_date=20220610T220138
[2022-06-10 22:01:38,947] {taskinstance.py:1220} INFO - 1 downstream tasks scheduled from follow-on schedule check
[2022-06-10 22:01:38,962] {local_task_job.py:146} INFO - Task exited with return code 0
