[2022-06-10 22:01:49,652] {taskinstance.py:851} INFO - Dependencies all met for <TaskInstance: gbq_pipeline.write_truncate_hackernews_agg 2022-06-07T10:00:00+00:00 [queued]>
[2022-06-10 22:01:49,670] {taskinstance.py:851} INFO - Dependencies all met for <TaskInstance: gbq_pipeline.write_truncate_hackernews_agg 2022-06-07T10:00:00+00:00 [queued]>
[2022-06-10 22:01:49,671] {taskinstance.py:1042} INFO - 
--------------------------------------------------------------------------------
[2022-06-10 22:01:49,671] {taskinstance.py:1043} INFO - Starting attempt 2 of 6
[2022-06-10 22:01:49,671] {taskinstance.py:1044} INFO - 
--------------------------------------------------------------------------------
[2022-06-10 22:01:49,677] {taskinstance.py:1063} INFO - Executing <Task(BigQueryOperator): write_truncate_hackernews_agg> on 2022-06-07T10:00:00+00:00
[2022-06-10 22:01:49,680] {standard_task_runner.py:52} INFO - Started process 83 to run task
[2022-06-10 22:01:49,683] {standard_task_runner.py:76} INFO - Running: ['airflow', 'tasks', 'run', 'gbq_pipeline', 'write_truncate_hackernews_agg', '2022-06-07T10:00:00+00:00', '--job-id', '879', '--pool', 'default_pool', '--raw', '--subdir', 'DAGS_FOLDER/gbq_pipeline.py', '--cfg-path', '/tmp/tmp3w49no4a', '--error-file', '/tmp/tmpvkfcz_00']
[2022-06-10 22:01:49,685] {standard_task_runner.py:77} INFO - Job 879: Subtask write_truncate_hackernews_agg
[2022-06-10 22:01:49,714] {logging_mixin.py:104} INFO - Running <TaskInstance: gbq_pipeline.write_truncate_hackernews_agg 2022-06-07T10:00:00+00:00 [running]> on host 447938a2c16e
[2022-06-10 22:01:49,741] {taskinstance.py:1257} INFO - Exporting the following env vars:
AIRFLOW_CTX_DAG_EMAIL=airflow@airflow.com
AIRFLOW_CTX_DAG_OWNER=vanmai-airflow
AIRFLOW_CTX_DAG_ID=gbq_pipeline
AIRFLOW_CTX_TASK_ID=write_truncate_hackernews_agg
AIRFLOW_CTX_EXECUTION_DATE=2022-06-07T10:00:00+00:00
AIRFLOW_CTX_DAG_RUN_ID=scheduled__2022-06-07T10:00:00+00:00
[2022-06-10 22:01:49,742] {bigquery.py:680} INFO - Executing: 
    SELECT
      FORMAT_TIMESTAMP("%Y%m%d", timestamp) AS date,
      `by` AS user,
      REGEXP_EXTRACT(url, "(https?://github.com/[^/]*/[^/#?]*)") as github_repo,
      SUM(score) as score
    FROM
      `bigquery-public-data.hacker_news.full`
    WHERE TRUE
      AND FORMAT_TIMESTAMP("%Y%m%d", timestamp) = '20220607'
      AND url LIKE '%https://github.com%'
      AND url NOT LIKE '%github.com/blog/%'
    GROUP BY 1,2,3
    
[2022-06-10 22:01:49,749] {logging_mixin.py:104} WARNING - /home/airflow/.local/lib/python3.6/site-packages/airflow/providers/google/cloud/hooks/bigquery.py:2052 DeprecationWarning: This method is deprecated. Please use `BigQueryHook.insert_job` method.
[2022-06-10 22:01:49,756] {bigquery.py:1510} INFO - Inserting job airflow_1654898509756076_7f623497033ed4b8b5a2f6fed53b2b81
[2022-06-10 22:01:54,601] {taskinstance.py:1166} INFO - Marking task as SUCCESS. dag_id=gbq_pipeline, task_id=write_truncate_hackernews_agg, execution_date=20220607T100000, start_date=20220610T220149, end_date=20220610T220154
[2022-06-10 22:01:54,627] {taskinstance.py:1220} INFO - 1 downstream tasks scheduled from follow-on schedule check
[2022-06-10 22:01:54,637] {local_task_job.py:146} INFO - Task exited with return code 0
