[2022-06-06 15:14:58,216] {taskinstance.py:851} INFO - Dependencies all met for <TaskInstance: gbq_pipeline.check_github 2022-06-04T10:00:00+00:00 [queued]>
[2022-06-06 15:14:58,232] {taskinstance.py:851} INFO - Dependencies all met for <TaskInstance: gbq_pipeline.check_github 2022-06-04T10:00:00+00:00 [queued]>
[2022-06-06 15:14:58,233] {taskinstance.py:1042} INFO - 
--------------------------------------------------------------------------------
[2022-06-06 15:14:58,233] {taskinstance.py:1043} INFO - Starting attempt 2 of 4
[2022-06-06 15:14:58,233] {taskinstance.py:1044} INFO - 
--------------------------------------------------------------------------------
[2022-06-06 15:14:58,240] {taskinstance.py:1063} INFO - Executing <Task(BigQueryCheckOperator): check_github> on 2022-06-04T10:00:00+00:00
[2022-06-06 15:14:58,246] {standard_task_runner.py:76} INFO - Running: ['airflow', 'tasks', 'run', 'gbq_pipeline', 'check_github', '2022-06-04T10:00:00+00:00', '--job-id', '352', '--pool', 'default_pool', '--raw', '--subdir', 'DAGS_FOLDER/gbq_pipeline.py', '--cfg-path', '/tmp/tmps46ht1_t', '--error-file', '/tmp/tmp50_h_7pg']
[2022-06-06 15:14:58,244] {standard_task_runner.py:52} INFO - Started process 158 to run task
[2022-06-06 15:14:58,248] {standard_task_runner.py:77} INFO - Job 352: Subtask check_github
[2022-06-06 15:14:58,277] {logging_mixin.py:104} INFO - Running <TaskInstance: gbq_pipeline.check_github 2022-06-04T10:00:00+00:00 [running]> on host c40819a450e3
[2022-06-06 15:14:58,303] {taskinstance.py:1257} INFO - Exporting the following env vars:
AIRFLOW_CTX_DAG_EMAIL=airflow@airflow.com
AIRFLOW_CTX_DAG_OWNER=vanmai-airflow
AIRFLOW_CTX_DAG_ID=gbq_pipeline
AIRFLOW_CTX_TASK_ID=check_github
AIRFLOW_CTX_EXECUTION_DATE=2022-06-04T10:00:00+00:00
AIRFLOW_CTX_DAG_RUN_ID=scheduled__2022-06-04T10:00:00+00:00
[2022-06-06 15:14:58,304] {sql.py:87} INFO - Executing SQL check: 
        SELECT "20220604" IN 
          (
          SELECT table_id
          FROM `githubarchive.day.__TABLES_SUMMARY__`
          )
        
[2022-06-06 15:14:58,311] {logging_mixin.py:104} WARNING - /home/airflow/.local/lib/python3.6/site-packages/airflow/providers/google/cloud/hooks/bigquery.py:120 DeprecationWarning: This method will be deprecated. Please use `BigQueryHook.get_client` method
[2022-06-06 15:14:58,690] {logging_mixin.py:104} WARNING - /home/airflow/.local/lib/python3.6/site-packages/airflow/providers/google/cloud/hooks/bigquery.py:2052 DeprecationWarning: This method is deprecated. Please use `BigQueryHook.insert_job` method.
[2022-06-06 15:14:58,691] {bigquery.py:1510} INFO - Inserting job airflow_1654528498691239_e42a9ba3b6fcbf7890db15bf666dc526
[2022-06-06 15:15:00,308] {sql.py:90} INFO - Record: [True]
[2022-06-06 15:15:00,308] {sql.py:96} INFO - Success.
[2022-06-06 15:15:00,319] {taskinstance.py:1166} INFO - Marking task as SUCCESS. dag_id=gbq_pipeline, task_id=check_github, execution_date=20220604T100000, start_date=20220606T151458, end_date=20220606T151500
[2022-06-06 15:15:00,359] {taskinstance.py:1220} INFO - 0 downstream tasks scheduled from follow-on schedule check
[2022-06-06 15:15:00,389] {local_task_job.py:146} INFO - Task exited with return code 0
