[2022-06-05 22:02:30,768] {taskinstance.py:851} INFO - Dependencies all met for <TaskInstance: vanmai-demo.t3_templated 2022-05-31T00:00:00+00:00 [queued]>
[2022-06-05 22:02:30,782] {taskinstance.py:851} INFO - Dependencies all met for <TaskInstance: vanmai-demo.t3_templated 2022-05-31T00:00:00+00:00 [queued]>
[2022-06-05 22:02:30,782] {taskinstance.py:1042} INFO - 
--------------------------------------------------------------------------------
[2022-06-05 22:02:30,783] {taskinstance.py:1043} INFO - Starting attempt 1 of 2
[2022-06-05 22:02:30,783] {taskinstance.py:1044} INFO - 
--------------------------------------------------------------------------------
[2022-06-05 22:02:30,792] {taskinstance.py:1063} INFO - Executing <Task(BashOperator): t3_templated> on 2022-05-31T00:00:00+00:00
[2022-06-05 22:02:30,804] {standard_task_runner.py:76} INFO - Running: ['airflow', 'tasks', 'run', 'vanmai-demo', 't3_templated', '2022-05-31T00:00:00+00:00', '--job-id', '256', '--pool', 'default_pool', '--raw', '--subdir', 'DAGS_FOLDER/vanmai-demo.py', '--cfg-path', '/tmp/tmpzk_rf450', '--error-file', '/tmp/tmplckrn7_i']
[2022-06-05 22:02:30,806] {standard_task_runner.py:77} INFO - Job 256: Subtask t3_templated
[2022-06-05 22:02:30,800] {standard_task_runner.py:52} INFO - Started process 152 to run task
[2022-06-05 22:02:30,850] {logging_mixin.py:104} INFO - Running <TaskInstance: vanmai-demo.t3_templated 2022-05-31T00:00:00+00:00 [running]> on host 173d5ef1e4be
[2022-06-05 22:02:30,897] {taskinstance.py:1257} INFO - Exporting the following env vars:
AIRFLOW_CTX_DAG_EMAIL=airflow@example.com
AIRFLOW_CTX_DAG_OWNER=vanmai
AIRFLOW_CTX_DAG_ID=vanmai-demo
AIRFLOW_CTX_TASK_ID=t3_templated
AIRFLOW_CTX_EXECUTION_DATE=2022-05-31T00:00:00+00:00
AIRFLOW_CTX_DAG_RUN_ID=scheduled__2022-05-31T00:00:00+00:00
[2022-06-05 22:02:30,898] {bash.py:135} INFO - Tmp dir root location: 
 /tmp
[2022-06-05 22:02:30,899] {bash.py:158} INFO - Running command: 

    echo "2022-05-31"
    echo "2022-06-07"
    echo "Parameter I passed in"

    echo "2022-05-31"
    echo "2022-06-07"
    echo "Parameter I passed in"

    echo "2022-05-31"
    echo "2022-06-07"
    echo "Parameter I passed in"

    echo "2022-05-31"
    echo "2022-06-07"
    echo "Parameter I passed in"

    echo "2022-05-31"
    echo "2022-06-07"
    echo "Parameter I passed in"

[2022-06-05 22:02:30,908] {bash.py:169} INFO - Output:
[2022-06-05 22:02:30,908] {bash.py:173} INFO - 2022-05-31
[2022-06-05 22:02:30,909] {bash.py:173} INFO - 2022-06-07
[2022-06-05 22:02:30,909] {bash.py:173} INFO - Parameter I passed in
[2022-06-05 22:02:30,909] {bash.py:173} INFO - 2022-05-31
[2022-06-05 22:02:30,910] {bash.py:173} INFO - 2022-06-07
[2022-06-05 22:02:30,910] {bash.py:173} INFO - Parameter I passed in
[2022-06-05 22:02:30,910] {bash.py:173} INFO - 2022-05-31
[2022-06-05 22:02:30,911] {bash.py:173} INFO - 2022-06-07
[2022-06-05 22:02:30,911] {bash.py:173} INFO - Parameter I passed in
[2022-06-05 22:02:30,911] {bash.py:173} INFO - 2022-05-31
[2022-06-05 22:02:30,911] {bash.py:173} INFO - 2022-06-07
[2022-06-05 22:02:30,911] {bash.py:173} INFO - Parameter I passed in
[2022-06-05 22:02:30,911] {bash.py:173} INFO - 2022-05-31
[2022-06-05 22:02:30,912] {bash.py:173} INFO - 2022-06-07
[2022-06-05 22:02:30,912] {bash.py:173} INFO - Parameter I passed in
[2022-06-05 22:02:30,912] {bash.py:177} INFO - Command exited with return code 0
[2022-06-05 22:02:30,936] {taskinstance.py:1166} INFO - Marking task as SUCCESS. dag_id=vanmai-demo, task_id=t3_templated, execution_date=20220531T000000, start_date=20220605T220230, end_date=20220605T220230
[2022-06-05 22:02:31,054] {taskinstance.py:1220} INFO - 0 downstream tasks scheduled from follow-on schedule check
[2022-06-05 22:02:31,068] {local_task_job.py:146} INFO - Task exited with return code 0
