[2022-06-06 15:23:38,191] {taskinstance.py:851} INFO - Dependencies all met for <TaskInstance: gbq_pipeline.check_github 2022-03-07T10:00:00+00:00 [queued]>
[2022-06-06 15:23:38,211] {taskinstance.py:851} INFO - Dependencies all met for <TaskInstance: gbq_pipeline.check_github 2022-03-07T10:00:00+00:00 [queued]>
[2022-06-06 15:23:38,212] {taskinstance.py:1042} INFO - 
--------------------------------------------------------------------------------
[2022-06-06 15:23:38,212] {taskinstance.py:1043} INFO - Starting attempt 1 of 3
[2022-06-06 15:23:38,213] {taskinstance.py:1044} INFO - 
--------------------------------------------------------------------------------
[2022-06-06 15:23:38,220] {taskinstance.py:1063} INFO - Executing <Task(BigQueryCheckOperator): check_github> on 2022-03-07T10:00:00+00:00
[2022-06-06 15:23:38,226] {standard_task_runner.py:52} INFO - Started process 276 to run task
[2022-06-06 15:23:38,229] {standard_task_runner.py:76} INFO - Running: ['airflow', 'tasks', 'run', 'gbq_pipeline', 'check_github', '2022-03-07T10:00:00+00:00', '--job-id', '389', '--pool', 'default_pool', '--raw', '--subdir', 'DAGS_FOLDER/gbq_pipeline.py', '--cfg-path', '/tmp/tmprojjkdu_', '--error-file', '/tmp/tmps25uq9jw']
[2022-06-06 15:23:38,231] {standard_task_runner.py:77} INFO - Job 389: Subtask check_github
[2022-06-06 15:23:38,268] {logging_mixin.py:104} INFO - Running <TaskInstance: gbq_pipeline.check_github 2022-03-07T10:00:00+00:00 [running]> on host c40819a450e3
[2022-06-06 15:23:38,303] {taskinstance.py:1257} INFO - Exporting the following env vars:
AIRFLOW_CTX_DAG_EMAIL=airflow@airflow.com
AIRFLOW_CTX_DAG_OWNER=vanmai-airflow
AIRFLOW_CTX_DAG_ID=gbq_pipeline
AIRFLOW_CTX_TASK_ID=check_github
AIRFLOW_CTX_EXECUTION_DATE=2022-03-07T10:00:00+00:00
AIRFLOW_CTX_DAG_RUN_ID=scheduled__2022-03-07T10:00:00+00:00
[2022-06-06 15:23:38,304] {sql.py:87} INFO - Executing SQL check: 
        SELECT "20220307" IN 
          (
          SELECT table_id
          FROM `githubarchive.day.__TABLES_SUMMARY__`
          )
        
[2022-06-06 15:23:38,314] {logging_mixin.py:104} WARNING - /home/airflow/.local/lib/python3.6/site-packages/airflow/providers/google/cloud/hooks/bigquery.py:120 DeprecationWarning: This method will be deprecated. Please use `BigQueryHook.get_client` method
[2022-06-06 15:23:38,687] {logging_mixin.py:104} WARNING - /home/airflow/.local/lib/python3.6/site-packages/airflow/providers/google/cloud/hooks/bigquery.py:2052 DeprecationWarning: This method is deprecated. Please use `BigQueryHook.insert_job` method.
[2022-06-06 15:23:38,688] {bigquery.py:1510} INFO - Inserting job airflow_1654529018687589_25c4ea548a184ff815bf0ee42b086dbe
[2022-06-06 15:23:40,591] {sql.py:90} INFO - Record: [True]
[2022-06-06 15:23:40,591] {sql.py:96} INFO - Success.
[2022-06-06 15:23:40,601] {taskinstance.py:1166} INFO - Marking task as SUCCESS. dag_id=gbq_pipeline, task_id=check_github, execution_date=20220307T100000, start_date=20220606T152338, end_date=20220606T152340
[2022-06-06 15:23:40,628] {taskinstance.py:1220} INFO - 0 downstream tasks scheduled from follow-on schedule check
[2022-06-06 15:23:40,651] {local_task_job.py:146} INFO - Task exited with return code 0
[2022-06-06 16:25:35,085] {taskinstance.py:851} INFO - Dependencies all met for <TaskInstance: gbq_pipeline.check_github 2022-03-07T10:00:00+00:00 [queued]>
[2022-06-06 16:25:35,107] {taskinstance.py:851} INFO - Dependencies all met for <TaskInstance: gbq_pipeline.check_github 2022-03-07T10:00:00+00:00 [queued]>
[2022-06-06 16:25:35,107] {taskinstance.py:1042} INFO - 
--------------------------------------------------------------------------------
[2022-06-06 16:25:35,108] {taskinstance.py:1043} INFO - Starting attempt 1 of 3
[2022-06-06 16:25:35,108] {taskinstance.py:1044} INFO - 
--------------------------------------------------------------------------------
[2022-06-06 16:25:35,116] {taskinstance.py:1063} INFO - Executing <Task(BigQueryCheckOperator): check_github> on 2022-03-07T10:00:00+00:00
[2022-06-06 16:25:35,121] {standard_task_runner.py:52} INFO - Started process 423 to run task
[2022-06-06 16:25:35,124] {standard_task_runner.py:76} INFO - Running: ['airflow', 'tasks', 'run', 'gbq_pipeline', 'check_github', '2022-03-07T10:00:00+00:00', '--job-id', '440', '--pool', 'default_pool', '--raw', '--subdir', 'DAGS_FOLDER/gbq_pipeline.py', '--cfg-path', '/tmp/tmp0gm0p_h3', '--error-file', '/tmp/tmpee_uk251']
[2022-06-06 16:25:35,125] {standard_task_runner.py:77} INFO - Job 440: Subtask check_github
[2022-06-06 16:25:35,161] {logging_mixin.py:104} INFO - Running <TaskInstance: gbq_pipeline.check_github 2022-03-07T10:00:00+00:00 [running]> on host c40819a450e3
[2022-06-06 16:25:35,191] {taskinstance.py:1257} INFO - Exporting the following env vars:
AIRFLOW_CTX_DAG_EMAIL=airflow@airflow.com
AIRFLOW_CTX_DAG_OWNER=vanmai-airflow
AIRFLOW_CTX_DAG_ID=gbq_pipeline
AIRFLOW_CTX_TASK_ID=check_github
AIRFLOW_CTX_EXECUTION_DATE=2022-03-07T10:00:00+00:00
AIRFLOW_CTX_DAG_RUN_ID=scheduled__2022-03-07T10:00:00+00:00
[2022-06-06 16:25:35,192] {sql.py:87} INFO - Executing SQL check: 
        SELECT "20220307" IN 
          (
          SELECT table_id
          FROM `githubarchive.day.__TABLES_SUMMARY__`
          )
        
[2022-06-06 16:25:35,200] {logging_mixin.py:104} WARNING - /home/airflow/.local/lib/python3.6/site-packages/airflow/providers/google/cloud/hooks/bigquery.py:120 DeprecationWarning: This method will be deprecated. Please use `BigQueryHook.get_client` method
[2022-06-06 16:25:35,723] {logging_mixin.py:104} WARNING - /home/airflow/.local/lib/python3.6/site-packages/airflow/providers/google/cloud/hooks/bigquery.py:2052 DeprecationWarning: This method is deprecated. Please use `BigQueryHook.insert_job` method.
[2022-06-06 16:25:35,725] {bigquery.py:1510} INFO - Inserting job airflow_1654532735724488_25c4ea548a184ff815bf0ee42b086dbe
[2022-06-06 16:25:37,736] {sql.py:90} INFO - Record: [True]
[2022-06-06 16:25:37,737] {sql.py:96} INFO - Success.
[2022-06-06 16:25:37,746] {taskinstance.py:1166} INFO - Marking task as SUCCESS. dag_id=gbq_pipeline, task_id=check_github, execution_date=20220307T100000, start_date=20220606T162535, end_date=20220606T162537
[2022-06-06 16:25:37,970] {taskinstance.py:1220} INFO - 0 downstream tasks scheduled from follow-on schedule check
[2022-06-06 16:25:37,988] {local_task_job.py:146} INFO - Task exited with return code 0
[2022-06-06 16:59:54,153] {taskinstance.py:851} INFO - Dependencies all met for <TaskInstance: gbq_pipeline.check_github 2022-03-07T10:00:00+00:00 [queued]>
[2022-06-06 16:59:54,174] {taskinstance.py:851} INFO - Dependencies all met for <TaskInstance: gbq_pipeline.check_github 2022-03-07T10:00:00+00:00 [queued]>
[2022-06-06 16:59:54,175] {taskinstance.py:1042} INFO - 
--------------------------------------------------------------------------------
[2022-06-06 16:59:54,175] {taskinstance.py:1043} INFO - Starting attempt 1 of 3
[2022-06-06 16:59:54,176] {taskinstance.py:1044} INFO - 
--------------------------------------------------------------------------------
[2022-06-06 16:59:54,195] {taskinstance.py:1063} INFO - Executing <Task(BigQueryCheckOperator): check_github> on 2022-03-07T10:00:00+00:00
[2022-06-06 16:59:54,202] {standard_task_runner.py:52} INFO - Started process 725 to run task
[2022-06-06 16:59:54,214] {standard_task_runner.py:76} INFO - Running: ['airflow', 'tasks', 'run', 'gbq_pipeline', 'check_github', '2022-03-07T10:00:00+00:00', '--job-id', '534', '--pool', 'default_pool', '--raw', '--subdir', 'DAGS_FOLDER/gbq_pipeline.py', '--cfg-path', '/tmp/tmp6697k81k', '--error-file', '/tmp/tmp_lvnp949']
[2022-06-06 16:59:54,218] {standard_task_runner.py:77} INFO - Job 534: Subtask check_github
[2022-06-06 16:59:54,288] {logging_mixin.py:104} INFO - Running <TaskInstance: gbq_pipeline.check_github 2022-03-07T10:00:00+00:00 [running]> on host c40819a450e3
[2022-06-06 16:59:54,414] {taskinstance.py:1257} INFO - Exporting the following env vars:
AIRFLOW_CTX_DAG_EMAIL=airflow@airflow.com
AIRFLOW_CTX_DAG_OWNER=vanmai-airflow
AIRFLOW_CTX_DAG_ID=gbq_pipeline
AIRFLOW_CTX_TASK_ID=check_github
AIRFLOW_CTX_EXECUTION_DATE=2022-03-07T10:00:00+00:00
AIRFLOW_CTX_DAG_RUN_ID=scheduled__2022-03-07T10:00:00+00:00
[2022-06-06 16:59:54,416] {sql.py:87} INFO - Executing SQL check: 
        SELECT "20220307" IN 
          (
          SELECT table_id
          FROM `githubarchive.day.__TABLES_SUMMARY__`
          )
        
[2022-06-06 16:59:54,426] {logging_mixin.py:104} WARNING - /home/airflow/.local/lib/python3.6/site-packages/airflow/providers/google/cloud/hooks/bigquery.py:120 DeprecationWarning: This method will be deprecated. Please use `BigQueryHook.get_client` method
[2022-06-06 16:59:54,899] {logging_mixin.py:104} WARNING - /home/airflow/.local/lib/python3.6/site-packages/airflow/providers/google/cloud/hooks/bigquery.py:2052 DeprecationWarning: This method is deprecated. Please use `BigQueryHook.insert_job` method.
[2022-06-06 16:59:54,901] {bigquery.py:1510} INFO - Inserting job airflow_1654534794900210_25c4ea548a184ff815bf0ee42b086dbe
[2022-06-06 16:59:56,595] {sql.py:90} INFO - Record: [True]
[2022-06-06 16:59:56,595] {sql.py:96} INFO - Success.
[2022-06-06 16:59:56,605] {taskinstance.py:1166} INFO - Marking task as SUCCESS. dag_id=gbq_pipeline, task_id=check_github, execution_date=20220307T100000, start_date=20220606T165954, end_date=20220606T165956
[2022-06-06 16:59:56,632] {taskinstance.py:1220} INFO - 1 downstream tasks scheduled from follow-on schedule check
[2022-06-06 16:59:56,644] {local_task_job.py:146} INFO - Task exited with return code 0
