[2022-06-05 14:20:24,171] {taskinstance.py:851} INFO - Dependencies all met for <TaskInstance: tutorial.sleep 2022-06-05T14:20:22.318351+00:00 [queued]>
[2022-06-05 14:20:24,182] {taskinstance.py:851} INFO - Dependencies all met for <TaskInstance: tutorial.sleep 2022-06-05T14:20:22.318351+00:00 [queued]>
[2022-06-05 14:20:24,182] {taskinstance.py:1042} INFO - 
--------------------------------------------------------------------------------
[2022-06-05 14:20:24,183] {taskinstance.py:1043} INFO - Starting attempt 1 of 4
[2022-06-05 14:20:24,183] {taskinstance.py:1044} INFO - 
--------------------------------------------------------------------------------
[2022-06-05 14:20:24,189] {taskinstance.py:1063} INFO - Executing <Task(BashOperator): sleep> on 2022-06-05T14:20:22.318351+00:00
[2022-06-05 14:20:24,192] {standard_task_runner.py:52} INFO - Started process 64 to run task
[2022-06-05 14:20:24,194] {standard_task_runner.py:76} INFO - Running: ['airflow', 'tasks', 'run', 'tutorial', 'sleep', '2022-06-05T14:20:22.318351+00:00', '--job-id', '46', '--pool', 'default_pool', '--raw', '--subdir', '/home/airflow/.local/lib/python3.6/site-packages/airflow/example_dags/tutorial.py', '--cfg-path', '/tmp/tmpedm81z78', '--error-file', '/tmp/tmp1ic8ri1t']
[2022-06-05 14:20:24,195] {standard_task_runner.py:77} INFO - Job 46: Subtask sleep
[2022-06-05 14:20:24,223] {logging_mixin.py:104} INFO - Running <TaskInstance: tutorial.sleep 2022-06-05T14:20:22.318351+00:00 [running]> on host d102011d5c1b
[2022-06-05 14:20:24,252] {taskinstance.py:1257} INFO - Exporting the following env vars:
AIRFLOW_CTX_DAG_EMAIL=airflow@example.com
AIRFLOW_CTX_DAG_OWNER=airflow
AIRFLOW_CTX_DAG_ID=tutorial
AIRFLOW_CTX_TASK_ID=sleep
AIRFLOW_CTX_EXECUTION_DATE=2022-06-05T14:20:22.318351+00:00
AIRFLOW_CTX_DAG_RUN_ID=manual__2022-06-05T14:20:22.318351+00:00
[2022-06-05 14:20:24,253] {bash.py:135} INFO - Tmp dir root location: 
 /tmp
[2022-06-05 14:20:24,253] {bash.py:158} INFO - Running command: sleep 5
[2022-06-05 14:20:24,259] {bash.py:169} INFO - Output:
[2022-06-05 14:20:29,261] {bash.py:177} INFO - Command exited with return code 0
[2022-06-05 14:20:29,286] {taskinstance.py:1166} INFO - Marking task as SUCCESS. dag_id=tutorial, task_id=sleep, execution_date=20220605T142022, start_date=20220605T142024, end_date=20220605T142029
[2022-06-05 14:20:29,320] {taskinstance.py:1220} INFO - 0 downstream tasks scheduled from follow-on schedule check
[2022-06-05 14:20:29,339] {local_task_job.py:146} INFO - Task exited with return code 0
