[2022-06-06 15:23:27,747] {taskinstance.py:851} INFO - Dependencies all met for <TaskInstance: gbq_pipeline.write_append_join_table 2022-03-01T10:00:00+00:00 [queued]>
[2022-06-06 15:23:27,757] {taskinstance.py:851} INFO - Dependencies all met for <TaskInstance: gbq_pipeline.write_append_join_table 2022-03-01T10:00:00+00:00 [queued]>
[2022-06-06 15:23:27,758] {taskinstance.py:1042} INFO - 
--------------------------------------------------------------------------------
[2022-06-06 15:23:27,758] {taskinstance.py:1043} INFO - Starting attempt 1 of 3
[2022-06-06 15:23:27,758] {taskinstance.py:1044} INFO - 
--------------------------------------------------------------------------------
[2022-06-06 15:23:27,770] {taskinstance.py:1063} INFO - Executing <Task(BigQueryOperator): write_append_join_table> on 2022-03-01T10:00:00+00:00
[2022-06-06 15:23:27,774] {standard_task_runner.py:52} INFO - Started process 245 to run task
[2022-06-06 15:23:27,777] {standard_task_runner.py:76} INFO - Running: ['airflow', 'tasks', 'run', 'gbq_pipeline', 'write_append_join_table', '2022-03-01T10:00:00+00:00', '--job-id', '381', '--pool', 'default_pool', '--raw', '--subdir', 'DAGS_FOLDER/gbq_pipeline.py', '--cfg-path', '/tmp/tmpgsmydwrk', '--error-file', '/tmp/tmpyz1dhfx6']
[2022-06-06 15:23:27,779] {standard_task_runner.py:77} INFO - Job 381: Subtask write_append_join_table
[2022-06-06 15:23:27,813] {logging_mixin.py:104} INFO - Running <TaskInstance: gbq_pipeline.write_append_join_table 2022-03-01T10:00:00+00:00 [running]> on host c40819a450e3
[2022-06-06 15:23:27,844] {taskinstance.py:1257} INFO - Exporting the following env vars:
AIRFLOW_CTX_DAG_EMAIL=airflow@airflow.com
AIRFLOW_CTX_DAG_OWNER=vanmai-airflow
AIRFLOW_CTX_DAG_ID=gbq_pipeline
AIRFLOW_CTX_TASK_ID=write_append_join_table
AIRFLOW_CTX_EXECUTION_DATE=2022-03-01T10:00:00+00:00
AIRFLOW_CTX_DAG_RUN_ID=scheduled__2022-03-01T10:00:00+00:00
[2022-06-06 15:23:27,846] {bigquery.py:680} INFO - Executing: 
    SELECT 
      gh.*,
      hn.* except (date, github_repo)
    FROM
      `airflow-project-352316.github_curated.github_agg` gh
    LEFT JOIN 
      `airflow-project-352316.github_curated.hackernews_agg` hn
    ON hn.github_repo = gh.github_repo and hn.date = gh.date
    WHERE hn.score is not null
    
[2022-06-06 15:23:27,854] {logging_mixin.py:104} WARNING - /home/airflow/.local/lib/python3.6/site-packages/airflow/providers/google/cloud/hooks/bigquery.py:2052 DeprecationWarning: This method is deprecated. Please use `BigQueryHook.insert_job` method.
[2022-06-06 15:23:27,861] {bigquery.py:1510} INFO - Inserting job airflow_1654529007860941_cfad98687eff6246d49f73f415b9556f
[2022-06-06 15:23:31,402] {taskinstance.py:1166} INFO - Marking task as SUCCESS. dag_id=gbq_pipeline, task_id=write_append_join_table, execution_date=20220301T100000, start_date=20220606T152327, end_date=20220606T152331
[2022-06-06 15:23:31,427] {taskinstance.py:1220} INFO - 1 downstream tasks scheduled from follow-on schedule check
[2022-06-06 15:23:31,445] {local_task_job.py:146} INFO - Task exited with return code 0
[2022-06-06 16:25:26,470] {taskinstance.py:851} INFO - Dependencies all met for <TaskInstance: gbq_pipeline.write_append_join_table 2022-03-01T10:00:00+00:00 [queued]>
[2022-06-06 16:25:26,480] {taskinstance.py:851} INFO - Dependencies all met for <TaskInstance: gbq_pipeline.write_append_join_table 2022-03-01T10:00:00+00:00 [queued]>
[2022-06-06 16:25:26,480] {taskinstance.py:1042} INFO - 
--------------------------------------------------------------------------------
[2022-06-06 16:25:26,481] {taskinstance.py:1043} INFO - Starting attempt 1 of 3
[2022-06-06 16:25:26,481] {taskinstance.py:1044} INFO - 
--------------------------------------------------------------------------------
[2022-06-06 16:25:26,492] {taskinstance.py:1063} INFO - Executing <Task(BigQueryOperator): write_append_join_table> on 2022-03-01T10:00:00+00:00
[2022-06-06 16:25:26,496] {standard_task_runner.py:52} INFO - Started process 401 to run task
[2022-06-06 16:25:26,501] {standard_task_runner.py:76} INFO - Running: ['airflow', 'tasks', 'run', 'gbq_pipeline', 'write_append_join_table', '2022-03-01T10:00:00+00:00', '--job-id', '433', '--pool', 'default_pool', '--raw', '--subdir', 'DAGS_FOLDER/gbq_pipeline.py', '--cfg-path', '/tmp/tmpsv8xuxid', '--error-file', '/tmp/tmp3vh522_o']
[2022-06-06 16:25:26,507] {standard_task_runner.py:77} INFO - Job 433: Subtask write_append_join_table
[2022-06-06 16:25:26,552] {logging_mixin.py:104} INFO - Running <TaskInstance: gbq_pipeline.write_append_join_table 2022-03-01T10:00:00+00:00 [running]> on host c40819a450e3
[2022-06-06 16:25:26,586] {taskinstance.py:1257} INFO - Exporting the following env vars:
AIRFLOW_CTX_DAG_EMAIL=airflow@airflow.com
AIRFLOW_CTX_DAG_OWNER=vanmai-airflow
AIRFLOW_CTX_DAG_ID=gbq_pipeline
AIRFLOW_CTX_TASK_ID=write_append_join_table
AIRFLOW_CTX_EXECUTION_DATE=2022-03-01T10:00:00+00:00
AIRFLOW_CTX_DAG_RUN_ID=scheduled__2022-03-01T10:00:00+00:00
[2022-06-06 16:25:26,588] {bigquery.py:680} INFO - Executing: 
    SELECT 
      gh.*,
      hn.* except (date, github_repo)
    FROM
      `airflow-project-352316.github_curated.github_agg` gh
    LEFT JOIN 
      `airflow-project-352316.github_curated.hackernews_agg` hn
    ON hn.github_repo = gh.github_repo and hn.date = gh.date
    WHERE hn.score is not null
    
[2022-06-06 16:25:26,596] {logging_mixin.py:104} WARNING - /home/airflow/.local/lib/python3.6/site-packages/airflow/providers/google/cloud/hooks/bigquery.py:2052 DeprecationWarning: This method is deprecated. Please use `BigQueryHook.insert_job` method.
[2022-06-06 16:25:26,603] {bigquery.py:1510} INFO - Inserting job airflow_1654532726603156_cfad98687eff6246d49f73f415b9556f
[2022-06-06 16:25:31,713] {taskinstance.py:1166} INFO - Marking task as SUCCESS. dag_id=gbq_pipeline, task_id=write_append_join_table, execution_date=20220301T100000, start_date=20220606T162526, end_date=20220606T162531
[2022-06-06 16:25:31,734] {taskinstance.py:1220} INFO - 1 downstream tasks scheduled from follow-on schedule check
[2022-06-06 16:25:31,773] {local_task_job.py:146} INFO - Task exited with return code 0
[2022-06-06 16:56:00,680] {taskinstance.py:851} INFO - Dependencies all met for <TaskInstance: gbq_pipeline.write_append_join_table 2022-03-01T10:00:00+00:00 [queued]>
[2022-06-06 16:56:00,691] {taskinstance.py:851} INFO - Dependencies all met for <TaskInstance: gbq_pipeline.write_append_join_table 2022-03-01T10:00:00+00:00 [queued]>
[2022-06-06 16:56:00,691] {taskinstance.py:1042} INFO - 
--------------------------------------------------------------------------------
[2022-06-06 16:56:00,691] {taskinstance.py:1043} INFO - Starting attempt 1 of 3
[2022-06-06 16:56:00,692] {taskinstance.py:1044} INFO - 
--------------------------------------------------------------------------------
[2022-06-06 16:56:00,704] {taskinstance.py:1063} INFO - Executing <Task(BigQueryOperator): write_append_join_table> on 2022-03-01T10:00:00+00:00
[2022-06-06 16:56:00,708] {standard_task_runner.py:52} INFO - Started process 492 to run task
[2022-06-06 16:56:00,711] {standard_task_runner.py:76} INFO - Running: ['airflow', 'tasks', 'run', 'gbq_pipeline', 'write_append_join_table', '2022-03-01T10:00:00+00:00', '--job-id', '462', '--pool', 'default_pool', '--raw', '--subdir', 'DAGS_FOLDER/gbq_pipeline.py', '--cfg-path', '/tmp/tmprw248dhq', '--error-file', '/tmp/tmpntbuvo3i']
[2022-06-06 16:56:00,712] {standard_task_runner.py:77} INFO - Job 462: Subtask write_append_join_table
[2022-06-06 16:56:00,753] {logging_mixin.py:104} INFO - Running <TaskInstance: gbq_pipeline.write_append_join_table 2022-03-01T10:00:00+00:00 [running]> on host c40819a450e3
[2022-06-06 16:56:00,786] {taskinstance.py:1257} INFO - Exporting the following env vars:
AIRFLOW_CTX_DAG_EMAIL=airflow@airflow.com
AIRFLOW_CTX_DAG_OWNER=vanmai-airflow
AIRFLOW_CTX_DAG_ID=gbq_pipeline
AIRFLOW_CTX_TASK_ID=write_append_join_table
AIRFLOW_CTX_EXECUTION_DATE=2022-03-01T10:00:00+00:00
AIRFLOW_CTX_DAG_RUN_ID=scheduled__2022-03-01T10:00:00+00:00
[2022-06-06 16:56:00,788] {bigquery.py:680} INFO - Executing: 
    SELECT 
      gh.*,
      hn.* except (date, github_repo)
    FROM
      `airflow-project-352316.github_curated.github_agg` gh
    LEFT JOIN 
      `airflow-project-352316.github_curated.hackernews_agg` hn
    ON hn.github_repo = gh.github_repo and hn.date = gh.date
    WHERE hn.score is not null
    
[2022-06-06 16:56:00,797] {logging_mixin.py:104} WARNING - /home/airflow/.local/lib/python3.6/site-packages/airflow/providers/google/cloud/hooks/bigquery.py:2052 DeprecationWarning: This method is deprecated. Please use `BigQueryHook.insert_job` method.
[2022-06-06 16:56:00,804] {bigquery.py:1510} INFO - Inserting job airflow_1654534560804308_cfad98687eff6246d49f73f415b9556f
[2022-06-06 16:56:04,487] {taskinstance.py:1166} INFO - Marking task as SUCCESS. dag_id=gbq_pipeline, task_id=write_append_join_table, execution_date=20220301T100000, start_date=20220606T165600, end_date=20220606T165604
[2022-06-06 16:56:04,508] {taskinstance.py:1220} INFO - 1 downstream tasks scheduled from follow-on schedule check
[2022-06-06 16:56:04,540] {local_task_job.py:146} INFO - Task exited with return code 0
[2022-06-06 16:57:35,136] {taskinstance.py:851} INFO - Dependencies all met for <TaskInstance: gbq_pipeline.write_append_join_table 2022-03-01T10:00:00+00:00 [queued]>
[2022-06-06 16:57:35,147] {taskinstance.py:851} INFO - Dependencies all met for <TaskInstance: gbq_pipeline.write_append_join_table 2022-03-01T10:00:00+00:00 [queued]>
[2022-06-06 16:57:35,147] {taskinstance.py:1042} INFO - 
--------------------------------------------------------------------------------
[2022-06-06 16:57:35,147] {taskinstance.py:1043} INFO - Starting attempt 1 of 3
[2022-06-06 16:57:35,148] {taskinstance.py:1044} INFO - 
--------------------------------------------------------------------------------
[2022-06-06 16:57:35,159] {taskinstance.py:1063} INFO - Executing <Task(BigQueryOperator): write_append_join_table> on 2022-03-01T10:00:00+00:00
[2022-06-06 16:57:35,164] {standard_task_runner.py:52} INFO - Started process 583 to run task
[2022-06-06 16:57:35,167] {standard_task_runner.py:76} INFO - Running: ['airflow', 'tasks', 'run', 'gbq_pipeline', 'write_append_join_table', '2022-03-01T10:00:00+00:00', '--job-id', '492', '--pool', 'default_pool', '--raw', '--subdir', 'DAGS_FOLDER/gbq_pipeline.py', '--cfg-path', '/tmp/tmp2rcfelrl', '--error-file', '/tmp/tmpur1sjpeh']
[2022-06-06 16:57:35,169] {standard_task_runner.py:77} INFO - Job 492: Subtask write_append_join_table
[2022-06-06 16:57:35,205] {logging_mixin.py:104} INFO - Running <TaskInstance: gbq_pipeline.write_append_join_table 2022-03-01T10:00:00+00:00 [running]> on host c40819a450e3
[2022-06-06 16:57:35,238] {taskinstance.py:1257} INFO - Exporting the following env vars:
AIRFLOW_CTX_DAG_EMAIL=airflow@airflow.com
AIRFLOW_CTX_DAG_OWNER=vanmai-airflow
AIRFLOW_CTX_DAG_ID=gbq_pipeline
AIRFLOW_CTX_TASK_ID=write_append_join_table
AIRFLOW_CTX_EXECUTION_DATE=2022-03-01T10:00:00+00:00
AIRFLOW_CTX_DAG_RUN_ID=scheduled__2022-03-01T10:00:00+00:00
[2022-06-06 16:57:35,239] {bigquery.py:680} INFO - Executing: 
    SELECT 
      gh.*,
      hn.* except (date, github_repo)
    FROM
      `airflow-project-352316.github_curated.github_agg` gh
    LEFT JOIN 
      `airflow-project-352316.github_curated.hackernews_agg` hn
    ON hn.github_repo = gh.github_repo and hn.date = gh.date
    WHERE hn.score is not null
    
[2022-06-06 16:57:35,247] {logging_mixin.py:104} WARNING - /home/airflow/.local/lib/python3.6/site-packages/airflow/providers/google/cloud/hooks/bigquery.py:2052 DeprecationWarning: This method is deprecated. Please use `BigQueryHook.insert_job` method.
[2022-06-06 16:57:35,253] {bigquery.py:1510} INFO - Inserting job airflow_1654534655253089_cfad98687eff6246d49f73f415b9556f
[2022-06-06 16:57:39,398] {taskinstance.py:1166} INFO - Marking task as SUCCESS. dag_id=gbq_pipeline, task_id=write_append_join_table, execution_date=20220301T100000, start_date=20220606T165735, end_date=20220606T165739
[2022-06-06 16:57:39,751] {taskinstance.py:1220} INFO - 0 downstream tasks scheduled from follow-on schedule check
[2022-06-06 16:57:39,759] {local_task_job.py:146} INFO - Task exited with return code 0
[2022-06-06 16:59:42,205] {taskinstance.py:851} INFO - Dependencies all met for <TaskInstance: gbq_pipeline.write_append_join_table 2022-03-01T10:00:00+00:00 [queued]>
[2022-06-06 16:59:42,214] {taskinstance.py:851} INFO - Dependencies all met for <TaskInstance: gbq_pipeline.write_append_join_table 2022-03-01T10:00:00+00:00 [queued]>
[2022-06-06 16:59:42,215] {taskinstance.py:1042} INFO - 
--------------------------------------------------------------------------------
[2022-06-06 16:59:42,215] {taskinstance.py:1043} INFO - Starting attempt 1 of 3
[2022-06-06 16:59:42,215] {taskinstance.py:1044} INFO - 
--------------------------------------------------------------------------------
[2022-06-06 16:59:42,225] {taskinstance.py:1063} INFO - Executing <Task(BigQueryOperator): write_append_join_table> on 2022-03-01T10:00:00+00:00
[2022-06-06 16:59:42,229] {standard_task_runner.py:52} INFO - Started process 683 to run task
[2022-06-06 16:59:42,232] {standard_task_runner.py:76} INFO - Running: ['airflow', 'tasks', 'run', 'gbq_pipeline', 'write_append_join_table', '2022-03-01T10:00:00+00:00', '--job-id', '526', '--pool', 'default_pool', '--raw', '--subdir', 'DAGS_FOLDER/gbq_pipeline.py', '--cfg-path', '/tmp/tmpb5hvyrvu', '--error-file', '/tmp/tmpm2jncnon']
[2022-06-06 16:59:42,234] {standard_task_runner.py:77} INFO - Job 526: Subtask write_append_join_table
[2022-06-06 16:59:42,268] {logging_mixin.py:104} INFO - Running <TaskInstance: gbq_pipeline.write_append_join_table 2022-03-01T10:00:00+00:00 [running]> on host c40819a450e3
[2022-06-06 16:59:42,303] {taskinstance.py:1257} INFO - Exporting the following env vars:
AIRFLOW_CTX_DAG_EMAIL=airflow@airflow.com
AIRFLOW_CTX_DAG_OWNER=vanmai-airflow
AIRFLOW_CTX_DAG_ID=gbq_pipeline
AIRFLOW_CTX_TASK_ID=write_append_join_table
AIRFLOW_CTX_EXECUTION_DATE=2022-03-01T10:00:00+00:00
AIRFLOW_CTX_DAG_RUN_ID=scheduled__2022-03-01T10:00:00+00:00
[2022-06-06 16:59:42,305] {bigquery.py:680} INFO - Executing: 
    SELECT 
      gh.*,
      hn.* except (date, github_repo)
    FROM
      `airflow-project-352316.github_curated.github_agg` gh
    LEFT JOIN 
      `airflow-project-352316.github_curated.hackernews_agg` hn
    ON hn.github_repo = gh.github_repo and hn.date = gh.date
    WHERE hn.score is not null
    
[2022-06-06 16:59:42,315] {logging_mixin.py:104} WARNING - /home/airflow/.local/lib/python3.6/site-packages/airflow/providers/google/cloud/hooks/bigquery.py:2052 DeprecationWarning: This method is deprecated. Please use `BigQueryHook.insert_job` method.
[2022-06-06 16:59:42,323] {bigquery.py:1510} INFO - Inserting job airflow_1654534782322801_cfad98687eff6246d49f73f415b9556f
[2022-06-06 16:59:45,769] {taskinstance.py:1166} INFO - Marking task as SUCCESS. dag_id=gbq_pipeline, task_id=write_append_join_table, execution_date=20220301T100000, start_date=20220606T165942, end_date=20220606T165945
[2022-06-06 16:59:45,889] {taskinstance.py:1220} INFO - 0 downstream tasks scheduled from follow-on schedule check
[2022-06-06 16:59:45,939] {local_task_job.py:146} INFO - Task exited with return code 0
