[2022-06-06 15:24:11,653] {taskinstance.py:851} INFO - Dependencies all met for <TaskInstance: gbq_pipeline.write_append_join_table 2022-03-06T10:00:00+00:00 [queued]>
[2022-06-06 15:24:11,709] {taskinstance.py:851} INFO - Dependencies all met for <TaskInstance: gbq_pipeline.write_append_join_table 2022-03-06T10:00:00+00:00 [queued]>
[2022-06-06 15:24:11,709] {taskinstance.py:1042} INFO - 
--------------------------------------------------------------------------------
[2022-06-06 15:24:11,709] {taskinstance.py:1043} INFO - Starting attempt 1 of 3
[2022-06-06 15:24:11,710] {taskinstance.py:1044} INFO - 
--------------------------------------------------------------------------------
[2022-06-06 15:24:11,718] {taskinstance.py:1063} INFO - Executing <Task(BigQueryOperator): write_append_join_table> on 2022-03-06T10:00:00+00:00
[2022-06-06 15:24:11,727] {standard_task_runner.py:76} INFO - Running: ['airflow', 'tasks', 'run', 'gbq_pipeline', 'write_append_join_table', '2022-03-06T10:00:00+00:00', '--job-id', '408', '--pool', 'default_pool', '--raw', '--subdir', 'DAGS_FOLDER/gbq_pipeline.py', '--cfg-path', '/tmp/tmpxg0_u84c', '--error-file', '/tmp/tmprtpem9nb']
[2022-06-06 15:24:11,724] {standard_task_runner.py:52} INFO - Started process 329 to run task
[2022-06-06 15:24:11,729] {standard_task_runner.py:77} INFO - Job 408: Subtask write_append_join_table
[2022-06-06 15:24:11,766] {logging_mixin.py:104} INFO - Running <TaskInstance: gbq_pipeline.write_append_join_table 2022-03-06T10:00:00+00:00 [running]> on host c40819a450e3
[2022-06-06 15:24:11,797] {taskinstance.py:1257} INFO - Exporting the following env vars:
AIRFLOW_CTX_DAG_EMAIL=airflow@airflow.com
AIRFLOW_CTX_DAG_OWNER=vanmai-airflow
AIRFLOW_CTX_DAG_ID=gbq_pipeline
AIRFLOW_CTX_TASK_ID=write_append_join_table
AIRFLOW_CTX_EXECUTION_DATE=2022-03-06T10:00:00+00:00
AIRFLOW_CTX_DAG_RUN_ID=scheduled__2022-03-06T10:00:00+00:00
[2022-06-06 15:24:11,798] {bigquery.py:680} INFO - Executing: 
    SELECT 
      gh.*,
      hn.* except (date, github_repo)
    FROM
      `airflow-project-352316.github_curated.github_agg` gh
    LEFT JOIN 
      `airflow-project-352316.github_curated.hackernews_agg` hn
    ON hn.github_repo = gh.github_repo and hn.date = gh.date
    WHERE hn.score is not null
    
[2022-06-06 15:24:11,807] {logging_mixin.py:104} WARNING - /home/airflow/.local/lib/python3.6/site-packages/airflow/providers/google/cloud/hooks/bigquery.py:2052 DeprecationWarning: This method is deprecated. Please use `BigQueryHook.insert_job` method.
[2022-06-06 15:24:11,814] {bigquery.py:1510} INFO - Inserting job airflow_1654529051813401_cfad98687eff6246d49f73f415b9556f
[2022-06-06 15:24:16,248] {taskinstance.py:1166} INFO - Marking task as SUCCESS. dag_id=gbq_pipeline, task_id=write_append_join_table, execution_date=20220306T100000, start_date=20220606T152411, end_date=20220606T152416
[2022-06-06 15:24:16,276] {taskinstance.py:1220} INFO - 0 downstream tasks scheduled from follow-on schedule check
[2022-06-06 15:24:16,323] {local_task_job.py:146} INFO - Task exited with return code 0
[2022-06-06 17:00:04,984] {taskinstance.py:851} INFO - Dependencies all met for <TaskInstance: gbq_pipeline.write_append_join_table 2022-03-06T10:00:00+00:00 [queued]>
[2022-06-06 17:00:04,993] {taskinstance.py:851} INFO - Dependencies all met for <TaskInstance: gbq_pipeline.write_append_join_table 2022-03-06T10:00:00+00:00 [queued]>
[2022-06-06 17:00:04,994] {taskinstance.py:1042} INFO - 
--------------------------------------------------------------------------------
[2022-06-06 17:00:04,994] {taskinstance.py:1043} INFO - Starting attempt 1 of 3
[2022-06-06 17:00:04,994] {taskinstance.py:1044} INFO - 
--------------------------------------------------------------------------------
[2022-06-06 17:00:05,005] {taskinstance.py:1063} INFO - Executing <Task(BigQueryOperator): write_append_join_table> on 2022-03-06T10:00:00+00:00
[2022-06-06 17:00:05,013] {standard_task_runner.py:76} INFO - Running: ['airflow', 'tasks', 'run', 'gbq_pipeline', 'write_append_join_table', '2022-03-06T10:00:00+00:00', '--job-id', '560', '--pool', 'default_pool', '--raw', '--subdir', 'DAGS_FOLDER/gbq_pipeline.py', '--cfg-path', '/tmp/tmp0y400c2v', '--error-file', '/tmp/tmpf6ne1wgg']
[2022-06-06 17:00:05,010] {standard_task_runner.py:52} INFO - Started process 785 to run task
[2022-06-06 17:00:05,014] {standard_task_runner.py:77} INFO - Job 560: Subtask write_append_join_table
[2022-06-06 17:00:05,048] {logging_mixin.py:104} INFO - Running <TaskInstance: gbq_pipeline.write_append_join_table 2022-03-06T10:00:00+00:00 [running]> on host c40819a450e3
[2022-06-06 17:00:05,077] {taskinstance.py:1257} INFO - Exporting the following env vars:
AIRFLOW_CTX_DAG_EMAIL=airflow@airflow.com
AIRFLOW_CTX_DAG_OWNER=vanmai-airflow
AIRFLOW_CTX_DAG_ID=gbq_pipeline
AIRFLOW_CTX_TASK_ID=write_append_join_table
AIRFLOW_CTX_EXECUTION_DATE=2022-03-06T10:00:00+00:00
AIRFLOW_CTX_DAG_RUN_ID=scheduled__2022-03-06T10:00:00+00:00
[2022-06-06 17:00:05,079] {bigquery.py:680} INFO - Executing: 
    SELECT 
      gh.*,
      hn.* except (date, github_repo)
    FROM
      `airflow-project-352316.github_curated.github_agg` gh
    LEFT JOIN 
      `airflow-project-352316.github_curated.hackernews_agg` hn
    ON hn.github_repo = gh.github_repo and hn.date = gh.date
    WHERE hn.score is not null
    
[2022-06-06 17:00:05,086] {logging_mixin.py:104} WARNING - /home/airflow/.local/lib/python3.6/site-packages/airflow/providers/google/cloud/hooks/bigquery.py:2052 DeprecationWarning: This method is deprecated. Please use `BigQueryHook.insert_job` method.
[2022-06-06 17:00:05,094] {bigquery.py:1510} INFO - Inserting job airflow_1654534805093524_cfad98687eff6246d49f73f415b9556f
[2022-06-06 17:00:09,749] {taskinstance.py:1166} INFO - Marking task as SUCCESS. dag_id=gbq_pipeline, task_id=write_append_join_table, execution_date=20220306T100000, start_date=20220606T170004, end_date=20220606T170009
[2022-06-06 17:00:09,867] {taskinstance.py:1220} INFO - 0 downstream tasks scheduled from follow-on schedule check
[2022-06-06 17:00:09,893] {local_task_job.py:146} INFO - Task exited with return code 0
