[2022-06-05 13:51:32,471] {taskinstance.py:851} INFO - Dependencies all met for <TaskInstance: tutorial.print_date 2022-06-04T00:00:00+00:00 [queued]>
[2022-06-05 13:51:32,484] {taskinstance.py:851} INFO - Dependencies all met for <TaskInstance: tutorial.print_date 2022-06-04T00:00:00+00:00 [queued]>
[2022-06-05 13:51:32,484] {taskinstance.py:1042} INFO - 
--------------------------------------------------------------------------------
[2022-06-05 13:51:32,485] {taskinstance.py:1043} INFO - Starting attempt 1 of 2
[2022-06-05 13:51:32,485] {taskinstance.py:1044} INFO - 
--------------------------------------------------------------------------------
[2022-06-05 13:51:32,492] {taskinstance.py:1063} INFO - Executing <Task(BashOperator): print_date> on 2022-06-04T00:00:00+00:00
[2022-06-05 13:51:32,495] {standard_task_runner.py:52} INFO - Started process 49 to run task
[2022-06-05 13:51:32,499] {standard_task_runner.py:76} INFO - Running: ['airflow', 'tasks', 'run', 'tutorial', 'print_date', '2022-06-04T00:00:00+00:00', '--job-id', '3', '--pool', 'default_pool', '--raw', '--subdir', '/home/airflow/.local/lib/python3.6/site-packages/airflow/example_dags/tutorial.py', '--cfg-path', '/tmp/tmpfwpn0c3e', '--error-file', '/tmp/tmphe3wp3eh']
[2022-06-05 13:51:32,499] {standard_task_runner.py:77} INFO - Job 3: Subtask print_date
[2022-06-05 13:51:32,536] {logging_mixin.py:104} INFO - Running <TaskInstance: tutorial.print_date 2022-06-04T00:00:00+00:00 [running]> on host 5cf8fffa1cb6
[2022-06-05 13:51:32,563] {taskinstance.py:1257} INFO - Exporting the following env vars:
AIRFLOW_CTX_DAG_EMAIL=airflow@example.com
AIRFLOW_CTX_DAG_OWNER=airflow
AIRFLOW_CTX_DAG_ID=tutorial
AIRFLOW_CTX_TASK_ID=print_date
AIRFLOW_CTX_EXECUTION_DATE=2022-06-04T00:00:00+00:00
AIRFLOW_CTX_DAG_RUN_ID=scheduled__2022-06-04T00:00:00+00:00
[2022-06-05 13:51:32,564] {bash.py:135} INFO - Tmp dir root location: 
 /tmp
[2022-06-05 13:51:32,565] {bash.py:158} INFO - Running command: date
[2022-06-05 13:51:32,570] {bash.py:169} INFO - Output:
[2022-06-05 13:51:32,571] {bash.py:173} INFO - Sun Jun  5 13:51:32 UTC 2022
[2022-06-05 13:51:32,572] {bash.py:177} INFO - Command exited with return code 0
[2022-06-05 13:51:32,591] {taskinstance.py:1166} INFO - Marking task as SUCCESS. dag_id=tutorial, task_id=print_date, execution_date=20220604T000000, start_date=20220605T135132, end_date=20220605T135132
[2022-06-05 13:51:32,611] {taskinstance.py:1220} INFO - 2 downstream tasks scheduled from follow-on schedule check
[2022-06-05 13:51:32,632] {local_task_job.py:146} INFO - Task exited with return code 0
[2022-06-05 15:56:01,883] {taskinstance.py:851} INFO - Dependencies all met for <TaskInstance: tutorial.print_date 2022-06-04T00:00:00+00:00 [queued]>
[2022-06-05 15:56:01,893] {taskinstance.py:851} INFO - Dependencies all met for <TaskInstance: tutorial.print_date 2022-06-04T00:00:00+00:00 [queued]>
[2022-06-05 15:56:01,894] {taskinstance.py:1042} INFO - 
--------------------------------------------------------------------------------
[2022-06-05 15:56:01,894] {taskinstance.py:1043} INFO - Starting attempt 1 of 2
[2022-06-05 15:56:01,895] {taskinstance.py:1044} INFO - 
--------------------------------------------------------------------------------
[2022-06-05 15:56:01,901] {taskinstance.py:1063} INFO - Executing <Task(BashOperator): print_date> on 2022-06-04T00:00:00+00:00
[2022-06-05 15:56:01,904] {standard_task_runner.py:52} INFO - Started process 49 to run task
[2022-06-05 15:56:01,908] {standard_task_runner.py:76} INFO - Running: ['airflow', 'tasks', 'run', 'tutorial', 'print_date', '2022-06-04T00:00:00+00:00', '--job-id', '152', '--pool', 'default_pool', '--raw', '--subdir', '/home/airflow/.local/lib/python3.6/site-packages/airflow/example_dags/tutorial.py', '--cfg-path', '/tmp/tmprv1f6_n8', '--error-file', '/tmp/tmpg_5q9wm4']
[2022-06-05 15:56:01,909] {standard_task_runner.py:77} INFO - Job 152: Subtask print_date
[2022-06-05 15:56:01,941] {logging_mixin.py:104} INFO - Running <TaskInstance: tutorial.print_date 2022-06-04T00:00:00+00:00 [running]> on host ac670bc0c637
[2022-06-05 15:56:01,977] {taskinstance.py:1257} INFO - Exporting the following env vars:
AIRFLOW_CTX_DAG_EMAIL=airflow@example.com
AIRFLOW_CTX_DAG_OWNER=airflow
AIRFLOW_CTX_DAG_ID=tutorial
AIRFLOW_CTX_TASK_ID=print_date
AIRFLOW_CTX_EXECUTION_DATE=2022-06-04T00:00:00+00:00
AIRFLOW_CTX_DAG_RUN_ID=scheduled__2022-06-04T00:00:00+00:00
[2022-06-05 15:56:01,978] {bash.py:135} INFO - Tmp dir root location: 
 /tmp
[2022-06-05 15:56:01,979] {bash.py:158} INFO - Running command: date
[2022-06-05 15:56:01,985] {bash.py:169} INFO - Output:
[2022-06-05 15:56:01,987] {bash.py:173} INFO - Sun Jun  5 15:56:01 UTC 2022
[2022-06-05 15:56:01,987] {bash.py:177} INFO - Command exited with return code 0
[2022-06-05 15:56:02,016] {taskinstance.py:1166} INFO - Marking task as SUCCESS. dag_id=tutorial, task_id=print_date, execution_date=20220604T000000, start_date=20220605T155601, end_date=20220605T155602
[2022-06-05 15:56:02,041] {taskinstance.py:1220} INFO - 2 downstream tasks scheduled from follow-on schedule check
[2022-06-05 15:56:02,081] {local_task_job.py:146} INFO - Task exited with return code 0
