[2022-06-05 22:02:31,911] {taskinstance.py:851} INFO - Dependencies all met for <TaskInstance: vanmai-demo.t2_sleep_5s 2022-06-03T00:00:00+00:00 [queued]>
[2022-06-05 22:02:31,925] {taskinstance.py:851} INFO - Dependencies all met for <TaskInstance: vanmai-demo.t2_sleep_5s 2022-06-03T00:00:00+00:00 [queued]>
[2022-06-05 22:02:31,925] {taskinstance.py:1042} INFO - 
--------------------------------------------------------------------------------
[2022-06-05 22:02:31,925] {taskinstance.py:1043} INFO - Starting attempt 1 of 2
[2022-06-05 22:02:31,925] {taskinstance.py:1044} INFO - 
--------------------------------------------------------------------------------
[2022-06-05 22:02:31,932] {taskinstance.py:1063} INFO - Executing <Task(BashOperator): t2_sleep_5s> on 2022-06-03T00:00:00+00:00
[2022-06-05 22:02:31,936] {standard_task_runner.py:52} INFO - Started process 176 to run task
[2022-06-05 22:02:31,939] {standard_task_runner.py:76} INFO - Running: ['airflow', 'tasks', 'run', 'vanmai-demo', 't2_sleep_5s', '2022-06-03T00:00:00+00:00', '--job-id', '265', '--pool', 'default_pool', '--raw', '--subdir', 'DAGS_FOLDER/vanmai-demo.py', '--cfg-path', '/tmp/tmp19qu1s72', '--error-file', '/tmp/tmp37yn9310']
[2022-06-05 22:02:31,940] {standard_task_runner.py:77} INFO - Job 265: Subtask t2_sleep_5s
[2022-06-05 22:02:31,973] {logging_mixin.py:104} INFO - Running <TaskInstance: vanmai-demo.t2_sleep_5s 2022-06-03T00:00:00+00:00 [running]> on host 173d5ef1e4be
[2022-06-05 22:02:32,006] {taskinstance.py:1257} INFO - Exporting the following env vars:
AIRFLOW_CTX_DAG_EMAIL=airflow@example.com
AIRFLOW_CTX_DAG_OWNER=vanmai
AIRFLOW_CTX_DAG_ID=vanmai-demo
AIRFLOW_CTX_TASK_ID=t2_sleep_5s
AIRFLOW_CTX_EXECUTION_DATE=2022-06-03T00:00:00+00:00
AIRFLOW_CTX_DAG_RUN_ID=scheduled__2022-06-03T00:00:00+00:00
[2022-06-05 22:02:32,007] {bash.py:135} INFO - Tmp dir root location: 
 /tmp
[2022-06-05 22:02:32,007] {bash.py:158} INFO - Running command: sleep 5
[2022-06-05 22:02:32,014] {bash.py:169} INFO - Output:
[2022-06-05 22:02:37,016] {bash.py:177} INFO - Command exited with return code 0
[2022-06-05 22:02:37,041] {taskinstance.py:1166} INFO - Marking task as SUCCESS. dag_id=vanmai-demo, task_id=t2_sleep_5s, execution_date=20220603T000000, start_date=20220605T220231, end_date=20220605T220237
[2022-06-05 22:02:37,063] {taskinstance.py:1220} INFO - 1 downstream tasks scheduled from follow-on schedule check
[2022-06-05 22:02:37,082] {local_task_job.py:146} INFO - Task exited with return code 0
