[2022-06-06 10:52:36,331] {taskinstance.py:851} INFO - Dependencies all met for <TaskInstance: vanmai-demo.t3_templated 2022-06-05T00:00:00+00:00 [queued]>
[2022-06-06 10:52:36,347] {taskinstance.py:851} INFO - Dependencies all met for <TaskInstance: vanmai-demo.t3_templated 2022-06-05T00:00:00+00:00 [queued]>
[2022-06-06 10:52:36,348] {taskinstance.py:1042} INFO - 
--------------------------------------------------------------------------------
[2022-06-06 10:52:36,348] {taskinstance.py:1043} INFO - Starting attempt 1 of 2
[2022-06-06 10:52:36,349] {taskinstance.py:1044} INFO - 
--------------------------------------------------------------------------------
[2022-06-06 10:52:36,364] {taskinstance.py:1063} INFO - Executing <Task(BashOperator): t3_templated> on 2022-06-05T00:00:00+00:00
[2022-06-06 10:52:36,373] {standard_task_runner.py:76} INFO - Running: ['airflow', 'tasks', 'run', 'vanmai-demo', 't3_templated', '2022-06-05T00:00:00+00:00', '--job-id', '285', '--pool', 'default_pool', '--raw', '--subdir', 'DAGS_FOLDER/vanmai-demo.py', '--cfg-path', '/tmp/tmppj1gqniu', '--error-file', '/tmp/tmprrpvr_ry']
[2022-06-06 10:52:36,368] {standard_task_runner.py:52} INFO - Started process 56 to run task
[2022-06-06 10:52:36,374] {standard_task_runner.py:77} INFO - Job 285: Subtask t3_templated
[2022-06-06 10:52:36,418] {logging_mixin.py:104} INFO - Running <TaskInstance: vanmai-demo.t3_templated 2022-06-05T00:00:00+00:00 [running]> on host 92fcc90275da
[2022-06-06 10:52:36,495] {taskinstance.py:1257} INFO - Exporting the following env vars:
AIRFLOW_CTX_DAG_EMAIL=airflow@example.com
AIRFLOW_CTX_DAG_OWNER=vanmai
AIRFLOW_CTX_DAG_ID=vanmai-demo
AIRFLOW_CTX_TASK_ID=t3_templated
AIRFLOW_CTX_EXECUTION_DATE=2022-06-05T00:00:00+00:00
AIRFLOW_CTX_DAG_RUN_ID=scheduled__2022-06-05T00:00:00+00:00
[2022-06-06 10:52:36,497] {bash.py:135} INFO - Tmp dir root location: 
 /tmp
[2022-06-06 10:52:36,504] {bash.py:158} INFO - Running command: 

    echo "2022-06-05"
    echo "2022-06-12"
    echo "Parameter I passed in"

    echo "2022-06-05"
    echo "2022-06-12"
    echo "Parameter I passed in"

    echo "2022-06-05"
    echo "2022-06-12"
    echo "Parameter I passed in"

    echo "2022-06-05"
    echo "2022-06-12"
    echo "Parameter I passed in"

    echo "2022-06-05"
    echo "2022-06-12"
    echo "Parameter I passed in"

[2022-06-06 10:52:36,517] {bash.py:169} INFO - Output:
[2022-06-06 10:52:36,519] {bash.py:173} INFO - 2022-06-05
[2022-06-06 10:52:36,521] {bash.py:173} INFO - 2022-06-12
[2022-06-06 10:52:36,525] {bash.py:173} INFO - Parameter I passed in
[2022-06-06 10:52:36,527] {bash.py:173} INFO - 2022-06-05
[2022-06-06 10:52:36,528] {bash.py:173} INFO - 2022-06-12
[2022-06-06 10:52:36,529] {bash.py:173} INFO - Parameter I passed in
[2022-06-06 10:52:36,531] {bash.py:173} INFO - 2022-06-05
[2022-06-06 10:52:36,532] {bash.py:173} INFO - 2022-06-12
[2022-06-06 10:52:36,533] {bash.py:173} INFO - Parameter I passed in
[2022-06-06 10:52:36,533] {bash.py:173} INFO - 2022-06-05
[2022-06-06 10:52:36,534] {bash.py:173} INFO - 2022-06-12
[2022-06-06 10:52:36,534] {bash.py:173} INFO - Parameter I passed in
[2022-06-06 10:52:36,534] {bash.py:173} INFO - 2022-06-05
[2022-06-06 10:52:36,535] {bash.py:173} INFO - 2022-06-12
[2022-06-06 10:52:36,535] {bash.py:173} INFO - Parameter I passed in
[2022-06-06 10:52:36,536] {bash.py:177} INFO - Command exited with return code 0
[2022-06-06 10:52:36,572] {taskinstance.py:1166} INFO - Marking task as SUCCESS. dag_id=vanmai-demo, task_id=t3_templated, execution_date=20220605T000000, start_date=20220606T105236, end_date=20220606T105236
[2022-06-06 10:52:36,602] {taskinstance.py:1220} INFO - 0 downstream tasks scheduled from follow-on schedule check
[2022-06-06 10:52:36,630] {local_task_job.py:146} INFO - Task exited with return code 0
