[2022-06-06 15:23:46,193] {taskinstance.py:851} INFO - Dependencies all met for <TaskInstance: gbq_pipeline.check_hackernews 2022-03-09T10:00:00+00:00 [queued]>
[2022-06-06 15:23:46,215] {taskinstance.py:851} INFO - Dependencies all met for <TaskInstance: gbq_pipeline.check_hackernews 2022-03-09T10:00:00+00:00 [queued]>
[2022-06-06 15:23:46,216] {taskinstance.py:1042} INFO - 
--------------------------------------------------------------------------------
[2022-06-06 15:23:46,216] {taskinstance.py:1043} INFO - Starting attempt 1 of 3
[2022-06-06 15:23:46,217] {taskinstance.py:1044} INFO - 
--------------------------------------------------------------------------------
[2022-06-06 15:23:46,225] {taskinstance.py:1063} INFO - Executing <Task(BigQueryCheckOperator): check_hackernews> on 2022-03-09T10:00:00+00:00
[2022-06-06 15:23:46,232] {standard_task_runner.py:76} INFO - Running: ['airflow', 'tasks', 'run', 'gbq_pipeline', 'check_hackernews', '2022-03-09T10:00:00+00:00', '--job-id', '396', '--pool', 'default_pool', '--raw', '--subdir', 'DAGS_FOLDER/gbq_pipeline.py', '--cfg-path', '/tmp/tmpd3fyggib', '--error-file', '/tmp/tmp20tcuglm']
[2022-06-06 15:23:46,229] {standard_task_runner.py:52} INFO - Started process 297 to run task
[2022-06-06 15:23:46,234] {standard_task_runner.py:77} INFO - Job 396: Subtask check_hackernews
[2022-06-06 15:23:46,268] {logging_mixin.py:104} INFO - Running <TaskInstance: gbq_pipeline.check_hackernews 2022-03-09T10:00:00+00:00 [running]> on host c40819a450e3
[2022-06-06 15:23:46,307] {taskinstance.py:1257} INFO - Exporting the following env vars:
AIRFLOW_CTX_DAG_EMAIL=airflow@airflow.com
AIRFLOW_CTX_DAG_OWNER=vanmai-airflow
AIRFLOW_CTX_DAG_ID=gbq_pipeline
AIRFLOW_CTX_TASK_ID=check_hackernews
AIRFLOW_CTX_EXECUTION_DATE=2022-03-09T10:00:00+00:00
AIRFLOW_CTX_DAG_RUN_ID=scheduled__2022-03-09T10:00:00+00:00
[2022-06-06 15:23:46,309] {sql.py:87} INFO - Executing SQL check: 
        SELECT "20220309" IN
            (
            SELECT FORMAT_TIMESTAMP("%Y%m%d", timestamp ) AS date
            FROM `bigquery-public-data.hacker_news.full`
            WHERE type = 'story'
            )
        
[2022-06-06 15:23:46,319] {logging_mixin.py:104} WARNING - /home/airflow/.local/lib/python3.6/site-packages/airflow/providers/google/cloud/hooks/bigquery.py:120 DeprecationWarning: This method will be deprecated. Please use `BigQueryHook.get_client` method
[2022-06-06 15:23:46,845] {logging_mixin.py:104} WARNING - /home/airflow/.local/lib/python3.6/site-packages/airflow/providers/google/cloud/hooks/bigquery.py:2052 DeprecationWarning: This method is deprecated. Please use `BigQueryHook.insert_job` method.
[2022-06-06 15:23:46,846] {bigquery.py:1510} INFO - Inserting job airflow_1654529026845943_55745f69de18b30ff04805e97d6e7597
[2022-06-06 15:23:48,785] {sql.py:90} INFO - Record: [True]
[2022-06-06 15:23:48,786] {sql.py:96} INFO - Success.
[2022-06-06 15:23:48,793] {taskinstance.py:1166} INFO - Marking task as SUCCESS. dag_id=gbq_pipeline, task_id=check_hackernews, execution_date=20220309T100000, start_date=20220606T152346, end_date=20220606T152348
[2022-06-06 15:23:48,824] {taskinstance.py:1220} INFO - 0 downstream tasks scheduled from follow-on schedule check
[2022-06-06 15:23:48,855] {local_task_job.py:146} INFO - Task exited with return code 0
[2022-06-06 16:25:38,518] {taskinstance.py:851} INFO - Dependencies all met for <TaskInstance: gbq_pipeline.check_hackernews 2022-03-09T10:00:00+00:00 [queued]>
[2022-06-06 16:25:38,535] {taskinstance.py:851} INFO - Dependencies all met for <TaskInstance: gbq_pipeline.check_hackernews 2022-03-09T10:00:00+00:00 [queued]>
[2022-06-06 16:25:38,536] {taskinstance.py:1042} INFO - 
--------------------------------------------------------------------------------
[2022-06-06 16:25:38,536] {taskinstance.py:1043} INFO - Starting attempt 1 of 3
[2022-06-06 16:25:38,537] {taskinstance.py:1044} INFO - 
--------------------------------------------------------------------------------
[2022-06-06 16:25:38,543] {taskinstance.py:1063} INFO - Executing <Task(BigQueryCheckOperator): check_hackernews> on 2022-03-09T10:00:00+00:00
[2022-06-06 16:25:38,547] {standard_task_runner.py:52} INFO - Started process 437 to run task
[2022-06-06 16:25:38,550] {standard_task_runner.py:76} INFO - Running: ['airflow', 'tasks', 'run', 'gbq_pipeline', 'check_hackernews', '2022-03-09T10:00:00+00:00', '--job-id', '445', '--pool', 'default_pool', '--raw', '--subdir', 'DAGS_FOLDER/gbq_pipeline.py', '--cfg-path', '/tmp/tmpiquxsu6l', '--error-file', '/tmp/tmpt9_9fb6a']
[2022-06-06 16:25:38,551] {standard_task_runner.py:77} INFO - Job 445: Subtask check_hackernews
[2022-06-06 16:25:38,583] {logging_mixin.py:104} INFO - Running <TaskInstance: gbq_pipeline.check_hackernews 2022-03-09T10:00:00+00:00 [running]> on host c40819a450e3
[2022-06-06 16:25:38,611] {taskinstance.py:1257} INFO - Exporting the following env vars:
AIRFLOW_CTX_DAG_EMAIL=airflow@airflow.com
AIRFLOW_CTX_DAG_OWNER=vanmai-airflow
AIRFLOW_CTX_DAG_ID=gbq_pipeline
AIRFLOW_CTX_TASK_ID=check_hackernews
AIRFLOW_CTX_EXECUTION_DATE=2022-03-09T10:00:00+00:00
AIRFLOW_CTX_DAG_RUN_ID=scheduled__2022-03-09T10:00:00+00:00
[2022-06-06 16:25:38,613] {sql.py:87} INFO - Executing SQL check: 
        SELECT "20220309" IN
            (
            SELECT FORMAT_TIMESTAMP("%Y%m%d", timestamp ) AS date
            FROM `bigquery-public-data.hacker_news.full`
            WHERE type = 'story'
            )
        
[2022-06-06 16:25:38,621] {logging_mixin.py:104} WARNING - /home/airflow/.local/lib/python3.6/site-packages/airflow/providers/google/cloud/hooks/bigquery.py:120 DeprecationWarning: This method will be deprecated. Please use `BigQueryHook.get_client` method
[2022-06-06 16:25:39,171] {logging_mixin.py:104} WARNING - /home/airflow/.local/lib/python3.6/site-packages/airflow/providers/google/cloud/hooks/bigquery.py:2052 DeprecationWarning: This method is deprecated. Please use `BigQueryHook.insert_job` method.
[2022-06-06 16:25:39,172] {bigquery.py:1510} INFO - Inserting job airflow_1654532739171794_55745f69de18b30ff04805e97d6e7597
[2022-06-06 16:25:40,496] {sql.py:90} INFO - Record: [True]
[2022-06-06 16:25:40,498] {sql.py:96} INFO - Success.
[2022-06-06 16:25:40,506] {taskinstance.py:1166} INFO - Marking task as SUCCESS. dag_id=gbq_pipeline, task_id=check_hackernews, execution_date=20220309T100000, start_date=20220606T162538, end_date=20220606T162540
[2022-06-06 16:25:40,530] {taskinstance.py:1220} INFO - 0 downstream tasks scheduled from follow-on schedule check
[2022-06-06 16:25:40,573] {local_task_job.py:146} INFO - Task exited with return code 0
[2022-06-06 16:56:14,369] {taskinstance.py:851} INFO - Dependencies all met for <TaskInstance: gbq_pipeline.check_hackernews 2022-03-09T10:00:00+00:00 [queued]>
[2022-06-06 16:56:14,387] {taskinstance.py:851} INFO - Dependencies all met for <TaskInstance: gbq_pipeline.check_hackernews 2022-03-09T10:00:00+00:00 [queued]>
[2022-06-06 16:56:14,387] {taskinstance.py:1042} INFO - 
--------------------------------------------------------------------------------
[2022-06-06 16:56:14,387] {taskinstance.py:1043} INFO - Starting attempt 1 of 3
[2022-06-06 16:56:14,387] {taskinstance.py:1044} INFO - 
--------------------------------------------------------------------------------
[2022-06-06 16:56:14,394] {taskinstance.py:1063} INFO - Executing <Task(BigQueryCheckOperator): check_hackernews> on 2022-03-09T10:00:00+00:00
[2022-06-06 16:56:14,399] {standard_task_runner.py:52} INFO - Started process 526 to run task
[2022-06-06 16:56:14,403] {standard_task_runner.py:76} INFO - Running: ['airflow', 'tasks', 'run', 'gbq_pipeline', 'check_hackernews', '2022-03-09T10:00:00+00:00', '--job-id', '474', '--pool', 'default_pool', '--raw', '--subdir', 'DAGS_FOLDER/gbq_pipeline.py', '--cfg-path', '/tmp/tmpmgp91tcm', '--error-file', '/tmp/tmp4xjlzi3g']
[2022-06-06 16:56:14,405] {standard_task_runner.py:77} INFO - Job 474: Subtask check_hackernews
[2022-06-06 16:56:14,439] {logging_mixin.py:104} INFO - Running <TaskInstance: gbq_pipeline.check_hackernews 2022-03-09T10:00:00+00:00 [running]> on host c40819a450e3
[2022-06-06 16:56:14,471] {taskinstance.py:1257} INFO - Exporting the following env vars:
AIRFLOW_CTX_DAG_EMAIL=airflow@airflow.com
AIRFLOW_CTX_DAG_OWNER=vanmai-airflow
AIRFLOW_CTX_DAG_ID=gbq_pipeline
AIRFLOW_CTX_TASK_ID=check_hackernews
AIRFLOW_CTX_EXECUTION_DATE=2022-03-09T10:00:00+00:00
AIRFLOW_CTX_DAG_RUN_ID=scheduled__2022-03-09T10:00:00+00:00
[2022-06-06 16:56:14,472] {sql.py:87} INFO - Executing SQL check: 
        SELECT "20220309" IN
            (
            SELECT FORMAT_TIMESTAMP("%Y%m%d", timestamp ) AS date
            FROM `bigquery-public-data.hacker_news.full`
            WHERE type = 'story'
            )
        
[2022-06-06 16:56:14,481] {logging_mixin.py:104} WARNING - /home/airflow/.local/lib/python3.6/site-packages/airflow/providers/google/cloud/hooks/bigquery.py:120 DeprecationWarning: This method will be deprecated. Please use `BigQueryHook.get_client` method
[2022-06-06 16:56:14,845] {logging_mixin.py:104} WARNING - /home/airflow/.local/lib/python3.6/site-packages/airflow/providers/google/cloud/hooks/bigquery.py:2052 DeprecationWarning: This method is deprecated. Please use `BigQueryHook.insert_job` method.
[2022-06-06 16:56:14,846] {bigquery.py:1510} INFO - Inserting job airflow_1654534574846196_55745f69de18b30ff04805e97d6e7597
[2022-06-06 16:56:16,232] {sql.py:90} INFO - Record: [True]
[2022-06-06 16:56:16,232] {sql.py:96} INFO - Success.
[2022-06-06 16:56:16,239] {taskinstance.py:1166} INFO - Marking task as SUCCESS. dag_id=gbq_pipeline, task_id=check_hackernews, execution_date=20220309T100000, start_date=20220606T165614, end_date=20220606T165616
[2022-06-06 16:56:16,263] {taskinstance.py:1220} INFO - 0 downstream tasks scheduled from follow-on schedule check
[2022-06-06 16:56:16,302] {local_task_job.py:146} INFO - Task exited with return code 0
[2022-06-06 16:58:25,524] {taskinstance.py:851} INFO - Dependencies all met for <TaskInstance: gbq_pipeline.check_hackernews 2022-03-09T10:00:00+00:00 [queued]>
[2022-06-06 16:58:25,542] {taskinstance.py:851} INFO - Dependencies all met for <TaskInstance: gbq_pipeline.check_hackernews 2022-03-09T10:00:00+00:00 [queued]>
[2022-06-06 16:58:25,542] {taskinstance.py:1042} INFO - 
--------------------------------------------------------------------------------
[2022-06-06 16:58:25,543] {taskinstance.py:1043} INFO - Starting attempt 1 of 3
[2022-06-06 16:58:25,543] {taskinstance.py:1044} INFO - 
--------------------------------------------------------------------------------
[2022-06-06 16:58:25,549] {taskinstance.py:1063} INFO - Executing <Task(BigQueryCheckOperator): check_hackernews> on 2022-03-09T10:00:00+00:00
[2022-06-06 16:58:25,556] {standard_task_runner.py:76} INFO - Running: ['airflow', 'tasks', 'run', 'gbq_pipeline', 'check_hackernews', '2022-03-09T10:00:00+00:00', '--job-id', '518', '--pool', 'default_pool', '--raw', '--subdir', 'DAGS_FOLDER/gbq_pipeline.py', '--cfg-path', '/tmp/tmpvzvpl_io', '--error-file', '/tmp/tmp8hs96r8k']
[2022-06-06 16:58:25,553] {standard_task_runner.py:52} INFO - Started process 657 to run task
[2022-06-06 16:58:25,557] {standard_task_runner.py:77} INFO - Job 518: Subtask check_hackernews
[2022-06-06 16:58:25,589] {logging_mixin.py:104} INFO - Running <TaskInstance: gbq_pipeline.check_hackernews 2022-03-09T10:00:00+00:00 [running]> on host c40819a450e3
[2022-06-06 16:58:25,618] {taskinstance.py:1257} INFO - Exporting the following env vars:
AIRFLOW_CTX_DAG_EMAIL=airflow@airflow.com
AIRFLOW_CTX_DAG_OWNER=vanmai-airflow
AIRFLOW_CTX_DAG_ID=gbq_pipeline
AIRFLOW_CTX_TASK_ID=check_hackernews
AIRFLOW_CTX_EXECUTION_DATE=2022-03-09T10:00:00+00:00
AIRFLOW_CTX_DAG_RUN_ID=scheduled__2022-03-09T10:00:00+00:00
[2022-06-06 16:58:25,619] {sql.py:87} INFO - Executing SQL check: 
        SELECT "20220309" IN
            (
            SELECT FORMAT_TIMESTAMP("%Y%m%d", timestamp ) AS date
            FROM `bigquery-public-data.hacker_news.full`
            WHERE type = 'story'
            )
        
[2022-06-06 16:58:25,627] {logging_mixin.py:104} WARNING - /home/airflow/.local/lib/python3.6/site-packages/airflow/providers/google/cloud/hooks/bigquery.py:120 DeprecationWarning: This method will be deprecated. Please use `BigQueryHook.get_client` method
[2022-06-06 16:58:26,021] {logging_mixin.py:104} WARNING - /home/airflow/.local/lib/python3.6/site-packages/airflow/providers/google/cloud/hooks/bigquery.py:2052 DeprecationWarning: This method is deprecated. Please use `BigQueryHook.insert_job` method.
[2022-06-06 16:58:26,022] {bigquery.py:1510} INFO - Inserting job airflow_1654534706022201_55745f69de18b30ff04805e97d6e7597
[2022-06-06 16:58:27,304] {sql.py:90} INFO - Record: [True]
[2022-06-06 16:58:27,305] {sql.py:96} INFO - Success.
[2022-06-06 16:58:27,315] {taskinstance.py:1166} INFO - Marking task as SUCCESS. dag_id=gbq_pipeline, task_id=check_hackernews, execution_date=20220309T100000, start_date=20220606T165825, end_date=20220606T165827
[2022-06-06 16:58:27,339] {taskinstance.py:1220} INFO - 1 downstream tasks scheduled from follow-on schedule check
[2022-06-06 16:58:27,382] {local_task_job.py:146} INFO - Task exited with return code 0
[2022-06-06 16:59:54,487] {taskinstance.py:851} INFO - Dependencies all met for <TaskInstance: gbq_pipeline.check_hackernews 2022-03-09T10:00:00+00:00 [queued]>
[2022-06-06 16:59:54,503] {taskinstance.py:851} INFO - Dependencies all met for <TaskInstance: gbq_pipeline.check_hackernews 2022-03-09T10:00:00+00:00 [queued]>
[2022-06-06 16:59:54,504] {taskinstance.py:1042} INFO - 
--------------------------------------------------------------------------------
[2022-06-06 16:59:54,504] {taskinstance.py:1043} INFO - Starting attempt 1 of 3
[2022-06-06 16:59:54,504] {taskinstance.py:1044} INFO - 
--------------------------------------------------------------------------------
[2022-06-06 16:59:54,520] {taskinstance.py:1063} INFO - Executing <Task(BigQueryCheckOperator): check_hackernews> on 2022-03-09T10:00:00+00:00
[2022-06-06 16:59:54,526] {standard_task_runner.py:52} INFO - Started process 731 to run task
[2022-06-06 16:59:54,535] {standard_task_runner.py:76} INFO - Running: ['airflow', 'tasks', 'run', 'gbq_pipeline', 'check_hackernews', '2022-03-09T10:00:00+00:00', '--job-id', '541', '--pool', 'default_pool', '--raw', '--subdir', 'DAGS_FOLDER/gbq_pipeline.py', '--cfg-path', '/tmp/tmpmvz12ecb', '--error-file', '/tmp/tmpjx_q1rl7']
[2022-06-06 16:59:54,537] {standard_task_runner.py:77} INFO - Job 541: Subtask check_hackernews
[2022-06-06 16:59:54,610] {logging_mixin.py:104} INFO - Running <TaskInstance: gbq_pipeline.check_hackernews 2022-03-09T10:00:00+00:00 [running]> on host c40819a450e3
[2022-06-06 16:59:54,666] {taskinstance.py:1257} INFO - Exporting the following env vars:
AIRFLOW_CTX_DAG_EMAIL=airflow@airflow.com
AIRFLOW_CTX_DAG_OWNER=vanmai-airflow
AIRFLOW_CTX_DAG_ID=gbq_pipeline
AIRFLOW_CTX_TASK_ID=check_hackernews
AIRFLOW_CTX_EXECUTION_DATE=2022-03-09T10:00:00+00:00
AIRFLOW_CTX_DAG_RUN_ID=scheduled__2022-03-09T10:00:00+00:00
[2022-06-06 16:59:54,670] {sql.py:87} INFO - Executing SQL check: 
        SELECT "20220309" IN
            (
            SELECT FORMAT_TIMESTAMP("%Y%m%d", timestamp ) AS date
            FROM `bigquery-public-data.hacker_news.full`
            WHERE type = 'story'
            )
        
[2022-06-06 16:59:54,684] {logging_mixin.py:104} WARNING - /home/airflow/.local/lib/python3.6/site-packages/airflow/providers/google/cloud/hooks/bigquery.py:120 DeprecationWarning: This method will be deprecated. Please use `BigQueryHook.get_client` method
[2022-06-06 16:59:55,299] {logging_mixin.py:104} WARNING - /home/airflow/.local/lib/python3.6/site-packages/airflow/providers/google/cloud/hooks/bigquery.py:2052 DeprecationWarning: This method is deprecated. Please use `BigQueryHook.insert_job` method.
[2022-06-06 16:59:55,301] {bigquery.py:1510} INFO - Inserting job airflow_1654534795300549_55745f69de18b30ff04805e97d6e7597
[2022-06-06 16:59:56,595] {sql.py:90} INFO - Record: [True]
[2022-06-06 16:59:56,595] {sql.py:96} INFO - Success.
[2022-06-06 16:59:56,604] {taskinstance.py:1166} INFO - Marking task as SUCCESS. dag_id=gbq_pipeline, task_id=check_hackernews, execution_date=20220309T100000, start_date=20220606T165954, end_date=20220606T165956
[2022-06-06 16:59:56,632] {taskinstance.py:1220} INFO - 1 downstream tasks scheduled from follow-on schedule check
[2022-06-06 16:59:56,639] {local_task_job.py:146} INFO - Task exited with return code 0
