[2022-06-06 17:21:16,889] {taskinstance.py:851} INFO - Dependencies all met for <TaskInstance: gbq_pipeline.check_hackernews 2022-05-04T10:00:00+00:00 [queued]>
[2022-06-06 17:21:16,915] {taskinstance.py:851} INFO - Dependencies all met for <TaskInstance: gbq_pipeline.check_hackernews 2022-05-04T10:00:00+00:00 [queued]>
[2022-06-06 17:21:16,916] {taskinstance.py:1042} INFO - 
--------------------------------------------------------------------------------
[2022-06-06 17:21:16,916] {taskinstance.py:1043} INFO - Starting attempt 1 of 3
[2022-06-06 17:21:16,916] {taskinstance.py:1044} INFO - 
--------------------------------------------------------------------------------
[2022-06-06 17:21:16,924] {taskinstance.py:1063} INFO - Executing <Task(BigQueryCheckOperator): check_hackernews> on 2022-05-04T10:00:00+00:00
[2022-06-06 17:21:16,930] {standard_task_runner.py:52} INFO - Started process 93 to run task
[2022-06-06 17:21:16,933] {standard_task_runner.py:76} INFO - Running: ['airflow', 'tasks', 'run', 'gbq_pipeline', 'check_hackernews', '2022-05-04T10:00:00+00:00', '--job-id', '664', '--pool', 'default_pool', '--raw', '--subdir', 'DAGS_FOLDER/gbq_pipeline.py', '--cfg-path', '/tmp/tmp5whkldgk', '--error-file', '/tmp/tmpr7djx4vl']
[2022-06-06 17:21:16,936] {standard_task_runner.py:77} INFO - Job 664: Subtask check_hackernews
[2022-06-06 17:21:16,978] {logging_mixin.py:104} INFO - Running <TaskInstance: gbq_pipeline.check_hackernews 2022-05-04T10:00:00+00:00 [running]> on host f3f1e04b5b71
[2022-06-06 17:21:17,023] {taskinstance.py:1257} INFO - Exporting the following env vars:
AIRFLOW_CTX_DAG_EMAIL=airflow@airflow.com
AIRFLOW_CTX_DAG_OWNER=vanmai-airflow
AIRFLOW_CTX_DAG_ID=gbq_pipeline
AIRFLOW_CTX_TASK_ID=check_hackernews
AIRFLOW_CTX_EXECUTION_DATE=2022-05-04T10:00:00+00:00
AIRFLOW_CTX_DAG_RUN_ID=scheduled__2022-05-04T10:00:00+00:00
[2022-06-06 17:21:17,025] {sql.py:87} INFO - Executing SQL check: 
        SELECT "20220504" IN
            (
            SELECT FORMAT_TIMESTAMP("%Y%m%d", timestamp ) AS date
            FROM `bigquery-public-data.hacker_news.full`
            WHERE type = 'story'
            )
        
[2022-06-06 17:21:17,033] {logging_mixin.py:104} WARNING - /home/airflow/.local/lib/python3.6/site-packages/airflow/providers/google/cloud/hooks/bigquery.py:120 DeprecationWarning: This method will be deprecated. Please use `BigQueryHook.get_client` method
[2022-06-06 17:21:17,465] {logging_mixin.py:104} WARNING - /home/airflow/.local/lib/python3.6/site-packages/airflow/providers/google/cloud/hooks/bigquery.py:2052 DeprecationWarning: This method is deprecated. Please use `BigQueryHook.insert_job` method.
[2022-06-06 17:21:17,466] {bigquery.py:1510} INFO - Inserting job airflow_1654536077466166_9b36c27eddd99103087dfd30586cbdfa
[2022-06-06 17:21:19,388] {sql.py:90} INFO - Record: [True]
[2022-06-06 17:21:19,388] {sql.py:96} INFO - Success.
[2022-06-06 17:21:19,396] {taskinstance.py:1166} INFO - Marking task as SUCCESS. dag_id=gbq_pipeline, task_id=check_hackernews, execution_date=20220504T100000, start_date=20220606T172116, end_date=20220606T172119
[2022-06-06 17:21:19,568] {taskinstance.py:1220} INFO - 0 downstream tasks scheduled from follow-on schedule check
[2022-06-06 17:21:19,599] {local_task_job.py:146} INFO - Task exited with return code 0
[2022-06-06 17:23:03,393] {taskinstance.py:851} INFO - Dependencies all met for <TaskInstance: gbq_pipeline.check_hackernews 2022-05-04T10:00:00+00:00 [queued]>
[2022-06-06 17:23:03,410] {taskinstance.py:851} INFO - Dependencies all met for <TaskInstance: gbq_pipeline.check_hackernews 2022-05-04T10:00:00+00:00 [queued]>
[2022-06-06 17:23:03,411] {taskinstance.py:1042} INFO - 
--------------------------------------------------------------------------------
[2022-06-06 17:23:03,411] {taskinstance.py:1043} INFO - Starting attempt 1 of 3
[2022-06-06 17:23:03,411] {taskinstance.py:1044} INFO - 
--------------------------------------------------------------------------------
[2022-06-06 17:23:03,417] {taskinstance.py:1063} INFO - Executing <Task(BigQueryCheckOperator): check_hackernews> on 2022-05-04T10:00:00+00:00
[2022-06-06 17:23:03,421] {standard_task_runner.py:52} INFO - Started process 150 to run task
[2022-06-06 17:23:03,425] {standard_task_runner.py:76} INFO - Running: ['airflow', 'tasks', 'run', 'gbq_pipeline', 'check_hackernews', '2022-05-04T10:00:00+00:00', '--job-id', '683', '--pool', 'default_pool', '--raw', '--subdir', 'DAGS_FOLDER/gbq_pipeline.py', '--cfg-path', '/tmp/tmpx0gpwm37', '--error-file', '/tmp/tmp7g05vf0e']
[2022-06-06 17:23:03,427] {standard_task_runner.py:77} INFO - Job 683: Subtask check_hackernews
[2022-06-06 17:23:03,458] {logging_mixin.py:104} INFO - Running <TaskInstance: gbq_pipeline.check_hackernews 2022-05-04T10:00:00+00:00 [running]> on host f3f1e04b5b71
[2022-06-06 17:23:03,489] {taskinstance.py:1257} INFO - Exporting the following env vars:
AIRFLOW_CTX_DAG_EMAIL=airflow@airflow.com
AIRFLOW_CTX_DAG_OWNER=vanmai-airflow
AIRFLOW_CTX_DAG_ID=gbq_pipeline
AIRFLOW_CTX_TASK_ID=check_hackernews
AIRFLOW_CTX_EXECUTION_DATE=2022-05-04T10:00:00+00:00
AIRFLOW_CTX_DAG_RUN_ID=scheduled__2022-05-04T10:00:00+00:00
[2022-06-06 17:23:03,490] {sql.py:87} INFO - Executing SQL check: 
        SELECT "20220504" IN
            (
            SELECT FORMAT_TIMESTAMP("%Y%m%d", timestamp ) AS date
            FROM `bigquery-public-data.hacker_news.full`
            WHERE type = 'story'
            )
        
[2022-06-06 17:23:03,500] {logging_mixin.py:104} WARNING - /home/airflow/.local/lib/python3.6/site-packages/airflow/providers/google/cloud/hooks/bigquery.py:120 DeprecationWarning: This method will be deprecated. Please use `BigQueryHook.get_client` method
[2022-06-06 17:23:03,960] {logging_mixin.py:104} WARNING - /home/airflow/.local/lib/python3.6/site-packages/airflow/providers/google/cloud/hooks/bigquery.py:2052 DeprecationWarning: This method is deprecated. Please use `BigQueryHook.insert_job` method.
[2022-06-06 17:23:03,961] {bigquery.py:1510} INFO - Inserting job airflow_1654536183961000_9b36c27eddd99103087dfd30586cbdfa
[2022-06-06 17:23:05,355] {sql.py:90} INFO - Record: [True]
[2022-06-06 17:23:05,355] {sql.py:96} INFO - Success.
[2022-06-06 17:23:05,364] {taskinstance.py:1166} INFO - Marking task as SUCCESS. dag_id=gbq_pipeline, task_id=check_hackernews, execution_date=20220504T100000, start_date=20220606T172303, end_date=20220606T172305
[2022-06-06 17:23:05,414] {taskinstance.py:1220} INFO - 0 downstream tasks scheduled from follow-on schedule check
[2022-06-06 17:23:05,446] {local_task_job.py:146} INFO - Task exited with return code 0
