[2022-06-06 17:21:30,527] {taskinstance.py:851} INFO - Dependencies all met for <TaskInstance: gbq_pipeline.check_github 2022-05-08T10:00:00+00:00 [queued]>
[2022-06-06 17:21:30,545] {taskinstance.py:851} INFO - Dependencies all met for <TaskInstance: gbq_pipeline.check_github 2022-05-08T10:00:00+00:00 [queued]>
[2022-06-06 17:21:30,546] {taskinstance.py:1042} INFO - 
--------------------------------------------------------------------------------
[2022-06-06 17:21:30,546] {taskinstance.py:1043} INFO - Starting attempt 1 of 3
[2022-06-06 17:21:30,546] {taskinstance.py:1044} INFO - 
--------------------------------------------------------------------------------
[2022-06-06 17:21:30,554] {taskinstance.py:1063} INFO - Executing <Task(BigQueryCheckOperator): check_github> on 2022-05-08T10:00:00+00:00
[2022-06-06 17:21:30,558] {standard_task_runner.py:52} INFO - Started process 116 to run task
[2022-06-06 17:21:30,561] {standard_task_runner.py:76} INFO - Running: ['airflow', 'tasks', 'run', 'gbq_pipeline', 'check_github', '2022-05-08T10:00:00+00:00', '--job-id', '671', '--pool', 'default_pool', '--raw', '--subdir', 'DAGS_FOLDER/gbq_pipeline.py', '--cfg-path', '/tmp/tmpxg4bw5jw', '--error-file', '/tmp/tmpvnyn0vsj']
[2022-06-06 17:21:30,563] {standard_task_runner.py:77} INFO - Job 671: Subtask check_github
[2022-06-06 17:21:30,595] {logging_mixin.py:104} INFO - Running <TaskInstance: gbq_pipeline.check_github 2022-05-08T10:00:00+00:00 [running]> on host f3f1e04b5b71
[2022-06-06 17:21:30,627] {taskinstance.py:1257} INFO - Exporting the following env vars:
AIRFLOW_CTX_DAG_EMAIL=airflow@airflow.com
AIRFLOW_CTX_DAG_OWNER=vanmai-airflow
AIRFLOW_CTX_DAG_ID=gbq_pipeline
AIRFLOW_CTX_TASK_ID=check_github
AIRFLOW_CTX_EXECUTION_DATE=2022-05-08T10:00:00+00:00
AIRFLOW_CTX_DAG_RUN_ID=scheduled__2022-05-08T10:00:00+00:00
[2022-06-06 17:21:30,628] {sql.py:87} INFO - Executing SQL check: 
        SELECT "20220508" IN 
          (
          SELECT table_id
          FROM `githubarchive.day.__TABLES_SUMMARY__`
          )
        
[2022-06-06 17:21:30,636] {logging_mixin.py:104} WARNING - /home/airflow/.local/lib/python3.6/site-packages/airflow/providers/google/cloud/hooks/bigquery.py:120 DeprecationWarning: This method will be deprecated. Please use `BigQueryHook.get_client` method
[2022-06-06 17:21:30,984] {logging_mixin.py:104} WARNING - /home/airflow/.local/lib/python3.6/site-packages/airflow/providers/google/cloud/hooks/bigquery.py:2052 DeprecationWarning: This method is deprecated. Please use `BigQueryHook.insert_job` method.
[2022-06-06 17:21:30,985] {bigquery.py:1510} INFO - Inserting job airflow_1654536090984800_65860a77e7bd93988d1c529915b1db64
[2022-06-06 17:21:32,477] {sql.py:90} INFO - Record: [True]
[2022-06-06 17:21:32,477] {sql.py:96} INFO - Success.
[2022-06-06 17:21:32,485] {taskinstance.py:1166} INFO - Marking task as SUCCESS. dag_id=gbq_pipeline, task_id=check_github, execution_date=20220508T100000, start_date=20220606T172130, end_date=20220606T172132
[2022-06-06 17:21:32,511] {taskinstance.py:1220} INFO - 0 downstream tasks scheduled from follow-on schedule check
[2022-06-06 17:21:32,542] {local_task_job.py:146} INFO - Task exited with return code 0
[2022-06-06 17:23:21,000] {taskinstance.py:851} INFO - Dependencies all met for <TaskInstance: gbq_pipeline.check_github 2022-05-08T10:00:00+00:00 [queued]>
[2022-06-06 17:23:21,020] {taskinstance.py:851} INFO - Dependencies all met for <TaskInstance: gbq_pipeline.check_github 2022-05-08T10:00:00+00:00 [queued]>
[2022-06-06 17:23:21,021] {taskinstance.py:1042} INFO - 
--------------------------------------------------------------------------------
[2022-06-06 17:23:21,022] {taskinstance.py:1043} INFO - Starting attempt 1 of 3
[2022-06-06 17:23:21,022] {taskinstance.py:1044} INFO - 
--------------------------------------------------------------------------------
[2022-06-06 17:23:21,029] {taskinstance.py:1063} INFO - Executing <Task(BigQueryCheckOperator): check_github> on 2022-05-08T10:00:00+00:00
[2022-06-06 17:23:21,036] {standard_task_runner.py:76} INFO - Running: ['airflow', 'tasks', 'run', 'gbq_pipeline', 'check_github', '2022-05-08T10:00:00+00:00', '--job-id', '693', '--pool', 'default_pool', '--raw', '--subdir', 'DAGS_FOLDER/gbq_pipeline.py', '--cfg-path', '/tmp/tmpxo5tg3gp', '--error-file', '/tmp/tmp7ylgiavv']
[2022-06-06 17:23:21,033] {standard_task_runner.py:52} INFO - Started process 180 to run task
[2022-06-06 17:23:21,038] {standard_task_runner.py:77} INFO - Job 693: Subtask check_github
[2022-06-06 17:23:21,075] {logging_mixin.py:104} INFO - Running <TaskInstance: gbq_pipeline.check_github 2022-05-08T10:00:00+00:00 [running]> on host f3f1e04b5b71
[2022-06-06 17:23:21,109] {taskinstance.py:1257} INFO - Exporting the following env vars:
AIRFLOW_CTX_DAG_EMAIL=airflow@airflow.com
AIRFLOW_CTX_DAG_OWNER=vanmai-airflow
AIRFLOW_CTX_DAG_ID=gbq_pipeline
AIRFLOW_CTX_TASK_ID=check_github
AIRFLOW_CTX_EXECUTION_DATE=2022-05-08T10:00:00+00:00
AIRFLOW_CTX_DAG_RUN_ID=scheduled__2022-05-08T10:00:00+00:00
[2022-06-06 17:23:21,111] {sql.py:87} INFO - Executing SQL check: 
        SELECT "20220508" IN 
          (
          SELECT table_id
          FROM `githubarchive.day.__TABLES_SUMMARY__`
          )
        
[2022-06-06 17:23:21,120] {logging_mixin.py:104} WARNING - /home/airflow/.local/lib/python3.6/site-packages/airflow/providers/google/cloud/hooks/bigquery.py:120 DeprecationWarning: This method will be deprecated. Please use `BigQueryHook.get_client` method
[2022-06-06 17:23:21,478] {logging_mixin.py:104} WARNING - /home/airflow/.local/lib/python3.6/site-packages/airflow/providers/google/cloud/hooks/bigquery.py:2052 DeprecationWarning: This method is deprecated. Please use `BigQueryHook.insert_job` method.
[2022-06-06 17:23:21,479] {bigquery.py:1510} INFO - Inserting job airflow_1654536201479029_65860a77e7bd93988d1c529915b1db64
[2022-06-06 17:23:23,070] {sql.py:90} INFO - Record: [True]
[2022-06-06 17:23:23,071] {sql.py:96} INFO - Success.
[2022-06-06 17:23:23,081] {taskinstance.py:1166} INFO - Marking task as SUCCESS. dag_id=gbq_pipeline, task_id=check_github, execution_date=20220508T100000, start_date=20220606T172321, end_date=20220606T172323
[2022-06-06 17:23:23,116] {taskinstance.py:1220} INFO - 0 downstream tasks scheduled from follow-on schedule check
[2022-06-06 17:23:23,142] {local_task_job.py:146} INFO - Task exited with return code 0
[2022-06-06 17:28:15,510] {taskinstance.py:851} INFO - Dependencies all met for <TaskInstance: gbq_pipeline.check_github 2022-05-08T10:00:00+00:00 [queued]>
[2022-06-06 17:28:15,528] {taskinstance.py:851} INFO - Dependencies all met for <TaskInstance: gbq_pipeline.check_github 2022-05-08T10:00:00+00:00 [queued]>
[2022-06-06 17:28:15,529] {taskinstance.py:1042} INFO - 
--------------------------------------------------------------------------------
[2022-06-06 17:28:15,529] {taskinstance.py:1043} INFO - Starting attempt 1 of 3
[2022-06-06 17:28:15,529] {taskinstance.py:1044} INFO - 
--------------------------------------------------------------------------------
[2022-06-06 17:28:15,534] {taskinstance.py:1063} INFO - Executing <Task(BigQueryCheckOperator): check_github> on 2022-05-08T10:00:00+00:00
[2022-06-06 17:28:15,538] {standard_task_runner.py:52} INFO - Started process 255 to run task
[2022-06-06 17:28:15,541] {standard_task_runner.py:76} INFO - Running: ['airflow', 'tasks', 'run', 'gbq_pipeline', 'check_github', '2022-05-08T10:00:00+00:00', '--job-id', '718', '--pool', 'default_pool', '--raw', '--subdir', 'DAGS_FOLDER/gbq_pipeline.py', '--cfg-path', '/tmp/tmpv4a893f9', '--error-file', '/tmp/tmpextoa9_7']
[2022-06-06 17:28:15,542] {standard_task_runner.py:77} INFO - Job 718: Subtask check_github
[2022-06-06 17:28:15,573] {logging_mixin.py:104} INFO - Running <TaskInstance: gbq_pipeline.check_github 2022-05-08T10:00:00+00:00 [running]> on host f3f1e04b5b71
[2022-06-06 17:28:15,600] {taskinstance.py:1257} INFO - Exporting the following env vars:
AIRFLOW_CTX_DAG_EMAIL=airflow@airflow.com
AIRFLOW_CTX_DAG_OWNER=vanmai-airflow
AIRFLOW_CTX_DAG_ID=gbq_pipeline
AIRFLOW_CTX_TASK_ID=check_github
AIRFLOW_CTX_EXECUTION_DATE=2022-05-08T10:00:00+00:00
AIRFLOW_CTX_DAG_RUN_ID=scheduled__2022-05-08T10:00:00+00:00
[2022-06-06 17:28:15,602] {sql.py:87} INFO - Executing SQL check: 
        SELECT "20220508" IN 
          (
          SELECT table_id
          FROM `githubarchive.day.__TABLES_SUMMARY__`
          )
        
[2022-06-06 17:28:15,609] {logging_mixin.py:104} WARNING - /home/airflow/.local/lib/python3.6/site-packages/airflow/providers/google/cloud/hooks/bigquery.py:120 DeprecationWarning: This method will be deprecated. Please use `BigQueryHook.get_client` method
[2022-06-06 17:28:16,171] {logging_mixin.py:104} WARNING - /home/airflow/.local/lib/python3.6/site-packages/airflow/providers/google/cloud/hooks/bigquery.py:2052 DeprecationWarning: This method is deprecated. Please use `BigQueryHook.insert_job` method.
[2022-06-06 17:28:16,172] {bigquery.py:1510} INFO - Inserting job airflow_1654536496172148_65860a77e7bd93988d1c529915b1db64
[2022-06-06 17:28:19,007] {sql.py:90} INFO - Record: [True]
[2022-06-06 17:28:19,007] {sql.py:96} INFO - Success.
[2022-06-06 17:28:19,020] {taskinstance.py:1166} INFO - Marking task as SUCCESS. dag_id=gbq_pipeline, task_id=check_github, execution_date=20220508T100000, start_date=20220606T172815, end_date=20220606T172819
[2022-06-06 17:28:19,045] {taskinstance.py:1220} INFO - 1 downstream tasks scheduled from follow-on schedule check
[2022-06-06 17:28:19,055] {local_task_job.py:146} INFO - Task exited with return code 0
