[2022-06-05 13:56:24,494] {scheduler_job.py:182} INFO - Started process (PID=30) to work on /opt/airflow/dags/van_tutorial.py
[2022-06-05 13:56:24,496] {scheduler_job.py:629} INFO - Processing file /opt/airflow/dags/van_tutorial.py for tasks to queue
[2022-06-05 13:56:24,497] {logging_mixin.py:104} INFO - [2022-06-05 13:56:24,497] {dagbag.py:448} INFO - Filling up the DagBag from /opt/airflow/dags/van_tutorial.py
[2022-06-05 13:56:24,524] {scheduler_job.py:639} INFO - DAG(s) dict_keys(['tutorial']) retrieved from /opt/airflow/dags/van_tutorial.py
[2022-06-05 13:56:24,544] {logging_mixin.py:104} INFO - [2022-06-05 13:56:24,544] {dag.py:1818} INFO - Sync 1 DAGs
[2022-06-05 13:56:24,555] {logging_mixin.py:104} INFO - [2022-06-05 13:56:24,555] {dag.py:2273} INFO - Setting next_dagrun for tutorial to 2022-06-05 00:00:00+00:00
[2022-06-05 13:56:24,577] {scheduler_job.py:190} INFO - Processing /opt/airflow/dags/van_tutorial.py took 0.086 seconds
[2022-06-05 13:56:54,855] {scheduler_job.py:182} INFO - Started process (PID=60) to work on /opt/airflow/dags/van_tutorial.py
[2022-06-05 13:56:54,856] {scheduler_job.py:629} INFO - Processing file /opt/airflow/dags/van_tutorial.py for tasks to queue
[2022-06-05 13:56:54,856] {logging_mixin.py:104} INFO - [2022-06-05 13:56:54,856] {dagbag.py:448} INFO - Filling up the DagBag from /opt/airflow/dags/van_tutorial.py
[2022-06-05 13:56:54,875] {scheduler_job.py:639} INFO - DAG(s) dict_keys(['tutorial']) retrieved from /opt/airflow/dags/van_tutorial.py
[2022-06-05 13:56:54,890] {logging_mixin.py:104} INFO - [2022-06-05 13:56:54,889] {dag.py:1818} INFO - Sync 1 DAGs
[2022-06-05 13:56:54,900] {logging_mixin.py:104} INFO - [2022-06-05 13:56:54,900] {dag.py:2273} INFO - Setting next_dagrun for tutorial to 2022-06-05 00:00:00+00:00
[2022-06-05 13:56:54,908] {scheduler_job.py:190} INFO - Processing /opt/airflow/dags/van_tutorial.py took 0.056 seconds
[2022-06-05 13:57:25,484] {scheduler_job.py:182} INFO - Started process (PID=90) to work on /opt/airflow/dags/van_tutorial.py
[2022-06-05 13:57:25,485] {scheduler_job.py:629} INFO - Processing file /opt/airflow/dags/van_tutorial.py for tasks to queue
[2022-06-05 13:57:25,486] {logging_mixin.py:104} INFO - [2022-06-05 13:57:25,485] {dagbag.py:448} INFO - Filling up the DagBag from /opt/airflow/dags/van_tutorial.py
[2022-06-05 13:57:25,505] {scheduler_job.py:639} INFO - DAG(s) dict_keys(['tutorial']) retrieved from /opt/airflow/dags/van_tutorial.py
[2022-06-05 13:57:25,517] {logging_mixin.py:104} INFO - [2022-06-05 13:57:25,517] {dag.py:1818} INFO - Sync 1 DAGs
[2022-06-05 13:57:25,529] {logging_mixin.py:104} INFO - [2022-06-05 13:57:25,529] {dag.py:2273} INFO - Setting next_dagrun for tutorial to 2022-06-05 00:00:00+00:00
[2022-06-05 13:57:25,540] {scheduler_job.py:190} INFO - Processing /opt/airflow/dags/van_tutorial.py took 0.058 seconds
[2022-06-05 13:57:55,615] {scheduler_job.py:182} INFO - Started process (PID=120) to work on /opt/airflow/dags/van_tutorial.py
[2022-06-05 13:57:55,616] {scheduler_job.py:629} INFO - Processing file /opt/airflow/dags/van_tutorial.py for tasks to queue
[2022-06-05 13:57:55,617] {logging_mixin.py:104} INFO - [2022-06-05 13:57:55,617] {dagbag.py:448} INFO - Filling up the DagBag from /opt/airflow/dags/van_tutorial.py
[2022-06-05 13:57:55,634] {scheduler_job.py:639} INFO - DAG(s) dict_keys(['tutorial']) retrieved from /opt/airflow/dags/van_tutorial.py
[2022-06-05 13:57:55,651] {logging_mixin.py:104} INFO - [2022-06-05 13:57:55,651] {dag.py:1818} INFO - Sync 1 DAGs
[2022-06-05 13:57:55,661] {logging_mixin.py:104} INFO - [2022-06-05 13:57:55,661] {dag.py:2273} INFO - Setting next_dagrun for tutorial to 2022-06-05 00:00:00+00:00
[2022-06-05 13:57:55,672] {scheduler_job.py:190} INFO - Processing /opt/airflow/dags/van_tutorial.py took 0.059 seconds
[2022-06-05 13:58:25,705] {scheduler_job.py:182} INFO - Started process (PID=150) to work on /opt/airflow/dags/van_tutorial.py
[2022-06-05 13:58:25,706] {scheduler_job.py:629} INFO - Processing file /opt/airflow/dags/van_tutorial.py for tasks to queue
[2022-06-05 13:58:25,706] {logging_mixin.py:104} INFO - [2022-06-05 13:58:25,706] {dagbag.py:448} INFO - Filling up the DagBag from /opt/airflow/dags/van_tutorial.py
[2022-06-05 13:58:25,726] {scheduler_job.py:639} INFO - DAG(s) dict_keys(['tutorial']) retrieved from /opt/airflow/dags/van_tutorial.py
[2022-06-05 13:58:25,742] {logging_mixin.py:104} INFO - [2022-06-05 13:58:25,742] {dag.py:1818} INFO - Sync 1 DAGs
[2022-06-05 13:58:25,753] {logging_mixin.py:104} INFO - [2022-06-05 13:58:25,753] {dag.py:2273} INFO - Setting next_dagrun for tutorial to 2022-06-05 00:00:00+00:00
[2022-06-05 13:58:25,763] {scheduler_job.py:190} INFO - Processing /opt/airflow/dags/van_tutorial.py took 0.061 seconds
[2022-06-05 13:58:55,842] {scheduler_job.py:182} INFO - Started process (PID=180) to work on /opt/airflow/dags/van_tutorial.py
[2022-06-05 13:58:55,843] {scheduler_job.py:629} INFO - Processing file /opt/airflow/dags/van_tutorial.py for tasks to queue
[2022-06-05 13:58:55,844] {logging_mixin.py:104} INFO - [2022-06-05 13:58:55,844] {dagbag.py:448} INFO - Filling up the DagBag from /opt/airflow/dags/van_tutorial.py
[2022-06-05 13:58:55,861] {scheduler_job.py:639} INFO - DAG(s) dict_keys(['tutorial']) retrieved from /opt/airflow/dags/van_tutorial.py
[2022-06-05 13:58:55,871] {logging_mixin.py:104} INFO - [2022-06-05 13:58:55,871] {dag.py:1818} INFO - Sync 1 DAGs
[2022-06-05 13:58:55,882] {logging_mixin.py:104} INFO - [2022-06-05 13:58:55,881] {dag.py:2273} INFO - Setting next_dagrun for tutorial to 2022-06-05 00:00:00+00:00
[2022-06-05 13:58:55,892] {scheduler_job.py:190} INFO - Processing /opt/airflow/dags/van_tutorial.py took 0.052 seconds
[2022-06-05 13:59:26,002] {scheduler_job.py:182} INFO - Started process (PID=210) to work on /opt/airflow/dags/van_tutorial.py
[2022-06-05 13:59:26,003] {scheduler_job.py:629} INFO - Processing file /opt/airflow/dags/van_tutorial.py for tasks to queue
[2022-06-05 13:59:26,004] {logging_mixin.py:104} INFO - [2022-06-05 13:59:26,004] {dagbag.py:448} INFO - Filling up the DagBag from /opt/airflow/dags/van_tutorial.py
[2022-06-05 13:59:26,021] {scheduler_job.py:639} INFO - DAG(s) dict_keys(['tutorial']) retrieved from /opt/airflow/dags/van_tutorial.py
[2022-06-05 13:59:26,037] {logging_mixin.py:104} INFO - [2022-06-05 13:59:26,037] {dag.py:1818} INFO - Sync 1 DAGs
[2022-06-05 13:59:26,047] {logging_mixin.py:104} INFO - [2022-06-05 13:59:26,047] {dag.py:2273} INFO - Setting next_dagrun for tutorial to 2022-06-05 00:00:00+00:00
[2022-06-05 13:59:26,058] {scheduler_job.py:190} INFO - Processing /opt/airflow/dags/van_tutorial.py took 0.058 seconds
[2022-06-05 13:59:56,572] {scheduler_job.py:182} INFO - Started process (PID=240) to work on /opt/airflow/dags/van_tutorial.py
[2022-06-05 13:59:56,573] {scheduler_job.py:629} INFO - Processing file /opt/airflow/dags/van_tutorial.py for tasks to queue
[2022-06-05 13:59:56,573] {logging_mixin.py:104} INFO - [2022-06-05 13:59:56,573] {dagbag.py:448} INFO - Filling up the DagBag from /opt/airflow/dags/van_tutorial.py
[2022-06-05 13:59:56,590] {scheduler_job.py:639} INFO - DAG(s) dict_keys(['tutorial']) retrieved from /opt/airflow/dags/van_tutorial.py
[2022-06-05 13:59:56,604] {logging_mixin.py:104} INFO - [2022-06-05 13:59:56,604] {dag.py:1818} INFO - Sync 1 DAGs
[2022-06-05 13:59:56,614] {logging_mixin.py:104} INFO - [2022-06-05 13:59:56,614] {dag.py:2273} INFO - Setting next_dagrun for tutorial to 2022-06-05 00:00:00+00:00
[2022-06-05 13:59:56,624] {scheduler_job.py:190} INFO - Processing /opt/airflow/dags/van_tutorial.py took 0.054 seconds
[2022-06-05 14:00:26,692] {scheduler_job.py:182} INFO - Started process (PID=270) to work on /opt/airflow/dags/van_tutorial.py
[2022-06-05 14:00:26,693] {scheduler_job.py:629} INFO - Processing file /opt/airflow/dags/van_tutorial.py for tasks to queue
[2022-06-05 14:00:26,694] {logging_mixin.py:104} INFO - [2022-06-05 14:00:26,694] {dagbag.py:448} INFO - Filling up the DagBag from /opt/airflow/dags/van_tutorial.py
[2022-06-05 14:00:26,712] {scheduler_job.py:639} INFO - DAG(s) dict_keys(['tutorial']) retrieved from /opt/airflow/dags/van_tutorial.py
[2022-06-05 14:00:26,722] {logging_mixin.py:104} INFO - [2022-06-05 14:00:26,721] {dag.py:1818} INFO - Sync 1 DAGs
[2022-06-05 14:00:26,732] {logging_mixin.py:104} INFO - [2022-06-05 14:00:26,732] {dag.py:2273} INFO - Setting next_dagrun for tutorial to 2022-06-05 00:00:00+00:00
[2022-06-05 14:00:26,742] {scheduler_job.py:190} INFO - Processing /opt/airflow/dags/van_tutorial.py took 0.053 seconds
[2022-06-05 14:00:56,788] {scheduler_job.py:182} INFO - Started process (PID=300) to work on /opt/airflow/dags/van_tutorial.py
[2022-06-05 14:00:56,789] {scheduler_job.py:629} INFO - Processing file /opt/airflow/dags/van_tutorial.py for tasks to queue
[2022-06-05 14:00:56,790] {logging_mixin.py:104} INFO - [2022-06-05 14:00:56,790] {dagbag.py:448} INFO - Filling up the DagBag from /opt/airflow/dags/van_tutorial.py
[2022-06-05 14:00:56,809] {scheduler_job.py:639} INFO - DAG(s) dict_keys(['tutorial']) retrieved from /opt/airflow/dags/van_tutorial.py
[2022-06-05 14:00:56,827] {logging_mixin.py:104} INFO - [2022-06-05 14:00:56,827] {dag.py:1818} INFO - Sync 1 DAGs
[2022-06-05 14:00:56,839] {logging_mixin.py:104} INFO - [2022-06-05 14:00:56,839] {dag.py:2273} INFO - Setting next_dagrun for tutorial to 2022-06-05 00:00:00+00:00
[2022-06-05 14:00:56,850] {scheduler_job.py:190} INFO - Processing /opt/airflow/dags/van_tutorial.py took 0.064 seconds
[2022-06-05 14:01:26,969] {scheduler_job.py:182} INFO - Started process (PID=330) to work on /opt/airflow/dags/van_tutorial.py
[2022-06-05 14:01:26,970] {scheduler_job.py:629} INFO - Processing file /opt/airflow/dags/van_tutorial.py for tasks to queue
[2022-06-05 14:01:26,971] {logging_mixin.py:104} INFO - [2022-06-05 14:01:26,971] {dagbag.py:448} INFO - Filling up the DagBag from /opt/airflow/dags/van_tutorial.py
[2022-06-05 14:01:26,990] {scheduler_job.py:639} INFO - DAG(s) dict_keys(['tutorial']) retrieved from /opt/airflow/dags/van_tutorial.py
[2022-06-05 14:01:27,006] {logging_mixin.py:104} INFO - [2022-06-05 14:01:27,006] {dag.py:1818} INFO - Sync 1 DAGs
[2022-06-05 14:01:27,017] {logging_mixin.py:104} INFO - [2022-06-05 14:01:27,017] {dag.py:2273} INFO - Setting next_dagrun for tutorial to 2022-06-05 00:00:00+00:00
[2022-06-05 14:01:27,026] {scheduler_job.py:190} INFO - Processing /opt/airflow/dags/van_tutorial.py took 0.059 seconds
[2022-06-05 14:01:57,158] {scheduler_job.py:182} INFO - Started process (PID=360) to work on /opt/airflow/dags/van_tutorial.py
[2022-06-05 14:01:57,159] {scheduler_job.py:629} INFO - Processing file /opt/airflow/dags/van_tutorial.py for tasks to queue
[2022-06-05 14:01:57,160] {logging_mixin.py:104} INFO - [2022-06-05 14:01:57,159] {dagbag.py:448} INFO - Filling up the DagBag from /opt/airflow/dags/van_tutorial.py
[2022-06-05 14:01:57,181] {scheduler_job.py:639} INFO - DAG(s) dict_keys(['tutorial']) retrieved from /opt/airflow/dags/van_tutorial.py
[2022-06-05 14:01:57,193] {logging_mixin.py:104} INFO - [2022-06-05 14:01:57,193] {dag.py:1818} INFO - Sync 1 DAGs
[2022-06-05 14:01:57,207] {logging_mixin.py:104} INFO - [2022-06-05 14:01:57,207] {dag.py:2273} INFO - Setting next_dagrun for tutorial to 2022-06-05 00:00:00+00:00
[2022-06-05 14:01:57,217] {scheduler_job.py:190} INFO - Processing /opt/airflow/dags/van_tutorial.py took 0.062 seconds
[2022-06-05 14:02:27,257] {scheduler_job.py:182} INFO - Started process (PID=390) to work on /opt/airflow/dags/van_tutorial.py
[2022-06-05 14:02:27,258] {scheduler_job.py:629} INFO - Processing file /opt/airflow/dags/van_tutorial.py for tasks to queue
[2022-06-05 14:02:27,259] {logging_mixin.py:104} INFO - [2022-06-05 14:02:27,258] {dagbag.py:448} INFO - Filling up the DagBag from /opt/airflow/dags/van_tutorial.py
[2022-06-05 14:02:27,277] {scheduler_job.py:639} INFO - DAG(s) dict_keys(['tutorial']) retrieved from /opt/airflow/dags/van_tutorial.py
[2022-06-05 14:02:27,293] {logging_mixin.py:104} INFO - [2022-06-05 14:02:27,293] {dag.py:1818} INFO - Sync 1 DAGs
[2022-06-05 14:02:27,302] {logging_mixin.py:104} INFO - [2022-06-05 14:02:27,302] {dag.py:2273} INFO - Setting next_dagrun for tutorial to 2022-06-05 00:00:00+00:00
[2022-06-05 14:02:27,314] {scheduler_job.py:190} INFO - Processing /opt/airflow/dags/van_tutorial.py took 0.059 seconds
[2022-06-05 14:02:57,344] {scheduler_job.py:182} INFO - Started process (PID=420) to work on /opt/airflow/dags/van_tutorial.py
[2022-06-05 14:02:57,345] {scheduler_job.py:629} INFO - Processing file /opt/airflow/dags/van_tutorial.py for tasks to queue
[2022-06-05 14:02:57,346] {logging_mixin.py:104} INFO - [2022-06-05 14:02:57,345] {dagbag.py:448} INFO - Filling up the DagBag from /opt/airflow/dags/van_tutorial.py
[2022-06-05 14:02:57,363] {scheduler_job.py:639} INFO - DAG(s) dict_keys(['tutorial']) retrieved from /opt/airflow/dags/van_tutorial.py
[2022-06-05 14:02:57,378] {logging_mixin.py:104} INFO - [2022-06-05 14:02:57,378] {dag.py:1818} INFO - Sync 1 DAGs
[2022-06-05 14:02:57,389] {logging_mixin.py:104} INFO - [2022-06-05 14:02:57,389] {dag.py:2273} INFO - Setting next_dagrun for tutorial to 2022-06-05 00:00:00+00:00
[2022-06-05 14:02:57,398] {scheduler_job.py:190} INFO - Processing /opt/airflow/dags/van_tutorial.py took 0.057 seconds
[2022-06-05 14:03:27,498] {scheduler_job.py:182} INFO - Started process (PID=450) to work on /opt/airflow/dags/van_tutorial.py
[2022-06-05 14:03:27,500] {scheduler_job.py:629} INFO - Processing file /opt/airflow/dags/van_tutorial.py for tasks to queue
[2022-06-05 14:03:27,500] {logging_mixin.py:104} INFO - [2022-06-05 14:03:27,500] {dagbag.py:448} INFO - Filling up the DagBag from /opt/airflow/dags/van_tutorial.py
[2022-06-05 14:03:27,519] {scheduler_job.py:639} INFO - DAG(s) dict_keys(['tutorial']) retrieved from /opt/airflow/dags/van_tutorial.py
[2022-06-05 14:03:27,530] {logging_mixin.py:104} INFO - [2022-06-05 14:03:27,530] {dag.py:1818} INFO - Sync 1 DAGs
[2022-06-05 14:03:27,542] {logging_mixin.py:104} INFO - [2022-06-05 14:03:27,542] {dag.py:2273} INFO - Setting next_dagrun for tutorial to 2022-06-05 00:00:00+00:00
[2022-06-05 14:03:27,552] {scheduler_job.py:190} INFO - Processing /opt/airflow/dags/van_tutorial.py took 0.056 seconds
[2022-06-05 14:03:57,598] {scheduler_job.py:182} INFO - Started process (PID=480) to work on /opt/airflow/dags/van_tutorial.py
[2022-06-05 14:03:57,599] {scheduler_job.py:629} INFO - Processing file /opt/airflow/dags/van_tutorial.py for tasks to queue
[2022-06-05 14:03:57,600] {logging_mixin.py:104} INFO - [2022-06-05 14:03:57,600] {dagbag.py:448} INFO - Filling up the DagBag from /opt/airflow/dags/van_tutorial.py
[2022-06-05 14:03:57,600] {scheduler_job.py:641} WARNING - No viable dags retrieved from /opt/airflow/dags/van_tutorial.py
[2022-06-05 14:03:57,601] {scheduler_job.py:190} INFO - Processing /opt/airflow/dags/van_tutorial.py took 0.005 seconds
