[2022-06-05 22:02:28,645] {taskinstance.py:851} INFO - Dependencies all met for <TaskInstance: vanmai-demo.t3_templated 2022-05-23T00:00:00+00:00 [queued]>
[2022-06-05 22:02:28,665] {taskinstance.py:851} INFO - Dependencies all met for <TaskInstance: vanmai-demo.t3_templated 2022-05-23T00:00:00+00:00 [queued]>
[2022-06-05 22:02:28,666] {taskinstance.py:1042} INFO - 
--------------------------------------------------------------------------------
[2022-06-05 22:02:28,667] {taskinstance.py:1043} INFO - Starting attempt 1 of 2
[2022-06-05 22:02:28,667] {taskinstance.py:1044} INFO - 
--------------------------------------------------------------------------------
[2022-06-05 22:02:28,688] {taskinstance.py:1063} INFO - Executing <Task(BashOperator): t3_templated> on 2022-05-23T00:00:00+00:00
[2022-06-05 22:02:28,693] {standard_task_runner.py:52} INFO - Started process 83 to run task
[2022-06-05 22:02:28,700] {standard_task_runner.py:76} INFO - Running: ['airflow', 'tasks', 'run', 'vanmai-demo', 't3_templated', '2022-05-23T00:00:00+00:00', '--job-id', '231', '--pool', 'default_pool', '--raw', '--subdir', 'DAGS_FOLDER/vanmai-demo.py', '--cfg-path', '/tmp/tmpb4u4hd1o', '--error-file', '/tmp/tmpm9boqoy1']
[2022-06-05 22:02:28,701] {standard_task_runner.py:77} INFO - Job 231: Subtask t3_templated
[2022-06-05 22:02:28,760] {logging_mixin.py:104} INFO - Running <TaskInstance: vanmai-demo.t3_templated 2022-05-23T00:00:00+00:00 [running]> on host 173d5ef1e4be
[2022-06-05 22:02:28,829] {taskinstance.py:1257} INFO - Exporting the following env vars:
AIRFLOW_CTX_DAG_EMAIL=airflow@example.com
AIRFLOW_CTX_DAG_OWNER=vanmai
AIRFLOW_CTX_DAG_ID=vanmai-demo
AIRFLOW_CTX_TASK_ID=t3_templated
AIRFLOW_CTX_EXECUTION_DATE=2022-05-23T00:00:00+00:00
AIRFLOW_CTX_DAG_RUN_ID=scheduled__2022-05-23T00:00:00+00:00
[2022-06-05 22:02:28,830] {bash.py:135} INFO - Tmp dir root location: 
 /tmp
[2022-06-05 22:02:28,831] {bash.py:158} INFO - Running command: 

    echo "2022-05-23"
    echo "2022-05-30"
    echo "Parameter I passed in"

    echo "2022-05-23"
    echo "2022-05-30"
    echo "Parameter I passed in"

    echo "2022-05-23"
    echo "2022-05-30"
    echo "Parameter I passed in"

    echo "2022-05-23"
    echo "2022-05-30"
    echo "Parameter I passed in"

    echo "2022-05-23"
    echo "2022-05-30"
    echo "Parameter I passed in"

[2022-06-05 22:02:28,845] {bash.py:169} INFO - Output:
[2022-06-05 22:02:28,846] {bash.py:173} INFO - 2022-05-23
[2022-06-05 22:02:28,847] {bash.py:173} INFO - 2022-05-30
[2022-06-05 22:02:28,847] {bash.py:173} INFO - Parameter I passed in
[2022-06-05 22:02:28,848] {bash.py:173} INFO - 2022-05-23
[2022-06-05 22:02:28,848] {bash.py:173} INFO - 2022-05-30
[2022-06-05 22:02:28,848] {bash.py:173} INFO - Parameter I passed in
[2022-06-05 22:02:28,848] {bash.py:173} INFO - 2022-05-23
[2022-06-05 22:02:28,849] {bash.py:173} INFO - 2022-05-30
[2022-06-05 22:02:28,849] {bash.py:173} INFO - Parameter I passed in
[2022-06-05 22:02:28,849] {bash.py:173} INFO - 2022-05-23
[2022-06-05 22:02:28,849] {bash.py:173} INFO - 2022-05-30
[2022-06-05 22:02:28,850] {bash.py:173} INFO - Parameter I passed in
[2022-06-05 22:02:28,850] {bash.py:173} INFO - 2022-05-23
[2022-06-05 22:02:28,850] {bash.py:173} INFO - 2022-05-30
[2022-06-05 22:02:28,850] {bash.py:173} INFO - Parameter I passed in
[2022-06-05 22:02:28,851] {bash.py:177} INFO - Command exited with return code 0
[2022-06-05 22:02:28,884] {taskinstance.py:1166} INFO - Marking task as SUCCESS. dag_id=vanmai-demo, task_id=t3_templated, execution_date=20220523T000000, start_date=20220605T220228, end_date=20220605T220228
[2022-06-05 22:02:28,925] {taskinstance.py:1220} INFO - 0 downstream tasks scheduled from follow-on schedule check
[2022-06-05 22:02:28,955] {local_task_job.py:146} INFO - Task exited with return code 0
