[2022-06-06 14:21:52,423] {taskinstance.py:851} INFO - Dependencies all met for <TaskInstance: gbq_pipeline.write_truncate_github_agg 2022-06-01T10:00:00+00:00 [queued]>
[2022-06-06 14:21:52,436] {taskinstance.py:851} INFO - Dependencies all met for <TaskInstance: gbq_pipeline.write_truncate_github_agg 2022-06-01T10:00:00+00:00 [queued]>
[2022-06-06 14:21:52,437] {taskinstance.py:1042} INFO - 
--------------------------------------------------------------------------------
[2022-06-06 14:21:52,437] {taskinstance.py:1043} INFO - Starting attempt 1 of 3
[2022-06-06 14:21:52,437] {taskinstance.py:1044} INFO - 
--------------------------------------------------------------------------------
[2022-06-06 14:21:52,450] {taskinstance.py:1063} INFO - Executing <Task(BigQueryOperator): write_truncate_github_agg> on 2022-06-01T10:00:00+00:00
[2022-06-06 14:21:52,458] {standard_task_runner.py:52} INFO - Started process 81 to run task
[2022-06-06 14:21:52,463] {standard_task_runner.py:76} INFO - Running: ['airflow', 'tasks', 'run', 'gbq_pipeline', 'write_truncate_github_agg', '2022-06-01T10:00:00+00:00', '--job-id', '292', '--pool', 'default_pool', '--raw', '--subdir', 'DAGS_FOLDER/gbq_pipeline.py', '--cfg-path', '/tmp/tmp73hjd4uz', '--error-file', '/tmp/tmp3_14kwtb']
[2022-06-06 14:21:52,466] {standard_task_runner.py:77} INFO - Job 292: Subtask write_truncate_github_agg
[2022-06-06 14:21:52,507] {logging_mixin.py:104} INFO - Running <TaskInstance: gbq_pipeline.write_truncate_github_agg 2022-06-01T10:00:00+00:00 [running]> on host 92fcc90275da
[2022-06-06 14:21:52,546] {taskinstance.py:1257} INFO - Exporting the following env vars:
AIRFLOW_CTX_DAG_EMAIL=airflow@airflow.com
AIRFLOW_CTX_DAG_OWNER=vanmai-airflow
AIRFLOW_CTX_DAG_ID=gbq_pipeline
AIRFLOW_CTX_TASK_ID=write_truncate_github_agg
AIRFLOW_CTX_EXECUTION_DATE=2022-06-01T10:00:00+00:00
AIRFLOW_CTX_DAG_RUN_ID=scheduled__2022-06-01T10:00:00+00:00
[2022-06-06 14:21:52,548] {bigquery.py:680} INFO - Executing: 
        with cte as
        (
          SELECT
            FORMAT_TIMESTAMP("%Y%m%d", created_at) AS date,
            actor.id as actor_id,
            CONCAT('https://github.com/', repo.name) as github_repo,
            type
          FROM
            `githubarchive.day.20220601`
        )

        SELECT
          date,
          github_repo,
          count(IF(type='WatchEvent', type, NULL)) AS subs,
          count(IF(type='PushEvent',  type, NULL)) AS pushes,
          count(IF(type='PullRequestEvent',  type, NULL)) AS pullrequests,
          count(IF(type='ForkEvent',  type, NULL)) AS copies,
          count(IF(type in ('IssueCommentEvent','CommitCommentEvent','PullRequestReviewCommentEvent'),  type, NULL)) AS comments,
          count(*) AS all_event
        FROM cte
        GROUP BY 1,2
        ORDER BY all_event desc
        limit 100
        
[2022-06-06 14:21:52,559] {logging_mixin.py:104} WARNING - /home/airflow/.local/lib/python3.6/site-packages/airflow/providers/google/cloud/hooks/bigquery.py:2052 DeprecationWarning: This method is deprecated. Please use `BigQueryHook.insert_job` method.
[2022-06-06 14:21:52,569] {bigquery.py:1510} INFO - Inserting job airflow_1654525312568459_7737da2ab1926ff0e7df9da714d3a473
[2022-06-06 14:21:56,688] {taskinstance.py:1166} INFO - Marking task as SUCCESS. dag_id=gbq_pipeline, task_id=write_truncate_github_agg, execution_date=20220601T100000, start_date=20220606T142152, end_date=20220606T142156
[2022-06-06 14:21:56,765] {taskinstance.py:1220} INFO - 0 downstream tasks scheduled from follow-on schedule check
[2022-06-06 14:21:56,812] {local_task_job.py:146} INFO - Task exited with return code 0
[2022-06-06 15:01:08,532] {taskinstance.py:851} INFO - Dependencies all met for <TaskInstance: gbq_pipeline.write_truncate_github_agg 2022-06-01T10:00:00+00:00 [queued]>
[2022-06-06 15:01:08,544] {taskinstance.py:851} INFO - Dependencies all met for <TaskInstance: gbq_pipeline.write_truncate_github_agg 2022-06-01T10:00:00+00:00 [queued]>
[2022-06-06 15:01:08,544] {taskinstance.py:1042} INFO - 
--------------------------------------------------------------------------------
[2022-06-06 15:01:08,545] {taskinstance.py:1043} INFO - Starting attempt 1 of 3
[2022-06-06 15:01:08,545] {taskinstance.py:1044} INFO - 
--------------------------------------------------------------------------------
[2022-06-06 15:01:08,556] {taskinstance.py:1063} INFO - Executing <Task(BigQueryOperator): write_truncate_github_agg> on 2022-06-01T10:00:00+00:00
[2022-06-06 15:01:08,560] {standard_task_runner.py:52} INFO - Started process 62 to run task
[2022-06-06 15:01:08,563] {standard_task_runner.py:76} INFO - Running: ['airflow', 'tasks', 'run', 'gbq_pipeline', 'write_truncate_github_agg', '2022-06-01T10:00:00+00:00', '--job-id', '319', '--pool', 'default_pool', '--raw', '--subdir', 'DAGS_FOLDER/gbq_pipeline.py', '--cfg-path', '/tmp/tmp3kmhhjpy', '--error-file', '/tmp/tmpitaye7hr']
[2022-06-06 15:01:08,565] {standard_task_runner.py:77} INFO - Job 319: Subtask write_truncate_github_agg
[2022-06-06 15:01:08,605] {logging_mixin.py:104} INFO - Running <TaskInstance: gbq_pipeline.write_truncate_github_agg 2022-06-01T10:00:00+00:00 [running]> on host c40819a450e3
[2022-06-06 15:01:08,644] {taskinstance.py:1257} INFO - Exporting the following env vars:
AIRFLOW_CTX_DAG_EMAIL=airflow@airflow.com
AIRFLOW_CTX_DAG_OWNER=vanmai-airflow
AIRFLOW_CTX_DAG_ID=gbq_pipeline
AIRFLOW_CTX_TASK_ID=write_truncate_github_agg
AIRFLOW_CTX_EXECUTION_DATE=2022-06-01T10:00:00+00:00
AIRFLOW_CTX_DAG_RUN_ID=scheduled__2022-06-01T10:00:00+00:00
[2022-06-06 15:01:08,646] {bigquery.py:680} INFO - Executing: 
        with cte as
        (
          SELECT
            FORMAT_TIMESTAMP("%Y%m%d", created_at) AS date,
            actor.id as actor_id,
            CONCAT('https://github.com/', repo.name) as github_repo,
            type
          FROM
            `githubarchive.day.20220601`
        )

        SELECT
          date,
          github_repo,
          count(IF(type='WatchEvent', type, NULL)) AS subs,
          count(IF(type='PushEvent',  type, NULL)) AS pushes,
          count(IF(type='PullRequestEvent',  type, NULL)) AS pullrequests,
          count(IF(type='ForkEvent',  type, NULL)) AS copies,
          count(IF(type in ('IssueCommentEvent','CommitCommentEvent','PullRequestReviewCommentEvent'),  type, NULL)) AS comments,
          count(*) AS all_event
        FROM cte
        GROUP BY 1,2
        ORDER BY all_event desc
        
[2022-06-06 15:01:08,655] {logging_mixin.py:104} WARNING - /home/airflow/.local/lib/python3.6/site-packages/airflow/providers/google/cloud/hooks/bigquery.py:2052 DeprecationWarning: This method is deprecated. Please use `BigQueryHook.insert_job` method.
[2022-06-06 15:01:08,662] {bigquery.py:1510} INFO - Inserting job airflow_1654527668662349_f69df8e92a72df0b18d346deb1c7e9f7
[2022-06-06 15:01:18,454] {taskinstance.py:1166} INFO - Marking task as SUCCESS. dag_id=gbq_pipeline, task_id=write_truncate_github_agg, execution_date=20220601T100000, start_date=20220606T150108, end_date=20220606T150118
[2022-06-06 15:01:18,473] {taskinstance.py:1220} INFO - 1 downstream tasks scheduled from follow-on schedule check
[2022-06-06 15:01:18,492] {local_task_job.py:146} INFO - Task exited with return code 0
[2022-06-06 17:01:24,108] {taskinstance.py:851} INFO - Dependencies all met for <TaskInstance: gbq_pipeline.write_truncate_github_agg 2022-06-01T10:00:00+00:00 [queued]>
[2022-06-06 17:01:24,120] {taskinstance.py:851} INFO - Dependencies all met for <TaskInstance: gbq_pipeline.write_truncate_github_agg 2022-06-01T10:00:00+00:00 [queued]>
[2022-06-06 17:01:24,121] {taskinstance.py:1042} INFO - 
--------------------------------------------------------------------------------
[2022-06-06 17:01:24,121] {taskinstance.py:1043} INFO - Starting attempt 1 of 3
[2022-06-06 17:01:24,122] {taskinstance.py:1044} INFO - 
--------------------------------------------------------------------------------
[2022-06-06 17:01:24,134] {taskinstance.py:1063} INFO - Executing <Task(BigQueryOperator): write_truncate_github_agg> on 2022-06-01T10:00:00+00:00
[2022-06-06 17:01:24,145] {standard_task_runner.py:52} INFO - Started process 833 to run task
[2022-06-06 17:01:24,148] {standard_task_runner.py:76} INFO - Running: ['airflow', 'tasks', 'run', 'gbq_pipeline', 'write_truncate_github_agg', '2022-06-01T10:00:00+00:00', '--job-id', '576', '--pool', 'default_pool', '--raw', '--subdir', 'DAGS_FOLDER/gbq_pipeline.py', '--cfg-path', '/tmp/tmpv_av7zzm', '--error-file', '/tmp/tmp3yepx874']
[2022-06-06 17:01:24,150] {standard_task_runner.py:77} INFO - Job 576: Subtask write_truncate_github_agg
[2022-06-06 17:01:24,195] {logging_mixin.py:104} INFO - Running <TaskInstance: gbq_pipeline.write_truncate_github_agg 2022-06-01T10:00:00+00:00 [running]> on host c40819a450e3
[2022-06-06 17:01:24,234] {taskinstance.py:1257} INFO - Exporting the following env vars:
AIRFLOW_CTX_DAG_EMAIL=airflow@airflow.com
AIRFLOW_CTX_DAG_OWNER=vanmai-airflow
AIRFLOW_CTX_DAG_ID=gbq_pipeline
AIRFLOW_CTX_TASK_ID=write_truncate_github_agg
AIRFLOW_CTX_EXECUTION_DATE=2022-06-01T10:00:00+00:00
AIRFLOW_CTX_DAG_RUN_ID=scheduled__2022-06-01T10:00:00+00:00
[2022-06-06 17:01:24,236] {bigquery.py:680} INFO - Executing: 
        with cte as
        (
          SELECT
            FORMAT_TIMESTAMP("%Y%m%d", created_at) AS date,
            actor.id as actor_id,
            CONCAT('https://github.com/', repo.name) as github_repo,
            type
          FROM
            `githubarchive.day.20220601`
        )

        SELECT
          date,
          github_repo,
          count(IF(type='WatchEvent', type, NULL)) AS subs,
          count(IF(type='PushEvent',  type, NULL)) AS pushes,
          count(IF(type='PullRequestEvent',  type, NULL)) AS pullrequests,
          count(IF(type='ForkEvent',  type, NULL)) AS copies,
          count(IF(type in ('IssueCommentEvent','CommitCommentEvent','PullRequestReviewCommentEvent'),  type, NULL)) AS comments,
          count(*) AS all_event
        FROM cte
        GROUP BY 1,2
        ORDER BY all_event desc
        
[2022-06-06 17:01:24,245] {logging_mixin.py:104} WARNING - /home/airflow/.local/lib/python3.6/site-packages/airflow/providers/google/cloud/hooks/bigquery.py:2052 DeprecationWarning: This method is deprecated. Please use `BigQueryHook.insert_job` method.
[2022-06-06 17:01:24,253] {bigquery.py:1510} INFO - Inserting job airflow_1654534884253143_f69df8e92a72df0b18d346deb1c7e9f7
[2022-06-06 17:01:34,825] {taskinstance.py:1166} INFO - Marking task as SUCCESS. dag_id=gbq_pipeline, task_id=write_truncate_github_agg, execution_date=20220601T100000, start_date=20220606T170124, end_date=20220606T170134
[2022-06-06 17:01:34,845] {taskinstance.py:1220} INFO - 1 downstream tasks scheduled from follow-on schedule check
[2022-06-06 17:01:34,882] {local_task_job.py:146} INFO - Task exited with return code 0
[2022-06-06 17:06:04,250] {taskinstance.py:851} INFO - Dependencies all met for <TaskInstance: gbq_pipeline.write_truncate_github_agg 2022-06-01T10:00:00+00:00 [queued]>
[2022-06-06 17:06:04,261] {taskinstance.py:851} INFO - Dependencies all met for <TaskInstance: gbq_pipeline.write_truncate_github_agg 2022-06-01T10:00:00+00:00 [queued]>
[2022-06-06 17:06:04,261] {taskinstance.py:1042} INFO - 
--------------------------------------------------------------------------------
[2022-06-06 17:06:04,262] {taskinstance.py:1043} INFO - Starting attempt 1 of 3
[2022-06-06 17:06:04,262] {taskinstance.py:1044} INFO - 
--------------------------------------------------------------------------------
[2022-06-06 17:06:04,270] {taskinstance.py:1063} INFO - Executing <Task(BigQueryOperator): write_truncate_github_agg> on 2022-06-01T10:00:00+00:00
[2022-06-06 17:06:04,274] {standard_task_runner.py:52} INFO - Started process 914 to run task
[2022-06-06 17:06:04,277] {standard_task_runner.py:76} INFO - Running: ['airflow', 'tasks', 'run', 'gbq_pipeline', 'write_truncate_github_agg', '2022-06-01T10:00:00+00:00', '--job-id', '603', '--pool', 'default_pool', '--raw', '--subdir', 'DAGS_FOLDER/gbq_pipeline.py', '--cfg-path', '/tmp/tmp2ll5nh3n', '--error-file', '/tmp/tmpsrwc7ock']
[2022-06-06 17:06:04,279] {standard_task_runner.py:77} INFO - Job 603: Subtask write_truncate_github_agg
[2022-06-06 17:06:04,310] {logging_mixin.py:104} INFO - Running <TaskInstance: gbq_pipeline.write_truncate_github_agg 2022-06-01T10:00:00+00:00 [running]> on host c40819a450e3
[2022-06-06 17:06:04,338] {taskinstance.py:1257} INFO - Exporting the following env vars:
AIRFLOW_CTX_DAG_EMAIL=airflow@airflow.com
AIRFLOW_CTX_DAG_OWNER=vanmai-airflow
AIRFLOW_CTX_DAG_ID=gbq_pipeline
AIRFLOW_CTX_TASK_ID=write_truncate_github_agg
AIRFLOW_CTX_EXECUTION_DATE=2022-06-01T10:00:00+00:00
AIRFLOW_CTX_DAG_RUN_ID=scheduled__2022-06-01T10:00:00+00:00
[2022-06-06 17:06:04,339] {bigquery.py:680} INFO - Executing: 
        with cte as
        (
          SELECT
            FORMAT_TIMESTAMP("%Y%m%d", created_at) AS date,
            actor.id as actor_id,
            CONCAT('https://github.com/', repo.name) as github_repo,
            type
          FROM
            `githubarchive.day.20220601`
        )

        SELECT
          date,
          github_repo,
          count(IF(type='WatchEvent', type, NULL)) AS subs,
          count(IF(type='PushEvent',  type, NULL)) AS pushes,
          count(IF(type='PullRequestEvent',  type, NULL)) AS pullrequests,
          count(IF(type='ForkEvent',  type, NULL)) AS copies,
          count(IF(type in ('IssueCommentEvent','CommitCommentEvent','PullRequestReviewCommentEvent'),  type, NULL)) AS comments,
          count(*) AS all_event
        FROM cte
        GROUP BY 1,2
        ORDER BY all_event desc
        
[2022-06-06 17:06:04,346] {logging_mixin.py:104} WARNING - /home/airflow/.local/lib/python3.6/site-packages/airflow/providers/google/cloud/hooks/bigquery.py:2052 DeprecationWarning: This method is deprecated. Please use `BigQueryHook.insert_job` method.
[2022-06-06 17:06:04,353] {bigquery.py:1510} INFO - Inserting job airflow_1654535164353022_f69df8e92a72df0b18d346deb1c7e9f7
[2022-06-06 17:06:14,170] {taskinstance.py:1166} INFO - Marking task as SUCCESS. dag_id=gbq_pipeline, task_id=write_truncate_github_agg, execution_date=20220601T100000, start_date=20220606T170604, end_date=20220606T170614
[2022-06-06 17:06:14,325] {taskinstance.py:1220} INFO - 0 downstream tasks scheduled from follow-on schedule check
[2022-06-06 17:06:14,367] {local_task_job.py:146} INFO - Task exited with return code 0
[2022-06-06 17:10:17,281] {taskinstance.py:851} INFO - Dependencies all met for <TaskInstance: gbq_pipeline.write_truncate_github_agg 2022-06-01T10:00:00+00:00 [queued]>
[2022-06-06 17:10:17,294] {taskinstance.py:851} INFO - Dependencies all met for <TaskInstance: gbq_pipeline.write_truncate_github_agg 2022-06-01T10:00:00+00:00 [queued]>
[2022-06-06 17:10:17,295] {taskinstance.py:1042} INFO - 
--------------------------------------------------------------------------------
[2022-06-06 17:10:17,295] {taskinstance.py:1043} INFO - Starting attempt 1 of 3
[2022-06-06 17:10:17,295] {taskinstance.py:1044} INFO - 
--------------------------------------------------------------------------------
[2022-06-06 17:10:17,308] {taskinstance.py:1063} INFO - Executing <Task(BigQueryOperator): write_truncate_github_agg> on 2022-06-01T10:00:00+00:00
[2022-06-06 17:10:17,312] {standard_task_runner.py:52} INFO - Started process 946 to run task
[2022-06-06 17:10:17,315] {standard_task_runner.py:76} INFO - Running: ['airflow', 'tasks', 'run', 'gbq_pipeline', 'write_truncate_github_agg', '2022-06-01T10:00:00+00:00', '--job-id', '613', '--pool', 'default_pool', '--raw', '--subdir', 'DAGS_FOLDER/gbq_pipeline.py', '--cfg-path', '/tmp/tmpdkjyuw_s', '--error-file', '/tmp/tmpbj71ztfi']
[2022-06-06 17:10:17,318] {standard_task_runner.py:77} INFO - Job 613: Subtask write_truncate_github_agg
[2022-06-06 17:10:17,362] {logging_mixin.py:104} INFO - Running <TaskInstance: gbq_pipeline.write_truncate_github_agg 2022-06-01T10:00:00+00:00 [running]> on host c40819a450e3
[2022-06-06 17:10:17,404] {taskinstance.py:1257} INFO - Exporting the following env vars:
AIRFLOW_CTX_DAG_EMAIL=airflow@airflow.com
AIRFLOW_CTX_DAG_OWNER=vanmai-airflow
AIRFLOW_CTX_DAG_ID=gbq_pipeline
AIRFLOW_CTX_TASK_ID=write_truncate_github_agg
AIRFLOW_CTX_EXECUTION_DATE=2022-06-01T10:00:00+00:00
AIRFLOW_CTX_DAG_RUN_ID=scheduled__2022-06-01T10:00:00+00:00
[2022-06-06 17:10:17,406] {bigquery.py:680} INFO - Executing: 
        with cte as
        (
          SELECT
            FORMAT_TIMESTAMP("%Y%m%d", created_at) AS date,
            actor.id as actor_id,
            CONCAT('https://github.com/', repo.name) as github_repo,
            type
          FROM
            `githubarchive.day.20220601`
        )

        SELECT
          date,
          github_repo,
          count(IF(type='WatchEvent', type, NULL)) AS subs,
          count(IF(type='PushEvent',  type, NULL)) AS pushes,
          count(IF(type='PullRequestEvent',  type, NULL)) AS pullrequests,
          count(IF(type='ForkEvent',  type, NULL)) AS copies,
          count(IF(type in ('IssueCommentEvent','CommitCommentEvent','PullRequestReviewCommentEvent'),  type, NULL)) AS comments,
          count(*) AS all_event
        FROM cte
        GROUP BY 1,2
        ORDER BY all_event desc
        
[2022-06-06 17:10:17,415] {logging_mixin.py:104} WARNING - /home/airflow/.local/lib/python3.6/site-packages/airflow/providers/google/cloud/hooks/bigquery.py:2052 DeprecationWarning: This method is deprecated. Please use `BigQueryHook.insert_job` method.
[2022-06-06 17:10:17,423] {bigquery.py:1510} INFO - Inserting job airflow_1654535417423139_f69df8e92a72df0b18d346deb1c7e9f7
[2022-06-06 17:10:28,664] {taskinstance.py:1166} INFO - Marking task as SUCCESS. dag_id=gbq_pipeline, task_id=write_truncate_github_agg, execution_date=20220601T100000, start_date=20220606T171017, end_date=20220606T171028
[2022-06-06 17:10:28,692] {taskinstance.py:1220} INFO - 1 downstream tasks scheduled from follow-on schedule check
[2022-06-06 17:10:28,718] {local_task_job.py:146} INFO - Task exited with return code 0
[2022-06-06 17:14:39,896] {taskinstance.py:851} INFO - Dependencies all met for <TaskInstance: gbq_pipeline.write_truncate_github_agg 2022-06-01T10:00:00+00:00 [queued]>
[2022-06-06 17:14:39,906] {taskinstance.py:851} INFO - Dependencies all met for <TaskInstance: gbq_pipeline.write_truncate_github_agg 2022-06-01T10:00:00+00:00 [queued]>
[2022-06-06 17:14:39,906] {taskinstance.py:1042} INFO - 
--------------------------------------------------------------------------------
[2022-06-06 17:14:39,907] {taskinstance.py:1043} INFO - Starting attempt 1 of 3
[2022-06-06 17:14:39,907] {taskinstance.py:1044} INFO - 
--------------------------------------------------------------------------------
[2022-06-06 17:14:39,917] {taskinstance.py:1063} INFO - Executing <Task(BigQueryOperator): write_truncate_github_agg> on 2022-06-01T10:00:00+00:00
[2022-06-06 17:14:39,920] {standard_task_runner.py:52} INFO - Started process 1033 to run task
[2022-06-06 17:14:39,923] {standard_task_runner.py:76} INFO - Running: ['airflow', 'tasks', 'run', 'gbq_pipeline', 'write_truncate_github_agg', '2022-06-01T10:00:00+00:00', '--job-id', '644', '--pool', 'default_pool', '--raw', '--subdir', 'DAGS_FOLDER/gbq_pipeline.py', '--cfg-path', '/tmp/tmp18hxtmh0', '--error-file', '/tmp/tmp561qm5qm']
[2022-06-06 17:14:39,925] {standard_task_runner.py:77} INFO - Job 644: Subtask write_truncate_github_agg
[2022-06-06 17:14:39,957] {logging_mixin.py:104} INFO - Running <TaskInstance: gbq_pipeline.write_truncate_github_agg 2022-06-01T10:00:00+00:00 [running]> on host c40819a450e3
[2022-06-06 17:14:39,986] {taskinstance.py:1257} INFO - Exporting the following env vars:
AIRFLOW_CTX_DAG_EMAIL=airflow@airflow.com
AIRFLOW_CTX_DAG_OWNER=vanmai-airflow
AIRFLOW_CTX_DAG_ID=gbq_pipeline
AIRFLOW_CTX_TASK_ID=write_truncate_github_agg
AIRFLOW_CTX_EXECUTION_DATE=2022-06-01T10:00:00+00:00
AIRFLOW_CTX_DAG_RUN_ID=scheduled__2022-06-01T10:00:00+00:00
[2022-06-06 17:14:39,987] {bigquery.py:680} INFO - Executing: 
        with cte as
        (
          SELECT
            FORMAT_TIMESTAMP("%Y%m%d", created_at) AS date,
            actor.id as actor_id,
            CONCAT('https://github.com/', repo.name) as github_repo,
            type
          FROM
            `githubarchive.day.20220601`
        )

        SELECT
          date,
          github_repo,
          count(IF(type='WatchEvent', type, NULL)) AS subs,
          count(IF(type='PushEvent',  type, NULL)) AS pushes,
          count(IF(type='PullRequestEvent',  type, NULL)) AS pullrequests,
          count(IF(type='ForkEvent',  type, NULL)) AS copies,
          count(IF(type in ('IssueCommentEvent','CommitCommentEvent','PullRequestReviewCommentEvent'),  type, NULL)) AS comments,
          count(*) AS all_event
        FROM cte
        GROUP BY 1,2
        ORDER BY all_event desc
        
[2022-06-06 17:14:39,995] {logging_mixin.py:104} WARNING - /home/airflow/.local/lib/python3.6/site-packages/airflow/providers/google/cloud/hooks/bigquery.py:2052 DeprecationWarning: This method is deprecated. Please use `BigQueryHook.insert_job` method.
[2022-06-06 17:14:40,003] {bigquery.py:1510} INFO - Inserting job airflow_1654535680002393_f69df8e92a72df0b18d346deb1c7e9f7
[2022-06-06 17:14:48,531] {taskinstance.py:1166} INFO - Marking task as SUCCESS. dag_id=gbq_pipeline, task_id=write_truncate_github_agg, execution_date=20220601T100000, start_date=20220606T171439, end_date=20220606T171448
[2022-06-06 17:14:48,554] {taskinstance.py:1220} INFO - 0 downstream tasks scheduled from follow-on schedule check
[2022-06-06 17:14:48,574] {local_task_job.py:146} INFO - Task exited with return code 0
[2022-06-06 17:18:37,113] {taskinstance.py:851} INFO - Dependencies all met for <TaskInstance: gbq_pipeline.write_truncate_github_agg 2022-06-01T10:00:00+00:00 [queued]>
[2022-06-06 17:18:37,121] {taskinstance.py:851} INFO - Dependencies all met for <TaskInstance: gbq_pipeline.write_truncate_github_agg 2022-06-01T10:00:00+00:00 [queued]>
[2022-06-06 17:18:37,122] {taskinstance.py:1042} INFO - 
--------------------------------------------------------------------------------
[2022-06-06 17:18:37,122] {taskinstance.py:1043} INFO - Starting attempt 1 of 3
[2022-06-06 17:18:37,123] {taskinstance.py:1044} INFO - 
--------------------------------------------------------------------------------
[2022-06-06 17:18:37,132] {taskinstance.py:1063} INFO - Executing <Task(BigQueryOperator): write_truncate_github_agg> on 2022-06-01T10:00:00+00:00
[2022-06-06 17:18:37,136] {standard_task_runner.py:52} INFO - Started process 57 to run task
[2022-06-06 17:18:37,139] {standard_task_runner.py:76} INFO - Running: ['airflow', 'tasks', 'run', 'gbq_pipeline', 'write_truncate_github_agg', '2022-06-01T10:00:00+00:00', '--job-id', '651', '--pool', 'default_pool', '--raw', '--subdir', 'DAGS_FOLDER/gbq_pipeline.py', '--cfg-path', '/tmp/tmpyq9f7t5t', '--error-file', '/tmp/tmpap9d0sm_']
[2022-06-06 17:18:37,141] {standard_task_runner.py:77} INFO - Job 651: Subtask write_truncate_github_agg
[2022-06-06 17:18:37,174] {logging_mixin.py:104} INFO - Running <TaskInstance: gbq_pipeline.write_truncate_github_agg 2022-06-01T10:00:00+00:00 [running]> on host f3f1e04b5b71
[2022-06-06 17:18:37,205] {taskinstance.py:1257} INFO - Exporting the following env vars:
AIRFLOW_CTX_DAG_EMAIL=airflow@airflow.com
AIRFLOW_CTX_DAG_OWNER=vanmai-airflow
AIRFLOW_CTX_DAG_ID=gbq_pipeline
AIRFLOW_CTX_TASK_ID=write_truncate_github_agg
AIRFLOW_CTX_EXECUTION_DATE=2022-06-01T10:00:00+00:00
AIRFLOW_CTX_DAG_RUN_ID=scheduled__2022-06-01T10:00:00+00:00
[2022-06-06 17:18:37,207] {bigquery.py:680} INFO - Executing: 
        with cte as
        (
          SELECT
            FORMAT_TIMESTAMP("%Y%m%d", created_at) AS date,
            actor.id as actor_id,
            CONCAT('https://github.com/', repo.name) as github_repo,
            type
          FROM
            `githubarchive.day.20220601`
        )

        SELECT
          date,
          github_repo,
          count(IF(type='WatchEvent', type, NULL)) AS subs,
          count(IF(type='PushEvent',  type, NULL)) AS pushes,
          count(IF(type='PullRequestEvent',  type, NULL)) AS pullrequests,
          count(IF(type='ForkEvent',  type, NULL)) AS copies,
          count(IF(type in ('IssueCommentEvent','CommitCommentEvent','PullRequestReviewCommentEvent'),  type, NULL)) AS comments,
          count(*) AS all_event
        FROM cte
        GROUP BY 1,2
        ORDER BY all_event desc
        
[2022-06-06 17:18:37,215] {logging_mixin.py:104} WARNING - /home/airflow/.local/lib/python3.6/site-packages/airflow/providers/google/cloud/hooks/bigquery.py:2052 DeprecationWarning: This method is deprecated. Please use `BigQueryHook.insert_job` method.
[2022-06-06 17:18:37,221] {bigquery.py:1510} INFO - Inserting job airflow_1654535917221291_f69df8e92a72df0b18d346deb1c7e9f7
[2022-06-06 17:18:45,479] {taskinstance.py:1166} INFO - Marking task as SUCCESS. dag_id=gbq_pipeline, task_id=write_truncate_github_agg, execution_date=20220601T100000, start_date=20220606T171837, end_date=20220606T171845
[2022-06-06 17:18:45,501] {taskinstance.py:1220} INFO - 0 downstream tasks scheduled from follow-on schedule check
[2022-06-06 17:18:45,515] {local_task_job.py:146} INFO - Task exited with return code 0
[2022-06-06 17:45:23,116] {taskinstance.py:851} INFO - Dependencies all met for <TaskInstance: gbq_pipeline.write_truncate_github_agg 2022-06-01T10:00:00+00:00 [queued]>
[2022-06-06 17:45:23,124] {taskinstance.py:851} INFO - Dependencies all met for <TaskInstance: gbq_pipeline.write_truncate_github_agg 2022-06-01T10:00:00+00:00 [queued]>
[2022-06-06 17:45:23,125] {taskinstance.py:1042} INFO - 
--------------------------------------------------------------------------------
[2022-06-06 17:45:23,125] {taskinstance.py:1043} INFO - Starting attempt 1 of 3
[2022-06-06 17:45:23,125] {taskinstance.py:1044} INFO - 
--------------------------------------------------------------------------------
[2022-06-06 17:45:23,135] {taskinstance.py:1063} INFO - Executing <Task(BigQueryOperator): write_truncate_github_agg> on 2022-06-01T10:00:00+00:00
[2022-06-06 17:45:23,139] {standard_task_runner.py:52} INFO - Started process 345 to run task
[2022-06-06 17:45:23,142] {standard_task_runner.py:76} INFO - Running: ['airflow', 'tasks', 'run', 'gbq_pipeline', 'write_truncate_github_agg', '2022-06-01T10:00:00+00:00', '--job-id', '748', '--pool', 'default_pool', '--raw', '--subdir', 'DAGS_FOLDER/gbq_pipeline.py', '--cfg-path', '/tmp/tmpvddkdslb', '--error-file', '/tmp/tmpz5fd0fjb']
[2022-06-06 17:45:23,144] {standard_task_runner.py:77} INFO - Job 748: Subtask write_truncate_github_agg
[2022-06-06 17:45:23,177] {logging_mixin.py:104} INFO - Running <TaskInstance: gbq_pipeline.write_truncate_github_agg 2022-06-01T10:00:00+00:00 [running]> on host f3f1e04b5b71
[2022-06-06 17:45:23,207] {taskinstance.py:1257} INFO - Exporting the following env vars:
AIRFLOW_CTX_DAG_EMAIL=airflow@airflow.com
AIRFLOW_CTX_DAG_OWNER=vanmai-airflow
AIRFLOW_CTX_DAG_ID=gbq_pipeline
AIRFLOW_CTX_TASK_ID=write_truncate_github_agg
AIRFLOW_CTX_EXECUTION_DATE=2022-06-01T10:00:00+00:00
AIRFLOW_CTX_DAG_RUN_ID=scheduled__2022-06-01T10:00:00+00:00
[2022-06-06 17:45:23,208] {bigquery.py:680} INFO - Executing: 
        with cte as
        (
          SELECT
            FORMAT_TIMESTAMP("%Y%m%d", created_at) AS date,
            actor.id as actor_id,
            CONCAT('https://github.com/', repo.name) as github_repo,
            type
          FROM
            `githubarchive.day.20220601`
        )

        SELECT
          date,
          github_repo,
          count(IF(type='WatchEvent', type, NULL)) AS subs,
          count(IF(type='PushEvent',  type, NULL)) AS pushes,
          count(IF(type='PullRequestEvent',  type, NULL)) AS pullrequests,
          count(IF(type='ForkEvent',  type, NULL)) AS copies,
          count(IF(type in ('IssueCommentEvent','CommitCommentEvent','PullRequestReviewCommentEvent'),  type, NULL)) AS comments,
          count(*) AS all_event
        FROM cte
        GROUP BY 1,2
        ORDER BY all_event desc
        
[2022-06-06 17:45:23,216] {logging_mixin.py:104} WARNING - /home/airflow/.local/lib/python3.6/site-packages/airflow/providers/google/cloud/hooks/bigquery.py:2052 DeprecationWarning: This method is deprecated. Please use `BigQueryHook.insert_job` method.
[2022-06-06 17:45:23,223] {bigquery.py:1510} INFO - Inserting job airflow_1654537523223378_f69df8e92a72df0b18d346deb1c7e9f7
[2022-06-06 17:45:24,287] {taskinstance.py:1455} ERROR - 403 GET https://bigquery.googleapis.com/bigquery/v2/projects/airflow-project-352316/queries/airflow_1654537523223378_f69df8e92a72df0b18d346deb1c7e9f7?maxResults=0&location=US&prettyPrint=false: Quota exceeded: Your project exceeded quota for free query bytes scanned. For more information, see https://cloud.google.com/bigquery/docs/troubleshoot-quotas

(job ID: airflow_1654537523223378_f69df8e92a72df0b18d346deb1c7e9f7)

                                                   -----Query Job SQL Follows-----                                                    

    |    .    |    .    |    .    |    .    |    .    |    .    |    .    |    .    |    .    |    .    |    .    |    .    |
   1:
   2:        with cte as
   3:        (
   4:          SELECT
   5:            FORMAT_TIMESTAMP("%Y%m%d", created_at) AS date,
   6:            actor.id as actor_id,
   7:            CONCAT('https://github.com/', repo.name) as github_repo,
   8:            type
   9:          FROM
  10:            `githubarchive.day.20220601`
  11:        )
  12:
  13:        SELECT
  14:          date,
  15:          github_repo,
  16:          count(IF(type='WatchEvent', type, NULL)) AS subs,
  17:          count(IF(type='PushEvent',  type, NULL)) AS pushes,
  18:          count(IF(type='PullRequestEvent',  type, NULL)) AS pullrequests,
  19:          count(IF(type='ForkEvent',  type, NULL)) AS copies,
  20:          count(IF(type in ('IssueCommentEvent','CommitCommentEvent','PullRequestReviewCommentEvent'),  type, NULL)) AS comments,
  21:          count(*) AS all_event
  22:        FROM cte
  23:        GROUP BY 1,2
  24:        ORDER BY all_event desc
  25:        
    |    .    |    .    |    .    |    .    |    .    |    .    |    .    |    .    |    .    |    .    |    .    |    .    |
Traceback (most recent call last):
  File "/home/airflow/.local/lib/python3.6/site-packages/airflow/models/taskinstance.py", line 1112, in _run_raw_task
    self._prepare_and_execute_task_with_callbacks(context, task)
  File "/home/airflow/.local/lib/python3.6/site-packages/airflow/models/taskinstance.py", line 1285, in _prepare_and_execute_task_with_callbacks
    result = self._execute_task(context, task_copy)
  File "/home/airflow/.local/lib/python3.6/site-packages/airflow/models/taskinstance.py", line 1315, in _execute_task
    result = task_copy.execute(context=context)
  File "/home/airflow/.local/lib/python3.6/site-packages/airflow/providers/google/cloud/operators/bigquery.py", line 706, in execute
    encryption_configuration=self.encryption_configuration,
  File "/home/airflow/.local/lib/python3.6/site-packages/airflow/providers/google/cloud/hooks/bigquery.py", line 2186, in run_query
    job = self.insert_job(configuration=configuration, project_id=self.project_id)
  File "/home/airflow/.local/lib/python3.6/site-packages/airflow/providers/google/common/hooks/base_google.py", line 425, in inner_wrapper
    return func(self, *args, **kwargs)
  File "/home/airflow/.local/lib/python3.6/site-packages/airflow/providers/google/cloud/hooks/bigquery.py", line 1512, in insert_job
    job.result()
  File "/home/airflow/.local/lib/python3.6/site-packages/google/cloud/bigquery/job/query.py", line 1159, in result
    super(QueryJob, self).result(retry=retry, timeout=timeout)
  File "/home/airflow/.local/lib/python3.6/site-packages/google/cloud/bigquery/job/base.py", line 631, in result
    return super(_AsyncJob, self).result(timeout=timeout, **kwargs)
  File "/home/airflow/.local/lib/python3.6/site-packages/google/api_core/future/polling.py", line 129, in result
    self._blocking_poll(timeout=timeout, **kwargs)
  File "/home/airflow/.local/lib/python3.6/site-packages/google/cloud/bigquery/job/query.py", line 1016, in _blocking_poll
    super(QueryJob, self)._blocking_poll(timeout=timeout, **kwargs)
  File "/home/airflow/.local/lib/python3.6/site-packages/google/api_core/future/polling.py", line 107, in _blocking_poll
    retry_(self._done_or_raise)(**kwargs)
  File "/home/airflow/.local/lib/python3.6/site-packages/google/api_core/retry.py", line 286, in retry_wrapped_func
    on_error=on_error,
  File "/home/airflow/.local/lib/python3.6/site-packages/google/api_core/retry.py", line 184, in retry_target
    return target()
  File "/home/airflow/.local/lib/python3.6/site-packages/google/api_core/future/polling.py", line 85, in _done_or_raise
    if not self.done(**kwargs):
  File "/home/airflow/.local/lib/python3.6/site-packages/google/cloud/bigquery/job/query.py", line 999, in done
    self._reload_query_results(retry=retry, timeout=timeout)
  File "/home/airflow/.local/lib/python3.6/site-packages/google/cloud/bigquery/job/query.py", line 1111, in _reload_query_results
    timeout=transport_timeout,
  File "/home/airflow/.local/lib/python3.6/site-packages/google/cloud/bigquery/client.py", line 1617, in _get_query_results
    timeout=timeout,
  File "/home/airflow/.local/lib/python3.6/site-packages/google/cloud/bigquery/client.py", line 640, in _call_api
    return call()
  File "/home/airflow/.local/lib/python3.6/site-packages/google/api_core/retry.py", line 286, in retry_wrapped_func
    on_error=on_error,
  File "/home/airflow/.local/lib/python3.6/site-packages/google/api_core/retry.py", line 184, in retry_target
    return target()
  File "/home/airflow/.local/lib/python3.6/site-packages/google/cloud/_http.py", line 483, in api_request
    raise exceptions.from_http_response(response)
google.api_core.exceptions.Forbidden: 403 GET https://bigquery.googleapis.com/bigquery/v2/projects/airflow-project-352316/queries/airflow_1654537523223378_f69df8e92a72df0b18d346deb1c7e9f7?maxResults=0&location=US&prettyPrint=false: Quota exceeded: Your project exceeded quota for free query bytes scanned. For more information, see https://cloud.google.com/bigquery/docs/troubleshoot-quotas

(job ID: airflow_1654537523223378_f69df8e92a72df0b18d346deb1c7e9f7)

                                                   -----Query Job SQL Follows-----                                                    

    |    .    |    .    |    .    |    .    |    .    |    .    |    .    |    .    |    .    |    .    |    .    |    .    |
   1:
   2:        with cte as
   3:        (
   4:          SELECT
   5:            FORMAT_TIMESTAMP("%Y%m%d", created_at) AS date,
   6:            actor.id as actor_id,
   7:            CONCAT('https://github.com/', repo.name) as github_repo,
   8:            type
   9:          FROM
  10:            `githubarchive.day.20220601`
  11:        )
  12:
  13:        SELECT
  14:          date,
  15:          github_repo,
  16:          count(IF(type='WatchEvent', type, NULL)) AS subs,
  17:          count(IF(type='PushEvent',  type, NULL)) AS pushes,
  18:          count(IF(type='PullRequestEvent',  type, NULL)) AS pullrequests,
  19:          count(IF(type='ForkEvent',  type, NULL)) AS copies,
  20:          count(IF(type in ('IssueCommentEvent','CommitCommentEvent','PullRequestReviewCommentEvent'),  type, NULL)) AS comments,
  21:          count(*) AS all_event
  22:        FROM cte
  23:        GROUP BY 1,2
  24:        ORDER BY all_event desc
  25:        
    |    .    |    .    |    .    |    .    |    .    |    .    |    .    |    .    |    .    |    .    |    .    |    .    |
[2022-06-06 17:45:24,290] {taskinstance.py:1503} INFO - Marking task as UP_FOR_RETRY. dag_id=gbq_pipeline, task_id=write_truncate_github_agg, execution_date=20220601T100000, start_date=20220606T174523, end_date=20220606T174524
[2022-06-06 17:45:24,321] {local_task_job.py:146} INFO - Task exited with return code 1
[2022-06-06 17:47:36,463] {taskinstance.py:851} INFO - Dependencies all met for <TaskInstance: gbq_pipeline.write_truncate_github_agg 2022-06-01T10:00:00+00:00 [queued]>
[2022-06-06 17:47:36,475] {taskinstance.py:851} INFO - Dependencies all met for <TaskInstance: gbq_pipeline.write_truncate_github_agg 2022-06-01T10:00:00+00:00 [queued]>
[2022-06-06 17:47:36,475] {taskinstance.py:1042} INFO - 
--------------------------------------------------------------------------------
[2022-06-06 17:47:36,476] {taskinstance.py:1043} INFO - Starting attempt 1 of 3
[2022-06-06 17:47:36,476] {taskinstance.py:1044} INFO - 
--------------------------------------------------------------------------------
[2022-06-06 17:47:36,487] {taskinstance.py:1063} INFO - Executing <Task(BigQueryOperator): write_truncate_github_agg> on 2022-06-01T10:00:00+00:00
[2022-06-06 17:47:36,491] {standard_task_runner.py:52} INFO - Started process 363 to run task
[2022-06-06 17:47:36,495] {standard_task_runner.py:76} INFO - Running: ['airflow', 'tasks', 'run', 'gbq_pipeline', 'write_truncate_github_agg', '2022-06-01T10:00:00+00:00', '--job-id', '753', '--pool', 'default_pool', '--raw', '--subdir', 'DAGS_FOLDER/gbq_pipeline.py', '--cfg-path', '/tmp/tmpyl6xltcd', '--error-file', '/tmp/tmpkbwx17da']
[2022-06-06 17:47:36,497] {standard_task_runner.py:77} INFO - Job 753: Subtask write_truncate_github_agg
[2022-06-06 17:47:36,533] {logging_mixin.py:104} INFO - Running <TaskInstance: gbq_pipeline.write_truncate_github_agg 2022-06-01T10:00:00+00:00 [running]> on host f3f1e04b5b71
[2022-06-06 17:47:36,566] {taskinstance.py:1257} INFO - Exporting the following env vars:
AIRFLOW_CTX_DAG_EMAIL=airflow@airflow.com
AIRFLOW_CTX_DAG_OWNER=vanmai-airflow
AIRFLOW_CTX_DAG_ID=gbq_pipeline
AIRFLOW_CTX_TASK_ID=write_truncate_github_agg
AIRFLOW_CTX_EXECUTION_DATE=2022-06-01T10:00:00+00:00
AIRFLOW_CTX_DAG_RUN_ID=scheduled__2022-06-01T10:00:00+00:00
[2022-06-06 17:47:36,568] {bigquery.py:680} INFO - Executing: 
        with cte as
        (
          SELECT
            FORMAT_TIMESTAMP("%Y%m%d", created_at) AS date,
            actor.id as actor_id,
            CONCAT('https://github.com/', repo.name) as github_repo,
            type
          FROM
            `githubarchive.day.20220601`
        )

        SELECT
          date,
          github_repo,
          count(IF(type='WatchEvent', type, NULL)) AS subs,
          count(IF(type='PushEvent',  type, NULL)) AS pushes,
          count(IF(type='PullRequestEvent',  type, NULL)) AS pullrequests,
          count(IF(type='ForkEvent',  type, NULL)) AS copies,
          count(IF(type in ('IssueCommentEvent','CommitCommentEvent','PullRequestReviewCommentEvent'),  type, NULL)) AS comments,
          count(*) AS all_event
        FROM cte
        GROUP BY 1,2
        ORDER BY all_event desc
        
[2022-06-06 17:47:36,576] {logging_mixin.py:104} WARNING - /home/airflow/.local/lib/python3.6/site-packages/airflow/providers/google/cloud/hooks/bigquery.py:2052 DeprecationWarning: This method is deprecated. Please use `BigQueryHook.insert_job` method.
[2022-06-06 17:47:36,583] {bigquery.py:1510} INFO - Inserting job airflow_1654537656582656_f69df8e92a72df0b18d346deb1c7e9f7
[2022-06-06 17:47:37,886] {taskinstance.py:1455} ERROR - 403 GET https://bigquery.googleapis.com/bigquery/v2/projects/airflow-project-352316/queries/airflow_1654537656582656_f69df8e92a72df0b18d346deb1c7e9f7?maxResults=0&location=US&prettyPrint=false: Quota exceeded: Your project exceeded quota for free query bytes scanned. For more information, see https://cloud.google.com/bigquery/docs/troubleshoot-quotas

(job ID: airflow_1654537656582656_f69df8e92a72df0b18d346deb1c7e9f7)

                                                   -----Query Job SQL Follows-----                                                    

    |    .    |    .    |    .    |    .    |    .    |    .    |    .    |    .    |    .    |    .    |    .    |    .    |
   1:
   2:        with cte as
   3:        (
   4:          SELECT
   5:            FORMAT_TIMESTAMP("%Y%m%d", created_at) AS date,
   6:            actor.id as actor_id,
   7:            CONCAT('https://github.com/', repo.name) as github_repo,
   8:            type
   9:          FROM
  10:            `githubarchive.day.20220601`
  11:        )
  12:
  13:        SELECT
  14:          date,
  15:          github_repo,
  16:          count(IF(type='WatchEvent', type, NULL)) AS subs,
  17:          count(IF(type='PushEvent',  type, NULL)) AS pushes,
  18:          count(IF(type='PullRequestEvent',  type, NULL)) AS pullrequests,
  19:          count(IF(type='ForkEvent',  type, NULL)) AS copies,
  20:          count(IF(type in ('IssueCommentEvent','CommitCommentEvent','PullRequestReviewCommentEvent'),  type, NULL)) AS comments,
  21:          count(*) AS all_event
  22:        FROM cte
  23:        GROUP BY 1,2
  24:        ORDER BY all_event desc
  25:        
    |    .    |    .    |    .    |    .    |    .    |    .    |    .    |    .    |    .    |    .    |    .    |    .    |
Traceback (most recent call last):
  File "/home/airflow/.local/lib/python3.6/site-packages/airflow/models/taskinstance.py", line 1112, in _run_raw_task
    self._prepare_and_execute_task_with_callbacks(context, task)
  File "/home/airflow/.local/lib/python3.6/site-packages/airflow/models/taskinstance.py", line 1285, in _prepare_and_execute_task_with_callbacks
    result = self._execute_task(context, task_copy)
  File "/home/airflow/.local/lib/python3.6/site-packages/airflow/models/taskinstance.py", line 1315, in _execute_task
    result = task_copy.execute(context=context)
  File "/home/airflow/.local/lib/python3.6/site-packages/airflow/providers/google/cloud/operators/bigquery.py", line 706, in execute
    encryption_configuration=self.encryption_configuration,
  File "/home/airflow/.local/lib/python3.6/site-packages/airflow/providers/google/cloud/hooks/bigquery.py", line 2186, in run_query
    job = self.insert_job(configuration=configuration, project_id=self.project_id)
  File "/home/airflow/.local/lib/python3.6/site-packages/airflow/providers/google/common/hooks/base_google.py", line 425, in inner_wrapper
    return func(self, *args, **kwargs)
  File "/home/airflow/.local/lib/python3.6/site-packages/airflow/providers/google/cloud/hooks/bigquery.py", line 1512, in insert_job
    job.result()
  File "/home/airflow/.local/lib/python3.6/site-packages/google/cloud/bigquery/job/query.py", line 1159, in result
    super(QueryJob, self).result(retry=retry, timeout=timeout)
  File "/home/airflow/.local/lib/python3.6/site-packages/google/cloud/bigquery/job/base.py", line 631, in result
    return super(_AsyncJob, self).result(timeout=timeout, **kwargs)
  File "/home/airflow/.local/lib/python3.6/site-packages/google/api_core/future/polling.py", line 129, in result
    self._blocking_poll(timeout=timeout, **kwargs)
  File "/home/airflow/.local/lib/python3.6/site-packages/google/cloud/bigquery/job/query.py", line 1016, in _blocking_poll
    super(QueryJob, self)._blocking_poll(timeout=timeout, **kwargs)
  File "/home/airflow/.local/lib/python3.6/site-packages/google/api_core/future/polling.py", line 107, in _blocking_poll
    retry_(self._done_or_raise)(**kwargs)
  File "/home/airflow/.local/lib/python3.6/site-packages/google/api_core/retry.py", line 286, in retry_wrapped_func
    on_error=on_error,
  File "/home/airflow/.local/lib/python3.6/site-packages/google/api_core/retry.py", line 184, in retry_target
    return target()
  File "/home/airflow/.local/lib/python3.6/site-packages/google/api_core/future/polling.py", line 85, in _done_or_raise
    if not self.done(**kwargs):
  File "/home/airflow/.local/lib/python3.6/site-packages/google/cloud/bigquery/job/query.py", line 999, in done
    self._reload_query_results(retry=retry, timeout=timeout)
  File "/home/airflow/.local/lib/python3.6/site-packages/google/cloud/bigquery/job/query.py", line 1111, in _reload_query_results
    timeout=transport_timeout,
  File "/home/airflow/.local/lib/python3.6/site-packages/google/cloud/bigquery/client.py", line 1617, in _get_query_results
    timeout=timeout,
  File "/home/airflow/.local/lib/python3.6/site-packages/google/cloud/bigquery/client.py", line 640, in _call_api
    return call()
  File "/home/airflow/.local/lib/python3.6/site-packages/google/api_core/retry.py", line 286, in retry_wrapped_func
    on_error=on_error,
  File "/home/airflow/.local/lib/python3.6/site-packages/google/api_core/retry.py", line 184, in retry_target
    return target()
  File "/home/airflow/.local/lib/python3.6/site-packages/google/cloud/_http.py", line 483, in api_request
    raise exceptions.from_http_response(response)
google.api_core.exceptions.Forbidden: 403 GET https://bigquery.googleapis.com/bigquery/v2/projects/airflow-project-352316/queries/airflow_1654537656582656_f69df8e92a72df0b18d346deb1c7e9f7?maxResults=0&location=US&prettyPrint=false: Quota exceeded: Your project exceeded quota for free query bytes scanned. For more information, see https://cloud.google.com/bigquery/docs/troubleshoot-quotas

(job ID: airflow_1654537656582656_f69df8e92a72df0b18d346deb1c7e9f7)

                                                   -----Query Job SQL Follows-----                                                    

    |    .    |    .    |    .    |    .    |    .    |    .    |    .    |    .    |    .    |    .    |    .    |    .    |
   1:
   2:        with cte as
   3:        (
   4:          SELECT
   5:            FORMAT_TIMESTAMP("%Y%m%d", created_at) AS date,
   6:            actor.id as actor_id,
   7:            CONCAT('https://github.com/', repo.name) as github_repo,
   8:            type
   9:          FROM
  10:            `githubarchive.day.20220601`
  11:        )
  12:
  13:        SELECT
  14:          date,
  15:          github_repo,
  16:          count(IF(type='WatchEvent', type, NULL)) AS subs,
  17:          count(IF(type='PushEvent',  type, NULL)) AS pushes,
  18:          count(IF(type='PullRequestEvent',  type, NULL)) AS pullrequests,
  19:          count(IF(type='ForkEvent',  type, NULL)) AS copies,
  20:          count(IF(type in ('IssueCommentEvent','CommitCommentEvent','PullRequestReviewCommentEvent'),  type, NULL)) AS comments,
  21:          count(*) AS all_event
  22:        FROM cte
  23:        GROUP BY 1,2
  24:        ORDER BY all_event desc
  25:        
    |    .    |    .    |    .    |    .    |    .    |    .    |    .    |    .    |    .    |    .    |    .    |    .    |
[2022-06-06 17:47:37,889] {taskinstance.py:1503} INFO - Marking task as UP_FOR_RETRY. dag_id=gbq_pipeline, task_id=write_truncate_github_agg, execution_date=20220601T100000, start_date=20220606T174736, end_date=20220606T174737
[2022-06-06 17:47:37,914] {local_task_job.py:146} INFO - Task exited with return code 1
[2022-06-06 17:49:10,033] {taskinstance.py:851} INFO - Dependencies all met for <TaskInstance: gbq_pipeline.write_truncate_github_agg 2022-06-01T10:00:00+00:00 [queued]>
[2022-06-06 17:49:10,045] {taskinstance.py:851} INFO - Dependencies all met for <TaskInstance: gbq_pipeline.write_truncate_github_agg 2022-06-01T10:00:00+00:00 [queued]>
[2022-06-06 17:49:10,045] {taskinstance.py:1042} INFO - 
--------------------------------------------------------------------------------
[2022-06-06 17:49:10,045] {taskinstance.py:1043} INFO - Starting attempt 1 of 3
[2022-06-06 17:49:10,046] {taskinstance.py:1044} INFO - 
--------------------------------------------------------------------------------
[2022-06-06 17:49:10,058] {taskinstance.py:1063} INFO - Executing <Task(BigQueryOperator): write_truncate_github_agg> on 2022-06-01T10:00:00+00:00
[2022-06-06 17:49:10,065] {standard_task_runner.py:76} INFO - Running: ['airflow', 'tasks', 'run', 'gbq_pipeline', 'write_truncate_github_agg', '2022-06-01T10:00:00+00:00', '--job-id', '764', '--pool', 'default_pool', '--raw', '--subdir', 'DAGS_FOLDER/gbq_pipeline.py', '--cfg-path', '/tmp/tmppns0llxj', '--error-file', '/tmp/tmpz2kxr73m']
[2022-06-06 17:49:10,062] {standard_task_runner.py:52} INFO - Started process 393 to run task
[2022-06-06 17:49:10,067] {standard_task_runner.py:77} INFO - Job 764: Subtask write_truncate_github_agg
[2022-06-06 17:49:10,107] {logging_mixin.py:104} INFO - Running <TaskInstance: gbq_pipeline.write_truncate_github_agg 2022-06-01T10:00:00+00:00 [running]> on host f3f1e04b5b71
[2022-06-06 17:49:10,143] {taskinstance.py:1257} INFO - Exporting the following env vars:
AIRFLOW_CTX_DAG_EMAIL=airflow@airflow.com
AIRFLOW_CTX_DAG_OWNER=vanmai-airflow
AIRFLOW_CTX_DAG_ID=gbq_pipeline
AIRFLOW_CTX_TASK_ID=write_truncate_github_agg
AIRFLOW_CTX_EXECUTION_DATE=2022-06-01T10:00:00+00:00
AIRFLOW_CTX_DAG_RUN_ID=scheduled__2022-06-01T10:00:00+00:00
[2022-06-06 17:49:10,144] {bigquery.py:680} INFO - Executing: 
        with cte as
        (
          SELECT
            FORMAT_TIMESTAMP("%Y%m%d", created_at) AS date,
            actor.id as actor_id,
            CONCAT('https://github.com/', repo.name) as github_repo,
            type
          FROM
            `githubarchive.day.20220601`
        )

        SELECT
          date,
          github_repo,
          count(IF(type='WatchEvent', type, NULL)) AS subs,
          count(IF(type='PushEvent',  type, NULL)) AS pushes,
          count(IF(type='PullRequestEvent',  type, NULL)) AS pullrequests,
          count(IF(type='ForkEvent',  type, NULL)) AS copies,
          count(IF(type in ('IssueCommentEvent','CommitCommentEvent','PullRequestReviewCommentEvent'),  type, NULL)) AS comments,
          count(*) AS all_event
        FROM cte
        GROUP BY 1,2
        ORDER BY all_event desc
        
[2022-06-06 17:49:10,153] {logging_mixin.py:104} WARNING - /home/airflow/.local/lib/python3.6/site-packages/airflow/providers/google/cloud/hooks/bigquery.py:2052 DeprecationWarning: This method is deprecated. Please use `BigQueryHook.insert_job` method.
[2022-06-06 17:49:10,163] {bigquery.py:1510} INFO - Inserting job airflow_1654537750162427_f69df8e92a72df0b18d346deb1c7e9f7
[2022-06-06 17:49:11,169] {taskinstance.py:1455} ERROR - 403 GET https://bigquery.googleapis.com/bigquery/v2/projects/airflow-project-352316/queries/airflow_1654537750162427_f69df8e92a72df0b18d346deb1c7e9f7?maxResults=0&location=US&prettyPrint=false: Quota exceeded: Your project exceeded quota for free query bytes scanned. For more information, see https://cloud.google.com/bigquery/docs/troubleshoot-quotas

(job ID: airflow_1654537750162427_f69df8e92a72df0b18d346deb1c7e9f7)

                                                   -----Query Job SQL Follows-----                                                    

    |    .    |    .    |    .    |    .    |    .    |    .    |    .    |    .    |    .    |    .    |    .    |    .    |
   1:
   2:        with cte as
   3:        (
   4:          SELECT
   5:            FORMAT_TIMESTAMP("%Y%m%d", created_at) AS date,
   6:            actor.id as actor_id,
   7:            CONCAT('https://github.com/', repo.name) as github_repo,
   8:            type
   9:          FROM
  10:            `githubarchive.day.20220601`
  11:        )
  12:
  13:        SELECT
  14:          date,
  15:          github_repo,
  16:          count(IF(type='WatchEvent', type, NULL)) AS subs,
  17:          count(IF(type='PushEvent',  type, NULL)) AS pushes,
  18:          count(IF(type='PullRequestEvent',  type, NULL)) AS pullrequests,
  19:          count(IF(type='ForkEvent',  type, NULL)) AS copies,
  20:          count(IF(type in ('IssueCommentEvent','CommitCommentEvent','PullRequestReviewCommentEvent'),  type, NULL)) AS comments,
  21:          count(*) AS all_event
  22:        FROM cte
  23:        GROUP BY 1,2
  24:        ORDER BY all_event desc
  25:        
    |    .    |    .    |    .    |    .    |    .    |    .    |    .    |    .    |    .    |    .    |    .    |    .    |
Traceback (most recent call last):
  File "/home/airflow/.local/lib/python3.6/site-packages/airflow/models/taskinstance.py", line 1112, in _run_raw_task
    self._prepare_and_execute_task_with_callbacks(context, task)
  File "/home/airflow/.local/lib/python3.6/site-packages/airflow/models/taskinstance.py", line 1285, in _prepare_and_execute_task_with_callbacks
    result = self._execute_task(context, task_copy)
  File "/home/airflow/.local/lib/python3.6/site-packages/airflow/models/taskinstance.py", line 1315, in _execute_task
    result = task_copy.execute(context=context)
  File "/home/airflow/.local/lib/python3.6/site-packages/airflow/providers/google/cloud/operators/bigquery.py", line 706, in execute
    encryption_configuration=self.encryption_configuration,
  File "/home/airflow/.local/lib/python3.6/site-packages/airflow/providers/google/cloud/hooks/bigquery.py", line 2186, in run_query
    job = self.insert_job(configuration=configuration, project_id=self.project_id)
  File "/home/airflow/.local/lib/python3.6/site-packages/airflow/providers/google/common/hooks/base_google.py", line 425, in inner_wrapper
    return func(self, *args, **kwargs)
  File "/home/airflow/.local/lib/python3.6/site-packages/airflow/providers/google/cloud/hooks/bigquery.py", line 1512, in insert_job
    job.result()
  File "/home/airflow/.local/lib/python3.6/site-packages/google/cloud/bigquery/job/query.py", line 1159, in result
    super(QueryJob, self).result(retry=retry, timeout=timeout)
  File "/home/airflow/.local/lib/python3.6/site-packages/google/cloud/bigquery/job/base.py", line 631, in result
    return super(_AsyncJob, self).result(timeout=timeout, **kwargs)
  File "/home/airflow/.local/lib/python3.6/site-packages/google/api_core/future/polling.py", line 129, in result
    self._blocking_poll(timeout=timeout, **kwargs)
  File "/home/airflow/.local/lib/python3.6/site-packages/google/cloud/bigquery/job/query.py", line 1016, in _blocking_poll
    super(QueryJob, self)._blocking_poll(timeout=timeout, **kwargs)
  File "/home/airflow/.local/lib/python3.6/site-packages/google/api_core/future/polling.py", line 107, in _blocking_poll
    retry_(self._done_or_raise)(**kwargs)
  File "/home/airflow/.local/lib/python3.6/site-packages/google/api_core/retry.py", line 286, in retry_wrapped_func
    on_error=on_error,
  File "/home/airflow/.local/lib/python3.6/site-packages/google/api_core/retry.py", line 184, in retry_target
    return target()
  File "/home/airflow/.local/lib/python3.6/site-packages/google/api_core/future/polling.py", line 85, in _done_or_raise
    if not self.done(**kwargs):
  File "/home/airflow/.local/lib/python3.6/site-packages/google/cloud/bigquery/job/query.py", line 999, in done
    self._reload_query_results(retry=retry, timeout=timeout)
  File "/home/airflow/.local/lib/python3.6/site-packages/google/cloud/bigquery/job/query.py", line 1111, in _reload_query_results
    timeout=transport_timeout,
  File "/home/airflow/.local/lib/python3.6/site-packages/google/cloud/bigquery/client.py", line 1617, in _get_query_results
    timeout=timeout,
  File "/home/airflow/.local/lib/python3.6/site-packages/google/cloud/bigquery/client.py", line 640, in _call_api
    return call()
  File "/home/airflow/.local/lib/python3.6/site-packages/google/api_core/retry.py", line 286, in retry_wrapped_func
    on_error=on_error,
  File "/home/airflow/.local/lib/python3.6/site-packages/google/api_core/retry.py", line 184, in retry_target
    return target()
  File "/home/airflow/.local/lib/python3.6/site-packages/google/cloud/_http.py", line 483, in api_request
    raise exceptions.from_http_response(response)
google.api_core.exceptions.Forbidden: 403 GET https://bigquery.googleapis.com/bigquery/v2/projects/airflow-project-352316/queries/airflow_1654537750162427_f69df8e92a72df0b18d346deb1c7e9f7?maxResults=0&location=US&prettyPrint=false: Quota exceeded: Your project exceeded quota for free query bytes scanned. For more information, see https://cloud.google.com/bigquery/docs/troubleshoot-quotas

(job ID: airflow_1654537750162427_f69df8e92a72df0b18d346deb1c7e9f7)

                                                   -----Query Job SQL Follows-----                                                    

    |    .    |    .    |    .    |    .    |    .    |    .    |    .    |    .    |    .    |    .    |    .    |    .    |
   1:
   2:        with cte as
   3:        (
   4:          SELECT
   5:            FORMAT_TIMESTAMP("%Y%m%d", created_at) AS date,
   6:            actor.id as actor_id,
   7:            CONCAT('https://github.com/', repo.name) as github_repo,
   8:            type
   9:          FROM
  10:            `githubarchive.day.20220601`
  11:        )
  12:
  13:        SELECT
  14:          date,
  15:          github_repo,
  16:          count(IF(type='WatchEvent', type, NULL)) AS subs,
  17:          count(IF(type='PushEvent',  type, NULL)) AS pushes,
  18:          count(IF(type='PullRequestEvent',  type, NULL)) AS pullrequests,
  19:          count(IF(type='ForkEvent',  type, NULL)) AS copies,
  20:          count(IF(type in ('IssueCommentEvent','CommitCommentEvent','PullRequestReviewCommentEvent'),  type, NULL)) AS comments,
  21:          count(*) AS all_event
  22:        FROM cte
  23:        GROUP BY 1,2
  24:        ORDER BY all_event desc
  25:        
    |    .    |    .    |    .    |    .    |    .    |    .    |    .    |    .    |    .    |    .    |    .    |    .    |
[2022-06-06 17:49:11,172] {taskinstance.py:1503} INFO - Marking task as UP_FOR_RETRY. dag_id=gbq_pipeline, task_id=write_truncate_github_agg, execution_date=20220601T100000, start_date=20220606T174910, end_date=20220606T174911
[2022-06-06 17:49:11,206] {local_task_job.py:146} INFO - Task exited with return code 1
[2022-06-06 19:50:04,033] {taskinstance.py:851} INFO - Dependencies all met for <TaskInstance: gbq_pipeline.write_truncate_github_agg 2022-06-01T10:00:00+00:00 [queued]>
[2022-06-06 19:50:04,043] {taskinstance.py:851} INFO - Dependencies all met for <TaskInstance: gbq_pipeline.write_truncate_github_agg 2022-06-01T10:00:00+00:00 [queued]>
[2022-06-06 19:50:04,044] {taskinstance.py:1042} INFO - 
--------------------------------------------------------------------------------
[2022-06-06 19:50:04,044] {taskinstance.py:1043} INFO - Starting attempt 1 of 3
[2022-06-06 19:50:04,044] {taskinstance.py:1044} INFO - 
--------------------------------------------------------------------------------
[2022-06-06 19:50:04,052] {taskinstance.py:1063} INFO - Executing <Task(BigQueryOperator): write_truncate_github_agg> on 2022-06-01T10:00:00+00:00
[2022-06-06 19:50:04,056] {standard_task_runner.py:52} INFO - Started process 57 to run task
[2022-06-06 19:50:04,060] {standard_task_runner.py:76} INFO - Running: ['airflow', 'tasks', 'run', 'gbq_pipeline', 'write_truncate_github_agg', '2022-06-01T10:00:00+00:00', '--job-id', '773', '--pool', 'default_pool', '--raw', '--subdir', 'DAGS_FOLDER/gbq_pipeline.py', '--cfg-path', '/tmp/tmp7s3v18so', '--error-file', '/tmp/tmpirau0jft']
[2022-06-06 19:50:04,062] {standard_task_runner.py:77} INFO - Job 773: Subtask write_truncate_github_agg
[2022-06-06 19:50:04,092] {logging_mixin.py:104} INFO - Running <TaskInstance: gbq_pipeline.write_truncate_github_agg 2022-06-01T10:00:00+00:00 [running]> on host e8b9b26156db
[2022-06-06 19:50:04,120] {taskinstance.py:1257} INFO - Exporting the following env vars:
AIRFLOW_CTX_DAG_EMAIL=airflow@airflow.com
AIRFLOW_CTX_DAG_OWNER=vanmai-airflow
AIRFLOW_CTX_DAG_ID=gbq_pipeline
AIRFLOW_CTX_TASK_ID=write_truncate_github_agg
AIRFLOW_CTX_EXECUTION_DATE=2022-06-01T10:00:00+00:00
AIRFLOW_CTX_DAG_RUN_ID=scheduled__2022-06-01T10:00:00+00:00
[2022-06-06 19:50:04,121] {bigquery.py:680} INFO - Executing: 
        with cte as
        (
          SELECT
            FORMAT_TIMESTAMP("%Y%m%d", created_at) AS date,
            actor.id as actor_id,
            CONCAT('https://github.com/', repo.name) as github_repo,
            type
          FROM
            `githubarchive.day.20220601`
        )

        SELECT
          date,
          github_repo,
          count(IF(type='WatchEvent', type, NULL)) AS subs,
          count(IF(type='PushEvent',  type, NULL)) AS pushes,
          count(IF(type='PullRequestEvent',  type, NULL)) AS pullrequests,
          count(IF(type='ForkEvent',  type, NULL)) AS copies,
          count(IF(type in ('IssueCommentEvent','CommitCommentEvent','PullRequestReviewCommentEvent'),  type, NULL)) AS comments,
          count(*) AS all_event
        FROM cte
        GROUP BY 1,2
        ORDER BY all_event desc
        
[2022-06-06 19:50:04,128] {logging_mixin.py:104} WARNING - /home/airflow/.local/lib/python3.6/site-packages/airflow/providers/google/cloud/hooks/bigquery.py:2052 DeprecationWarning: This method is deprecated. Please use `BigQueryHook.insert_job` method.
[2022-06-06 19:50:04,134] {bigquery.py:1510} INFO - Inserting job airflow_1654545004133922_53fbc55ba5d39df0b02ad0ac370f83fb
[2022-06-06 19:50:14,099] {taskinstance.py:1166} INFO - Marking task as SUCCESS. dag_id=gbq_pipeline, task_id=write_truncate_github_agg, execution_date=20220601T100000, start_date=20220606T195004, end_date=20220606T195014
[2022-06-06 19:50:14,120] {taskinstance.py:1220} INFO - 1 downstream tasks scheduled from follow-on schedule check
[2022-06-06 19:50:14,144] {local_task_job.py:146} INFO - Task exited with return code 0
[2022-06-06 19:52:50,227] {taskinstance.py:851} INFO - Dependencies all met for <TaskInstance: gbq_pipeline.write_truncate_github_agg 2022-06-01T10:00:00+00:00 [queued]>
[2022-06-06 19:52:50,240] {taskinstance.py:851} INFO - Dependencies all met for <TaskInstance: gbq_pipeline.write_truncate_github_agg 2022-06-01T10:00:00+00:00 [queued]>
[2022-06-06 19:52:50,240] {taskinstance.py:1042} INFO - 
--------------------------------------------------------------------------------
[2022-06-06 19:52:50,241] {taskinstance.py:1043} INFO - Starting attempt 1 of 3
[2022-06-06 19:52:50,241] {taskinstance.py:1044} INFO - 
--------------------------------------------------------------------------------
[2022-06-06 19:52:50,252] {taskinstance.py:1063} INFO - Executing <Task(BigQueryOperator): write_truncate_github_agg> on 2022-06-01T10:00:00+00:00
[2022-06-06 19:52:50,256] {standard_task_runner.py:52} INFO - Started process 138 to run task
[2022-06-06 19:52:50,258] {standard_task_runner.py:76} INFO - Running: ['airflow', 'tasks', 'run', 'gbq_pipeline', 'write_truncate_github_agg', '2022-06-01T10:00:00+00:00', '--job-id', '799', '--pool', 'default_pool', '--raw', '--subdir', 'DAGS_FOLDER/gbq_pipeline.py', '--cfg-path', '/tmp/tmpxr7k5a0_', '--error-file', '/tmp/tmp7clshayp']
[2022-06-06 19:52:50,260] {standard_task_runner.py:77} INFO - Job 799: Subtask write_truncate_github_agg
[2022-06-06 19:52:50,293] {logging_mixin.py:104} INFO - Running <TaskInstance: gbq_pipeline.write_truncate_github_agg 2022-06-01T10:00:00+00:00 [running]> on host e8b9b26156db
[2022-06-06 19:52:50,325] {taskinstance.py:1257} INFO - Exporting the following env vars:
AIRFLOW_CTX_DAG_EMAIL=airflow@airflow.com
AIRFLOW_CTX_DAG_OWNER=vanmai-airflow
AIRFLOW_CTX_DAG_ID=gbq_pipeline
AIRFLOW_CTX_TASK_ID=write_truncate_github_agg
AIRFLOW_CTX_EXECUTION_DATE=2022-06-01T10:00:00+00:00
AIRFLOW_CTX_DAG_RUN_ID=scheduled__2022-06-01T10:00:00+00:00
[2022-06-06 19:52:50,326] {bigquery.py:680} INFO - Executing: 
        with cte as
        (
          SELECT
            FORMAT_TIMESTAMP("%Y%m%d", created_at) AS date,
            actor.id as actor_id,
            CONCAT('https://github.com/', repo.name) as github_repo,
            type
          FROM
            `githubarchive.day.20220601`
        )

        SELECT
          date,
          github_repo,
          count(IF(type='WatchEvent', type, NULL)) AS subs,
          count(IF(type='PushEvent',  type, NULL)) AS pushes,
          count(IF(type='PullRequestEvent',  type, NULL)) AS pullrequests,
          count(IF(type='ForkEvent',  type, NULL)) AS copies,
          count(IF(type in ('IssueCommentEvent','CommitCommentEvent','PullRequestReviewCommentEvent'),  type, NULL)) AS comments,
          count(*) AS all_event
        FROM cte
        GROUP BY 1,2
        ORDER BY all_event desc
        
[2022-06-06 19:52:50,335] {logging_mixin.py:104} WARNING - /home/airflow/.local/lib/python3.6/site-packages/airflow/providers/google/cloud/hooks/bigquery.py:2052 DeprecationWarning: This method is deprecated. Please use `BigQueryHook.insert_job` method.
[2022-06-06 19:52:50,344] {bigquery.py:1510} INFO - Inserting job airflow_1654545170344062_53fbc55ba5d39df0b02ad0ac370f83fb
[2022-06-06 19:53:03,274] {taskinstance.py:1166} INFO - Marking task as SUCCESS. dag_id=gbq_pipeline, task_id=write_truncate_github_agg, execution_date=20220601T100000, start_date=20220606T195250, end_date=20220606T195303
[2022-06-06 19:53:03,295] {taskinstance.py:1220} INFO - 1 downstream tasks scheduled from follow-on schedule check
[2022-06-06 19:53:03,314] {local_task_job.py:146} INFO - Task exited with return code 0
[2022-06-06 19:57:06,448] {taskinstance.py:851} INFO - Dependencies all met for <TaskInstance: gbq_pipeline.write_truncate_github_agg 2022-06-01T10:00:00+00:00 [queued]>
[2022-06-06 19:57:06,457] {taskinstance.py:851} INFO - Dependencies all met for <TaskInstance: gbq_pipeline.write_truncate_github_agg 2022-06-01T10:00:00+00:00 [queued]>
[2022-06-06 19:57:06,457] {taskinstance.py:1042} INFO - 
--------------------------------------------------------------------------------
[2022-06-06 19:57:06,457] {taskinstance.py:1043} INFO - Starting attempt 1 of 3
[2022-06-06 19:57:06,457] {taskinstance.py:1044} INFO - 
--------------------------------------------------------------------------------
[2022-06-06 19:57:06,466] {taskinstance.py:1063} INFO - Executing <Task(BigQueryOperator): write_truncate_github_agg> on 2022-06-01T10:00:00+00:00
[2022-06-06 19:57:06,469] {standard_task_runner.py:52} INFO - Started process 167 to run task
[2022-06-06 19:57:06,472] {standard_task_runner.py:76} INFO - Running: ['airflow', 'tasks', 'run', 'gbq_pipeline', 'write_truncate_github_agg', '2022-06-01T10:00:00+00:00', '--job-id', '810', '--pool', 'default_pool', '--raw', '--subdir', 'DAGS_FOLDER/gbq_pipeline.py', '--cfg-path', '/tmp/tmp28ualamd', '--error-file', '/tmp/tmpwvh4r8kf']
[2022-06-06 19:57:06,474] {standard_task_runner.py:77} INFO - Job 810: Subtask write_truncate_github_agg
[2022-06-06 19:57:06,503] {logging_mixin.py:104} INFO - Running <TaskInstance: gbq_pipeline.write_truncate_github_agg 2022-06-01T10:00:00+00:00 [running]> on host e8b9b26156db
[2022-06-06 19:57:06,535] {taskinstance.py:1257} INFO - Exporting the following env vars:
AIRFLOW_CTX_DAG_EMAIL=airflow@airflow.com
AIRFLOW_CTX_DAG_OWNER=vanmai-airflow
AIRFLOW_CTX_DAG_ID=gbq_pipeline
AIRFLOW_CTX_TASK_ID=write_truncate_github_agg
AIRFLOW_CTX_EXECUTION_DATE=2022-06-01T10:00:00+00:00
AIRFLOW_CTX_DAG_RUN_ID=scheduled__2022-06-01T10:00:00+00:00
[2022-06-06 19:57:06,536] {bigquery.py:680} INFO - Executing: 
        with cte as
        (
          SELECT
            FORMAT_TIMESTAMP("%Y%m%d", created_at) AS date,
            actor.id as actor_id,
            CONCAT('https://github.com/', repo.name) as github_repo,
            type
          FROM
            `githubarchive.day.20220601`
        )

        SELECT
          date,
          github_repo,
          count(IF(type='WatchEvent', type, NULL)) AS subs,
          count(IF(type='PushEvent',  type, NULL)) AS pushes,
          count(IF(type='PullRequestEvent',  type, NULL)) AS pullrequests,
          count(IF(type='ForkEvent',  type, NULL)) AS copies,
          count(IF(type in ('IssueCommentEvent','CommitCommentEvent','PullRequestReviewCommentEvent'),  type, NULL)) AS comments,
          count(*) AS all_event
        FROM cte
        GROUP BY 1,2
        ORDER BY all_event desc
        
[2022-06-06 19:57:06,543] {logging_mixin.py:104} WARNING - /home/airflow/.local/lib/python3.6/site-packages/airflow/providers/google/cloud/hooks/bigquery.py:2052 DeprecationWarning: This method is deprecated. Please use `BigQueryHook.insert_job` method.
[2022-06-06 19:57:06,550] {bigquery.py:1510} INFO - Inserting job airflow_1654545426549717_53fbc55ba5d39df0b02ad0ac370f83fb
[2022-06-06 19:57:16,355] {taskinstance.py:1166} INFO - Marking task as SUCCESS. dag_id=gbq_pipeline, task_id=write_truncate_github_agg, execution_date=20220601T100000, start_date=20220606T195706, end_date=20220606T195716
[2022-06-06 19:57:16,378] {taskinstance.py:1220} INFO - 1 downstream tasks scheduled from follow-on schedule check
[2022-06-06 19:57:16,401] {local_task_job.py:146} INFO - Task exited with return code 0
[2022-06-06 20:00:55,334] {taskinstance.py:851} INFO - Dependencies all met for <TaskInstance: gbq_pipeline.write_truncate_github_agg 2022-06-01T10:00:00+00:00 [queued]>
[2022-06-06 20:00:55,344] {taskinstance.py:851} INFO - Dependencies all met for <TaskInstance: gbq_pipeline.write_truncate_github_agg 2022-06-01T10:00:00+00:00 [queued]>
[2022-06-06 20:00:55,344] {taskinstance.py:1042} INFO - 
--------------------------------------------------------------------------------
[2022-06-06 20:00:55,345] {taskinstance.py:1043} INFO - Starting attempt 1 of 3
[2022-06-06 20:00:55,345] {taskinstance.py:1044} INFO - 
--------------------------------------------------------------------------------
[2022-06-06 20:00:55,354] {taskinstance.py:1063} INFO - Executing <Task(BigQueryOperator): write_truncate_github_agg> on 2022-06-01T10:00:00+00:00
[2022-06-06 20:00:55,358] {standard_task_runner.py:52} INFO - Started process 222 to run task
[2022-06-06 20:00:55,360] {standard_task_runner.py:76} INFO - Running: ['airflow', 'tasks', 'run', 'gbq_pipeline', 'write_truncate_github_agg', '2022-06-01T10:00:00+00:00', '--job-id', '829', '--pool', 'default_pool', '--raw', '--subdir', 'DAGS_FOLDER/gbq_pipeline.py', '--cfg-path', '/tmp/tmpjodlju28', '--error-file', '/tmp/tmps4p6baj4']
[2022-06-06 20:00:55,362] {standard_task_runner.py:77} INFO - Job 829: Subtask write_truncate_github_agg
[2022-06-06 20:00:55,394] {logging_mixin.py:104} INFO - Running <TaskInstance: gbq_pipeline.write_truncate_github_agg 2022-06-01T10:00:00+00:00 [running]> on host e8b9b26156db
[2022-06-06 20:00:55,424] {taskinstance.py:1257} INFO - Exporting the following env vars:
AIRFLOW_CTX_DAG_EMAIL=airflow@airflow.com
AIRFLOW_CTX_DAG_OWNER=vanmai-airflow
AIRFLOW_CTX_DAG_ID=gbq_pipeline
AIRFLOW_CTX_TASK_ID=write_truncate_github_agg
AIRFLOW_CTX_EXECUTION_DATE=2022-06-01T10:00:00+00:00
AIRFLOW_CTX_DAG_RUN_ID=scheduled__2022-06-01T10:00:00+00:00
[2022-06-06 20:00:55,426] {bigquery.py:680} INFO - Executing: 
        with cte as
        (
          SELECT
            FORMAT_TIMESTAMP("%Y%m%d", created_at) AS date,
            actor.id as actor_id,
            CONCAT('https://github.com/', repo.name) as github_repo,
            type
          FROM
            `githubarchive.day.20220601`
        )

        SELECT
          date,
          github_repo,
          count(IF(type='WatchEvent', type, NULL)) AS subs,
          count(IF(type='PushEvent',  type, NULL)) AS pushes,
          count(IF(type='PullRequestEvent',  type, NULL)) AS pullrequests,
          count(IF(type='ForkEvent',  type, NULL)) AS copies,
          count(IF(type in ('IssueCommentEvent','CommitCommentEvent','PullRequestReviewCommentEvent'),  type, NULL)) AS comments,
          count(*) AS all_event
        FROM cte
        GROUP BY 1,2
        ORDER BY all_event desc
        
[2022-06-06 20:00:55,433] {logging_mixin.py:104} WARNING - /home/airflow/.local/lib/python3.6/site-packages/airflow/providers/google/cloud/hooks/bigquery.py:2052 DeprecationWarning: This method is deprecated. Please use `BigQueryHook.insert_job` method.
[2022-06-06 20:00:55,441] {bigquery.py:1510} INFO - Inserting job airflow_1654545655440583_53fbc55ba5d39df0b02ad0ac370f83fb
[2022-06-06 20:01:06,349] {taskinstance.py:1166} INFO - Marking task as SUCCESS. dag_id=gbq_pipeline, task_id=write_truncate_github_agg, execution_date=20220601T100000, start_date=20220606T200055, end_date=20220606T200106
[2022-06-06 20:01:06,465] {taskinstance.py:1220} INFO - 0 downstream tasks scheduled from follow-on schedule check
[2022-06-06 20:01:06,492] {local_task_job.py:146} INFO - Task exited with return code 0
