[2022-06-06 15:14:50,413] {taskinstance.py:851} INFO - Dependencies all met for <TaskInstance: gbq_pipeline.write_truncate_github_agg 2022-06-01T10:00:00+00:00 [queued]>
[2022-06-06 15:14:50,427] {taskinstance.py:851} INFO - Dependencies all met for <TaskInstance: gbq_pipeline.write_truncate_github_agg 2022-06-01T10:00:00+00:00 [queued]>
[2022-06-06 15:14:50,427] {taskinstance.py:1042} INFO - 
--------------------------------------------------------------------------------
[2022-06-06 15:14:50,427] {taskinstance.py:1043} INFO - Starting attempt 3 of 5
[2022-06-06 15:14:50,428] {taskinstance.py:1044} INFO - 
--------------------------------------------------------------------------------
[2022-06-06 15:14:50,439] {taskinstance.py:1063} INFO - Executing <Task(BigQueryOperator): write_truncate_github_agg> on 2022-06-01T10:00:00+00:00
[2022-06-06 15:14:50,443] {standard_task_runner.py:52} INFO - Started process 141 to run task
[2022-06-06 15:14:50,447] {standard_task_runner.py:76} INFO - Running: ['airflow', 'tasks', 'run', 'gbq_pipeline', 'write_truncate_github_agg', '2022-06-01T10:00:00+00:00', '--job-id', '346', '--pool', 'default_pool', '--raw', '--subdir', 'DAGS_FOLDER/gbq_pipeline.py', '--cfg-path', '/tmp/tmpkogppc41', '--error-file', '/tmp/tmpmka7d9ho']
[2022-06-06 15:14:50,450] {standard_task_runner.py:77} INFO - Job 346: Subtask write_truncate_github_agg
[2022-06-06 15:14:50,495] {logging_mixin.py:104} INFO - Running <TaskInstance: gbq_pipeline.write_truncate_github_agg 2022-06-01T10:00:00+00:00 [running]> on host c40819a450e3
[2022-06-06 15:14:50,533] {taskinstance.py:1257} INFO - Exporting the following env vars:
AIRFLOW_CTX_DAG_EMAIL=airflow@airflow.com
AIRFLOW_CTX_DAG_OWNER=vanmai-airflow
AIRFLOW_CTX_DAG_ID=gbq_pipeline
AIRFLOW_CTX_TASK_ID=write_truncate_github_agg
AIRFLOW_CTX_EXECUTION_DATE=2022-06-01T10:00:00+00:00
AIRFLOW_CTX_DAG_RUN_ID=scheduled__2022-06-01T10:00:00+00:00
[2022-06-06 15:14:50,535] {bigquery.py:680} INFO - Executing: 
        with cte as
        (
          SELECT
            FORMAT_TIMESTAMP("%Y%m%d", created_at) AS date,
            actor.id as actor_id,
            CONCAT('https://github.com/', repo.name) as github_repo,
            type
          FROM
            `githubarchive.day.20220601`
        )

        SELECT
          date,
          github_repo,
          count(IF(type='WatchEvent', type, NULL)) AS subs,
          count(IF(type='PushEvent',  type, NULL)) AS pushes,
          count(IF(type='PullRequestEvent',  type, NULL)) AS pullrequests,
          count(IF(type='ForkEvent',  type, NULL)) AS copies,
          count(IF(type in ('IssueCommentEvent','CommitCommentEvent','PullRequestReviewCommentEvent'),  type, NULL)) AS comments,
          count(*) AS all_event
        FROM cte
        GROUP BY 1,2
        ORDER BY all_event desc
        
[2022-06-06 15:14:50,546] {logging_mixin.py:104} WARNING - /home/airflow/.local/lib/python3.6/site-packages/airflow/providers/google/cloud/hooks/bigquery.py:2052 DeprecationWarning: This method is deprecated. Please use `BigQueryHook.insert_job` method.
[2022-06-06 15:14:50,555] {bigquery.py:1510} INFO - Inserting job airflow_1654528490554324_f69df8e92a72df0b18d346deb1c7e9f7
[2022-06-06 15:15:00,469] {taskinstance.py:1166} INFO - Marking task as SUCCESS. dag_id=gbq_pipeline, task_id=write_truncate_github_agg, execution_date=20220601T100000, start_date=20220606T151450, end_date=20220606T151500
[2022-06-06 15:15:00,560] {local_task_job.py:188} WARNING - State of this instance has been externally set to success. Terminating instance.
[2022-06-06 15:15:00,563] {process_utils.py:100} INFO - Sending Signals.SIGTERM to GPID 141
[2022-06-06 15:15:00,596] {taskinstance.py:1239} ERROR - Received SIGTERM. Terminating subprocesses.
[2022-06-06 15:15:00,597] {bigquery.py:740} INFO - Cancelling running query
[2022-06-06 15:15:00,598] {logging_mixin.py:104} WARNING - /home/airflow/.local/lib/python3.6/site-packages/airflow/providers/google/cloud/hooks/bigquery.py:1371 DeprecationWarning: This method is deprecated. Please use `BigQueryHook.cancel_job`.
[2022-06-06 15:15:00,910] {bigquery.py:1398} INFO - No running BigQuery jobs to cancel.
[2022-06-06 15:15:00,939] {process_utils.py:66} INFO - Process psutil.Process(pid=141, status='terminated', exitcode=1, started='15:14:49') (141) terminated with exit code 1
